ARM GAS  C:\Users\ADMINI~1\AppData\Local\Temp\ccbBFmqz.s 			page 1


   1              		.syntax unified
   2              		.cpu cortex-m0plus
   3              		.fpu softvfp
   4              		.eabi_attribute 20, 1
   5              		.eabi_attribute 21, 1
   6              		.eabi_attribute 23, 3
   7              		.eabi_attribute 24, 1
   8              		.eabi_attribute 25, 1
   9              		.eabi_attribute 26, 1
  10              		.eabi_attribute 30, 1
  11              		.eabi_attribute 34, 0
  12              		.eabi_attribute 18, 4
  13              		.thumb
  14              		.syntax unified
  15              		.file	"main_cm0p.c"
  16              		.text
  17              	.Ltext0:
  18              		.cfi_sections	.debug_frame
  19              		.section	.text.main,"ax",%progbits
  20              		.align	2
  21              		.global	main
  22              		.code	16
  23              		.thumb_func
  24              		.type	main, %function
  25              	main:
  26              	.LFB613:
  27              		.file 1 "main_cm0p.c"
   1:main_cm0p.c   **** /* ========================================
   2:main_cm0p.c   ****  *
   3:main_cm0p.c   ****  * Copyright YOUR COMPANY, THE YEAR
   4:main_cm0p.c   ****  * All Rights Reserved
   5:main_cm0p.c   ****  * UNPUBLISHED, LICENSED SOFTWARE.
   6:main_cm0p.c   ****  *
   7:main_cm0p.c   ****  * CONFIDENTIAL AND PROPRIETARY INFORMATION
   8:main_cm0p.c   ****  * WHICH IS THE PROPERTY OF your company.
   9:main_cm0p.c   ****  *
  10:main_cm0p.c   ****  * ========================================
  11:main_cm0p.c   **** */
  12:main_cm0p.c   **** #include "project.h"
  13:main_cm0p.c   **** 
  14:main_cm0p.c   **** int main(void)
  15:main_cm0p.c   **** {
  28              		.loc 1 15 0
  29              		.cfi_startproc
  30              		@ Volatile: function does not return.
  31              		@ args = 0, pretend = 0, frame = 0
  32              		@ frame_needed = 0, uses_anonymous_args = 0
  33 0000 10B5     		push	{r4, lr}
  34              		.cfi_def_cfa_offset 8
  35              		.cfi_offset 4, -8
  36              		.cfi_offset 14, -4
  37              	.LBB4:
  38              	.LBB5:
  39              		.file 2 "Generated_Source\\PSoC6\\pdl\\cmsis/include/cmsis_gcc.h"
   1:Generated_Source\PSoC6\pdl\cmsis/include/cmsis_gcc.h **** /**************************************************************************//**
   2:Generated_Source\PSoC6\pdl\cmsis/include/cmsis_gcc.h ****  * @file     cmsis_gcc.h
   3:Generated_Source\PSoC6\pdl\cmsis/include/cmsis_gcc.h ****  * @brief    CMSIS compiler GCC header file
ARM GAS  C:\Users\ADMINI~1\AppData\Local\Temp\ccbBFmqz.s 			page 2


   4:Generated_Source\PSoC6\pdl\cmsis/include/cmsis_gcc.h ****  * @version  V5.0.1
   5:Generated_Source\PSoC6\pdl\cmsis/include/cmsis_gcc.h ****  * @date     02. February 2017
   6:Generated_Source\PSoC6\pdl\cmsis/include/cmsis_gcc.h ****  ******************************************************************************/
   7:Generated_Source\PSoC6\pdl\cmsis/include/cmsis_gcc.h **** /*
   8:Generated_Source\PSoC6\pdl\cmsis/include/cmsis_gcc.h ****  * Copyright (c) 2009-2017 ARM Limited. All rights reserved.
   9:Generated_Source\PSoC6\pdl\cmsis/include/cmsis_gcc.h ****  *
  10:Generated_Source\PSoC6\pdl\cmsis/include/cmsis_gcc.h ****  * SPDX-License-Identifier: Apache-2.0
  11:Generated_Source\PSoC6\pdl\cmsis/include/cmsis_gcc.h ****  *
  12:Generated_Source\PSoC6\pdl\cmsis/include/cmsis_gcc.h ****  * Licensed under the Apache License, Version 2.0 (the License); you may
  13:Generated_Source\PSoC6\pdl\cmsis/include/cmsis_gcc.h ****  * not use this file except in compliance with the License.
  14:Generated_Source\PSoC6\pdl\cmsis/include/cmsis_gcc.h ****  * You may obtain a copy of the License at
  15:Generated_Source\PSoC6\pdl\cmsis/include/cmsis_gcc.h ****  *
  16:Generated_Source\PSoC6\pdl\cmsis/include/cmsis_gcc.h ****  * www.apache.org/licenses/LICENSE-2.0
  17:Generated_Source\PSoC6\pdl\cmsis/include/cmsis_gcc.h ****  *
  18:Generated_Source\PSoC6\pdl\cmsis/include/cmsis_gcc.h ****  * Unless required by applicable law or agreed to in writing, software
  19:Generated_Source\PSoC6\pdl\cmsis/include/cmsis_gcc.h ****  * distributed under the License is distributed on an AS IS BASIS, WITHOUT
  20:Generated_Source\PSoC6\pdl\cmsis/include/cmsis_gcc.h ****  * WARRANTIES OR CONDITIONS OF ANY KIND, either express or implied.
  21:Generated_Source\PSoC6\pdl\cmsis/include/cmsis_gcc.h ****  * See the License for the specific language governing permissions and
  22:Generated_Source\PSoC6\pdl\cmsis/include/cmsis_gcc.h ****  * limitations under the License.
  23:Generated_Source\PSoC6\pdl\cmsis/include/cmsis_gcc.h ****  */
  24:Generated_Source\PSoC6\pdl\cmsis/include/cmsis_gcc.h **** 
  25:Generated_Source\PSoC6\pdl\cmsis/include/cmsis_gcc.h **** #ifndef __CMSIS_GCC_H
  26:Generated_Source\PSoC6\pdl\cmsis/include/cmsis_gcc.h **** #define __CMSIS_GCC_H
  27:Generated_Source\PSoC6\pdl\cmsis/include/cmsis_gcc.h **** 
  28:Generated_Source\PSoC6\pdl\cmsis/include/cmsis_gcc.h **** /* ignore some GCC warnings */
  29:Generated_Source\PSoC6\pdl\cmsis/include/cmsis_gcc.h **** #pragma GCC diagnostic push
  30:Generated_Source\PSoC6\pdl\cmsis/include/cmsis_gcc.h **** #pragma GCC diagnostic ignored "-Wsign-conversion"
  31:Generated_Source\PSoC6\pdl\cmsis/include/cmsis_gcc.h **** #pragma GCC diagnostic ignored "-Wconversion"
  32:Generated_Source\PSoC6\pdl\cmsis/include/cmsis_gcc.h **** #pragma GCC diagnostic ignored "-Wunused-parameter"
  33:Generated_Source\PSoC6\pdl\cmsis/include/cmsis_gcc.h **** 
  34:Generated_Source\PSoC6\pdl\cmsis/include/cmsis_gcc.h **** /* CMSIS compiler specific defines */
  35:Generated_Source\PSoC6\pdl\cmsis/include/cmsis_gcc.h **** #ifndef   __ASM
  36:Generated_Source\PSoC6\pdl\cmsis/include/cmsis_gcc.h ****   #define __ASM                     __asm
  37:Generated_Source\PSoC6\pdl\cmsis/include/cmsis_gcc.h **** #endif
  38:Generated_Source\PSoC6\pdl\cmsis/include/cmsis_gcc.h **** #ifndef   __INLINE
  39:Generated_Source\PSoC6\pdl\cmsis/include/cmsis_gcc.h ****   #define __INLINE                  inline
  40:Generated_Source\PSoC6\pdl\cmsis/include/cmsis_gcc.h **** #endif
  41:Generated_Source\PSoC6\pdl\cmsis/include/cmsis_gcc.h **** #ifndef   __STATIC_INLINE
  42:Generated_Source\PSoC6\pdl\cmsis/include/cmsis_gcc.h ****   #define __STATIC_INLINE           static inline
  43:Generated_Source\PSoC6\pdl\cmsis/include/cmsis_gcc.h **** #endif
  44:Generated_Source\PSoC6\pdl\cmsis/include/cmsis_gcc.h **** #ifndef   __NO_RETURN
  45:Generated_Source\PSoC6\pdl\cmsis/include/cmsis_gcc.h ****   #define __NO_RETURN               __attribute__((noreturn))
  46:Generated_Source\PSoC6\pdl\cmsis/include/cmsis_gcc.h **** #endif
  47:Generated_Source\PSoC6\pdl\cmsis/include/cmsis_gcc.h **** #ifndef   __USED
  48:Generated_Source\PSoC6\pdl\cmsis/include/cmsis_gcc.h ****   #define __USED                    __attribute__((used))
  49:Generated_Source\PSoC6\pdl\cmsis/include/cmsis_gcc.h **** #endif
  50:Generated_Source\PSoC6\pdl\cmsis/include/cmsis_gcc.h **** #ifndef   __WEAK
  51:Generated_Source\PSoC6\pdl\cmsis/include/cmsis_gcc.h ****   #define __WEAK                    __attribute__((weak))
  52:Generated_Source\PSoC6\pdl\cmsis/include/cmsis_gcc.h **** #endif
  53:Generated_Source\PSoC6\pdl\cmsis/include/cmsis_gcc.h **** #ifndef   __UNALIGNED_UINT32
  54:Generated_Source\PSoC6\pdl\cmsis/include/cmsis_gcc.h **** #pragma GCC diagnostic push
  55:Generated_Source\PSoC6\pdl\cmsis/include/cmsis_gcc.h **** #pragma GCC diagnostic ignored "-Wpacked"
  56:Generated_Source\PSoC6\pdl\cmsis/include/cmsis_gcc.h **** #pragma GCC diagnostic ignored "-Wattributes"
  57:Generated_Source\PSoC6\pdl\cmsis/include/cmsis_gcc.h ****   struct __attribute__((packed)) T_UINT32 { uint32_t v; };
  58:Generated_Source\PSoC6\pdl\cmsis/include/cmsis_gcc.h **** #pragma GCC diagnostic pop
  59:Generated_Source\PSoC6\pdl\cmsis/include/cmsis_gcc.h ****   #define __UNALIGNED_UINT32(x)     (((struct T_UINT32 *)(x))->v)
  60:Generated_Source\PSoC6\pdl\cmsis/include/cmsis_gcc.h **** #endif
ARM GAS  C:\Users\ADMINI~1\AppData\Local\Temp\ccbBFmqz.s 			page 3


  61:Generated_Source\PSoC6\pdl\cmsis/include/cmsis_gcc.h **** #ifndef   __ALIGNED
  62:Generated_Source\PSoC6\pdl\cmsis/include/cmsis_gcc.h ****   #define __ALIGNED(x)              __attribute__((aligned(x)))
  63:Generated_Source\PSoC6\pdl\cmsis/include/cmsis_gcc.h **** #endif
  64:Generated_Source\PSoC6\pdl\cmsis/include/cmsis_gcc.h **** #ifndef   __PACKED
  65:Generated_Source\PSoC6\pdl\cmsis/include/cmsis_gcc.h ****   #define __PACKED                  __attribute__((packed, aligned(1)))
  66:Generated_Source\PSoC6\pdl\cmsis/include/cmsis_gcc.h **** #endif
  67:Generated_Source\PSoC6\pdl\cmsis/include/cmsis_gcc.h **** #ifndef   __PACKED_STRUCT
  68:Generated_Source\PSoC6\pdl\cmsis/include/cmsis_gcc.h ****   #define __PACKED_STRUCT           struct __attribute__((packed, aligned(1)))
  69:Generated_Source\PSoC6\pdl\cmsis/include/cmsis_gcc.h **** #endif
  70:Generated_Source\PSoC6\pdl\cmsis/include/cmsis_gcc.h **** 
  71:Generated_Source\PSoC6\pdl\cmsis/include/cmsis_gcc.h **** 
  72:Generated_Source\PSoC6\pdl\cmsis/include/cmsis_gcc.h **** /* ###########################  Core Function Access  ########################### */
  73:Generated_Source\PSoC6\pdl\cmsis/include/cmsis_gcc.h **** /** \ingroup  CMSIS_Core_FunctionInterface
  74:Generated_Source\PSoC6\pdl\cmsis/include/cmsis_gcc.h ****     \defgroup CMSIS_Core_RegAccFunctions CMSIS Core Register Access Functions
  75:Generated_Source\PSoC6\pdl\cmsis/include/cmsis_gcc.h ****   @{
  76:Generated_Source\PSoC6\pdl\cmsis/include/cmsis_gcc.h ****  */
  77:Generated_Source\PSoC6\pdl\cmsis/include/cmsis_gcc.h **** 
  78:Generated_Source\PSoC6\pdl\cmsis/include/cmsis_gcc.h **** /**
  79:Generated_Source\PSoC6\pdl\cmsis/include/cmsis_gcc.h ****   \brief   Enable IRQ Interrupts
  80:Generated_Source\PSoC6\pdl\cmsis/include/cmsis_gcc.h ****   \details Enables IRQ interrupts by clearing the I-bit in the CPSR.
  81:Generated_Source\PSoC6\pdl\cmsis/include/cmsis_gcc.h ****            Can only be executed in Privileged modes.
  82:Generated_Source\PSoC6\pdl\cmsis/include/cmsis_gcc.h ****  */
  83:Generated_Source\PSoC6\pdl\cmsis/include/cmsis_gcc.h **** __attribute__((always_inline)) __STATIC_INLINE void __enable_irq(void)
  84:Generated_Source\PSoC6\pdl\cmsis/include/cmsis_gcc.h **** {
  85:Generated_Source\PSoC6\pdl\cmsis/include/cmsis_gcc.h ****   __ASM volatile ("cpsie i" : : : "memory");
  40              		.loc 2 85 0
  41              		.syntax divided
  42              	@ 85 "Generated_Source\PSoC6\pdl\cmsis/include/cmsis_gcc.h" 1
  43 0002 62B6     		cpsie i
  44              	@ 0 "" 2
  45              		.thumb
  46              		.syntax unified
  47              	.LBE5:
  48              	.LBE4:
  16:main_cm0p.c   ****     __enable_irq(); /* Enable global interrupts. */
  17:main_cm0p.c   ****     /* Enable CM4.  CY_CORTEX_M4_APPL_ADDR must be updated if CM4 memory layout is changed. */
  18:main_cm0p.c   ****     Cy_SysEnableCM4(CY_CORTEX_M4_APPL_ADDR); 
  49              		.loc 1 18 0
  50 0004 0148     		ldr	r0, .L3
  51 0006 FFF7FEFF 		bl	Cy_SysEnableCM4
  52              	.LVL0:
  53              	.L2:
  54 000a FEE7     		b	.L2
  55              	.L4:
  56              		.align	2
  57              	.L3:
  58 000c 00000810 		.word	268959744
  59              		.cfi_endproc
  60              	.LFE613:
  61              		.size	main, .-main
  62              		.text
  63              	.Letext0:
  64              		.file 3 "c:\\program files (x86)\\cypress\\psoc creator\\4.4\\psoc creator\\import\\gnu\\arm\\5.4.
  65              		.file 4 "c:\\program files (x86)\\cypress\\psoc creator\\4.4\\psoc creator\\import\\gnu\\arm\\5.4.
  66              		.file 5 "Generated_Source\\PSoC6\\pdl\\drivers/peripheral/scb/cy_scb_spi.h"
  67              		.file 6 "Generated_Source\\PSoC6\\pdl\\drivers/peripheral/scb/cy_scb_uart.h"
  68              		.file 7 "Generated_Source\\PSoC6\\pdl\\drivers/peripheral/sar/cy_sar.h"
ARM GAS  C:\Users\ADMINI~1\AppData\Local\Temp\ccbBFmqz.s 			page 4


  69              		.file 8 "Generated_Source\\PSoC6/ADC_1.h"
  70              		.file 9 "Generated_Source\\PSoC6/UART_1.h"
  71              		.file 10 "Generated_Source\\PSoC6/WS_SPI.h"
  72              		.file 11 "./system_psoc63.h"
  73              		.section	.debug_info,"",%progbits
  74              	.Ldebug_info0:
  75 0000 45040000 		.4byte	0x445
  76 0004 0400     		.2byte	0x4
  77 0006 00000000 		.4byte	.Ldebug_abbrev0
  78 000a 04       		.byte	0x4
  79 000b 01       		.uleb128 0x1
  80 000c AB000000 		.4byte	.LASF70
  81 0010 0C       		.byte	0xc
  82 0011 52040000 		.4byte	.LASF71
  83 0015 E9020000 		.4byte	.LASF72
  84 0019 00000000 		.4byte	.Ldebug_ranges0+0
  85 001d 00000000 		.4byte	0
  86 0021 00000000 		.4byte	.Ldebug_line0
  87 0025 02       		.uleb128 0x2
  88 0026 02       		.byte	0x2
  89 0027 05       		.byte	0x5
  90 0028 5D000000 		.4byte	.LASF0
  91 002c 02       		.uleb128 0x2
  92 002d 01       		.byte	0x1
  93 002e 08       		.byte	0x8
  94 002f 83020000 		.4byte	.LASF1
  95 0033 02       		.uleb128 0x2
  96 0034 01       		.byte	0x1
  97 0035 06       		.byte	0x6
  98 0036 AF020000 		.4byte	.LASF2
  99 003a 02       		.uleb128 0x2
 100 003b 02       		.byte	0x2
 101 003c 07       		.byte	0x7
 102 003d 4F030000 		.4byte	.LASF3
 103 0041 02       		.uleb128 0x2
 104 0042 04       		.byte	0x4
 105 0043 05       		.byte	0x5
 106 0044 6B040000 		.4byte	.LASF4
 107 0048 03       		.uleb128 0x3
 108 0049 66010000 		.4byte	.LASF9
 109 004d 03       		.byte	0x3
 110 004e 41       		.byte	0x41
 111 004f 53000000 		.4byte	0x53
 112 0053 02       		.uleb128 0x2
 113 0054 04       		.byte	0x4
 114 0055 07       		.byte	0x7
 115 0056 CC030000 		.4byte	.LASF5
 116 005a 02       		.uleb128 0x2
 117 005b 08       		.byte	0x8
 118 005c 05       		.byte	0x5
 119 005d 08020000 		.4byte	.LASF6
 120 0061 02       		.uleb128 0x2
 121 0062 08       		.byte	0x8
 122 0063 07       		.byte	0x7
 123 0064 BB020000 		.4byte	.LASF7
 124 0068 04       		.uleb128 0x4
 125 0069 04       		.byte	0x4
ARM GAS  C:\Users\ADMINI~1\AppData\Local\Temp\ccbBFmqz.s 			page 5


 126 006a 05       		.byte	0x5
 127 006b 696E7400 		.ascii	"int\000"
 128 006f 02       		.uleb128 0x2
 129 0070 04       		.byte	0x4
 130 0071 07       		.byte	0x7
 131 0072 85040000 		.4byte	.LASF8
 132 0076 03       		.uleb128 0x3
 133 0077 D2020000 		.4byte	.LASF10
 134 007b 04       		.byte	0x4
 135 007c 30       		.byte	0x30
 136 007d 48000000 		.4byte	0x48
 137 0081 02       		.uleb128 0x2
 138 0082 04       		.byte	0x4
 139 0083 07       		.byte	0x7
 140 0084 67000000 		.4byte	.LASF11
 141 0088 05       		.uleb128 0x5
 142 0089 76000000 		.4byte	0x76
 143 008d 02       		.uleb128 0x2
 144 008e 08       		.byte	0x8
 145 008f 04       		.byte	0x4
 146 0090 6E020000 		.4byte	.LASF12
 147 0094 02       		.uleb128 0x2
 148 0095 01       		.byte	0x1
 149 0096 08       		.byte	0x8
 150 0097 74030000 		.4byte	.LASF13
 151 009b 02       		.uleb128 0x2
 152 009c 04       		.byte	0x4
 153 009d 04       		.byte	0x4
 154 009e E4010000 		.4byte	.LASF14
 155 00a2 02       		.uleb128 0x2
 156 00a3 08       		.byte	0x8
 157 00a4 04       		.byte	0x4
 158 00a5 DE030000 		.4byte	.LASF15
 159 00a9 06       		.uleb128 0x6
 160 00aa 04       		.byte	0x4
 161 00ab 02       		.uleb128 0x2
 162 00ac 01       		.byte	0x1
 163 00ad 02       		.byte	0x2
 164 00ae A4030000 		.4byte	.LASF16
 165 00b2 07       		.uleb128 0x7
 166 00b3 04       		.byte	0x4
 167 00b4 B8000000 		.4byte	0xb8
 168 00b8 08       		.uleb128 0x8
 169 00b9 C3000000 		.4byte	0xc3
 170 00bd 09       		.uleb128 0x9
 171 00be 76000000 		.4byte	0x76
 172 00c2 00       		.byte	0
 173 00c3 0A       		.uleb128 0xa
 174 00c4 B8010000 		.4byte	.LASF17
 175 00c8 05       		.byte	0x5
 176 00c9 BF01     		.2byte	0x1bf
 177 00cb B2000000 		.4byte	0xb2
 178 00cf 0B       		.uleb128 0xb
 179 00d0 92040000 		.4byte	.LASF29
 180 00d4 24       		.byte	0x24
 181 00d5 05       		.byte	0x5
 182 00d6 4102     		.2byte	0x241
ARM GAS  C:\Users\ADMINI~1\AppData\Local\Temp\ccbBFmqz.s 			page 6


 183 00d8 52010000 		.4byte	0x152
 184 00dc 0C       		.uleb128 0xc
 185 00dd 62030000 		.4byte	.LASF18
 186 00e1 05       		.byte	0x5
 187 00e2 4402     		.2byte	0x244
 188 00e4 88000000 		.4byte	0x88
 189 00e8 00       		.byte	0
 190 00e9 0C       		.uleb128 0xc
 191 00ea B6030000 		.4byte	.LASF19
 192 00ee 05       		.byte	0x5
 193 00ef 4602     		.2byte	0x246
 194 00f1 A9000000 		.4byte	0xa9
 195 00f5 04       		.byte	0x4
 196 00f6 0C       		.uleb128 0xc
 197 00f7 34000000 		.4byte	.LASF20
 198 00fb 05       		.byte	0x5
 199 00fc 4702     		.2byte	0x247
 200 00fe 76000000 		.4byte	0x76
 201 0102 08       		.byte	0x8
 202 0103 0C       		.uleb128 0xc
 203 0104 7A010000 		.4byte	.LASF21
 204 0108 05       		.byte	0x5
 205 0109 4802     		.2byte	0x248
 206 010b 88000000 		.4byte	0x88
 207 010f 0C       		.byte	0xc
 208 0110 0C       		.uleb128 0xc
 209 0111 EA010000 		.4byte	.LASF22
 210 0115 05       		.byte	0x5
 211 0116 4A02     		.2byte	0x24a
 212 0118 A9000000 		.4byte	0xa9
 213 011c 10       		.byte	0x10
 214 011d 0C       		.uleb128 0xc
 215 011e 45030000 		.4byte	.LASF23
 216 0122 05       		.byte	0x5
 217 0123 4B02     		.2byte	0x24b
 218 0125 76000000 		.4byte	0x76
 219 0129 14       		.byte	0x14
 220 012a 0C       		.uleb128 0xc
 221 012b 44020000 		.4byte	.LASF24
 222 012f 05       		.byte	0x5
 223 0130 4C02     		.2byte	0x24c
 224 0132 88000000 		.4byte	0x88
 225 0136 18       		.byte	0x18
 226 0137 0C       		.uleb128 0xc
 227 0138 83030000 		.4byte	.LASF25
 228 013c 05       		.byte	0x5
 229 013d 5202     		.2byte	0x252
 230 013f C3000000 		.4byte	0xc3
 231 0143 1C       		.byte	0x1c
 232 0144 0C       		.uleb128 0xc
 233 0145 FE030000 		.4byte	.LASF26
 234 0149 05       		.byte	0x5
 235 014a 5502     		.2byte	0x255
 236 014c 76000000 		.4byte	0x76
 237 0150 20       		.byte	0x20
 238 0151 00       		.byte	0
 239 0152 0A       		.uleb128 0xa
ARM GAS  C:\Users\ADMINI~1\AppData\Local\Temp\ccbBFmqz.s 			page 7


 240 0153 3D010000 		.4byte	.LASF27
 241 0157 05       		.byte	0x5
 242 0158 5802     		.2byte	0x258
 243 015a CF000000 		.4byte	0xcf
 244 015e 0A       		.uleb128 0xa
 245 015f 3E000000 		.4byte	.LASF28
 246 0163 06       		.byte	0x6
 247 0164 AB01     		.2byte	0x1ab
 248 0166 B2000000 		.4byte	0xb2
 249 016a 0B       		.uleb128 0xb
 250 016b 87000000 		.4byte	.LASF30
 251 016f 38       		.byte	0x38
 252 0170 06       		.byte	0x6
 253 0171 4702     		.2byte	0x247
 254 0173 2E020000 		.4byte	0x22e
 255 0177 0C       		.uleb128 0xc
 256 0178 71010000 		.4byte	.LASF31
 257 017c 06       		.byte	0x6
 258 017d 4A02     		.2byte	0x24a
 259 017f 88000000 		.4byte	0x88
 260 0183 00       		.byte	0
 261 0184 0C       		.uleb128 0xc
 262 0185 7A020000 		.4byte	.LASF32
 263 0189 06       		.byte	0x6
 264 018a 4B02     		.2byte	0x24b
 265 018c 88000000 		.4byte	0x88
 266 0190 04       		.byte	0x4
 267 0191 0C       		.uleb128 0xc
 268 0192 91020000 		.4byte	.LASF33
 269 0196 06       		.byte	0x6
 270 0197 4D02     		.2byte	0x24d
 271 0199 A9000000 		.4byte	0xa9
 272 019d 08       		.byte	0x8
 273 019e 0C       		.uleb128 0xc
 274 019f 24020000 		.4byte	.LASF34
 275 01a3 06       		.byte	0x6
 276 01a4 4E02     		.2byte	0x24e
 277 01a6 76000000 		.4byte	0x76
 278 01aa 0C       		.byte	0xc
 279 01ab 0C       		.uleb128 0xc
 280 01ac D6010000 		.4byte	.LASF35
 281 01b0 06       		.byte	0x6
 282 01b1 4F02     		.2byte	0x24f
 283 01b3 88000000 		.4byte	0x88
 284 01b7 10       		.byte	0x10
 285 01b8 0C       		.uleb128 0xc
 286 01b9 26000000 		.4byte	.LASF36
 287 01bd 06       		.byte	0x6
 288 01be 5002     		.2byte	0x250
 289 01c0 88000000 		.4byte	0x88
 290 01c4 14       		.byte	0x14
 291 01c5 0C       		.uleb128 0xc
 292 01c6 B6030000 		.4byte	.LASF19
 293 01ca 06       		.byte	0x6
 294 01cb 5202     		.2byte	0x252
 295 01cd A9000000 		.4byte	0xa9
 296 01d1 18       		.byte	0x18
ARM GAS  C:\Users\ADMINI~1\AppData\Local\Temp\ccbBFmqz.s 			page 8


 297 01d2 0C       		.uleb128 0xc
 298 01d3 34000000 		.4byte	.LASF20
 299 01d7 06       		.byte	0x6
 300 01d8 5302     		.2byte	0x253
 301 01da 76000000 		.4byte	0x76
 302 01de 1C       		.byte	0x1c
 303 01df 0C       		.uleb128 0xc
 304 01e0 7A010000 		.4byte	.LASF21
 305 01e4 06       		.byte	0x6
 306 01e5 5402     		.2byte	0x254
 307 01e7 88000000 		.4byte	0x88
 308 01eb 20       		.byte	0x20
 309 01ec 0C       		.uleb128 0xc
 310 01ed EA010000 		.4byte	.LASF22
 311 01f1 06       		.byte	0x6
 312 01f2 5602     		.2byte	0x256
 313 01f4 A9000000 		.4byte	0xa9
 314 01f8 24       		.byte	0x24
 315 01f9 0C       		.uleb128 0xc
 316 01fa 45030000 		.4byte	.LASF23
 317 01fe 06       		.byte	0x6
 318 01ff 5702     		.2byte	0x257
 319 0201 76000000 		.4byte	0x76
 320 0205 28       		.byte	0x28
 321 0206 0C       		.uleb128 0xc
 322 0207 74040000 		.4byte	.LASF37
 323 020b 06       		.byte	0x6
 324 020c 5802     		.2byte	0x258
 325 020e 88000000 		.4byte	0x88
 326 0212 2C       		.byte	0x2c
 327 0213 0C       		.uleb128 0xc
 328 0214 83030000 		.4byte	.LASF25
 329 0218 06       		.byte	0x6
 330 0219 5D02     		.2byte	0x25d
 331 021b 5E010000 		.4byte	0x15e
 332 021f 30       		.byte	0x30
 333 0220 0C       		.uleb128 0xc
 334 0221 FE030000 		.4byte	.LASF26
 335 0225 06       		.byte	0x6
 336 0226 6002     		.2byte	0x260
 337 0228 76000000 		.4byte	0x76
 338 022c 34       		.byte	0x34
 339 022d 00       		.byte	0
 340 022e 0A       		.uleb128 0xa
 341 022f 25040000 		.4byte	.LASF38
 342 0233 06       		.byte	0x6
 343 0234 6302     		.2byte	0x263
 344 0236 6A010000 		.4byte	0x16a
 345 023a 0D       		.uleb128 0xd
 346 023b 01       		.byte	0x1
 347 023c 2C000000 		.4byte	0x2c
 348 0240 07       		.byte	0x7
 349 0241 0504     		.2byte	0x405
 350 0243 60020000 		.4byte	0x260
 351 0247 0E       		.uleb128 0xe
 352 0248 F0010000 		.4byte	.LASF39
 353 024c 00       		.byte	0
ARM GAS  C:\Users\ADMINI~1\AppData\Local\Temp\ccbBFmqz.s 			page 9


 354 024d 0E       		.uleb128 0xe
 355 024e E5030000 		.4byte	.LASF40
 356 0252 01       		.byte	0x1
 357 0253 0E       		.uleb128 0xe
 358 0254 8C030000 		.4byte	.LASF41
 359 0258 02       		.byte	0x2
 360 0259 0E       		.uleb128 0xe
 361 025a 0C000000 		.4byte	.LASF42
 362 025e 03       		.byte	0x3
 363 025f 00       		.byte	0
 364 0260 0A       		.uleb128 0xa
 365 0261 C1040000 		.4byte	.LASF43
 366 0265 07       		.byte	0x7
 367 0266 0A04     		.2byte	0x40a
 368 0268 3A020000 		.4byte	0x23a
 369 026c 0F       		.uleb128 0xf
 370 026d 78       		.byte	0x78
 371 026e 07       		.byte	0x7
 372 026f F404     		.2byte	0x4f4
 373 0271 39030000 		.4byte	0x339
 374 0275 0C       		.uleb128 0xc
 375 0276 32020000 		.4byte	.LASF44
 376 027a 07       		.byte	0x7
 377 027b F604     		.2byte	0x4f6
 378 027d 76000000 		.4byte	0x76
 379 0281 00       		.byte	0
 380 0282 0C       		.uleb128 0xc
 381 0283 7C000000 		.4byte	.LASF45
 382 0287 07       		.byte	0x7
 383 0288 F704     		.2byte	0x4f7
 384 028a 76000000 		.4byte	0x76
 385 028e 04       		.byte	0x4
 386 028f 0C       		.uleb128 0xc
 387 0290 37020000 		.4byte	.LASF46
 388 0294 07       		.byte	0x7
 389 0295 F804     		.2byte	0x4f8
 390 0297 76000000 		.4byte	0x76
 391 029b 08       		.byte	0x8
 392 029c 0C       		.uleb128 0xc
 393 029d 5E040000 		.4byte	.LASF47
 394 02a1 07       		.byte	0x7
 395 02a2 F904     		.2byte	0x4f9
 396 02a4 76000000 		.4byte	0x76
 397 02a8 0C       		.byte	0xc
 398 02a9 0C       		.uleb128 0xc
 399 02aa 56010000 		.4byte	.LASF48
 400 02ae 07       		.byte	0x7
 401 02af FA04     		.2byte	0x4fa
 402 02b1 76000000 		.4byte	0x76
 403 02b5 10       		.byte	0x10
 404 02b6 0C       		.uleb128 0xc
 405 02b7 92010000 		.4byte	.LASF49
 406 02bb 07       		.byte	0x7
 407 02bc FB04     		.2byte	0x4fb
 408 02be 60020000 		.4byte	0x260
 409 02c2 14       		.byte	0x14
 410 02c3 0C       		.uleb128 0xc
ARM GAS  C:\Users\ADMINI~1\AppData\Local\Temp\ccbBFmqz.s 			page 10


 411 02c4 3F040000 		.4byte	.LASF50
 412 02c8 07       		.byte	0x7
 413 02c9 FC04     		.2byte	0x4fc
 414 02cb 76000000 		.4byte	0x76
 415 02cf 18       		.byte	0x18
 416 02d0 0C       		.uleb128 0xc
 417 02d1 06040000 		.4byte	.LASF51
 418 02d5 07       		.byte	0x7
 419 02d6 FD04     		.2byte	0x4fd
 420 02d8 39030000 		.4byte	0x339
 421 02dc 1C       		.byte	0x1c
 422 02dd 0C       		.uleb128 0xc
 423 02de A9040000 		.4byte	.LASF52
 424 02e2 07       		.byte	0x7
 425 02e3 FE04     		.2byte	0x4fe
 426 02e5 76000000 		.4byte	0x76
 427 02e9 5C       		.byte	0x5c
 428 02ea 0C       		.uleb128 0xc
 429 02eb 70000000 		.4byte	.LASF53
 430 02ef 07       		.byte	0x7
 431 02f0 FF04     		.2byte	0x4ff
 432 02f2 76000000 		.4byte	0x76
 433 02f6 60       		.byte	0x60
 434 02f7 0C       		.uleb128 0xc
 435 02f8 DB020000 		.4byte	.LASF54
 436 02fc 07       		.byte	0x7
 437 02fd 0005     		.2byte	0x500
 438 02ff 76000000 		.4byte	0x76
 439 0303 64       		.byte	0x64
 440 0304 0C       		.uleb128 0xc
 441 0305 79030000 		.4byte	.LASF55
 442 0309 07       		.byte	0x7
 443 030a 0105     		.2byte	0x501
 444 030c 76000000 		.4byte	0x76
 445 0310 68       		.byte	0x68
 446 0311 0C       		.uleb128 0xc
 447 0312 35030000 		.4byte	.LASF56
 448 0316 07       		.byte	0x7
 449 0317 0205     		.2byte	0x502
 450 0319 76000000 		.4byte	0x76
 451 031d 6C       		.byte	0x6c
 452 031e 0C       		.uleb128 0xc
 453 031f 16020000 		.4byte	.LASF57
 454 0323 07       		.byte	0x7
 455 0324 0305     		.2byte	0x503
 456 0326 AB000000 		.4byte	0xab
 457 032a 70       		.byte	0x70
 458 032b 0C       		.uleb128 0xc
 459 032c 9F000000 		.4byte	.LASF58
 460 0330 07       		.byte	0x7
 461 0331 0405     		.2byte	0x504
 462 0333 76000000 		.4byte	0x76
 463 0337 74       		.byte	0x74
 464 0338 00       		.byte	0
 465 0339 10       		.uleb128 0x10
 466 033a 76000000 		.4byte	0x76
 467 033e 49030000 		.4byte	0x349
ARM GAS  C:\Users\ADMINI~1\AppData\Local\Temp\ccbBFmqz.s 			page 11


 468 0342 11       		.uleb128 0x11
 469 0343 81000000 		.4byte	0x81
 470 0347 0F       		.byte	0xf
 471 0348 00       		.byte	0
 472 0349 0A       		.uleb128 0xa
 473 034a 11040000 		.4byte	.LASF59
 474 034e 07       		.byte	0x7
 475 034f 0505     		.2byte	0x505
 476 0351 6C020000 		.4byte	0x26c
 477 0355 12       		.uleb128 0x12
 478 0356 14       		.byte	0x14
 479 0357 08       		.byte	0x8
 480 0358 3B       		.byte	0x3b
 481 0359 9A030000 		.4byte	0x39a
 482 035d 13       		.uleb128 0x13
 483 035e 00000000 		.4byte	.LASF60
 484 0362 08       		.byte	0x8
 485 0363 3D       		.byte	0x3d
 486 0364 76000000 		.4byte	0x76
 487 0368 00       		.byte	0
 488 0369 13       		.uleb128 0x13
 489 036a 46040000 		.4byte	.LASF61
 490 036e 08       		.byte	0x8
 491 036f 3E       		.byte	0x3e
 492 0370 76000000 		.4byte	0x76
 493 0374 04       		.byte	0x4
 494 0375 13       		.uleb128 0x13
 495 0376 AA030000 		.4byte	.LASF62
 496 037a 08       		.byte	0x8
 497 037b 3F       		.byte	0x3f
 498 037c 9A030000 		.4byte	0x39a
 499 0380 08       		.byte	0x8
 500 0381 13       		.uleb128 0x13
 501 0382 69030000 		.4byte	.LASF63
 502 0386 08       		.byte	0x8
 503 0387 40       		.byte	0x40
 504 0388 76000000 		.4byte	0x76
 505 038c 0C       		.byte	0xc
 506 038d 13       		.uleb128 0x13
 507 038e AD010000 		.4byte	.LASF64
 508 0392 08       		.byte	0x8
 509 0393 45       		.byte	0x45
 510 0394 76000000 		.4byte	0x76
 511 0398 10       		.byte	0x10
 512 0399 00       		.byte	0
 513 039a 07       		.uleb128 0x7
 514 039b 04       		.byte	0x4
 515 039c A0030000 		.4byte	0x3a0
 516 03a0 14       		.uleb128 0x14
 517 03a1 49030000 		.4byte	0x349
 518 03a5 03       		.uleb128 0x3
 519 03a6 9B020000 		.4byte	.LASF65
 520 03aa 08       		.byte	0x8
 521 03ab 48       		.byte	0x48
 522 03ac 55030000 		.4byte	0x355
 523 03b0 15       		.uleb128 0x15
 524 03b1 61020000 		.4byte	.LASF73
ARM GAS  C:\Users\ADMINI~1\AppData\Local\Temp\ccbBFmqz.s 			page 12


 525 03b5 02       		.byte	0x2
 526 03b6 53       		.byte	0x53
 527 03b7 03       		.byte	0x3
 528 03b8 16       		.uleb128 0x16
 529 03b9 61010000 		.4byte	.LASF74
 530 03bd 01       		.byte	0x1
 531 03be 0E       		.byte	0xe
 532 03bf 68000000 		.4byte	0x68
 533 03c3 00000000 		.4byte	.LFB613
 534 03c7 10000000 		.4byte	.LFE613-.LFB613
 535 03cb 01       		.uleb128 0x1
 536 03cc 9C       		.byte	0x9c
 537 03cd F4030000 		.4byte	0x3f4
 538 03d1 17       		.uleb128 0x17
 539 03d2 B0030000 		.4byte	0x3b0
 540 03d6 02000000 		.4byte	.LBB4
 541 03da 02000000 		.4byte	.LBE4-.LBB4
 542 03de 01       		.byte	0x1
 543 03df 10       		.byte	0x10
 544 03e0 18       		.uleb128 0x18
 545 03e1 0A000000 		.4byte	.LVL0
 546 03e5 3C040000 		.4byte	0x43c
 547 03e9 19       		.uleb128 0x19
 548 03ea 01       		.uleb128 0x1
 549 03eb 50       		.byte	0x50
 550 03ec 05       		.uleb128 0x5
 551 03ed 0C       		.byte	0xc
 552 03ee 00000810 		.4byte	0x10080000
 553 03f2 00       		.byte	0
 554 03f3 00       		.byte	0
 555 03f4 1A       		.uleb128 0x1a
 556 03f5 83010000 		.4byte	.LASF66
 557 03f9 09       		.byte	0x9
 558 03fa 87       		.byte	0x87
 559 03fb 2E020000 		.4byte	0x22e
 560 03ff 1B       		.uleb128 0x1b
 561 0400 4D020000 		.4byte	.LASF67
 562 0404 08       		.byte	0x8
 563 0405 6001     		.2byte	0x160
 564 0407 76000000 		.4byte	0x76
 565 040b 10       		.uleb128 0x10
 566 040c 1B040000 		.4byte	0x41b
 567 0410 1B040000 		.4byte	0x41b
 568 0414 11       		.uleb128 0x11
 569 0415 81000000 		.4byte	0x81
 570 0419 00       		.byte	0
 571 041a 00       		.byte	0
 572 041b 14       		.uleb128 0x14
 573 041c A5030000 		.4byte	0x3a5
 574 0420 1B       		.uleb128 0x1b
 575 0421 9C010000 		.4byte	.LASF68
 576 0425 08       		.byte	0x8
 577 0426 6401     		.2byte	0x164
 578 0428 2C040000 		.4byte	0x42c
 579 042c 14       		.uleb128 0x14
 580 042d 0B040000 		.4byte	0x40b
 581 0431 1A       		.uleb128 0x1a
ARM GAS  C:\Users\ADMINI~1\AppData\Local\Temp\ccbBFmqz.s 			page 13


 582 0432 B2040000 		.4byte	.LASF69
 583 0436 0A       		.byte	0xa
 584 0437 5E       		.byte	0x5e
 585 0438 52010000 		.4byte	0x152
 586 043c 1C       		.uleb128 0x1c
 587 043d BC030000 		.4byte	.LASF75
 588 0441 BC030000 		.4byte	.LASF75
 589 0445 0B       		.byte	0xb
 590 0446 FE01     		.2byte	0x1fe
 591 0448 00       		.byte	0
 592              		.section	.debug_abbrev,"",%progbits
 593              	.Ldebug_abbrev0:
 594 0000 01       		.uleb128 0x1
 595 0001 11       		.uleb128 0x11
 596 0002 01       		.byte	0x1
 597 0003 25       		.uleb128 0x25
 598 0004 0E       		.uleb128 0xe
 599 0005 13       		.uleb128 0x13
 600 0006 0B       		.uleb128 0xb
 601 0007 03       		.uleb128 0x3
 602 0008 0E       		.uleb128 0xe
 603 0009 1B       		.uleb128 0x1b
 604 000a 0E       		.uleb128 0xe
 605 000b 55       		.uleb128 0x55
 606 000c 17       		.uleb128 0x17
 607 000d 11       		.uleb128 0x11
 608 000e 01       		.uleb128 0x1
 609 000f 10       		.uleb128 0x10
 610 0010 17       		.uleb128 0x17
 611 0011 00       		.byte	0
 612 0012 00       		.byte	0
 613 0013 02       		.uleb128 0x2
 614 0014 24       		.uleb128 0x24
 615 0015 00       		.byte	0
 616 0016 0B       		.uleb128 0xb
 617 0017 0B       		.uleb128 0xb
 618 0018 3E       		.uleb128 0x3e
 619 0019 0B       		.uleb128 0xb
 620 001a 03       		.uleb128 0x3
 621 001b 0E       		.uleb128 0xe
 622 001c 00       		.byte	0
 623 001d 00       		.byte	0
 624 001e 03       		.uleb128 0x3
 625 001f 16       		.uleb128 0x16
 626 0020 00       		.byte	0
 627 0021 03       		.uleb128 0x3
 628 0022 0E       		.uleb128 0xe
 629 0023 3A       		.uleb128 0x3a
 630 0024 0B       		.uleb128 0xb
 631 0025 3B       		.uleb128 0x3b
 632 0026 0B       		.uleb128 0xb
 633 0027 49       		.uleb128 0x49
 634 0028 13       		.uleb128 0x13
 635 0029 00       		.byte	0
 636 002a 00       		.byte	0
 637 002b 04       		.uleb128 0x4
 638 002c 24       		.uleb128 0x24
ARM GAS  C:\Users\ADMINI~1\AppData\Local\Temp\ccbBFmqz.s 			page 14


 639 002d 00       		.byte	0
 640 002e 0B       		.uleb128 0xb
 641 002f 0B       		.uleb128 0xb
 642 0030 3E       		.uleb128 0x3e
 643 0031 0B       		.uleb128 0xb
 644 0032 03       		.uleb128 0x3
 645 0033 08       		.uleb128 0x8
 646 0034 00       		.byte	0
 647 0035 00       		.byte	0
 648 0036 05       		.uleb128 0x5
 649 0037 35       		.uleb128 0x35
 650 0038 00       		.byte	0
 651 0039 49       		.uleb128 0x49
 652 003a 13       		.uleb128 0x13
 653 003b 00       		.byte	0
 654 003c 00       		.byte	0
 655 003d 06       		.uleb128 0x6
 656 003e 0F       		.uleb128 0xf
 657 003f 00       		.byte	0
 658 0040 0B       		.uleb128 0xb
 659 0041 0B       		.uleb128 0xb
 660 0042 00       		.byte	0
 661 0043 00       		.byte	0
 662 0044 07       		.uleb128 0x7
 663 0045 0F       		.uleb128 0xf
 664 0046 00       		.byte	0
 665 0047 0B       		.uleb128 0xb
 666 0048 0B       		.uleb128 0xb
 667 0049 49       		.uleb128 0x49
 668 004a 13       		.uleb128 0x13
 669 004b 00       		.byte	0
 670 004c 00       		.byte	0
 671 004d 08       		.uleb128 0x8
 672 004e 15       		.uleb128 0x15
 673 004f 01       		.byte	0x1
 674 0050 27       		.uleb128 0x27
 675 0051 19       		.uleb128 0x19
 676 0052 01       		.uleb128 0x1
 677 0053 13       		.uleb128 0x13
 678 0054 00       		.byte	0
 679 0055 00       		.byte	0
 680 0056 09       		.uleb128 0x9
 681 0057 05       		.uleb128 0x5
 682 0058 00       		.byte	0
 683 0059 49       		.uleb128 0x49
 684 005a 13       		.uleb128 0x13
 685 005b 00       		.byte	0
 686 005c 00       		.byte	0
 687 005d 0A       		.uleb128 0xa
 688 005e 16       		.uleb128 0x16
 689 005f 00       		.byte	0
 690 0060 03       		.uleb128 0x3
 691 0061 0E       		.uleb128 0xe
 692 0062 3A       		.uleb128 0x3a
 693 0063 0B       		.uleb128 0xb
 694 0064 3B       		.uleb128 0x3b
 695 0065 05       		.uleb128 0x5
ARM GAS  C:\Users\ADMINI~1\AppData\Local\Temp\ccbBFmqz.s 			page 15


 696 0066 49       		.uleb128 0x49
 697 0067 13       		.uleb128 0x13
 698 0068 00       		.byte	0
 699 0069 00       		.byte	0
 700 006a 0B       		.uleb128 0xb
 701 006b 13       		.uleb128 0x13
 702 006c 01       		.byte	0x1
 703 006d 03       		.uleb128 0x3
 704 006e 0E       		.uleb128 0xe
 705 006f 0B       		.uleb128 0xb
 706 0070 0B       		.uleb128 0xb
 707 0071 3A       		.uleb128 0x3a
 708 0072 0B       		.uleb128 0xb
 709 0073 3B       		.uleb128 0x3b
 710 0074 05       		.uleb128 0x5
 711 0075 01       		.uleb128 0x1
 712 0076 13       		.uleb128 0x13
 713 0077 00       		.byte	0
 714 0078 00       		.byte	0
 715 0079 0C       		.uleb128 0xc
 716 007a 0D       		.uleb128 0xd
 717 007b 00       		.byte	0
 718 007c 03       		.uleb128 0x3
 719 007d 0E       		.uleb128 0xe
 720 007e 3A       		.uleb128 0x3a
 721 007f 0B       		.uleb128 0xb
 722 0080 3B       		.uleb128 0x3b
 723 0081 05       		.uleb128 0x5
 724 0082 49       		.uleb128 0x49
 725 0083 13       		.uleb128 0x13
 726 0084 38       		.uleb128 0x38
 727 0085 0B       		.uleb128 0xb
 728 0086 00       		.byte	0
 729 0087 00       		.byte	0
 730 0088 0D       		.uleb128 0xd
 731 0089 04       		.uleb128 0x4
 732 008a 01       		.byte	0x1
 733 008b 0B       		.uleb128 0xb
 734 008c 0B       		.uleb128 0xb
 735 008d 49       		.uleb128 0x49
 736 008e 13       		.uleb128 0x13
 737 008f 3A       		.uleb128 0x3a
 738 0090 0B       		.uleb128 0xb
 739 0091 3B       		.uleb128 0x3b
 740 0092 05       		.uleb128 0x5
 741 0093 01       		.uleb128 0x1
 742 0094 13       		.uleb128 0x13
 743 0095 00       		.byte	0
 744 0096 00       		.byte	0
 745 0097 0E       		.uleb128 0xe
 746 0098 28       		.uleb128 0x28
 747 0099 00       		.byte	0
 748 009a 03       		.uleb128 0x3
 749 009b 0E       		.uleb128 0xe
 750 009c 1C       		.uleb128 0x1c
 751 009d 0B       		.uleb128 0xb
 752 009e 00       		.byte	0
ARM GAS  C:\Users\ADMINI~1\AppData\Local\Temp\ccbBFmqz.s 			page 16


 753 009f 00       		.byte	0
 754 00a0 0F       		.uleb128 0xf
 755 00a1 13       		.uleb128 0x13
 756 00a2 01       		.byte	0x1
 757 00a3 0B       		.uleb128 0xb
 758 00a4 0B       		.uleb128 0xb
 759 00a5 3A       		.uleb128 0x3a
 760 00a6 0B       		.uleb128 0xb
 761 00a7 3B       		.uleb128 0x3b
 762 00a8 05       		.uleb128 0x5
 763 00a9 01       		.uleb128 0x1
 764 00aa 13       		.uleb128 0x13
 765 00ab 00       		.byte	0
 766 00ac 00       		.byte	0
 767 00ad 10       		.uleb128 0x10
 768 00ae 01       		.uleb128 0x1
 769 00af 01       		.byte	0x1
 770 00b0 49       		.uleb128 0x49
 771 00b1 13       		.uleb128 0x13
 772 00b2 01       		.uleb128 0x1
 773 00b3 13       		.uleb128 0x13
 774 00b4 00       		.byte	0
 775 00b5 00       		.byte	0
 776 00b6 11       		.uleb128 0x11
 777 00b7 21       		.uleb128 0x21
 778 00b8 00       		.byte	0
 779 00b9 49       		.uleb128 0x49
 780 00ba 13       		.uleb128 0x13
 781 00bb 2F       		.uleb128 0x2f
 782 00bc 0B       		.uleb128 0xb
 783 00bd 00       		.byte	0
 784 00be 00       		.byte	0
 785 00bf 12       		.uleb128 0x12
 786 00c0 13       		.uleb128 0x13
 787 00c1 01       		.byte	0x1
 788 00c2 0B       		.uleb128 0xb
 789 00c3 0B       		.uleb128 0xb
 790 00c4 3A       		.uleb128 0x3a
 791 00c5 0B       		.uleb128 0xb
 792 00c6 3B       		.uleb128 0x3b
 793 00c7 0B       		.uleb128 0xb
 794 00c8 01       		.uleb128 0x1
 795 00c9 13       		.uleb128 0x13
 796 00ca 00       		.byte	0
 797 00cb 00       		.byte	0
 798 00cc 13       		.uleb128 0x13
 799 00cd 0D       		.uleb128 0xd
 800 00ce 00       		.byte	0
 801 00cf 03       		.uleb128 0x3
 802 00d0 0E       		.uleb128 0xe
 803 00d1 3A       		.uleb128 0x3a
 804 00d2 0B       		.uleb128 0xb
 805 00d3 3B       		.uleb128 0x3b
 806 00d4 0B       		.uleb128 0xb
 807 00d5 49       		.uleb128 0x49
 808 00d6 13       		.uleb128 0x13
 809 00d7 38       		.uleb128 0x38
ARM GAS  C:\Users\ADMINI~1\AppData\Local\Temp\ccbBFmqz.s 			page 17


 810 00d8 0B       		.uleb128 0xb
 811 00d9 00       		.byte	0
 812 00da 00       		.byte	0
 813 00db 14       		.uleb128 0x14
 814 00dc 26       		.uleb128 0x26
 815 00dd 00       		.byte	0
 816 00de 49       		.uleb128 0x49
 817 00df 13       		.uleb128 0x13
 818 00e0 00       		.byte	0
 819 00e1 00       		.byte	0
 820 00e2 15       		.uleb128 0x15
 821 00e3 2E       		.uleb128 0x2e
 822 00e4 00       		.byte	0
 823 00e5 03       		.uleb128 0x3
 824 00e6 0E       		.uleb128 0xe
 825 00e7 3A       		.uleb128 0x3a
 826 00e8 0B       		.uleb128 0xb
 827 00e9 3B       		.uleb128 0x3b
 828 00ea 0B       		.uleb128 0xb
 829 00eb 27       		.uleb128 0x27
 830 00ec 19       		.uleb128 0x19
 831 00ed 20       		.uleb128 0x20
 832 00ee 0B       		.uleb128 0xb
 833 00ef 00       		.byte	0
 834 00f0 00       		.byte	0
 835 00f1 16       		.uleb128 0x16
 836 00f2 2E       		.uleb128 0x2e
 837 00f3 01       		.byte	0x1
 838 00f4 3F       		.uleb128 0x3f
 839 00f5 19       		.uleb128 0x19
 840 00f6 03       		.uleb128 0x3
 841 00f7 0E       		.uleb128 0xe
 842 00f8 3A       		.uleb128 0x3a
 843 00f9 0B       		.uleb128 0xb
 844 00fa 3B       		.uleb128 0x3b
 845 00fb 0B       		.uleb128 0xb
 846 00fc 27       		.uleb128 0x27
 847 00fd 19       		.uleb128 0x19
 848 00fe 49       		.uleb128 0x49
 849 00ff 13       		.uleb128 0x13
 850 0100 8701     		.uleb128 0x87
 851 0102 19       		.uleb128 0x19
 852 0103 11       		.uleb128 0x11
 853 0104 01       		.uleb128 0x1
 854 0105 12       		.uleb128 0x12
 855 0106 06       		.uleb128 0x6
 856 0107 40       		.uleb128 0x40
 857 0108 18       		.uleb128 0x18
 858 0109 9742     		.uleb128 0x2117
 859 010b 19       		.uleb128 0x19
 860 010c 01       		.uleb128 0x1
 861 010d 13       		.uleb128 0x13
 862 010e 00       		.byte	0
 863 010f 00       		.byte	0
 864 0110 17       		.uleb128 0x17
 865 0111 1D       		.uleb128 0x1d
 866 0112 00       		.byte	0
ARM GAS  C:\Users\ADMINI~1\AppData\Local\Temp\ccbBFmqz.s 			page 18


 867 0113 31       		.uleb128 0x31
 868 0114 13       		.uleb128 0x13
 869 0115 11       		.uleb128 0x11
 870 0116 01       		.uleb128 0x1
 871 0117 12       		.uleb128 0x12
 872 0118 06       		.uleb128 0x6
 873 0119 58       		.uleb128 0x58
 874 011a 0B       		.uleb128 0xb
 875 011b 59       		.uleb128 0x59
 876 011c 0B       		.uleb128 0xb
 877 011d 00       		.byte	0
 878 011e 00       		.byte	0
 879 011f 18       		.uleb128 0x18
 880 0120 898201   		.uleb128 0x4109
 881 0123 01       		.byte	0x1
 882 0124 11       		.uleb128 0x11
 883 0125 01       		.uleb128 0x1
 884 0126 31       		.uleb128 0x31
 885 0127 13       		.uleb128 0x13
 886 0128 00       		.byte	0
 887 0129 00       		.byte	0
 888 012a 19       		.uleb128 0x19
 889 012b 8A8201   		.uleb128 0x410a
 890 012e 00       		.byte	0
 891 012f 02       		.uleb128 0x2
 892 0130 18       		.uleb128 0x18
 893 0131 9142     		.uleb128 0x2111
 894 0133 18       		.uleb128 0x18
 895 0134 00       		.byte	0
 896 0135 00       		.byte	0
 897 0136 1A       		.uleb128 0x1a
 898 0137 34       		.uleb128 0x34
 899 0138 00       		.byte	0
 900 0139 03       		.uleb128 0x3
 901 013a 0E       		.uleb128 0xe
 902 013b 3A       		.uleb128 0x3a
 903 013c 0B       		.uleb128 0xb
 904 013d 3B       		.uleb128 0x3b
 905 013e 0B       		.uleb128 0xb
 906 013f 49       		.uleb128 0x49
 907 0140 13       		.uleb128 0x13
 908 0141 3F       		.uleb128 0x3f
 909 0142 19       		.uleb128 0x19
 910 0143 3C       		.uleb128 0x3c
 911 0144 19       		.uleb128 0x19
 912 0145 00       		.byte	0
 913 0146 00       		.byte	0
 914 0147 1B       		.uleb128 0x1b
 915 0148 34       		.uleb128 0x34
 916 0149 00       		.byte	0
 917 014a 03       		.uleb128 0x3
 918 014b 0E       		.uleb128 0xe
 919 014c 3A       		.uleb128 0x3a
 920 014d 0B       		.uleb128 0xb
 921 014e 3B       		.uleb128 0x3b
 922 014f 05       		.uleb128 0x5
 923 0150 49       		.uleb128 0x49
ARM GAS  C:\Users\ADMINI~1\AppData\Local\Temp\ccbBFmqz.s 			page 19


 924 0151 13       		.uleb128 0x13
 925 0152 3F       		.uleb128 0x3f
 926 0153 19       		.uleb128 0x19
 927 0154 3C       		.uleb128 0x3c
 928 0155 19       		.uleb128 0x19
 929 0156 00       		.byte	0
 930 0157 00       		.byte	0
 931 0158 1C       		.uleb128 0x1c
 932 0159 2E       		.uleb128 0x2e
 933 015a 00       		.byte	0
 934 015b 3F       		.uleb128 0x3f
 935 015c 19       		.uleb128 0x19
 936 015d 3C       		.uleb128 0x3c
 937 015e 19       		.uleb128 0x19
 938 015f 6E       		.uleb128 0x6e
 939 0160 0E       		.uleb128 0xe
 940 0161 03       		.uleb128 0x3
 941 0162 0E       		.uleb128 0xe
 942 0163 3A       		.uleb128 0x3a
 943 0164 0B       		.uleb128 0xb
 944 0165 3B       		.uleb128 0x3b
 945 0166 05       		.uleb128 0x5
 946 0167 00       		.byte	0
 947 0168 00       		.byte	0
 948 0169 00       		.byte	0
 949              		.section	.debug_aranges,"",%progbits
 950 0000 1C000000 		.4byte	0x1c
 951 0004 0200     		.2byte	0x2
 952 0006 00000000 		.4byte	.Ldebug_info0
 953 000a 04       		.byte	0x4
 954 000b 00       		.byte	0
 955 000c 0000     		.2byte	0
 956 000e 0000     		.2byte	0
 957 0010 00000000 		.4byte	.LFB613
 958 0014 10000000 		.4byte	.LFE613-.LFB613
 959 0018 00000000 		.4byte	0
 960 001c 00000000 		.4byte	0
 961              		.section	.debug_ranges,"",%progbits
 962              	.Ldebug_ranges0:
 963 0000 00000000 		.4byte	.LFB613
 964 0004 10000000 		.4byte	.LFE613
 965 0008 00000000 		.4byte	0
 966 000c 00000000 		.4byte	0
 967              		.section	.debug_line,"",%progbits
 968              	.Ldebug_line0:
 969 0000 58020000 		.section	.debug_str,"MS",%progbits,1
 969      02003702 
 969      00000201 
 969      FB0E0D00 
 969      01010101 
 970              	.LASF60:
 971 0000 6368616E 		.ascii	"channelBase\000"
 971      6E656C42 
 971      61736500 
 972              	.LASF42:
 973 000c 43595F53 		.ascii	"CY_SAR_RANGE_COND_OUTSIDE\000"
 973      41525F52 
ARM GAS  C:\Users\ADMINI~1\AppData\Local\Temp\ccbBFmqz.s 			page 20


 973      414E4745 
 973      5F434F4E 
 973      445F4F55 
 974              	.LASF36:
 975 0026 72785269 		.ascii	"rxRingBufTail\000"
 975      6E674275 
 975      66546169 
 975      6C00
 976              	.LASF20:
 977 0034 72784275 		.ascii	"rxBufSize\000"
 977      6653697A 
 977      6500
 978              	.LASF28:
 979 003e 63795F63 		.ascii	"cy_cb_scb_uart_handle_events_t\000"
 979      625F7363 
 979      625F7561 
 979      72745F68 
 979      616E646C 
 980              	.LASF0:
 981 005d 73686F72 		.ascii	"short int\000"
 981      7420696E 
 981      7400
 982              	.LASF11:
 983 0067 73697A65 		.ascii	"sizetype\000"
 983      74797065 
 983      00
 984              	.LASF53:
 985 0070 73617449 		.ascii	"satIntrMask\000"
 985      6E74724D 
 985      61736B00 
 986              	.LASF45:
 987 007c 73616D70 		.ascii	"sampleCtrl\000"
 987      6C654374 
 987      726C00
 988              	.LASF30:
 989 0087 63795F73 		.ascii	"cy_stc_scb_uart_context\000"
 989      74635F73 
 989      63625F75 
 989      6172745F 
 989      636F6E74 
 990              	.LASF58:
 991 009f 76726566 		.ascii	"vrefMvValue\000"
 991      4D765661 
 991      6C756500 
 992              	.LASF70:
 993 00ab 474E5520 		.ascii	"GNU C11 5.4.1 20160609 (release) [ARM/embedded-5-br"
 993      43313120 
 993      352E342E 
 993      31203230 
 993      31363036 
 994 00de 616E6368 		.ascii	"anch revision 237715] -mcpu=cortex-m0plus -mthumb -"
 994      20726576 
 994      6973696F 
 994      6E203233 
 994      37373135 
 995 0111 67202D4F 		.ascii	"g -Og -ffunction-sections -ffat-lto-objects\000"
 995      67202D66 
ARM GAS  C:\Users\ADMINI~1\AppData\Local\Temp\ccbBFmqz.s 			page 21


 995      66756E63 
 995      74696F6E 
 995      2D736563 
 996              	.LASF27:
 997 013d 63795F73 		.ascii	"cy_stc_scb_spi_context_t\000"
 997      74635F73 
 997      63625F73 
 997      70695F63 
 997      6F6E7465 
 998              	.LASF48:
 999 0156 72616E67 		.ascii	"rangeThres\000"
 999      65546872 
 999      657300
 1000              	.LASF74:
 1001 0161 6D61696E 		.ascii	"main\000"
 1001      00
 1002              	.LASF9:
 1003 0166 5F5F7569 		.ascii	"__uint32_t\000"
 1003      6E743332 
 1003      5F7400
 1004              	.LASF31:
 1005 0171 74785374 		.ascii	"txStatus\000"
 1005      61747573 
 1005      00
 1006              	.LASF21:
 1007 017a 72784275 		.ascii	"rxBufIdx\000"
 1007      66496478 
 1007      00
 1008              	.LASF66:
 1009 0183 55415254 		.ascii	"UART_1_context\000"
 1009      5F315F63 
 1009      6F6E7465 
 1009      787400
 1010              	.LASF49:
 1011 0192 72616E67 		.ascii	"rangeCond\000"
 1011      65436F6E 
 1011      6400
 1012              	.LASF68:
 1013 019c 4144435F 		.ascii	"ADC_1_allConfigs\000"
 1013      315F616C 
 1013      6C436F6E 
 1013      66696773 
 1013      00
 1014              	.LASF64:
 1015 01ad 636C6B44 		.ascii	"clkDivider\000"
 1015      69766964 
 1015      657200
 1016              	.LASF17:
 1017 01b8 63795F63 		.ascii	"cy_cb_scb_spi_handle_events_t\000"
 1017      625F7363 
 1017      625F7370 
 1017      695F6861 
 1017      6E646C65 
 1018              	.LASF35:
 1019 01d6 72785269 		.ascii	"rxRingBufHead\000"
 1019      6E674275 
 1019      66486561 
ARM GAS  C:\Users\ADMINI~1\AppData\Local\Temp\ccbBFmqz.s 			page 22


 1019      6400
 1020              	.LASF14:
 1021 01e4 666C6F61 		.ascii	"float\000"
 1021      7400
 1022              	.LASF22:
 1023 01ea 74784275 		.ascii	"txBuf\000"
 1023      6600
 1024              	.LASF39:
 1025 01f0 43595F53 		.ascii	"CY_SAR_RANGE_COND_BELOW\000"
 1025      41525F52 
 1025      414E4745 
 1025      5F434F4E 
 1025      445F4245 
 1026              	.LASF6:
 1027 0208 6C6F6E67 		.ascii	"long long int\000"
 1027      206C6F6E 
 1027      6720696E 
 1027      7400
 1028              	.LASF57:
 1029 0216 636F6E66 		.ascii	"configRouting\000"
 1029      6967526F 
 1029      7574696E 
 1029      6700
 1030              	.LASF34:
 1031 0224 72785269 		.ascii	"rxRingBufSize\000"
 1031      6E674275 
 1031      6653697A 
 1031      6500
 1032              	.LASF44:
 1033 0232 6374726C 		.ascii	"ctrl\000"
 1033      00
 1034              	.LASF46:
 1035 0237 73616D70 		.ascii	"sampleTime01\000"
 1035      6C655469 
 1035      6D653031 
 1035      00
 1036              	.LASF24:
 1037 0244 74784275 		.ascii	"txBufIdx\000"
 1037      66496478 
 1037      00
 1038              	.LASF67:
 1039 024d 4144435F 		.ascii	"ADC_1_currentConfig\000"
 1039      315F6375 
 1039      7272656E 
 1039      74436F6E 
 1039      66696700 
 1040              	.LASF73:
 1041 0261 5F5F656E 		.ascii	"__enable_irq\000"
 1041      61626C65 
 1041      5F697271 
 1041      00
 1042              	.LASF12:
 1043 026e 6C6F6E67 		.ascii	"long double\000"
 1043      20646F75 
 1043      626C6500 
 1044              	.LASF32:
 1045 027a 72785374 		.ascii	"rxStatus\000"
ARM GAS  C:\Users\ADMINI~1\AppData\Local\Temp\ccbBFmqz.s 			page 23


 1045      61747573 
 1045      00
 1046              	.LASF1:
 1047 0283 756E7369 		.ascii	"unsigned char\000"
 1047      676E6564 
 1047      20636861 
 1047      7200
 1048              	.LASF33:
 1049 0291 72785269 		.ascii	"rxRingBuf\000"
 1049      6E674275 
 1049      6600
 1050              	.LASF65:
 1051 029b 4144435F 		.ascii	"ADC_1_CONFIG_STRUCT\000"
 1051      315F434F 
 1051      4E464947 
 1051      5F535452 
 1051      55435400 
 1052              	.LASF2:
 1053 02af 7369676E 		.ascii	"signed char\000"
 1053      65642063 
 1053      68617200 
 1054              	.LASF7:
 1055 02bb 6C6F6E67 		.ascii	"long long unsigned int\000"
 1055      206C6F6E 
 1055      6720756E 
 1055      7369676E 
 1055      65642069 
 1056              	.LASF10:
 1057 02d2 75696E74 		.ascii	"uint32_t\000"
 1057      33325F74 
 1057      00
 1058              	.LASF54:
 1059 02db 72616E67 		.ascii	"rangeIntrMask\000"
 1059      65496E74 
 1059      724D6173 
 1059      6B00
 1060              	.LASF72:
 1061 02e9 4D3A5C47 		.ascii	"M:\\Githubrepo\\Intern_hiwi\\FinalProject\\FinalPro"
 1061      69746875 
 1061      62726570 
 1061      6F5C496E 
 1061      7465726E 
 1062 0318 6A656374 		.ascii	"ject\\Mux_ADC07_probe01.cydsn\000"
 1062      5C4D7578 
 1062      5F414443 
 1062      30375F70 
 1062      726F6265 
 1063              	.LASF56:
 1064 0335 6D757853 		.ascii	"muxSwitchSqCtrl\000"
 1064      77697463 
 1064      68537143 
 1064      74726C00 
 1065              	.LASF23:
 1066 0345 74784275 		.ascii	"txBufSize\000"
 1066      6653697A 
 1066      6500
 1067              	.LASF3:
ARM GAS  C:\Users\ADMINI~1\AppData\Local\Temp\ccbBFmqz.s 			page 24


 1068 034f 73686F72 		.ascii	"short unsigned int\000"
 1068      7420756E 
 1068      7369676E 
 1068      65642069 
 1068      6E7400
 1069              	.LASF18:
 1070 0362 73746174 		.ascii	"status\000"
 1070      757300
 1071              	.LASF63:
 1072 0369 6D697363 		.ascii	"miscConfig\000"
 1072      436F6E66 
 1072      696700
 1073              	.LASF13:
 1074 0374 63686172 		.ascii	"char\000"
 1074      00
 1075              	.LASF55:
 1076 0379 6D757853 		.ascii	"muxSwitch\000"
 1076      77697463 
 1076      6800
 1077              	.LASF25:
 1078 0383 63624576 		.ascii	"cbEvents\000"
 1078      656E7473 
 1078      00
 1079              	.LASF41:
 1080 038c 43595F53 		.ascii	"CY_SAR_RANGE_COND_ABOVE\000"
 1080      41525F52 
 1080      414E4745 
 1080      5F434F4E 
 1080      445F4142 
 1081              	.LASF16:
 1082 03a4 5F426F6F 		.ascii	"_Bool\000"
 1082      6C00
 1083              	.LASF62:
 1084 03aa 6877436F 		.ascii	"hwConfigStc\000"
 1084      6E666967 
 1084      53746300 
 1085              	.LASF19:
 1086 03b6 72784275 		.ascii	"rxBuf\000"
 1086      6600
 1087              	.LASF75:
 1088 03bc 43795F53 		.ascii	"Cy_SysEnableCM4\000"
 1088      7973456E 
 1088      61626C65 
 1088      434D3400 
 1089              	.LASF5:
 1090 03cc 6C6F6E67 		.ascii	"long unsigned int\000"
 1090      20756E73 
 1090      69676E65 
 1090      6420696E 
 1090      7400
 1091              	.LASF15:
 1092 03de 646F7562 		.ascii	"double\000"
 1092      6C6500
 1093              	.LASF40:
 1094 03e5 43595F53 		.ascii	"CY_SAR_RANGE_COND_INSIDE\000"
 1094      41525F52 
 1094      414E4745 
ARM GAS  C:\Users\ADMINI~1\AppData\Local\Temp\ccbBFmqz.s 			page 25


 1094      5F434F4E 
 1094      445F494E 
 1095              	.LASF26:
 1096 03fe 696E6974 		.ascii	"initKey\000"
 1096      4B657900 
 1097              	.LASF51:
 1098 0406 6368616E 		.ascii	"chanConfig\000"
 1098      436F6E66 
 1098      696700
 1099              	.LASF59:
 1100 0411 63795F73 		.ascii	"cy_stc_sar_config_t\000"
 1100      74635F73 
 1100      61725F63 
 1100      6F6E6669 
 1100      675F7400 
 1101              	.LASF38:
 1102 0425 63795F73 		.ascii	"cy_stc_scb_uart_context_t\000"
 1102      74635F73 
 1102      63625F75 
 1102      6172745F 
 1102      636F6E74 
 1103              	.LASF50:
 1104 043f 6368616E 		.ascii	"chanEn\000"
 1104      456E00
 1105              	.LASF61:
 1106 0446 6E756D43 		.ascii	"numChannels\000"
 1106      68616E6E 
 1106      656C7300 
 1107              	.LASF71:
 1108 0452 6D61696E 		.ascii	"main_cm0p.c\000"
 1108      5F636D30 
 1108      702E6300 
 1109              	.LASF47:
 1110 045e 73616D70 		.ascii	"sampleTime23\000"
 1110      6C655469 
 1110      6D653233 
 1110      00
 1111              	.LASF4:
 1112 046b 6C6F6E67 		.ascii	"long int\000"
 1112      20696E74 
 1112      00
 1113              	.LASF37:
 1114 0474 74784C65 		.ascii	"txLeftToTransmit\000"
 1114      6674546F 
 1114      5472616E 
 1114      736D6974 
 1114      00
 1115              	.LASF8:
 1116 0485 756E7369 		.ascii	"unsigned int\000"
 1116      676E6564 
 1116      20696E74 
 1116      00
 1117              	.LASF29:
 1118 0492 63795F73 		.ascii	"cy_stc_scb_spi_context\000"
 1118      74635F73 
 1118      63625F73 
 1118      70695F63 
ARM GAS  C:\Users\ADMINI~1\AppData\Local\Temp\ccbBFmqz.s 			page 26


 1118      6F6E7465 
 1119              	.LASF52:
 1120 04a9 696E7472 		.ascii	"intrMask\000"
 1120      4D61736B 
 1120      00
 1121              	.LASF69:
 1122 04b2 57535F53 		.ascii	"WS_SPI_context\000"
 1122      50495F63 
 1122      6F6E7465 
 1122      787400
 1123              	.LASF43:
 1124 04c1 63795F65 		.ascii	"cy_en_sar_range_detect_condition_t\000"
 1124      6E5F7361 
 1124      725F7261 
 1124      6E67655F 
 1124      64657465 
 1125              		.ident	"GCC: (GNU Tools for ARM Embedded Processors) 5.4.1 20160609 (release) [ARM/embedded-5-bran
