ARM GAS  C:\Users\ADMINI~1\AppData\Local\Temp\cchZVak3.s 			page 1


   1              		.syntax unified
   2              		.cpu cortex-m0plus
   3              		.fpu softvfp
   4              		.eabi_attribute 20, 1
   5              		.eabi_attribute 21, 1
   6              		.eabi_attribute 23, 3
   7              		.eabi_attribute 24, 1
   8              		.eabi_attribute 25, 1
   9              		.eabi_attribute 26, 1
  10              		.eabi_attribute 30, 1
  11              		.eabi_attribute 34, 0
  12              		.eabi_attribute 18, 4
  13              		.thumb
  14              		.syntax unified
  15              		.file	"retarget.c"
  16              		.text
  17              	.Ltext0:
  18              		.cfi_sections	.debug_frame
  19              		.syntax divided
  20              		.global _printf_float
  21              		.global _scanf_float
  22              		.thumb
  23              		.syntax unified
  24              		.section	.text._write,"ax",%progbits
  25              		.align	2
  26              		.weak	_write
  27              		.code	16
  28              		.thumb_func
  29              		.type	_write, %function
  30              	_write:
  31              	.LFB614:
  32              		.file 1 "Generated_Source\\PSoC6\\pdl\\utilities\\retarget_io\\retarget.c"
   1:Generated_Source\PSoC6\pdl\utilities\retarget_io/retarget.c **** /***************************************************************************//**
   2:Generated_Source\PSoC6\pdl\utilities\retarget_io/retarget.c **** * \file retarget.c
   3:Generated_Source\PSoC6\pdl\utilities\retarget_io/retarget.c **** * \version 1.10
   4:Generated_Source\PSoC6\pdl\utilities\retarget_io/retarget.c **** *
   5:Generated_Source\PSoC6\pdl\utilities\retarget_io/retarget.c **** * \brief
   6:Generated_Source\PSoC6\pdl\utilities\retarget_io/retarget.c **** * 'Retarget' layer for target-dependent low level function.
   7:Generated_Source\PSoC6\pdl\utilities\retarget_io/retarget.c **** *
   8:Generated_Source\PSoC6\pdl\utilities\retarget_io/retarget.c **** ********************************************************************************
   9:Generated_Source\PSoC6\pdl\utilities\retarget_io/retarget.c **** * \copyright
  10:Generated_Source\PSoC6\pdl\utilities\retarget_io/retarget.c **** * Copyright 2016-2018, Cypress Semiconductor Corporation. All rights reserved.
  11:Generated_Source\PSoC6\pdl\utilities\retarget_io/retarget.c **** * You may use this file only in accordance with the license, terms, conditions,
  12:Generated_Source\PSoC6\pdl\utilities\retarget_io/retarget.c **** * disclaimers, and limitations in the end user license agreement accompanying
  13:Generated_Source\PSoC6\pdl\utilities\retarget_io/retarget.c **** * the software package with which this file was provided.
  14:Generated_Source\PSoC6\pdl\utilities\retarget_io/retarget.c **** *******************************************************************************/
  15:Generated_Source\PSoC6\pdl\utilities\retarget_io/retarget.c **** 
  16:Generated_Source\PSoC6\pdl\utilities\retarget_io/retarget.c **** #include <stdio.h>
  17:Generated_Source\PSoC6\pdl\utilities\retarget_io/retarget.c **** #include "stdio_user.h"
  18:Generated_Source\PSoC6\pdl\utilities\retarget_io/retarget.c **** 
  19:Generated_Source\PSoC6\pdl\utilities\retarget_io/retarget.c **** #if defined(__cplusplus)
  20:Generated_Source\PSoC6\pdl\utilities\retarget_io/retarget.c **** extern "C" {
  21:Generated_Source\PSoC6\pdl\utilities\retarget_io/retarget.c **** #endif
  22:Generated_Source\PSoC6\pdl\utilities\retarget_io/retarget.c **** 
  23:Generated_Source\PSoC6\pdl\utilities\retarget_io/retarget.c **** #ifdef IO_STDOUT_ENABLE
  24:Generated_Source\PSoC6\pdl\utilities\retarget_io/retarget.c **** 
  25:Generated_Source\PSoC6\pdl\utilities\retarget_io/retarget.c **** #if defined(__ARMCC_VERSION) /* ARM-MDK */
ARM GAS  C:\Users\ADMINI~1\AppData\Local\Temp\cchZVak3.s 			page 2


  26:Generated_Source\PSoC6\pdl\utilities\retarget_io/retarget.c ****     /***************************************************************************
  27:Generated_Source\PSoC6\pdl\utilities\retarget_io/retarget.c ****     * Function Name: fputc
  28:Generated_Source\PSoC6\pdl\utilities\retarget_io/retarget.c ****     ***************************************************************************/
  29:Generated_Source\PSoC6\pdl\utilities\retarget_io/retarget.c ****     __attribute__((weak)) int fputc(int ch, FILE *f)
  30:Generated_Source\PSoC6\pdl\utilities\retarget_io/retarget.c ****     {
  31:Generated_Source\PSoC6\pdl\utilities\retarget_io/retarget.c ****         (void)f;
  32:Generated_Source\PSoC6\pdl\utilities\retarget_io/retarget.c ****     #if (STDOUT_CR_LF != 0)
  33:Generated_Source\PSoC6\pdl\utilities\retarget_io/retarget.c ****         if ((char)ch == '\n')
  34:Generated_Source\PSoC6\pdl\utilities\retarget_io/retarget.c ****         {
  35:Generated_Source\PSoC6\pdl\utilities\retarget_io/retarget.c ****             STDIO_PutChar('\r');
  36:Generated_Source\PSoC6\pdl\utilities\retarget_io/retarget.c ****         }
  37:Generated_Source\PSoC6\pdl\utilities\retarget_io/retarget.c ****     #endif /* STDOUT_CR_LF != 0 */
  38:Generated_Source\PSoC6\pdl\utilities\retarget_io/retarget.c ****         STDIO_PutChar(ch);
  39:Generated_Source\PSoC6\pdl\utilities\retarget_io/retarget.c ****         return (ch);
  40:Generated_Source\PSoC6\pdl\utilities\retarget_io/retarget.c ****     }
  41:Generated_Source\PSoC6\pdl\utilities\retarget_io/retarget.c **** #elif defined (__ICCARM__) /* IAR */
  42:Generated_Source\PSoC6\pdl\utilities\retarget_io/retarget.c ****     #include <yfuns.h>
  43:Generated_Source\PSoC6\pdl\utilities\retarget_io/retarget.c **** 
  44:Generated_Source\PSoC6\pdl\utilities\retarget_io/retarget.c ****     /***************************************************************************
  45:Generated_Source\PSoC6\pdl\utilities\retarget_io/retarget.c ****     * Function Name: __write
  46:Generated_Source\PSoC6\pdl\utilities\retarget_io/retarget.c ****     ***************************************************************************/
  47:Generated_Source\PSoC6\pdl\utilities\retarget_io/retarget.c ****     __weak size_t __write(int handle, const unsigned char * buffer, size_t size)
  48:Generated_Source\PSoC6\pdl\utilities\retarget_io/retarget.c ****     {
  49:Generated_Source\PSoC6\pdl\utilities\retarget_io/retarget.c ****         size_t nChars = 0;
  50:Generated_Source\PSoC6\pdl\utilities\retarget_io/retarget.c ****         /* This template only writes to "standard out", for all other file
  51:Generated_Source\PSoC6\pdl\utilities\retarget_io/retarget.c ****         * handles it returns failure. */
  52:Generated_Source\PSoC6\pdl\utilities\retarget_io/retarget.c ****         if (handle != _LLIO_STDOUT)
  53:Generated_Source\PSoC6\pdl\utilities\retarget_io/retarget.c ****         {
  54:Generated_Source\PSoC6\pdl\utilities\retarget_io/retarget.c ****             return (_LLIO_ERROR);
  55:Generated_Source\PSoC6\pdl\utilities\retarget_io/retarget.c ****         }
  56:Generated_Source\PSoC6\pdl\utilities\retarget_io/retarget.c ****         if (buffer != NULL)
  57:Generated_Source\PSoC6\pdl\utilities\retarget_io/retarget.c ****         {
  58:Generated_Source\PSoC6\pdl\utilities\retarget_io/retarget.c ****             for (/* Empty */; nChars < size; ++nChars)
  59:Generated_Source\PSoC6\pdl\utilities\retarget_io/retarget.c ****             {
  60:Generated_Source\PSoC6\pdl\utilities\retarget_io/retarget.c ****             #if (STDOUT_CR_LF != 0)
  61:Generated_Source\PSoC6\pdl\utilities\retarget_io/retarget.c ****                 if(*buffer == '\n')
  62:Generated_Source\PSoC6\pdl\utilities\retarget_io/retarget.c ****                 {
  63:Generated_Source\PSoC6\pdl\utilities\retarget_io/retarget.c ****                     STDIO_PutChar('\r');
  64:Generated_Source\PSoC6\pdl\utilities\retarget_io/retarget.c ****                 }
  65:Generated_Source\PSoC6\pdl\utilities\retarget_io/retarget.c ****             #endif /* STDOUT_CR_LF != 0 */
  66:Generated_Source\PSoC6\pdl\utilities\retarget_io/retarget.c ****                 STDIO_PutChar(*buffer);
  67:Generated_Source\PSoC6\pdl\utilities\retarget_io/retarget.c ****                 ++buffer;
  68:Generated_Source\PSoC6\pdl\utilities\retarget_io/retarget.c ****             }
  69:Generated_Source\PSoC6\pdl\utilities\retarget_io/retarget.c ****         }
  70:Generated_Source\PSoC6\pdl\utilities\retarget_io/retarget.c ****         return (nChars);
  71:Generated_Source\PSoC6\pdl\utilities\retarget_io/retarget.c ****     }
  72:Generated_Source\PSoC6\pdl\utilities\retarget_io/retarget.c **** #else /* (__GNUC__)  GCC */    
  73:Generated_Source\PSoC6\pdl\utilities\retarget_io/retarget.c ****     /* Add an explicit reference to the floating point printf library to allow
  74:Generated_Source\PSoC6\pdl\utilities\retarget_io/retarget.c ****     the usage of floating point conversion specifier. */
  75:Generated_Source\PSoC6\pdl\utilities\retarget_io/retarget.c ****     __asm (".global _printf_float");
  76:Generated_Source\PSoC6\pdl\utilities\retarget_io/retarget.c ****     /***************************************************************************
  77:Generated_Source\PSoC6\pdl\utilities\retarget_io/retarget.c ****     * Function Name: _write
  78:Generated_Source\PSoC6\pdl\utilities\retarget_io/retarget.c ****     ***************************************************************************/
  79:Generated_Source\PSoC6\pdl\utilities\retarget_io/retarget.c ****     __attribute__((weak)) int _write (int fd, const char *ptr, int len)
  80:Generated_Source\PSoC6\pdl\utilities\retarget_io/retarget.c ****     {
  33              		.loc 1 80 0
  34              		.cfi_startproc
ARM GAS  C:\Users\ADMINI~1\AppData\Local\Temp\cchZVak3.s 			page 3


  35              		@ args = 0, pretend = 0, frame = 0
  36              		@ frame_needed = 0, uses_anonymous_args = 0
  37              	.LVL0:
  38 0000 70B5     		push	{r4, r5, r6, lr}
  39              		.cfi_def_cfa_offset 16
  40              		.cfi_offset 4, -16
  41              		.cfi_offset 5, -12
  42              		.cfi_offset 6, -8
  43              		.cfi_offset 14, -4
  44 0002 0D00     		movs	r5, r1
  45 0004 1600     		movs	r6, r2
  46              	.LVL1:
  81:Generated_Source\PSoC6\pdl\utilities\retarget_io/retarget.c ****         int nChars = 0;
  82:Generated_Source\PSoC6\pdl\utilities\retarget_io/retarget.c ****         (void)fd;
  83:Generated_Source\PSoC6\pdl\utilities\retarget_io/retarget.c ****         if (ptr != NULL)
  47              		.loc 1 83 0
  48 0006 0029     		cmp	r1, #0
  49 0008 07D1     		bne	.L5
  81:Generated_Source\PSoC6\pdl\utilities\retarget_io/retarget.c ****         int nChars = 0;
  50              		.loc 1 81 0
  51 000a 0024     		movs	r4, #0
  52 000c 08E0     		b	.L3
  53              	.LVL2:
  54              	.L4:
  84:Generated_Source\PSoC6\pdl\utilities\retarget_io/retarget.c ****         {
  85:Generated_Source\PSoC6\pdl\utilities\retarget_io/retarget.c ****             for (/* Empty */; nChars < len; ++nChars)
  86:Generated_Source\PSoC6\pdl\utilities\retarget_io/retarget.c ****             {
  87:Generated_Source\PSoC6\pdl\utilities\retarget_io/retarget.c ****             #if (STDOUT_CR_LF != 0)
  88:Generated_Source\PSoC6\pdl\utilities\retarget_io/retarget.c ****                 if(*ptr == '\n')
  89:Generated_Source\PSoC6\pdl\utilities\retarget_io/retarget.c ****                 {
  90:Generated_Source\PSoC6\pdl\utilities\retarget_io/retarget.c ****                     STDIO_PutChar('\r');
  91:Generated_Source\PSoC6\pdl\utilities\retarget_io/retarget.c ****                 }
  92:Generated_Source\PSoC6\pdl\utilities\retarget_io/retarget.c ****             #endif /* STDOUT_CR_LF != 0 */
  93:Generated_Source\PSoC6\pdl\utilities\retarget_io/retarget.c ****                 STDIO_PutChar((uint32_t)*ptr);
  55              		.loc 1 93 0 discriminator 2
  56 000e 2878     		ldrb	r0, [r5]
  57 0010 FFF7FEFF 		bl	STDIO_PutChar
  58              	.LVL3:
  94:Generated_Source\PSoC6\pdl\utilities\retarget_io/retarget.c ****                 ++ptr;
  59              		.loc 1 94 0 discriminator 2
  60 0014 0135     		adds	r5, r5, #1
  61              	.LVL4:
  85:Generated_Source\PSoC6\pdl\utilities\retarget_io/retarget.c ****             {
  62              		.loc 1 85 0 discriminator 2
  63 0016 0134     		adds	r4, r4, #1
  64              	.LVL5:
  65 0018 00E0     		b	.L2
  66              	.LVL6:
  67              	.L5:
  68 001a 0024     		movs	r4, #0
  69              	.LVL7:
  70              	.L2:
  85:Generated_Source\PSoC6\pdl\utilities\retarget_io/retarget.c ****             {
  71              		.loc 1 85 0 is_stmt 0 discriminator 1
  72 001c B442     		cmp	r4, r6
  73 001e F6DB     		blt	.L4
  74              	.LVL8:
ARM GAS  C:\Users\ADMINI~1\AppData\Local\Temp\cchZVak3.s 			page 4


  75              	.L3:
  95:Generated_Source\PSoC6\pdl\utilities\retarget_io/retarget.c ****             }
  96:Generated_Source\PSoC6\pdl\utilities\retarget_io/retarget.c ****         }
  97:Generated_Source\PSoC6\pdl\utilities\retarget_io/retarget.c ****         return (nChars);
  98:Generated_Source\PSoC6\pdl\utilities\retarget_io/retarget.c ****     }
  76              		.loc 1 98 0 is_stmt 1
  77 0020 2000     		movs	r0, r4
  78              		@ sp needed
  79              	.LVL9:
  80              	.LVL10:
  81              	.LVL11:
  82 0022 70BD     		pop	{r4, r5, r6, pc}
  83              		.cfi_endproc
  84              	.LFE614:
  85              		.size	_write, .-_write
  86              		.section	.text._read,"ax",%progbits
  87              		.align	2
  88              		.weak	_read
  89              		.code	16
  90              		.thumb_func
  91              		.type	_read, %function
  92              	_read:
  93              	.LFB615:
  99:Generated_Source\PSoC6\pdl\utilities\retarget_io/retarget.c **** #endif
 100:Generated_Source\PSoC6\pdl\utilities\retarget_io/retarget.c **** 
 101:Generated_Source\PSoC6\pdl\utilities\retarget_io/retarget.c **** #endif /* IO_STDOUT_ENABLE */
 102:Generated_Source\PSoC6\pdl\utilities\retarget_io/retarget.c **** 
 103:Generated_Source\PSoC6\pdl\utilities\retarget_io/retarget.c **** #if defined(IO_STDIN_ENABLE)
 104:Generated_Source\PSoC6\pdl\utilities\retarget_io/retarget.c **** 
 105:Generated_Source\PSoC6\pdl\utilities\retarget_io/retarget.c **** #if defined(__ARMCC_VERSION) /* ARM-MDK */
 106:Generated_Source\PSoC6\pdl\utilities\retarget_io/retarget.c ****     /***************************************************************************
 107:Generated_Source\PSoC6\pdl\utilities\retarget_io/retarget.c ****     * Function Name: fgetc
 108:Generated_Source\PSoC6\pdl\utilities\retarget_io/retarget.c ****     ***************************************************************************/
 109:Generated_Source\PSoC6\pdl\utilities\retarget_io/retarget.c ****     __attribute__((weak)) int fgetc(FILE *f) 
 110:Generated_Source\PSoC6\pdl\utilities\retarget_io/retarget.c ****     {
 111:Generated_Source\PSoC6\pdl\utilities\retarget_io/retarget.c ****         (void)f;
 112:Generated_Source\PSoC6\pdl\utilities\retarget_io/retarget.c ****         return (STDIO_GetChar());
 113:Generated_Source\PSoC6\pdl\utilities\retarget_io/retarget.c ****     }
 114:Generated_Source\PSoC6\pdl\utilities\retarget_io/retarget.c **** #elif defined (__ICCARM__) /* IAR */
 115:Generated_Source\PSoC6\pdl\utilities\retarget_io/retarget.c ****     __weak size_t __read(int handle, unsigned char * buffer, size_t size)
 116:Generated_Source\PSoC6\pdl\utilities\retarget_io/retarget.c ****     {
 117:Generated_Source\PSoC6\pdl\utilities\retarget_io/retarget.c ****         /* This template only reads from "standard in", for all other file
 118:Generated_Source\PSoC6\pdl\utilities\retarget_io/retarget.c ****         handles it returns failure. */
 119:Generated_Source\PSoC6\pdl\utilities\retarget_io/retarget.c ****         if ((handle != _LLIO_STDIN) || (buffer == NULL))
 120:Generated_Source\PSoC6\pdl\utilities\retarget_io/retarget.c ****         {
 121:Generated_Source\PSoC6\pdl\utilities\retarget_io/retarget.c ****             return (_LLIO_ERROR);
 122:Generated_Source\PSoC6\pdl\utilities\retarget_io/retarget.c ****         }
 123:Generated_Source\PSoC6\pdl\utilities\retarget_io/retarget.c ****         else
 124:Generated_Source\PSoC6\pdl\utilities\retarget_io/retarget.c ****         {
 125:Generated_Source\PSoC6\pdl\utilities\retarget_io/retarget.c ****             *buffer = STDIO_GetChar();
 126:Generated_Source\PSoC6\pdl\utilities\retarget_io/retarget.c ****             return (1);
 127:Generated_Source\PSoC6\pdl\utilities\retarget_io/retarget.c ****         }
 128:Generated_Source\PSoC6\pdl\utilities\retarget_io/retarget.c ****     }
 129:Generated_Source\PSoC6\pdl\utilities\retarget_io/retarget.c **** #else /* (__GNUC__)  GCC */
 130:Generated_Source\PSoC6\pdl\utilities\retarget_io/retarget.c ****     /* Add an explicit reference to the floating point scanf library to allow
 131:Generated_Source\PSoC6\pdl\utilities\retarget_io/retarget.c ****     the usage of floating point conversion specifier. */
 132:Generated_Source\PSoC6\pdl\utilities\retarget_io/retarget.c ****     __asm (".global _scanf_float");
ARM GAS  C:\Users\ADMINI~1\AppData\Local\Temp\cchZVak3.s 			page 5


 133:Generated_Source\PSoC6\pdl\utilities\retarget_io/retarget.c ****     __attribute__((weak)) int _read (int fd, char *ptr, int len)
 134:Generated_Source\PSoC6\pdl\utilities\retarget_io/retarget.c ****     {
  94              		.loc 1 134 0
  95              		.cfi_startproc
  96              		@ args = 0, pretend = 0, frame = 0
  97              		@ frame_needed = 0, uses_anonymous_args = 0
  98              	.LVL12:
  99 0000 70B5     		push	{r4, r5, r6, lr}
 100              		.cfi_def_cfa_offset 16
 101              		.cfi_offset 4, -16
 102              		.cfi_offset 5, -12
 103              		.cfi_offset 6, -8
 104              		.cfi_offset 14, -4
 105 0002 0D00     		movs	r5, r1
 106 0004 1600     		movs	r6, r2
 107              	.LVL13:
 135:Generated_Source\PSoC6\pdl\utilities\retarget_io/retarget.c ****         int nChars = 0;
 136:Generated_Source\PSoC6\pdl\utilities\retarget_io/retarget.c ****         (void)fd;
 137:Generated_Source\PSoC6\pdl\utilities\retarget_io/retarget.c ****         if (ptr != NULL)
 108              		.loc 1 137 0
 109 0006 0029     		cmp	r1, #0
 110 0008 0AD1     		bne	.L10
 135:Generated_Source\PSoC6\pdl\utilities\retarget_io/retarget.c ****         int nChars = 0;
 111              		.loc 1 135 0
 112 000a 0024     		movs	r4, #0
 113 000c 0BE0     		b	.L8
 114              	.LVL14:
 115              	.L9:
 138:Generated_Source\PSoC6\pdl\utilities\retarget_io/retarget.c ****         {
 139:Generated_Source\PSoC6\pdl\utilities\retarget_io/retarget.c ****             for(/* Empty */;nChars < len;++ptr)
 140:Generated_Source\PSoC6\pdl\utilities\retarget_io/retarget.c ****             {
 141:Generated_Source\PSoC6\pdl\utilities\retarget_io/retarget.c ****                 *ptr = (char)STDIO_GetChar();
 116              		.loc 1 141 0
 117 000e FFF7FEFF 		bl	STDIO_GetChar
 118              	.LVL15:
 119 0012 C0B2     		uxtb	r0, r0
 120 0014 2870     		strb	r0, [r5]
 142:Generated_Source\PSoC6\pdl\utilities\retarget_io/retarget.c ****                 ++nChars;
 121              		.loc 1 142 0
 122 0016 0134     		adds	r4, r4, #1
 123              	.LVL16:
 143:Generated_Source\PSoC6\pdl\utilities\retarget_io/retarget.c ****                 if(*ptr == '\n')
 124              		.loc 1 143 0
 125 0018 0A28     		cmp	r0, #10
 126 001a 04D0     		beq	.L8
 139:Generated_Source\PSoC6\pdl\utilities\retarget_io/retarget.c ****             {
 127              		.loc 1 139 0
 128 001c 0135     		adds	r5, r5, #1
 129              	.LVL17:
 130 001e 00E0     		b	.L7
 131              	.LVL18:
 132              	.L10:
 133 0020 0024     		movs	r4, #0
 134              	.LVL19:
 135              	.L7:
 139:Generated_Source\PSoC6\pdl\utilities\retarget_io/retarget.c ****             {
 136              		.loc 1 139 0 is_stmt 0 discriminator 1
ARM GAS  C:\Users\ADMINI~1\AppData\Local\Temp\cchZVak3.s 			page 6


 137 0022 B442     		cmp	r4, r6
 138 0024 F3DB     		blt	.L9
 139              	.LVL20:
 140              	.L8:
 144:Generated_Source\PSoC6\pdl\utilities\retarget_io/retarget.c ****                 {
 145:Generated_Source\PSoC6\pdl\utilities\retarget_io/retarget.c ****                     break;
 146:Generated_Source\PSoC6\pdl\utilities\retarget_io/retarget.c ****                 }
 147:Generated_Source\PSoC6\pdl\utilities\retarget_io/retarget.c ****             }
 148:Generated_Source\PSoC6\pdl\utilities\retarget_io/retarget.c ****         }
 149:Generated_Source\PSoC6\pdl\utilities\retarget_io/retarget.c ****         return (nChars);
 150:Generated_Source\PSoC6\pdl\utilities\retarget_io/retarget.c ****     }
 141              		.loc 1 150 0 is_stmt 1
 142 0026 2000     		movs	r0, r4
 143              		@ sp needed
 144              	.LVL21:
 145              	.LVL22:
 146              	.LVL23:
 147 0028 70BD     		pop	{r4, r5, r6, pc}
 148              		.cfi_endproc
 149              	.LFE615:
 150              		.size	_read, .-_read
 151 002a C046     		.text
 152              	.Letext0:
 153              		.file 2 "c:\\program files (x86)\\cypress\\psoc creator\\4.4\\psoc creator\\import\\gnu\\arm\\5.4.
 154              		.file 3 "c:\\program files (x86)\\cypress\\psoc creator\\4.4\\psoc creator\\import\\gnu\\arm\\5.4.
 155              		.file 4 "Generated_Source\\PSoC6\\pdl\\drivers/peripheral/scb/cy_scb_spi.h"
 156              		.file 5 "Generated_Source\\PSoC6\\pdl\\drivers/peripheral/scb/cy_scb_uart.h"
 157              		.file 6 "Generated_Source\\PSoC6\\pdl\\drivers/peripheral/sar/cy_sar.h"
 158              		.file 7 "Generated_Source\\PSoC6/ADC_1.h"
 159              		.file 8 "Generated_Source\\PSoC6/UART_1.h"
 160              		.file 9 "Generated_Source\\PSoC6/WS_SPI.h"
 161              		.file 10 "./stdio_user.h"
 162              		.section	.debug_info,"",%progbits
 163              	.Ldebug_info0:
 164 0000 D8040000 		.4byte	0x4d8
 165 0004 0400     		.2byte	0x4
 166 0006 00000000 		.4byte	.Ldebug_abbrev0
 167 000a 04       		.byte	0x4
 168 000b 01       		.uleb128 0x1
 169 000c B9000000 		.4byte	.LASF75
 170 0010 0C       		.byte	0xc
 171 0011 AB040000 		.4byte	.LASF76
 172 0015 04030000 		.4byte	.LASF77
 173 0019 00000000 		.4byte	.Ldebug_ranges0+0
 174 001d 00000000 		.4byte	0
 175 0021 00000000 		.4byte	.Ldebug_line0
 176 0025 02       		.uleb128 0x2
 177 0026 01       		.byte	0x1
 178 0027 06       		.byte	0x6
 179 0028 CA020000 		.4byte	.LASF0
 180 002c 02       		.uleb128 0x2
 181 002d 01       		.byte	0x1
 182 002e 08       		.byte	0x8
 183 002f 98020000 		.4byte	.LASF1
 184 0033 02       		.uleb128 0x2
 185 0034 02       		.byte	0x2
 186 0035 05       		.byte	0x5
ARM GAS  C:\Users\ADMINI~1\AppData\Local\Temp\cchZVak3.s 			page 7


 187 0036 5D000000 		.4byte	.LASF2
 188 003a 02       		.uleb128 0x2
 189 003b 02       		.byte	0x2
 190 003c 07       		.byte	0x7
 191 003d 6A030000 		.4byte	.LASF3
 192 0041 02       		.uleb128 0x2
 193 0042 04       		.byte	0x4
 194 0043 05       		.byte	0x5
 195 0044 6D040000 		.4byte	.LASF4
 196 0048 03       		.uleb128 0x3
 197 0049 6F010000 		.4byte	.LASF12
 198 004d 02       		.byte	0x2
 199 004e 41       		.byte	0x41
 200 004f 53000000 		.4byte	0x53
 201 0053 02       		.uleb128 0x2
 202 0054 04       		.byte	0x4
 203 0055 07       		.byte	0x7
 204 0056 E5030000 		.4byte	.LASF5
 205 005a 02       		.uleb128 0x2
 206 005b 08       		.byte	0x8
 207 005c 05       		.byte	0x5
 208 005d 1F020000 		.4byte	.LASF6
 209 0061 02       		.uleb128 0x2
 210 0062 08       		.byte	0x8
 211 0063 07       		.byte	0x7
 212 0064 D6020000 		.4byte	.LASF7
 213 0068 04       		.uleb128 0x4
 214 0069 04       		.byte	0x4
 215 006a 05       		.byte	0x5
 216 006b 696E7400 		.ascii	"int\000"
 217 006f 02       		.uleb128 0x2
 218 0070 04       		.byte	0x4
 219 0071 07       		.byte	0x7
 220 0072 87040000 		.4byte	.LASF8
 221 0076 02       		.uleb128 0x2
 222 0077 08       		.byte	0x8
 223 0078 04       		.byte	0x4
 224 0079 83020000 		.4byte	.LASF9
 225 007d 05       		.uleb128 0x5
 226 007e 04       		.byte	0x4
 227 007f 02       		.uleb128 0x2
 228 0080 04       		.byte	0x4
 229 0081 07       		.byte	0x7
 230 0082 75000000 		.4byte	.LASF10
 231 0086 06       		.uleb128 0x6
 232 0087 04       		.byte	0x4
 233 0088 8C000000 		.4byte	0x8c
 234 008c 02       		.uleb128 0x2
 235 008d 01       		.byte	0x1
 236 008e 08       		.byte	0x8
 237 008f 8F030000 		.4byte	.LASF11
 238 0093 06       		.uleb128 0x6
 239 0094 04       		.byte	0x4
 240 0095 99000000 		.4byte	0x99
 241 0099 07       		.uleb128 0x7
 242 009a 8C000000 		.4byte	0x8c
 243 009e 03       		.uleb128 0x3
ARM GAS  C:\Users\ADMINI~1\AppData\Local\Temp\cchZVak3.s 			page 8


 244 009f ED020000 		.4byte	.LASF13
 245 00a3 03       		.byte	0x3
 246 00a4 30       		.byte	0x30
 247 00a5 48000000 		.4byte	0x48
 248 00a9 08       		.uleb128 0x8
 249 00aa 9E000000 		.4byte	0x9e
 250 00ae 02       		.uleb128 0x2
 251 00af 04       		.byte	0x4
 252 00b0 04       		.byte	0x4
 253 00b1 FB010000 		.4byte	.LASF14
 254 00b5 02       		.uleb128 0x2
 255 00b6 08       		.byte	0x8
 256 00b7 04       		.byte	0x4
 257 00b8 F7030000 		.4byte	.LASF15
 258 00bc 02       		.uleb128 0x2
 259 00bd 01       		.byte	0x1
 260 00be 02       		.byte	0x2
 261 00bf BF030000 		.4byte	.LASF16
 262 00c3 06       		.uleb128 0x6
 263 00c4 04       		.byte	0x4
 264 00c5 C9000000 		.4byte	0xc9
 265 00c9 09       		.uleb128 0x9
 266 00ca D4000000 		.4byte	0xd4
 267 00ce 0A       		.uleb128 0xa
 268 00cf 9E000000 		.4byte	0x9e
 269 00d3 00       		.byte	0
 270 00d4 0B       		.uleb128 0xb
 271 00d5 C8010000 		.4byte	.LASF17
 272 00d9 04       		.byte	0x4
 273 00da BF01     		.2byte	0x1bf
 274 00dc C3000000 		.4byte	0xc3
 275 00e0 0C       		.uleb128 0xc
 276 00e1 94040000 		.4byte	.LASF29
 277 00e5 24       		.byte	0x24
 278 00e6 04       		.byte	0x4
 279 00e7 4102     		.2byte	0x241
 280 00e9 63010000 		.4byte	0x163
 281 00ed 0D       		.uleb128 0xd
 282 00ee 7D030000 		.4byte	.LASF18
 283 00f2 04       		.byte	0x4
 284 00f3 4402     		.2byte	0x244
 285 00f5 A9000000 		.4byte	0xa9
 286 00f9 00       		.byte	0
 287 00fa 0D       		.uleb128 0xd
 288 00fb D1030000 		.4byte	.LASF19
 289 00ff 04       		.byte	0x4
 290 0100 4602     		.2byte	0x246
 291 0102 7D000000 		.4byte	0x7d
 292 0106 04       		.byte	0x4
 293 0107 0D       		.uleb128 0xd
 294 0108 34000000 		.4byte	.LASF20
 295 010c 04       		.byte	0x4
 296 010d 4702     		.2byte	0x247
 297 010f 9E000000 		.4byte	0x9e
 298 0113 08       		.byte	0x8
 299 0114 0D       		.uleb128 0xd
 300 0115 8A010000 		.4byte	.LASF21
ARM GAS  C:\Users\ADMINI~1\AppData\Local\Temp\cchZVak3.s 			page 9


 301 0119 04       		.byte	0x4
 302 011a 4802     		.2byte	0x248
 303 011c A9000000 		.4byte	0xa9
 304 0120 0C       		.byte	0xc
 305 0121 0D       		.uleb128 0xd
 306 0122 01020000 		.4byte	.LASF22
 307 0126 04       		.byte	0x4
 308 0127 4A02     		.2byte	0x24a
 309 0129 7D000000 		.4byte	0x7d
 310 012d 10       		.byte	0x10
 311 012e 0D       		.uleb128 0xd
 312 012f 60030000 		.4byte	.LASF23
 313 0133 04       		.byte	0x4
 314 0134 4B02     		.2byte	0x24b
 315 0136 9E000000 		.4byte	0x9e
 316 013a 14       		.byte	0x14
 317 013b 0D       		.uleb128 0xd
 318 013c 66020000 		.4byte	.LASF24
 319 0140 04       		.byte	0x4
 320 0141 4C02     		.2byte	0x24c
 321 0143 A9000000 		.4byte	0xa9
 322 0147 18       		.byte	0x18
 323 0148 0D       		.uleb128 0xd
 324 0149 9E030000 		.4byte	.LASF25
 325 014d 04       		.byte	0x4
 326 014e 5202     		.2byte	0x252
 327 0150 D4000000 		.4byte	0xd4
 328 0154 1C       		.byte	0x1c
 329 0155 0D       		.uleb128 0xd
 330 0156 17040000 		.4byte	.LASF26
 331 015a 04       		.byte	0x4
 332 015b 5502     		.2byte	0x255
 333 015d 9E000000 		.4byte	0x9e
 334 0161 20       		.byte	0x20
 335 0162 00       		.byte	0
 336 0163 0B       		.uleb128 0xb
 337 0164 4B010000 		.4byte	.LASF27
 338 0168 04       		.byte	0x4
 339 0169 5802     		.2byte	0x258
 340 016b E0000000 		.4byte	0xe0
 341 016f 0B       		.uleb128 0xb
 342 0170 3E000000 		.4byte	.LASF28
 343 0174 05       		.byte	0x5
 344 0175 AB01     		.2byte	0x1ab
 345 0177 C3000000 		.4byte	0xc3
 346 017b 0C       		.uleb128 0xc
 347 017c 95000000 		.4byte	.LASF30
 348 0180 38       		.byte	0x38
 349 0181 05       		.byte	0x5
 350 0182 4702     		.2byte	0x247
 351 0184 3F020000 		.4byte	0x23f
 352 0188 0D       		.uleb128 0xd
 353 0189 7A010000 		.4byte	.LASF31
 354 018d 05       		.byte	0x5
 355 018e 4A02     		.2byte	0x24a
 356 0190 A9000000 		.4byte	0xa9
 357 0194 00       		.byte	0
ARM GAS  C:\Users\ADMINI~1\AppData\Local\Temp\cchZVak3.s 			page 10


 358 0195 0D       		.uleb128 0xd
 359 0196 8F020000 		.4byte	.LASF32
 360 019a 05       		.byte	0x5
 361 019b 4B02     		.2byte	0x24b
 362 019d A9000000 		.4byte	0xa9
 363 01a1 04       		.byte	0x4
 364 01a2 0D       		.uleb128 0xd
 365 01a3 A6020000 		.4byte	.LASF33
 366 01a7 05       		.byte	0x5
 367 01a8 4D02     		.2byte	0x24d
 368 01aa 7D000000 		.4byte	0x7d
 369 01ae 08       		.byte	0x8
 370 01af 0D       		.uleb128 0xd
 371 01b0 46020000 		.4byte	.LASF34
 372 01b4 05       		.byte	0x5
 373 01b5 4E02     		.2byte	0x24e
 374 01b7 9E000000 		.4byte	0x9e
 375 01bb 0C       		.byte	0xc
 376 01bc 0D       		.uleb128 0xd
 377 01bd ED010000 		.4byte	.LASF35
 378 01c1 05       		.byte	0x5
 379 01c2 4F02     		.2byte	0x24f
 380 01c4 A9000000 		.4byte	0xa9
 381 01c8 10       		.byte	0x10
 382 01c9 0D       		.uleb128 0xd
 383 01ca 26000000 		.4byte	.LASF36
 384 01ce 05       		.byte	0x5
 385 01cf 5002     		.2byte	0x250
 386 01d1 A9000000 		.4byte	0xa9
 387 01d5 14       		.byte	0x14
 388 01d6 0D       		.uleb128 0xd
 389 01d7 D1030000 		.4byte	.LASF19
 390 01db 05       		.byte	0x5
 391 01dc 5202     		.2byte	0x252
 392 01de 7D000000 		.4byte	0x7d
 393 01e2 18       		.byte	0x18
 394 01e3 0D       		.uleb128 0xd
 395 01e4 34000000 		.4byte	.LASF20
 396 01e8 05       		.byte	0x5
 397 01e9 5302     		.2byte	0x253
 398 01eb 9E000000 		.4byte	0x9e
 399 01ef 1C       		.byte	0x1c
 400 01f0 0D       		.uleb128 0xd
 401 01f1 8A010000 		.4byte	.LASF21
 402 01f5 05       		.byte	0x5
 403 01f6 5402     		.2byte	0x254
 404 01f8 A9000000 		.4byte	0xa9
 405 01fc 20       		.byte	0x20
 406 01fd 0D       		.uleb128 0xd
 407 01fe 01020000 		.4byte	.LASF22
 408 0202 05       		.byte	0x5
 409 0203 5602     		.2byte	0x256
 410 0205 7D000000 		.4byte	0x7d
 411 0209 24       		.byte	0x24
 412 020a 0D       		.uleb128 0xd
 413 020b 60030000 		.4byte	.LASF23
 414 020f 05       		.byte	0x5
ARM GAS  C:\Users\ADMINI~1\AppData\Local\Temp\cchZVak3.s 			page 11


 415 0210 5702     		.2byte	0x257
 416 0212 9E000000 		.4byte	0x9e
 417 0216 28       		.byte	0x28
 418 0217 0D       		.uleb128 0xd
 419 0218 76040000 		.4byte	.LASF37
 420 021c 05       		.byte	0x5
 421 021d 5802     		.2byte	0x258
 422 021f A9000000 		.4byte	0xa9
 423 0223 2C       		.byte	0x2c
 424 0224 0D       		.uleb128 0xd
 425 0225 9E030000 		.4byte	.LASF25
 426 0229 05       		.byte	0x5
 427 022a 5D02     		.2byte	0x25d
 428 022c 6F010000 		.4byte	0x16f
 429 0230 30       		.byte	0x30
 430 0231 0D       		.uleb128 0xd
 431 0232 17040000 		.4byte	.LASF26
 432 0236 05       		.byte	0x5
 433 0237 6002     		.2byte	0x260
 434 0239 9E000000 		.4byte	0x9e
 435 023d 34       		.byte	0x34
 436 023e 00       		.byte	0
 437 023f 0B       		.uleb128 0xb
 438 0240 33040000 		.4byte	.LASF38
 439 0244 05       		.byte	0x5
 440 0245 6302     		.2byte	0x263
 441 0247 7B010000 		.4byte	0x17b
 442 024b 0E       		.uleb128 0xe
 443 024c 01       		.byte	0x1
 444 024d 2C000000 		.4byte	0x2c
 445 0251 06       		.byte	0x6
 446 0252 0504     		.2byte	0x405
 447 0254 71020000 		.4byte	0x271
 448 0258 0F       		.uleb128 0xf
 449 0259 07020000 		.4byte	.LASF39
 450 025d 00       		.byte	0
 451 025e 0F       		.uleb128 0xf
 452 025f FE030000 		.4byte	.LASF40
 453 0263 01       		.byte	0x1
 454 0264 0F       		.uleb128 0xf
 455 0265 A7030000 		.4byte	.LASF41
 456 0269 02       		.byte	0x2
 457 026a 0F       		.uleb128 0xf
 458 026b 0C000000 		.4byte	.LASF42
 459 026f 03       		.byte	0x3
 460 0270 00       		.byte	0
 461 0271 0B       		.uleb128 0xb
 462 0272 FF040000 		.4byte	.LASF43
 463 0276 06       		.byte	0x6
 464 0277 0A04     		.2byte	0x40a
 465 0279 4B020000 		.4byte	0x24b
 466 027d 10       		.uleb128 0x10
 467 027e 78       		.byte	0x78
 468 027f 06       		.byte	0x6
 469 0280 F404     		.2byte	0x4f4
 470 0282 4A030000 		.4byte	0x34a
 471 0286 0D       		.uleb128 0xd
ARM GAS  C:\Users\ADMINI~1\AppData\Local\Temp\cchZVak3.s 			page 12


 472 0287 54020000 		.4byte	.LASF44
 473 028b 06       		.byte	0x6
 474 028c F604     		.2byte	0x4f6
 475 028e 9E000000 		.4byte	0x9e
 476 0292 00       		.byte	0
 477 0293 0D       		.uleb128 0xd
 478 0294 8A000000 		.4byte	.LASF45
 479 0298 06       		.byte	0x6
 480 0299 F704     		.2byte	0x4f7
 481 029b 9E000000 		.4byte	0x9e
 482 029f 04       		.byte	0x4
 483 02a0 0D       		.uleb128 0xd
 484 02a1 59020000 		.4byte	.LASF46
 485 02a5 06       		.byte	0x6
 486 02a6 F804     		.2byte	0x4f8
 487 02a8 9E000000 		.4byte	0x9e
 488 02ac 08       		.byte	0x8
 489 02ad 0D       		.uleb128 0xd
 490 02ae 60040000 		.4byte	.LASF47
 491 02b2 06       		.byte	0x6
 492 02b3 F904     		.2byte	0x4f9
 493 02b5 9E000000 		.4byte	0x9e
 494 02b9 0C       		.byte	0xc
 495 02ba 0D       		.uleb128 0xd
 496 02bb 64010000 		.4byte	.LASF48
 497 02bf 06       		.byte	0x6
 498 02c0 FA04     		.2byte	0x4fa
 499 02c2 9E000000 		.4byte	0x9e
 500 02c6 10       		.byte	0x10
 501 02c7 0D       		.uleb128 0xd
 502 02c8 A2010000 		.4byte	.LASF49
 503 02cc 06       		.byte	0x6
 504 02cd FB04     		.2byte	0x4fb
 505 02cf 71020000 		.4byte	0x271
 506 02d3 14       		.byte	0x14
 507 02d4 0D       		.uleb128 0xd
 508 02d5 4D040000 		.4byte	.LASF50
 509 02d9 06       		.byte	0x6
 510 02da FC04     		.2byte	0x4fc
 511 02dc 9E000000 		.4byte	0x9e
 512 02e0 18       		.byte	0x18
 513 02e1 0D       		.uleb128 0xd
 514 02e2 3B020000 		.4byte	.LASF51
 515 02e6 06       		.byte	0x6
 516 02e7 FD04     		.2byte	0x4fd
 517 02e9 4A030000 		.4byte	0x34a
 518 02ed 1C       		.byte	0x1c
 519 02ee 0D       		.uleb128 0xd
 520 02ef E7040000 		.4byte	.LASF52
 521 02f3 06       		.byte	0x6
 522 02f4 FE04     		.2byte	0x4fe
 523 02f6 9E000000 		.4byte	0x9e
 524 02fa 5C       		.byte	0x5c
 525 02fb 0D       		.uleb128 0xd
 526 02fc 7E000000 		.4byte	.LASF53
 527 0300 06       		.byte	0x6
 528 0301 FF04     		.2byte	0x4ff
ARM GAS  C:\Users\ADMINI~1\AppData\Local\Temp\cchZVak3.s 			page 13


 529 0303 9E000000 		.4byte	0x9e
 530 0307 60       		.byte	0x60
 531 0308 0D       		.uleb128 0xd
 532 0309 F6020000 		.4byte	.LASF54
 533 030d 06       		.byte	0x6
 534 030e 0005     		.2byte	0x500
 535 0310 9E000000 		.4byte	0x9e
 536 0314 64       		.byte	0x64
 537 0315 0D       		.uleb128 0xd
 538 0316 94030000 		.4byte	.LASF55
 539 031a 06       		.byte	0x6
 540 031b 0105     		.2byte	0x501
 541 031d 9E000000 		.4byte	0x9e
 542 0321 68       		.byte	0x68
 543 0322 0D       		.uleb128 0xd
 544 0323 50030000 		.4byte	.LASF56
 545 0327 06       		.byte	0x6
 546 0328 0205     		.2byte	0x502
 547 032a 9E000000 		.4byte	0x9e
 548 032e 6C       		.byte	0x6c
 549 032f 0D       		.uleb128 0xd
 550 0330 2D020000 		.4byte	.LASF57
 551 0334 06       		.byte	0x6
 552 0335 0305     		.2byte	0x503
 553 0337 BC000000 		.4byte	0xbc
 554 033b 70       		.byte	0x70
 555 033c 0D       		.uleb128 0xd
 556 033d AD000000 		.4byte	.LASF58
 557 0341 06       		.byte	0x6
 558 0342 0405     		.2byte	0x504
 559 0344 9E000000 		.4byte	0x9e
 560 0348 74       		.byte	0x74
 561 0349 00       		.byte	0
 562 034a 11       		.uleb128 0x11
 563 034b 9E000000 		.4byte	0x9e
 564 034f 5A030000 		.4byte	0x35a
 565 0353 12       		.uleb128 0x12
 566 0354 7F000000 		.4byte	0x7f
 567 0358 0F       		.byte	0xf
 568 0359 00       		.byte	0
 569 035a 0B       		.uleb128 0xb
 570 035b 1F040000 		.4byte	.LASF59
 571 035f 06       		.byte	0x6
 572 0360 0505     		.2byte	0x505
 573 0362 7D020000 		.4byte	0x27d
 574 0366 13       		.uleb128 0x13
 575 0367 14       		.byte	0x14
 576 0368 07       		.byte	0x7
 577 0369 3B       		.byte	0x3b
 578 036a AB030000 		.4byte	0x3ab
 579 036e 14       		.uleb128 0x14
 580 036f 00000000 		.4byte	.LASF60
 581 0373 07       		.byte	0x7
 582 0374 3D       		.byte	0x3d
 583 0375 9E000000 		.4byte	0x9e
 584 0379 00       		.byte	0
 585 037a 14       		.uleb128 0x14
ARM GAS  C:\Users\ADMINI~1\AppData\Local\Temp\cchZVak3.s 			page 14


 586 037b 54040000 		.4byte	.LASF61
 587 037f 07       		.byte	0x7
 588 0380 3E       		.byte	0x3e
 589 0381 9E000000 		.4byte	0x9e
 590 0385 04       		.byte	0x4
 591 0386 14       		.uleb128 0x14
 592 0387 C5030000 		.4byte	.LASF62
 593 038b 07       		.byte	0x7
 594 038c 3F       		.byte	0x3f
 595 038d AB030000 		.4byte	0x3ab
 596 0391 08       		.byte	0x8
 597 0392 14       		.uleb128 0x14
 598 0393 84030000 		.4byte	.LASF63
 599 0397 07       		.byte	0x7
 600 0398 40       		.byte	0x40
 601 0399 9E000000 		.4byte	0x9e
 602 039d 0C       		.byte	0xc
 603 039e 14       		.uleb128 0x14
 604 039f BD010000 		.4byte	.LASF64
 605 03a3 07       		.byte	0x7
 606 03a4 45       		.byte	0x45
 607 03a5 9E000000 		.4byte	0x9e
 608 03a9 10       		.byte	0x10
 609 03aa 00       		.byte	0
 610 03ab 06       		.uleb128 0x6
 611 03ac 04       		.byte	0x4
 612 03ad B1030000 		.4byte	0x3b1
 613 03b1 07       		.uleb128 0x7
 614 03b2 5A030000 		.4byte	0x35a
 615 03b6 03       		.uleb128 0x3
 616 03b7 B6020000 		.4byte	.LASF65
 617 03bb 07       		.byte	0x7
 618 03bc 48       		.byte	0x48
 619 03bd 66030000 		.4byte	0x366
 620 03c1 15       		.uleb128 0x15
 621 03c2 E6010000 		.4byte	.LASF66
 622 03c6 01       		.byte	0x1
 623 03c7 4F       		.byte	0x4f
 624 03c8 68000000 		.4byte	0x68
 625 03cc 00000000 		.4byte	.LFB614
 626 03d0 24000000 		.4byte	.LFE614-.LFB614
 627 03d4 01       		.uleb128 0x1
 628 03d5 9C       		.byte	0x9c
 629 03d6 1F040000 		.4byte	0x41f
 630 03da 16       		.uleb128 0x16
 631 03db 666400   		.ascii	"fd\000"
 632 03de 01       		.byte	0x1
 633 03df 4F       		.byte	0x4f
 634 03e0 68000000 		.4byte	0x68
 635 03e4 00000000 		.4byte	.LLST0
 636 03e8 16       		.uleb128 0x16
 637 03e9 70747200 		.ascii	"ptr\000"
 638 03ed 01       		.byte	0x1
 639 03ee 4F       		.byte	0x4f
 640 03ef 93000000 		.4byte	0x93
 641 03f3 3A000000 		.4byte	.LLST1
 642 03f7 16       		.uleb128 0x16
ARM GAS  C:\Users\ADMINI~1\AppData\Local\Temp\cchZVak3.s 			page 15


 643 03f8 6C656E00 		.ascii	"len\000"
 644 03fc 01       		.byte	0x1
 645 03fd 4F       		.byte	0x4f
 646 03fe 68000000 		.4byte	0x68
 647 0402 6E000000 		.4byte	.LLST2
 648 0406 17       		.uleb128 0x17
 649 0407 83010000 		.4byte	.LASF68
 650 040b 01       		.byte	0x1
 651 040c 51       		.byte	0x51
 652 040d 68000000 		.4byte	0x68
 653 0411 B0000000 		.4byte	.LLST3
 654 0415 18       		.uleb128 0x18
 655 0416 14000000 		.4byte	.LVL3
 656 041a C5040000 		.4byte	0x4c5
 657 041e 00       		.byte	0
 658 041f 15       		.uleb128 0x15
 659 0420 B0020000 		.4byte	.LASF67
 660 0424 01       		.byte	0x1
 661 0425 85       		.byte	0x85
 662 0426 68000000 		.4byte	0x68
 663 042a 00000000 		.4byte	.LFB615
 664 042e 2A000000 		.4byte	.LFE615-.LFB615
 665 0432 01       		.uleb128 0x1
 666 0433 9C       		.byte	0x9c
 667 0434 7D040000 		.4byte	0x47d
 668 0438 16       		.uleb128 0x16
 669 0439 666400   		.ascii	"fd\000"
 670 043c 01       		.byte	0x1
 671 043d 85       		.byte	0x85
 672 043e 68000000 		.4byte	0x68
 673 0442 F1000000 		.4byte	.LLST4
 674 0446 16       		.uleb128 0x16
 675 0447 70747200 		.ascii	"ptr\000"
 676 044b 01       		.byte	0x1
 677 044c 85       		.byte	0x85
 678 044d 86000000 		.4byte	0x86
 679 0451 2B010000 		.4byte	.LLST5
 680 0455 16       		.uleb128 0x16
 681 0456 6C656E00 		.ascii	"len\000"
 682 045a 01       		.byte	0x1
 683 045b 85       		.byte	0x85
 684 045c 68000000 		.4byte	0x68
 685 0460 5F010000 		.4byte	.LLST6
 686 0464 17       		.uleb128 0x17
 687 0465 83010000 		.4byte	.LASF68
 688 0469 01       		.byte	0x1
 689 046a 87       		.byte	0x87
 690 046b 68000000 		.4byte	0x68
 691 046f A1010000 		.4byte	.LLST7
 692 0473 18       		.uleb128 0x18
 693 0474 12000000 		.4byte	.LVL15
 694 0478 D0040000 		.4byte	0x4d0
 695 047c 00       		.byte	0
 696 047d 19       		.uleb128 0x19
 697 047e 93010000 		.4byte	.LASF69
 698 0482 08       		.byte	0x8
 699 0483 87       		.byte	0x87
ARM GAS  C:\Users\ADMINI~1\AppData\Local\Temp\cchZVak3.s 			page 16


 700 0484 3F020000 		.4byte	0x23f
 701 0488 1A       		.uleb128 0x1a
 702 0489 6F020000 		.4byte	.LASF70
 703 048d 07       		.byte	0x7
 704 048e 6001     		.2byte	0x160
 705 0490 9E000000 		.4byte	0x9e
 706 0494 11       		.uleb128 0x11
 707 0495 A4040000 		.4byte	0x4a4
 708 0499 A4040000 		.4byte	0x4a4
 709 049d 12       		.uleb128 0x12
 710 049e 7F000000 		.4byte	0x7f
 711 04a2 00       		.byte	0
 712 04a3 00       		.byte	0
 713 04a4 07       		.uleb128 0x7
 714 04a5 B6030000 		.4byte	0x3b6
 715 04a9 1A       		.uleb128 0x1a
 716 04aa AC010000 		.4byte	.LASF71
 717 04ae 07       		.byte	0x7
 718 04af 6401     		.2byte	0x164
 719 04b1 B5040000 		.4byte	0x4b5
 720 04b5 07       		.uleb128 0x7
 721 04b6 94040000 		.4byte	0x494
 722 04ba 19       		.uleb128 0x19
 723 04bb F0040000 		.4byte	.LASF72
 724 04bf 09       		.byte	0x9
 725 04c0 5E       		.byte	0x5e
 726 04c1 63010000 		.4byte	0x163
 727 04c5 1B       		.uleb128 0x1b
 728 04c6 D7030000 		.4byte	.LASF73
 729 04ca D7030000 		.4byte	.LASF73
 730 04ce 0A       		.byte	0xa
 731 04cf AE       		.byte	0xae
 732 04d0 1B       		.uleb128 0x1b
 733 04d1 67000000 		.4byte	.LASF74
 734 04d5 67000000 		.4byte	.LASF74
 735 04d9 0A       		.byte	0xa
 736 04da B2       		.byte	0xb2
 737 04db 00       		.byte	0
 738              		.section	.debug_abbrev,"",%progbits
 739              	.Ldebug_abbrev0:
 740 0000 01       		.uleb128 0x1
 741 0001 11       		.uleb128 0x11
 742 0002 01       		.byte	0x1
 743 0003 25       		.uleb128 0x25
 744 0004 0E       		.uleb128 0xe
 745 0005 13       		.uleb128 0x13
 746 0006 0B       		.uleb128 0xb
 747 0007 03       		.uleb128 0x3
 748 0008 0E       		.uleb128 0xe
 749 0009 1B       		.uleb128 0x1b
 750 000a 0E       		.uleb128 0xe
 751 000b 55       		.uleb128 0x55
 752 000c 17       		.uleb128 0x17
 753 000d 11       		.uleb128 0x11
 754 000e 01       		.uleb128 0x1
 755 000f 10       		.uleb128 0x10
 756 0010 17       		.uleb128 0x17
ARM GAS  C:\Users\ADMINI~1\AppData\Local\Temp\cchZVak3.s 			page 17


 757 0011 00       		.byte	0
 758 0012 00       		.byte	0
 759 0013 02       		.uleb128 0x2
 760 0014 24       		.uleb128 0x24
 761 0015 00       		.byte	0
 762 0016 0B       		.uleb128 0xb
 763 0017 0B       		.uleb128 0xb
 764 0018 3E       		.uleb128 0x3e
 765 0019 0B       		.uleb128 0xb
 766 001a 03       		.uleb128 0x3
 767 001b 0E       		.uleb128 0xe
 768 001c 00       		.byte	0
 769 001d 00       		.byte	0
 770 001e 03       		.uleb128 0x3
 771 001f 16       		.uleb128 0x16
 772 0020 00       		.byte	0
 773 0021 03       		.uleb128 0x3
 774 0022 0E       		.uleb128 0xe
 775 0023 3A       		.uleb128 0x3a
 776 0024 0B       		.uleb128 0xb
 777 0025 3B       		.uleb128 0x3b
 778 0026 0B       		.uleb128 0xb
 779 0027 49       		.uleb128 0x49
 780 0028 13       		.uleb128 0x13
 781 0029 00       		.byte	0
 782 002a 00       		.byte	0
 783 002b 04       		.uleb128 0x4
 784 002c 24       		.uleb128 0x24
 785 002d 00       		.byte	0
 786 002e 0B       		.uleb128 0xb
 787 002f 0B       		.uleb128 0xb
 788 0030 3E       		.uleb128 0x3e
 789 0031 0B       		.uleb128 0xb
 790 0032 03       		.uleb128 0x3
 791 0033 08       		.uleb128 0x8
 792 0034 00       		.byte	0
 793 0035 00       		.byte	0
 794 0036 05       		.uleb128 0x5
 795 0037 0F       		.uleb128 0xf
 796 0038 00       		.byte	0
 797 0039 0B       		.uleb128 0xb
 798 003a 0B       		.uleb128 0xb
 799 003b 00       		.byte	0
 800 003c 00       		.byte	0
 801 003d 06       		.uleb128 0x6
 802 003e 0F       		.uleb128 0xf
 803 003f 00       		.byte	0
 804 0040 0B       		.uleb128 0xb
 805 0041 0B       		.uleb128 0xb
 806 0042 49       		.uleb128 0x49
 807 0043 13       		.uleb128 0x13
 808 0044 00       		.byte	0
 809 0045 00       		.byte	0
 810 0046 07       		.uleb128 0x7
 811 0047 26       		.uleb128 0x26
 812 0048 00       		.byte	0
 813 0049 49       		.uleb128 0x49
ARM GAS  C:\Users\ADMINI~1\AppData\Local\Temp\cchZVak3.s 			page 18


 814 004a 13       		.uleb128 0x13
 815 004b 00       		.byte	0
 816 004c 00       		.byte	0
 817 004d 08       		.uleb128 0x8
 818 004e 35       		.uleb128 0x35
 819 004f 00       		.byte	0
 820 0050 49       		.uleb128 0x49
 821 0051 13       		.uleb128 0x13
 822 0052 00       		.byte	0
 823 0053 00       		.byte	0
 824 0054 09       		.uleb128 0x9
 825 0055 15       		.uleb128 0x15
 826 0056 01       		.byte	0x1
 827 0057 27       		.uleb128 0x27
 828 0058 19       		.uleb128 0x19
 829 0059 01       		.uleb128 0x1
 830 005a 13       		.uleb128 0x13
 831 005b 00       		.byte	0
 832 005c 00       		.byte	0
 833 005d 0A       		.uleb128 0xa
 834 005e 05       		.uleb128 0x5
 835 005f 00       		.byte	0
 836 0060 49       		.uleb128 0x49
 837 0061 13       		.uleb128 0x13
 838 0062 00       		.byte	0
 839 0063 00       		.byte	0
 840 0064 0B       		.uleb128 0xb
 841 0065 16       		.uleb128 0x16
 842 0066 00       		.byte	0
 843 0067 03       		.uleb128 0x3
 844 0068 0E       		.uleb128 0xe
 845 0069 3A       		.uleb128 0x3a
 846 006a 0B       		.uleb128 0xb
 847 006b 3B       		.uleb128 0x3b
 848 006c 05       		.uleb128 0x5
 849 006d 49       		.uleb128 0x49
 850 006e 13       		.uleb128 0x13
 851 006f 00       		.byte	0
 852 0070 00       		.byte	0
 853 0071 0C       		.uleb128 0xc
 854 0072 13       		.uleb128 0x13
 855 0073 01       		.byte	0x1
 856 0074 03       		.uleb128 0x3
 857 0075 0E       		.uleb128 0xe
 858 0076 0B       		.uleb128 0xb
 859 0077 0B       		.uleb128 0xb
 860 0078 3A       		.uleb128 0x3a
 861 0079 0B       		.uleb128 0xb
 862 007a 3B       		.uleb128 0x3b
 863 007b 05       		.uleb128 0x5
 864 007c 01       		.uleb128 0x1
 865 007d 13       		.uleb128 0x13
 866 007e 00       		.byte	0
 867 007f 00       		.byte	0
 868 0080 0D       		.uleb128 0xd
 869 0081 0D       		.uleb128 0xd
 870 0082 00       		.byte	0
ARM GAS  C:\Users\ADMINI~1\AppData\Local\Temp\cchZVak3.s 			page 19


 871 0083 03       		.uleb128 0x3
 872 0084 0E       		.uleb128 0xe
 873 0085 3A       		.uleb128 0x3a
 874 0086 0B       		.uleb128 0xb
 875 0087 3B       		.uleb128 0x3b
 876 0088 05       		.uleb128 0x5
 877 0089 49       		.uleb128 0x49
 878 008a 13       		.uleb128 0x13
 879 008b 38       		.uleb128 0x38
 880 008c 0B       		.uleb128 0xb
 881 008d 00       		.byte	0
 882 008e 00       		.byte	0
 883 008f 0E       		.uleb128 0xe
 884 0090 04       		.uleb128 0x4
 885 0091 01       		.byte	0x1
 886 0092 0B       		.uleb128 0xb
 887 0093 0B       		.uleb128 0xb
 888 0094 49       		.uleb128 0x49
 889 0095 13       		.uleb128 0x13
 890 0096 3A       		.uleb128 0x3a
 891 0097 0B       		.uleb128 0xb
 892 0098 3B       		.uleb128 0x3b
 893 0099 05       		.uleb128 0x5
 894 009a 01       		.uleb128 0x1
 895 009b 13       		.uleb128 0x13
 896 009c 00       		.byte	0
 897 009d 00       		.byte	0
 898 009e 0F       		.uleb128 0xf
 899 009f 28       		.uleb128 0x28
 900 00a0 00       		.byte	0
 901 00a1 03       		.uleb128 0x3
 902 00a2 0E       		.uleb128 0xe
 903 00a3 1C       		.uleb128 0x1c
 904 00a4 0B       		.uleb128 0xb
 905 00a5 00       		.byte	0
 906 00a6 00       		.byte	0
 907 00a7 10       		.uleb128 0x10
 908 00a8 13       		.uleb128 0x13
 909 00a9 01       		.byte	0x1
 910 00aa 0B       		.uleb128 0xb
 911 00ab 0B       		.uleb128 0xb
 912 00ac 3A       		.uleb128 0x3a
 913 00ad 0B       		.uleb128 0xb
 914 00ae 3B       		.uleb128 0x3b
 915 00af 05       		.uleb128 0x5
 916 00b0 01       		.uleb128 0x1
 917 00b1 13       		.uleb128 0x13
 918 00b2 00       		.byte	0
 919 00b3 00       		.byte	0
 920 00b4 11       		.uleb128 0x11
 921 00b5 01       		.uleb128 0x1
 922 00b6 01       		.byte	0x1
 923 00b7 49       		.uleb128 0x49
 924 00b8 13       		.uleb128 0x13
 925 00b9 01       		.uleb128 0x1
 926 00ba 13       		.uleb128 0x13
 927 00bb 00       		.byte	0
ARM GAS  C:\Users\ADMINI~1\AppData\Local\Temp\cchZVak3.s 			page 20


 928 00bc 00       		.byte	0
 929 00bd 12       		.uleb128 0x12
 930 00be 21       		.uleb128 0x21
 931 00bf 00       		.byte	0
 932 00c0 49       		.uleb128 0x49
 933 00c1 13       		.uleb128 0x13
 934 00c2 2F       		.uleb128 0x2f
 935 00c3 0B       		.uleb128 0xb
 936 00c4 00       		.byte	0
 937 00c5 00       		.byte	0
 938 00c6 13       		.uleb128 0x13
 939 00c7 13       		.uleb128 0x13
 940 00c8 01       		.byte	0x1
 941 00c9 0B       		.uleb128 0xb
 942 00ca 0B       		.uleb128 0xb
 943 00cb 3A       		.uleb128 0x3a
 944 00cc 0B       		.uleb128 0xb
 945 00cd 3B       		.uleb128 0x3b
 946 00ce 0B       		.uleb128 0xb
 947 00cf 01       		.uleb128 0x1
 948 00d0 13       		.uleb128 0x13
 949 00d1 00       		.byte	0
 950 00d2 00       		.byte	0
 951 00d3 14       		.uleb128 0x14
 952 00d4 0D       		.uleb128 0xd
 953 00d5 00       		.byte	0
 954 00d6 03       		.uleb128 0x3
 955 00d7 0E       		.uleb128 0xe
 956 00d8 3A       		.uleb128 0x3a
 957 00d9 0B       		.uleb128 0xb
 958 00da 3B       		.uleb128 0x3b
 959 00db 0B       		.uleb128 0xb
 960 00dc 49       		.uleb128 0x49
 961 00dd 13       		.uleb128 0x13
 962 00de 38       		.uleb128 0x38
 963 00df 0B       		.uleb128 0xb
 964 00e0 00       		.byte	0
 965 00e1 00       		.byte	0
 966 00e2 15       		.uleb128 0x15
 967 00e3 2E       		.uleb128 0x2e
 968 00e4 01       		.byte	0x1
 969 00e5 3F       		.uleb128 0x3f
 970 00e6 19       		.uleb128 0x19
 971 00e7 03       		.uleb128 0x3
 972 00e8 0E       		.uleb128 0xe
 973 00e9 3A       		.uleb128 0x3a
 974 00ea 0B       		.uleb128 0xb
 975 00eb 3B       		.uleb128 0x3b
 976 00ec 0B       		.uleb128 0xb
 977 00ed 27       		.uleb128 0x27
 978 00ee 19       		.uleb128 0x19
 979 00ef 49       		.uleb128 0x49
 980 00f0 13       		.uleb128 0x13
 981 00f1 11       		.uleb128 0x11
 982 00f2 01       		.uleb128 0x1
 983 00f3 12       		.uleb128 0x12
 984 00f4 06       		.uleb128 0x6
ARM GAS  C:\Users\ADMINI~1\AppData\Local\Temp\cchZVak3.s 			page 21


 985 00f5 40       		.uleb128 0x40
 986 00f6 18       		.uleb128 0x18
 987 00f7 9742     		.uleb128 0x2117
 988 00f9 19       		.uleb128 0x19
 989 00fa 01       		.uleb128 0x1
 990 00fb 13       		.uleb128 0x13
 991 00fc 00       		.byte	0
 992 00fd 00       		.byte	0
 993 00fe 16       		.uleb128 0x16
 994 00ff 05       		.uleb128 0x5
 995 0100 00       		.byte	0
 996 0101 03       		.uleb128 0x3
 997 0102 08       		.uleb128 0x8
 998 0103 3A       		.uleb128 0x3a
 999 0104 0B       		.uleb128 0xb
 1000 0105 3B       		.uleb128 0x3b
 1001 0106 0B       		.uleb128 0xb
 1002 0107 49       		.uleb128 0x49
 1003 0108 13       		.uleb128 0x13
 1004 0109 02       		.uleb128 0x2
 1005 010a 17       		.uleb128 0x17
 1006 010b 00       		.byte	0
 1007 010c 00       		.byte	0
 1008 010d 17       		.uleb128 0x17
 1009 010e 34       		.uleb128 0x34
 1010 010f 00       		.byte	0
 1011 0110 03       		.uleb128 0x3
 1012 0111 0E       		.uleb128 0xe
 1013 0112 3A       		.uleb128 0x3a
 1014 0113 0B       		.uleb128 0xb
 1015 0114 3B       		.uleb128 0x3b
 1016 0115 0B       		.uleb128 0xb
 1017 0116 49       		.uleb128 0x49
 1018 0117 13       		.uleb128 0x13
 1019 0118 02       		.uleb128 0x2
 1020 0119 17       		.uleb128 0x17
 1021 011a 00       		.byte	0
 1022 011b 00       		.byte	0
 1023 011c 18       		.uleb128 0x18
 1024 011d 898201   		.uleb128 0x4109
 1025 0120 00       		.byte	0
 1026 0121 11       		.uleb128 0x11
 1027 0122 01       		.uleb128 0x1
 1028 0123 31       		.uleb128 0x31
 1029 0124 13       		.uleb128 0x13
 1030 0125 00       		.byte	0
 1031 0126 00       		.byte	0
 1032 0127 19       		.uleb128 0x19
 1033 0128 34       		.uleb128 0x34
 1034 0129 00       		.byte	0
 1035 012a 03       		.uleb128 0x3
 1036 012b 0E       		.uleb128 0xe
 1037 012c 3A       		.uleb128 0x3a
 1038 012d 0B       		.uleb128 0xb
 1039 012e 3B       		.uleb128 0x3b
 1040 012f 0B       		.uleb128 0xb
 1041 0130 49       		.uleb128 0x49
ARM GAS  C:\Users\ADMINI~1\AppData\Local\Temp\cchZVak3.s 			page 22


 1042 0131 13       		.uleb128 0x13
 1043 0132 3F       		.uleb128 0x3f
 1044 0133 19       		.uleb128 0x19
 1045 0134 3C       		.uleb128 0x3c
 1046 0135 19       		.uleb128 0x19
 1047 0136 00       		.byte	0
 1048 0137 00       		.byte	0
 1049 0138 1A       		.uleb128 0x1a
 1050 0139 34       		.uleb128 0x34
 1051 013a 00       		.byte	0
 1052 013b 03       		.uleb128 0x3
 1053 013c 0E       		.uleb128 0xe
 1054 013d 3A       		.uleb128 0x3a
 1055 013e 0B       		.uleb128 0xb
 1056 013f 3B       		.uleb128 0x3b
 1057 0140 05       		.uleb128 0x5
 1058 0141 49       		.uleb128 0x49
 1059 0142 13       		.uleb128 0x13
 1060 0143 3F       		.uleb128 0x3f
 1061 0144 19       		.uleb128 0x19
 1062 0145 3C       		.uleb128 0x3c
 1063 0146 19       		.uleb128 0x19
 1064 0147 00       		.byte	0
 1065 0148 00       		.byte	0
 1066 0149 1B       		.uleb128 0x1b
 1067 014a 2E       		.uleb128 0x2e
 1068 014b 00       		.byte	0
 1069 014c 3F       		.uleb128 0x3f
 1070 014d 19       		.uleb128 0x19
 1071 014e 3C       		.uleb128 0x3c
 1072 014f 19       		.uleb128 0x19
 1073 0150 6E       		.uleb128 0x6e
 1074 0151 0E       		.uleb128 0xe
 1075 0152 03       		.uleb128 0x3
 1076 0153 0E       		.uleb128 0xe
 1077 0154 3A       		.uleb128 0x3a
 1078 0155 0B       		.uleb128 0xb
 1079 0156 3B       		.uleb128 0x3b
 1080 0157 0B       		.uleb128 0xb
 1081 0158 00       		.byte	0
 1082 0159 00       		.byte	0
 1083 015a 00       		.byte	0
 1084              		.section	.debug_loc,"",%progbits
 1085              	.Ldebug_loc0:
 1086              	.LLST0:
 1087 0000 00000000 		.4byte	.LVL0
 1088 0004 0E000000 		.4byte	.LVL2
 1089 0008 0100     		.2byte	0x1
 1090 000a 50       		.byte	0x50
 1091 000b 0E000000 		.4byte	.LVL2
 1092 000f 1A000000 		.4byte	.LVL6
 1093 0013 0400     		.2byte	0x4
 1094 0015 F3       		.byte	0xf3
 1095 0016 01       		.uleb128 0x1
 1096 0017 50       		.byte	0x50
 1097 0018 9F       		.byte	0x9f
 1098 0019 1A000000 		.4byte	.LVL6
ARM GAS  C:\Users\ADMINI~1\AppData\Local\Temp\cchZVak3.s 			page 23


 1099 001d 1C000000 		.4byte	.LVL7
 1100 0021 0100     		.2byte	0x1
 1101 0023 50       		.byte	0x50
 1102 0024 1C000000 		.4byte	.LVL7
 1103 0028 24000000 		.4byte	.LFE614
 1104 002c 0400     		.2byte	0x4
 1105 002e F3       		.byte	0xf3
 1106 002f 01       		.uleb128 0x1
 1107 0030 50       		.byte	0x50
 1108 0031 9F       		.byte	0x9f
 1109 0032 00000000 		.4byte	0
 1110 0036 00000000 		.4byte	0
 1111              	.LLST1:
 1112 003a 00000000 		.4byte	.LVL0
 1113 003e 0E000000 		.4byte	.LVL2
 1114 0042 0100     		.2byte	0x1
 1115 0044 51       		.byte	0x51
 1116 0045 0E000000 		.4byte	.LVL2
 1117 0049 1A000000 		.4byte	.LVL6
 1118 004d 0100     		.2byte	0x1
 1119 004f 55       		.byte	0x55
 1120 0050 1A000000 		.4byte	.LVL6
 1121 0054 1C000000 		.4byte	.LVL7
 1122 0058 0100     		.2byte	0x1
 1123 005a 51       		.byte	0x51
 1124 005b 1C000000 		.4byte	.LVL7
 1125 005f 22000000 		.4byte	.LVL10
 1126 0063 0100     		.2byte	0x1
 1127 0065 55       		.byte	0x55
 1128 0066 00000000 		.4byte	0
 1129 006a 00000000 		.4byte	0
 1130              	.LLST2:
 1131 006e 00000000 		.4byte	.LVL0
 1132 0072 0E000000 		.4byte	.LVL2
 1133 0076 0100     		.2byte	0x1
 1134 0078 52       		.byte	0x52
 1135 0079 0E000000 		.4byte	.LVL2
 1136 007d 1A000000 		.4byte	.LVL6
 1137 0081 0100     		.2byte	0x1
 1138 0083 56       		.byte	0x56
 1139 0084 1A000000 		.4byte	.LVL6
 1140 0088 1C000000 		.4byte	.LVL7
 1141 008c 0100     		.2byte	0x1
 1142 008e 52       		.byte	0x52
 1143 008f 1C000000 		.4byte	.LVL7
 1144 0093 22000000 		.4byte	.LVL11
 1145 0097 0100     		.2byte	0x1
 1146 0099 56       		.byte	0x56
 1147 009a 22000000 		.4byte	.LVL11
 1148 009e 24000000 		.4byte	.LFE614
 1149 00a2 0400     		.2byte	0x4
 1150 00a4 F3       		.byte	0xf3
 1151 00a5 01       		.uleb128 0x1
 1152 00a6 52       		.byte	0x52
 1153 00a7 9F       		.byte	0x9f
 1154 00a8 00000000 		.4byte	0
 1155 00ac 00000000 		.4byte	0
ARM GAS  C:\Users\ADMINI~1\AppData\Local\Temp\cchZVak3.s 			page 24


 1156              	.LLST3:
 1157 00b0 06000000 		.4byte	.LVL1
 1158 00b4 0E000000 		.4byte	.LVL2
 1159 00b8 0200     		.2byte	0x2
 1160 00ba 30       		.byte	0x30
 1161 00bb 9F       		.byte	0x9f
 1162 00bc 0E000000 		.4byte	.LVL2
 1163 00c0 1A000000 		.4byte	.LVL6
 1164 00c4 0100     		.2byte	0x1
 1165 00c6 54       		.byte	0x54
 1166 00c7 1A000000 		.4byte	.LVL6
 1167 00cb 1C000000 		.4byte	.LVL7
 1168 00cf 0200     		.2byte	0x2
 1169 00d1 30       		.byte	0x30
 1170 00d2 9F       		.byte	0x9f
 1171 00d3 1C000000 		.4byte	.LVL7
 1172 00d7 22000000 		.4byte	.LVL9
 1173 00db 0100     		.2byte	0x1
 1174 00dd 54       		.byte	0x54
 1175 00de 22000000 		.4byte	.LVL9
 1176 00e2 24000000 		.4byte	.LFE614
 1177 00e6 0100     		.2byte	0x1
 1178 00e8 50       		.byte	0x50
 1179 00e9 00000000 		.4byte	0
 1180 00ed 00000000 		.4byte	0
 1181              	.LLST4:
 1182 00f1 00000000 		.4byte	.LVL12
 1183 00f5 0E000000 		.4byte	.LVL14
 1184 00f9 0100     		.2byte	0x1
 1185 00fb 50       		.byte	0x50
 1186 00fc 0E000000 		.4byte	.LVL14
 1187 0100 20000000 		.4byte	.LVL18
 1188 0104 0400     		.2byte	0x4
 1189 0106 F3       		.byte	0xf3
 1190 0107 01       		.uleb128 0x1
 1191 0108 50       		.byte	0x50
 1192 0109 9F       		.byte	0x9f
 1193 010a 20000000 		.4byte	.LVL18
 1194 010e 22000000 		.4byte	.LVL19
 1195 0112 0100     		.2byte	0x1
 1196 0114 50       		.byte	0x50
 1197 0115 22000000 		.4byte	.LVL19
 1198 0119 2A000000 		.4byte	.LFE615
 1199 011d 0400     		.2byte	0x4
 1200 011f F3       		.byte	0xf3
 1201 0120 01       		.uleb128 0x1
 1202 0121 50       		.byte	0x50
 1203 0122 9F       		.byte	0x9f
 1204 0123 00000000 		.4byte	0
 1205 0127 00000000 		.4byte	0
 1206              	.LLST5:
 1207 012b 00000000 		.4byte	.LVL12
 1208 012f 0E000000 		.4byte	.LVL14
 1209 0133 0100     		.2byte	0x1
 1210 0135 51       		.byte	0x51
 1211 0136 0E000000 		.4byte	.LVL14
 1212 013a 20000000 		.4byte	.LVL18
ARM GAS  C:\Users\ADMINI~1\AppData\Local\Temp\cchZVak3.s 			page 25


 1213 013e 0100     		.2byte	0x1
 1214 0140 55       		.byte	0x55
 1215 0141 20000000 		.4byte	.LVL18
 1216 0145 22000000 		.4byte	.LVL19
 1217 0149 0100     		.2byte	0x1
 1218 014b 51       		.byte	0x51
 1219 014c 22000000 		.4byte	.LVL19
 1220 0150 28000000 		.4byte	.LVL22
 1221 0154 0100     		.2byte	0x1
 1222 0156 55       		.byte	0x55
 1223 0157 00000000 		.4byte	0
 1224 015b 00000000 		.4byte	0
 1225              	.LLST6:
 1226 015f 00000000 		.4byte	.LVL12
 1227 0163 0E000000 		.4byte	.LVL14
 1228 0167 0100     		.2byte	0x1
 1229 0169 52       		.byte	0x52
 1230 016a 0E000000 		.4byte	.LVL14
 1231 016e 20000000 		.4byte	.LVL18
 1232 0172 0100     		.2byte	0x1
 1233 0174 56       		.byte	0x56
 1234 0175 20000000 		.4byte	.LVL18
 1235 0179 22000000 		.4byte	.LVL19
 1236 017d 0100     		.2byte	0x1
 1237 017f 52       		.byte	0x52
 1238 0180 22000000 		.4byte	.LVL19
 1239 0184 28000000 		.4byte	.LVL23
 1240 0188 0100     		.2byte	0x1
 1241 018a 56       		.byte	0x56
 1242 018b 28000000 		.4byte	.LVL23
 1243 018f 2A000000 		.4byte	.LFE615
 1244 0193 0400     		.2byte	0x4
 1245 0195 F3       		.byte	0xf3
 1246 0196 01       		.uleb128 0x1
 1247 0197 52       		.byte	0x52
 1248 0198 9F       		.byte	0x9f
 1249 0199 00000000 		.4byte	0
 1250 019d 00000000 		.4byte	0
 1251              	.LLST7:
 1252 01a1 06000000 		.4byte	.LVL13
 1253 01a5 0E000000 		.4byte	.LVL14
 1254 01a9 0200     		.2byte	0x2
 1255 01ab 30       		.byte	0x30
 1256 01ac 9F       		.byte	0x9f
 1257 01ad 0E000000 		.4byte	.LVL14
 1258 01b1 20000000 		.4byte	.LVL18
 1259 01b5 0100     		.2byte	0x1
 1260 01b7 54       		.byte	0x54
 1261 01b8 20000000 		.4byte	.LVL18
 1262 01bc 22000000 		.4byte	.LVL19
 1263 01c0 0200     		.2byte	0x2
 1264 01c2 30       		.byte	0x30
 1265 01c3 9F       		.byte	0x9f
 1266 01c4 22000000 		.4byte	.LVL19
 1267 01c8 28000000 		.4byte	.LVL21
 1268 01cc 0100     		.2byte	0x1
 1269 01ce 54       		.byte	0x54
ARM GAS  C:\Users\ADMINI~1\AppData\Local\Temp\cchZVak3.s 			page 26


 1270 01cf 28000000 		.4byte	.LVL21
 1271 01d3 2A000000 		.4byte	.LFE615
 1272 01d7 0100     		.2byte	0x1
 1273 01d9 50       		.byte	0x50
 1274 01da 00000000 		.4byte	0
 1275 01de 00000000 		.4byte	0
 1276              		.section	.debug_aranges,"",%progbits
 1277 0000 24000000 		.4byte	0x24
 1278 0004 0200     		.2byte	0x2
 1279 0006 00000000 		.4byte	.Ldebug_info0
 1280 000a 04       		.byte	0x4
 1281 000b 00       		.byte	0
 1282 000c 0000     		.2byte	0
 1283 000e 0000     		.2byte	0
 1284 0010 00000000 		.4byte	.LFB614
 1285 0014 24000000 		.4byte	.LFE614-.LFB614
 1286 0018 00000000 		.4byte	.LFB615
 1287 001c 2A000000 		.4byte	.LFE615-.LFB615
 1288 0020 00000000 		.4byte	0
 1289 0024 00000000 		.4byte	0
 1290              		.section	.debug_ranges,"",%progbits
 1291              	.Ldebug_ranges0:
 1292 0000 00000000 		.4byte	.LFB614
 1293 0004 24000000 		.4byte	.LFE614
 1294 0008 00000000 		.4byte	.LFB615
 1295 000c 2A000000 		.4byte	.LFE615
 1296 0010 00000000 		.4byte	0
 1297 0014 00000000 		.4byte	0
 1298              		.section	.debug_line,"",%progbits
 1299              	.Ldebug_line0:
 1300 0000 81020000 		.section	.debug_str,"MS",%progbits,1
 1300      02002C02 
 1300      00000201 
 1300      FB0E0D00 
 1300      01010101 
 1301              	.LASF60:
 1302 0000 6368616E 		.ascii	"channelBase\000"
 1302      6E656C42 
 1302      61736500 
 1303              	.LASF42:
 1304 000c 43595F53 		.ascii	"CY_SAR_RANGE_COND_OUTSIDE\000"
 1304      41525F52 
 1304      414E4745 
 1304      5F434F4E 
 1304      445F4F55 
 1305              	.LASF36:
 1306 0026 72785269 		.ascii	"rxRingBufTail\000"
 1306      6E674275 
 1306      66546169 
 1306      6C00
 1307              	.LASF20:
 1308 0034 72784275 		.ascii	"rxBufSize\000"
 1308      6653697A 
 1308      6500
 1309              	.LASF28:
 1310 003e 63795F63 		.ascii	"cy_cb_scb_uart_handle_events_t\000"
 1310      625F7363 
ARM GAS  C:\Users\ADMINI~1\AppData\Local\Temp\cchZVak3.s 			page 27


 1310      625F7561 
 1310      72745F68 
 1310      616E646C 
 1311              	.LASF2:
 1312 005d 73686F72 		.ascii	"short int\000"
 1312      7420696E 
 1312      7400
 1313              	.LASF74:
 1314 0067 53544449 		.ascii	"STDIO_GetChar\000"
 1314      4F5F4765 
 1314      74436861 
 1314      7200
 1315              	.LASF10:
 1316 0075 73697A65 		.ascii	"sizetype\000"
 1316      74797065 
 1316      00
 1317              	.LASF53:
 1318 007e 73617449 		.ascii	"satIntrMask\000"
 1318      6E74724D 
 1318      61736B00 
 1319              	.LASF45:
 1320 008a 73616D70 		.ascii	"sampleCtrl\000"
 1320      6C654374 
 1320      726C00
 1321              	.LASF30:
 1322 0095 63795F73 		.ascii	"cy_stc_scb_uart_context\000"
 1322      74635F73 
 1322      63625F75 
 1322      6172745F 
 1322      636F6E74 
 1323              	.LASF58:
 1324 00ad 76726566 		.ascii	"vrefMvValue\000"
 1324      4D765661 
 1324      6C756500 
 1325              	.LASF75:
 1326 00b9 474E5520 		.ascii	"GNU C11 5.4.1 20160609 (release) [ARM/embedded-5-br"
 1326      43313120 
 1326      352E342E 
 1326      31203230 
 1326      31363036 
 1327 00ec 616E6368 		.ascii	"anch revision 237715] -mcpu=cortex-m0plus -mthumb -"
 1327      20726576 
 1327      6973696F 
 1327      6E203233 
 1327      37373135 
 1328 011f 67202D4F 		.ascii	"g -Og -ffunction-sections -ffat-lto-objects\000"
 1328      67202D66 
 1328      66756E63 
 1328      74696F6E 
 1328      2D736563 
 1329              	.LASF27:
 1330 014b 63795F73 		.ascii	"cy_stc_scb_spi_context_t\000"
 1330      74635F73 
 1330      63625F73 
 1330      70695F63 
 1330      6F6E7465 
 1331              	.LASF48:
ARM GAS  C:\Users\ADMINI~1\AppData\Local\Temp\cchZVak3.s 			page 28


 1332 0164 72616E67 		.ascii	"rangeThres\000"
 1332      65546872 
 1332      657300
 1333              	.LASF12:
 1334 016f 5F5F7569 		.ascii	"__uint32_t\000"
 1334      6E743332 
 1334      5F7400
 1335              	.LASF31:
 1336 017a 74785374 		.ascii	"txStatus\000"
 1336      61747573 
 1336      00
 1337              	.LASF68:
 1338 0183 6E436861 		.ascii	"nChars\000"
 1338      727300
 1339              	.LASF21:
 1340 018a 72784275 		.ascii	"rxBufIdx\000"
 1340      66496478 
 1340      00
 1341              	.LASF69:
 1342 0193 55415254 		.ascii	"UART_1_context\000"
 1342      5F315F63 
 1342      6F6E7465 
 1342      787400
 1343              	.LASF49:
 1344 01a2 72616E67 		.ascii	"rangeCond\000"
 1344      65436F6E 
 1344      6400
 1345              	.LASF71:
 1346 01ac 4144435F 		.ascii	"ADC_1_allConfigs\000"
 1346      315F616C 
 1346      6C436F6E 
 1346      66696773 
 1346      00
 1347              	.LASF64:
 1348 01bd 636C6B44 		.ascii	"clkDivider\000"
 1348      69766964 
 1348      657200
 1349              	.LASF17:
 1350 01c8 63795F63 		.ascii	"cy_cb_scb_spi_handle_events_t\000"
 1350      625F7363 
 1350      625F7370 
 1350      695F6861 
 1350      6E646C65 
 1351              	.LASF66:
 1352 01e6 5F777269 		.ascii	"_write\000"
 1352      746500
 1353              	.LASF35:
 1354 01ed 72785269 		.ascii	"rxRingBufHead\000"
 1354      6E674275 
 1354      66486561 
 1354      6400
 1355              	.LASF14:
 1356 01fb 666C6F61 		.ascii	"float\000"
 1356      7400
 1357              	.LASF22:
 1358 0201 74784275 		.ascii	"txBuf\000"
 1358      6600
ARM GAS  C:\Users\ADMINI~1\AppData\Local\Temp\cchZVak3.s 			page 29


 1359              	.LASF39:
 1360 0207 43595F53 		.ascii	"CY_SAR_RANGE_COND_BELOW\000"
 1360      41525F52 
 1360      414E4745 
 1360      5F434F4E 
 1360      445F4245 
 1361              	.LASF6:
 1362 021f 6C6F6E67 		.ascii	"long long int\000"
 1362      206C6F6E 
 1362      6720696E 
 1362      7400
 1363              	.LASF57:
 1364 022d 636F6E66 		.ascii	"configRouting\000"
 1364      6967526F 
 1364      7574696E 
 1364      6700
 1365              	.LASF51:
 1366 023b 6368616E 		.ascii	"chanConfig\000"
 1366      436F6E66 
 1366      696700
 1367              	.LASF34:
 1368 0246 72785269 		.ascii	"rxRingBufSize\000"
 1368      6E674275 
 1368      6653697A 
 1368      6500
 1369              	.LASF44:
 1370 0254 6374726C 		.ascii	"ctrl\000"
 1370      00
 1371              	.LASF46:
 1372 0259 73616D70 		.ascii	"sampleTime01\000"
 1372      6C655469 
 1372      6D653031 
 1372      00
 1373              	.LASF24:
 1374 0266 74784275 		.ascii	"txBufIdx\000"
 1374      66496478 
 1374      00
 1375              	.LASF70:
 1376 026f 4144435F 		.ascii	"ADC_1_currentConfig\000"
 1376      315F6375 
 1376      7272656E 
 1376      74436F6E 
 1376      66696700 
 1377              	.LASF9:
 1378 0283 6C6F6E67 		.ascii	"long double\000"
 1378      20646F75 
 1378      626C6500 
 1379              	.LASF32:
 1380 028f 72785374 		.ascii	"rxStatus\000"
 1380      61747573 
 1380      00
 1381              	.LASF1:
 1382 0298 756E7369 		.ascii	"unsigned char\000"
 1382      676E6564 
 1382      20636861 
 1382      7200
 1383              	.LASF33:
ARM GAS  C:\Users\ADMINI~1\AppData\Local\Temp\cchZVak3.s 			page 30


 1384 02a6 72785269 		.ascii	"rxRingBuf\000"
 1384      6E674275 
 1384      6600
 1385              	.LASF67:
 1386 02b0 5F726561 		.ascii	"_read\000"
 1386      6400
 1387              	.LASF65:
 1388 02b6 4144435F 		.ascii	"ADC_1_CONFIG_STRUCT\000"
 1388      315F434F 
 1388      4E464947 
 1388      5F535452 
 1388      55435400 
 1389              	.LASF0:
 1390 02ca 7369676E 		.ascii	"signed char\000"
 1390      65642063 
 1390      68617200 
 1391              	.LASF7:
 1392 02d6 6C6F6E67 		.ascii	"long long unsigned int\000"
 1392      206C6F6E 
 1392      6720756E 
 1392      7369676E 
 1392      65642069 
 1393              	.LASF13:
 1394 02ed 75696E74 		.ascii	"uint32_t\000"
 1394      33325F74 
 1394      00
 1395              	.LASF54:
 1396 02f6 72616E67 		.ascii	"rangeIntrMask\000"
 1396      65496E74 
 1396      724D6173 
 1396      6B00
 1397              	.LASF77:
 1398 0304 4D3A5C47 		.ascii	"M:\\Githubrepo\\Intern_hiwi\\FinalProject\\FinalPro"
 1398      69746875 
 1398      62726570 
 1398      6F5C496E 
 1398      7465726E 
 1399 0333 6A656374 		.ascii	"ject\\Mux_ADC07_probe01.cydsn\000"
 1399      5C4D7578 
 1399      5F414443 
 1399      30375F70 
 1399      726F6265 
 1400              	.LASF56:
 1401 0350 6D757853 		.ascii	"muxSwitchSqCtrl\000"
 1401      77697463 
 1401      68537143 
 1401      74726C00 
 1402              	.LASF23:
 1403 0360 74784275 		.ascii	"txBufSize\000"
 1403      6653697A 
 1403      6500
 1404              	.LASF3:
 1405 036a 73686F72 		.ascii	"short unsigned int\000"
 1405      7420756E 
 1405      7369676E 
 1405      65642069 
 1405      6E7400
ARM GAS  C:\Users\ADMINI~1\AppData\Local\Temp\cchZVak3.s 			page 31


 1406              	.LASF18:
 1407 037d 73746174 		.ascii	"status\000"
 1407      757300
 1408              	.LASF63:
 1409 0384 6D697363 		.ascii	"miscConfig\000"
 1409      436F6E66 
 1409      696700
 1410              	.LASF11:
 1411 038f 63686172 		.ascii	"char\000"
 1411      00
 1412              	.LASF55:
 1413 0394 6D757853 		.ascii	"muxSwitch\000"
 1413      77697463 
 1413      6800
 1414              	.LASF25:
 1415 039e 63624576 		.ascii	"cbEvents\000"
 1415      656E7473 
 1415      00
 1416              	.LASF41:
 1417 03a7 43595F53 		.ascii	"CY_SAR_RANGE_COND_ABOVE\000"
 1417      41525F52 
 1417      414E4745 
 1417      5F434F4E 
 1417      445F4142 
 1418              	.LASF16:
 1419 03bf 5F426F6F 		.ascii	"_Bool\000"
 1419      6C00
 1420              	.LASF62:
 1421 03c5 6877436F 		.ascii	"hwConfigStc\000"
 1421      6E666967 
 1421      53746300 
 1422              	.LASF19:
 1423 03d1 72784275 		.ascii	"rxBuf\000"
 1423      6600
 1424              	.LASF73:
 1425 03d7 53544449 		.ascii	"STDIO_PutChar\000"
 1425      4F5F5075 
 1425      74436861 
 1425      7200
 1426              	.LASF5:
 1427 03e5 6C6F6E67 		.ascii	"long unsigned int\000"
 1427      20756E73 
 1427      69676E65 
 1427      6420696E 
 1427      7400
 1428              	.LASF15:
 1429 03f7 646F7562 		.ascii	"double\000"
 1429      6C6500
 1430              	.LASF40:
 1431 03fe 43595F53 		.ascii	"CY_SAR_RANGE_COND_INSIDE\000"
 1431      41525F52 
 1431      414E4745 
 1431      5F434F4E 
 1431      445F494E 
 1432              	.LASF26:
 1433 0417 696E6974 		.ascii	"initKey\000"
 1433      4B657900 
ARM GAS  C:\Users\ADMINI~1\AppData\Local\Temp\cchZVak3.s 			page 32


 1434              	.LASF59:
 1435 041f 63795F73 		.ascii	"cy_stc_sar_config_t\000"
 1435      74635F73 
 1435      61725F63 
 1435      6F6E6669 
 1435      675F7400 
 1436              	.LASF38:
 1437 0433 63795F73 		.ascii	"cy_stc_scb_uart_context_t\000"
 1437      74635F73 
 1437      63625F75 
 1437      6172745F 
 1437      636F6E74 
 1438              	.LASF50:
 1439 044d 6368616E 		.ascii	"chanEn\000"
 1439      456E00
 1440              	.LASF61:
 1441 0454 6E756D43 		.ascii	"numChannels\000"
 1441      68616E6E 
 1441      656C7300 
 1442              	.LASF47:
 1443 0460 73616D70 		.ascii	"sampleTime23\000"
 1443      6C655469 
 1443      6D653233 
 1443      00
 1444              	.LASF4:
 1445 046d 6C6F6E67 		.ascii	"long int\000"
 1445      20696E74 
 1445      00
 1446              	.LASF37:
 1447 0476 74784C65 		.ascii	"txLeftToTransmit\000"
 1447      6674546F 
 1447      5472616E 
 1447      736D6974 
 1447      00
 1448              	.LASF8:
 1449 0487 756E7369 		.ascii	"unsigned int\000"
 1449      676E6564 
 1449      20696E74 
 1449      00
 1450              	.LASF29:
 1451 0494 63795F73 		.ascii	"cy_stc_scb_spi_context\000"
 1451      74635F73 
 1451      63625F73 
 1451      70695F63 
 1451      6F6E7465 
 1452              	.LASF76:
 1453 04ab 47656E65 		.ascii	"Generated_Source\\PSoC6\\pdl\\utilities\\retarget_i"
 1453      72617465 
 1453      645F536F 
 1453      75726365 
 1453      5C50536F 
 1454 04da 6F5C7265 		.ascii	"o\\retarget.c\000"
 1454      74617267 
 1454      65742E63 
 1454      00
 1455              	.LASF52:
 1456 04e7 696E7472 		.ascii	"intrMask\000"
ARM GAS  C:\Users\ADMINI~1\AppData\Local\Temp\cchZVak3.s 			page 33


 1456      4D61736B 
 1456      00
 1457              	.LASF72:
 1458 04f0 57535F53 		.ascii	"WS_SPI_context\000"
 1458      50495F63 
 1458      6F6E7465 
 1458      787400
 1459              	.LASF43:
 1460 04ff 63795F65 		.ascii	"cy_en_sar_range_detect_condition_t\000"
 1460      6E5F7361 
 1460      725F7261 
 1460      6E67655F 
 1460      64657465 
 1461              		.ident	"GCC: (GNU Tools for ARM Embedded Processors) 5.4.1 20160609 (release) [ARM/embedded-5-bran
