ARM GAS  C:\Users\ADMINI~1\AppData\Local\Temp\ccvI4J6e.s 			page 1


   1              		.syntax unified
   2              		.cpu cortex-m4
   3              		.eabi_attribute 27, 1
   4              		.fpu fpv4-sp-d16
   5              		.eabi_attribute 20, 1
   6              		.eabi_attribute 21, 1
   7              		.eabi_attribute 23, 3
   8              		.eabi_attribute 24, 1
   9              		.eabi_attribute 25, 1
  10              		.eabi_attribute 26, 1
  11              		.eabi_attribute 30, 1
  12              		.eabi_attribute 34, 1
  13              		.eabi_attribute 18, 4
  14              		.thumb
  15              		.syntax unified
  16              		.file	"retarget.c"
  17              		.text
  18              	.Ltext0:
  19              		.cfi_sections	.debug_frame
  20              		.syntax unified
  21              		.global _printf_float
  22              		.global _scanf_float
  23              		.thumb
  24              		.syntax unified
  25              		.section	.text._write,"ax",%progbits
  26              		.align	2
  27              		.weak	_write
  28              		.thumb
  29              		.thumb_func
  30              		.type	_write, %function
  31              	_write:
  32              	.LFB730:
  33              		.file 1 "Generated_Source\\PSoC6\\pdl\\utilities\\retarget_io\\retarget.c"
   1:Generated_Source\PSoC6\pdl\utilities\retarget_io/retarget.c **** /***************************************************************************//**
   2:Generated_Source\PSoC6\pdl\utilities\retarget_io/retarget.c **** * \file retarget.c
   3:Generated_Source\PSoC6\pdl\utilities\retarget_io/retarget.c **** * \version 1.10
   4:Generated_Source\PSoC6\pdl\utilities\retarget_io/retarget.c **** *
   5:Generated_Source\PSoC6\pdl\utilities\retarget_io/retarget.c **** * \brief
   6:Generated_Source\PSoC6\pdl\utilities\retarget_io/retarget.c **** * 'Retarget' layer for target-dependent low level function.
   7:Generated_Source\PSoC6\pdl\utilities\retarget_io/retarget.c **** *
   8:Generated_Source\PSoC6\pdl\utilities\retarget_io/retarget.c **** ********************************************************************************
   9:Generated_Source\PSoC6\pdl\utilities\retarget_io/retarget.c **** * \copyright
  10:Generated_Source\PSoC6\pdl\utilities\retarget_io/retarget.c **** * Copyright 2016-2018, Cypress Semiconductor Corporation. All rights reserved.
  11:Generated_Source\PSoC6\pdl\utilities\retarget_io/retarget.c **** * You may use this file only in accordance with the license, terms, conditions,
  12:Generated_Source\PSoC6\pdl\utilities\retarget_io/retarget.c **** * disclaimers, and limitations in the end user license agreement accompanying
  13:Generated_Source\PSoC6\pdl\utilities\retarget_io/retarget.c **** * the software package with which this file was provided.
  14:Generated_Source\PSoC6\pdl\utilities\retarget_io/retarget.c **** *******************************************************************************/
  15:Generated_Source\PSoC6\pdl\utilities\retarget_io/retarget.c **** 
  16:Generated_Source\PSoC6\pdl\utilities\retarget_io/retarget.c **** #include <stdio.h>
  17:Generated_Source\PSoC6\pdl\utilities\retarget_io/retarget.c **** #include "stdio_user.h"
  18:Generated_Source\PSoC6\pdl\utilities\retarget_io/retarget.c **** 
  19:Generated_Source\PSoC6\pdl\utilities\retarget_io/retarget.c **** #if defined(__cplusplus)
  20:Generated_Source\PSoC6\pdl\utilities\retarget_io/retarget.c **** extern "C" {
  21:Generated_Source\PSoC6\pdl\utilities\retarget_io/retarget.c **** #endif
  22:Generated_Source\PSoC6\pdl\utilities\retarget_io/retarget.c **** 
  23:Generated_Source\PSoC6\pdl\utilities\retarget_io/retarget.c **** #ifdef IO_STDOUT_ENABLE
  24:Generated_Source\PSoC6\pdl\utilities\retarget_io/retarget.c **** 
ARM GAS  C:\Users\ADMINI~1\AppData\Local\Temp\ccvI4J6e.s 			page 2


  25:Generated_Source\PSoC6\pdl\utilities\retarget_io/retarget.c **** #if defined(__ARMCC_VERSION) /* ARM-MDK */
  26:Generated_Source\PSoC6\pdl\utilities\retarget_io/retarget.c ****     /***************************************************************************
  27:Generated_Source\PSoC6\pdl\utilities\retarget_io/retarget.c ****     * Function Name: fputc
  28:Generated_Source\PSoC6\pdl\utilities\retarget_io/retarget.c ****     ***************************************************************************/
  29:Generated_Source\PSoC6\pdl\utilities\retarget_io/retarget.c ****     __attribute__((weak)) int fputc(int ch, FILE *f)
  30:Generated_Source\PSoC6\pdl\utilities\retarget_io/retarget.c ****     {
  31:Generated_Source\PSoC6\pdl\utilities\retarget_io/retarget.c ****         (void)f;
  32:Generated_Source\PSoC6\pdl\utilities\retarget_io/retarget.c ****     #if (STDOUT_CR_LF != 0)
  33:Generated_Source\PSoC6\pdl\utilities\retarget_io/retarget.c ****         if ((char)ch == '\n')
  34:Generated_Source\PSoC6\pdl\utilities\retarget_io/retarget.c ****         {
  35:Generated_Source\PSoC6\pdl\utilities\retarget_io/retarget.c ****             STDIO_PutChar('\r');
  36:Generated_Source\PSoC6\pdl\utilities\retarget_io/retarget.c ****         }
  37:Generated_Source\PSoC6\pdl\utilities\retarget_io/retarget.c ****     #endif /* STDOUT_CR_LF != 0 */
  38:Generated_Source\PSoC6\pdl\utilities\retarget_io/retarget.c ****         STDIO_PutChar(ch);
  39:Generated_Source\PSoC6\pdl\utilities\retarget_io/retarget.c ****         return (ch);
  40:Generated_Source\PSoC6\pdl\utilities\retarget_io/retarget.c ****     }
  41:Generated_Source\PSoC6\pdl\utilities\retarget_io/retarget.c **** #elif defined (__ICCARM__) /* IAR */
  42:Generated_Source\PSoC6\pdl\utilities\retarget_io/retarget.c ****     #include <yfuns.h>
  43:Generated_Source\PSoC6\pdl\utilities\retarget_io/retarget.c **** 
  44:Generated_Source\PSoC6\pdl\utilities\retarget_io/retarget.c ****     /***************************************************************************
  45:Generated_Source\PSoC6\pdl\utilities\retarget_io/retarget.c ****     * Function Name: __write
  46:Generated_Source\PSoC6\pdl\utilities\retarget_io/retarget.c ****     ***************************************************************************/
  47:Generated_Source\PSoC6\pdl\utilities\retarget_io/retarget.c ****     __weak size_t __write(int handle, const unsigned char * buffer, size_t size)
  48:Generated_Source\PSoC6\pdl\utilities\retarget_io/retarget.c ****     {
  49:Generated_Source\PSoC6\pdl\utilities\retarget_io/retarget.c ****         size_t nChars = 0;
  50:Generated_Source\PSoC6\pdl\utilities\retarget_io/retarget.c ****         /* This template only writes to "standard out", for all other file
  51:Generated_Source\PSoC6\pdl\utilities\retarget_io/retarget.c ****         * handles it returns failure. */
  52:Generated_Source\PSoC6\pdl\utilities\retarget_io/retarget.c ****         if (handle != _LLIO_STDOUT)
  53:Generated_Source\PSoC6\pdl\utilities\retarget_io/retarget.c ****         {
  54:Generated_Source\PSoC6\pdl\utilities\retarget_io/retarget.c ****             return (_LLIO_ERROR);
  55:Generated_Source\PSoC6\pdl\utilities\retarget_io/retarget.c ****         }
  56:Generated_Source\PSoC6\pdl\utilities\retarget_io/retarget.c ****         if (buffer != NULL)
  57:Generated_Source\PSoC6\pdl\utilities\retarget_io/retarget.c ****         {
  58:Generated_Source\PSoC6\pdl\utilities\retarget_io/retarget.c ****             for (/* Empty */; nChars < size; ++nChars)
  59:Generated_Source\PSoC6\pdl\utilities\retarget_io/retarget.c ****             {
  60:Generated_Source\PSoC6\pdl\utilities\retarget_io/retarget.c ****             #if (STDOUT_CR_LF != 0)
  61:Generated_Source\PSoC6\pdl\utilities\retarget_io/retarget.c ****                 if(*buffer == '\n')
  62:Generated_Source\PSoC6\pdl\utilities\retarget_io/retarget.c ****                 {
  63:Generated_Source\PSoC6\pdl\utilities\retarget_io/retarget.c ****                     STDIO_PutChar('\r');
  64:Generated_Source\PSoC6\pdl\utilities\retarget_io/retarget.c ****                 }
  65:Generated_Source\PSoC6\pdl\utilities\retarget_io/retarget.c ****             #endif /* STDOUT_CR_LF != 0 */
  66:Generated_Source\PSoC6\pdl\utilities\retarget_io/retarget.c ****                 STDIO_PutChar(*buffer);
  67:Generated_Source\PSoC6\pdl\utilities\retarget_io/retarget.c ****                 ++buffer;
  68:Generated_Source\PSoC6\pdl\utilities\retarget_io/retarget.c ****             }
  69:Generated_Source\PSoC6\pdl\utilities\retarget_io/retarget.c ****         }
  70:Generated_Source\PSoC6\pdl\utilities\retarget_io/retarget.c ****         return (nChars);
  71:Generated_Source\PSoC6\pdl\utilities\retarget_io/retarget.c ****     }
  72:Generated_Source\PSoC6\pdl\utilities\retarget_io/retarget.c **** #else /* (__GNUC__)  GCC */    
  73:Generated_Source\PSoC6\pdl\utilities\retarget_io/retarget.c ****     /* Add an explicit reference to the floating point printf library to allow
  74:Generated_Source\PSoC6\pdl\utilities\retarget_io/retarget.c ****     the usage of floating point conversion specifier. */
  75:Generated_Source\PSoC6\pdl\utilities\retarget_io/retarget.c ****     __asm (".global _printf_float");
  76:Generated_Source\PSoC6\pdl\utilities\retarget_io/retarget.c ****     /***************************************************************************
  77:Generated_Source\PSoC6\pdl\utilities\retarget_io/retarget.c ****     * Function Name: _write
  78:Generated_Source\PSoC6\pdl\utilities\retarget_io/retarget.c ****     ***************************************************************************/
  79:Generated_Source\PSoC6\pdl\utilities\retarget_io/retarget.c ****     __attribute__((weak)) int _write (int fd, const char *ptr, int len)
  80:Generated_Source\PSoC6\pdl\utilities\retarget_io/retarget.c ****     {
  34              		.loc 1 80 0
ARM GAS  C:\Users\ADMINI~1\AppData\Local\Temp\ccvI4J6e.s 			page 3


  35              		.cfi_startproc
  36              		@ args = 0, pretend = 0, frame = 0
  37              		@ frame_needed = 0, uses_anonymous_args = 0
  38              	.LVL0:
  39 0000 70B5     		push	{r4, r5, r6, lr}
  40              		.cfi_def_cfa_offset 16
  41              		.cfi_offset 4, -16
  42              		.cfi_offset 5, -12
  43              		.cfi_offset 6, -8
  44              		.cfi_offset 14, -4
  45              	.LVL1:
  81:Generated_Source\PSoC6\pdl\utilities\retarget_io/retarget.c ****         int nChars = 0;
  82:Generated_Source\PSoC6\pdl\utilities\retarget_io/retarget.c ****         (void)fd;
  83:Generated_Source\PSoC6\pdl\utilities\retarget_io/retarget.c ****         if (ptr != NULL)
  46              		.loc 1 83 0
  47 0002 39B9     		cbnz	r1, .L5
  81:Generated_Source\PSoC6\pdl\utilities\retarget_io/retarget.c ****         int nChars = 0;
  48              		.loc 1 81 0
  49 0004 0024     		movs	r4, #0
  50 0006 0AE0     		b	.L3
  51              	.LVL2:
  52              	.L4:
  84:Generated_Source\PSoC6\pdl\utilities\retarget_io/retarget.c ****         {
  85:Generated_Source\PSoC6\pdl\utilities\retarget_io/retarget.c ****             for (/* Empty */; nChars < len; ++nChars)
  86:Generated_Source\PSoC6\pdl\utilities\retarget_io/retarget.c ****             {
  87:Generated_Source\PSoC6\pdl\utilities\retarget_io/retarget.c ****             #if (STDOUT_CR_LF != 0)
  88:Generated_Source\PSoC6\pdl\utilities\retarget_io/retarget.c ****                 if(*ptr == '\n')
  89:Generated_Source\PSoC6\pdl\utilities\retarget_io/retarget.c ****                 {
  90:Generated_Source\PSoC6\pdl\utilities\retarget_io/retarget.c ****                     STDIO_PutChar('\r');
  91:Generated_Source\PSoC6\pdl\utilities\retarget_io/retarget.c ****                 }
  92:Generated_Source\PSoC6\pdl\utilities\retarget_io/retarget.c ****             #endif /* STDOUT_CR_LF != 0 */
  93:Generated_Source\PSoC6\pdl\utilities\retarget_io/retarget.c ****                 STDIO_PutChar((uint32_t)*ptr);
  53              		.loc 1 93 0 discriminator 2
  54 0008 15F8010B 		ldrb	r0, [r5], #1	@ zero_extendqisi2
  55              	.LVL3:
  56 000c FFF7FEFF 		bl	STDIO_PutChar
  57              	.LVL4:
  85:Generated_Source\PSoC6\pdl\utilities\retarget_io/retarget.c ****             {
  58              		.loc 1 85 0 discriminator 2
  59 0010 0134     		adds	r4, r4, #1
  60              	.LVL5:
  61 0012 02E0     		b	.L2
  62              	.LVL6:
  63              	.L5:
  64 0014 1646     		mov	r6, r2
  65 0016 0D46     		mov	r5, r1
  66 0018 0024     		movs	r4, #0
  67              	.LVL7:
  68              	.L2:
  85:Generated_Source\PSoC6\pdl\utilities\retarget_io/retarget.c ****             {
  69              		.loc 1 85 0 is_stmt 0 discriminator 1
  70 001a B442     		cmp	r4, r6
  71 001c F4DB     		blt	.L4
  72              	.LVL8:
  73              	.L3:
  94:Generated_Source\PSoC6\pdl\utilities\retarget_io/retarget.c ****                 ++ptr;
  95:Generated_Source\PSoC6\pdl\utilities\retarget_io/retarget.c ****             }
ARM GAS  C:\Users\ADMINI~1\AppData\Local\Temp\ccvI4J6e.s 			page 4


  96:Generated_Source\PSoC6\pdl\utilities\retarget_io/retarget.c ****         }
  97:Generated_Source\PSoC6\pdl\utilities\retarget_io/retarget.c ****         return (nChars);
  98:Generated_Source\PSoC6\pdl\utilities\retarget_io/retarget.c ****     }
  74              		.loc 1 98 0 is_stmt 1
  75 001e 2046     		mov	r0, r4
  76 0020 70BD     		pop	{r4, r5, r6, pc}
  77              		.cfi_endproc
  78              	.LFE730:
  79              		.size	_write, .-_write
  80 0022 00BF     		.section	.text._read,"ax",%progbits
  81              		.align	2
  82              		.weak	_read
  83              		.thumb
  84              		.thumb_func
  85              		.type	_read, %function
  86              	_read:
  87              	.LFB731:
  99:Generated_Source\PSoC6\pdl\utilities\retarget_io/retarget.c **** #endif
 100:Generated_Source\PSoC6\pdl\utilities\retarget_io/retarget.c **** 
 101:Generated_Source\PSoC6\pdl\utilities\retarget_io/retarget.c **** #endif /* IO_STDOUT_ENABLE */
 102:Generated_Source\PSoC6\pdl\utilities\retarget_io/retarget.c **** 
 103:Generated_Source\PSoC6\pdl\utilities\retarget_io/retarget.c **** #if defined(IO_STDIN_ENABLE)
 104:Generated_Source\PSoC6\pdl\utilities\retarget_io/retarget.c **** 
 105:Generated_Source\PSoC6\pdl\utilities\retarget_io/retarget.c **** #if defined(__ARMCC_VERSION) /* ARM-MDK */
 106:Generated_Source\PSoC6\pdl\utilities\retarget_io/retarget.c ****     /***************************************************************************
 107:Generated_Source\PSoC6\pdl\utilities\retarget_io/retarget.c ****     * Function Name: fgetc
 108:Generated_Source\PSoC6\pdl\utilities\retarget_io/retarget.c ****     ***************************************************************************/
 109:Generated_Source\PSoC6\pdl\utilities\retarget_io/retarget.c ****     __attribute__((weak)) int fgetc(FILE *f) 
 110:Generated_Source\PSoC6\pdl\utilities\retarget_io/retarget.c ****     {
 111:Generated_Source\PSoC6\pdl\utilities\retarget_io/retarget.c ****         (void)f;
 112:Generated_Source\PSoC6\pdl\utilities\retarget_io/retarget.c ****         return (STDIO_GetChar());
 113:Generated_Source\PSoC6\pdl\utilities\retarget_io/retarget.c ****     }
 114:Generated_Source\PSoC6\pdl\utilities\retarget_io/retarget.c **** #elif defined (__ICCARM__) /* IAR */
 115:Generated_Source\PSoC6\pdl\utilities\retarget_io/retarget.c ****     __weak size_t __read(int handle, unsigned char * buffer, size_t size)
 116:Generated_Source\PSoC6\pdl\utilities\retarget_io/retarget.c ****     {
 117:Generated_Source\PSoC6\pdl\utilities\retarget_io/retarget.c ****         /* This template only reads from "standard in", for all other file
 118:Generated_Source\PSoC6\pdl\utilities\retarget_io/retarget.c ****         handles it returns failure. */
 119:Generated_Source\PSoC6\pdl\utilities\retarget_io/retarget.c ****         if ((handle != _LLIO_STDIN) || (buffer == NULL))
 120:Generated_Source\PSoC6\pdl\utilities\retarget_io/retarget.c ****         {
 121:Generated_Source\PSoC6\pdl\utilities\retarget_io/retarget.c ****             return (_LLIO_ERROR);
 122:Generated_Source\PSoC6\pdl\utilities\retarget_io/retarget.c ****         }
 123:Generated_Source\PSoC6\pdl\utilities\retarget_io/retarget.c ****         else
 124:Generated_Source\PSoC6\pdl\utilities\retarget_io/retarget.c ****         {
 125:Generated_Source\PSoC6\pdl\utilities\retarget_io/retarget.c ****             *buffer = STDIO_GetChar();
 126:Generated_Source\PSoC6\pdl\utilities\retarget_io/retarget.c ****             return (1);
 127:Generated_Source\PSoC6\pdl\utilities\retarget_io/retarget.c ****         }
 128:Generated_Source\PSoC6\pdl\utilities\retarget_io/retarget.c ****     }
 129:Generated_Source\PSoC6\pdl\utilities\retarget_io/retarget.c **** #else /* (__GNUC__)  GCC */
 130:Generated_Source\PSoC6\pdl\utilities\retarget_io/retarget.c ****     /* Add an explicit reference to the floating point scanf library to allow
 131:Generated_Source\PSoC6\pdl\utilities\retarget_io/retarget.c ****     the usage of floating point conversion specifier. */
 132:Generated_Source\PSoC6\pdl\utilities\retarget_io/retarget.c ****     __asm (".global _scanf_float");
 133:Generated_Source\PSoC6\pdl\utilities\retarget_io/retarget.c ****     __attribute__((weak)) int _read (int fd, char *ptr, int len)
 134:Generated_Source\PSoC6\pdl\utilities\retarget_io/retarget.c ****     {
  88              		.loc 1 134 0
  89              		.cfi_startproc
  90              		@ args = 0, pretend = 0, frame = 0
  91              		@ frame_needed = 0, uses_anonymous_args = 0
ARM GAS  C:\Users\ADMINI~1\AppData\Local\Temp\ccvI4J6e.s 			page 5


  92              	.LVL9:
  93 0000 70B5     		push	{r4, r5, r6, lr}
  94              		.cfi_def_cfa_offset 16
  95              		.cfi_offset 4, -16
  96              		.cfi_offset 5, -12
  97              		.cfi_offset 6, -8
  98              		.cfi_offset 14, -4
  99              	.LVL10:
 135:Generated_Source\PSoC6\pdl\utilities\retarget_io/retarget.c ****         int nChars = 0;
 136:Generated_Source\PSoC6\pdl\utilities\retarget_io/retarget.c ****         (void)fd;
 137:Generated_Source\PSoC6\pdl\utilities\retarget_io/retarget.c ****         if (ptr != NULL)
 100              		.loc 1 137 0
 101 0002 51B9     		cbnz	r1, .L11
 135:Generated_Source\PSoC6\pdl\utilities\retarget_io/retarget.c ****         int nChars = 0;
 102              		.loc 1 135 0
 103 0004 0024     		movs	r4, #0
 104 0006 0DE0     		b	.L9
 105              	.LVL11:
 106              	.L10:
 138:Generated_Source\PSoC6\pdl\utilities\retarget_io/retarget.c ****         {
 139:Generated_Source\PSoC6\pdl\utilities\retarget_io/retarget.c ****             for(/* Empty */;nChars < len;++ptr)
 140:Generated_Source\PSoC6\pdl\utilities\retarget_io/retarget.c ****             {
 141:Generated_Source\PSoC6\pdl\utilities\retarget_io/retarget.c ****                 *ptr = (char)STDIO_GetChar();
 107              		.loc 1 141 0
 108 0008 FFF7FEFF 		bl	STDIO_GetChar
 109              	.LVL12:
 110 000c C0B2     		uxtb	r0, r0
 111 000e 2870     		strb	r0, [r5]
 142:Generated_Source\PSoC6\pdl\utilities\retarget_io/retarget.c ****                 ++nChars;
 112              		.loc 1 142 0
 113 0010 0134     		adds	r4, r4, #1
 114              	.LVL13:
 143:Generated_Source\PSoC6\pdl\utilities\retarget_io/retarget.c ****                 if(*ptr == '\n')
 115              		.loc 1 143 0
 116 0012 0A28     		cmp	r0, #10
 117 0014 06D0     		beq	.L9
 139:Generated_Source\PSoC6\pdl\utilities\retarget_io/retarget.c ****             {
 118              		.loc 1 139 0
 119 0016 0135     		adds	r5, r5, #1
 120              	.LVL14:
 121 0018 02E0     		b	.L8
 122              	.LVL15:
 123              	.L11:
 124 001a 1646     		mov	r6, r2
 125 001c 0D46     		mov	r5, r1
 126 001e 0024     		movs	r4, #0
 127              	.LVL16:
 128              	.L8:
 139:Generated_Source\PSoC6\pdl\utilities\retarget_io/retarget.c ****             {
 129              		.loc 1 139 0 is_stmt 0 discriminator 1
 130 0020 B442     		cmp	r4, r6
 131 0022 F1DB     		blt	.L10
 132              	.LVL17:
 133              	.L9:
 144:Generated_Source\PSoC6\pdl\utilities\retarget_io/retarget.c ****                 {
 145:Generated_Source\PSoC6\pdl\utilities\retarget_io/retarget.c ****                     break;
 146:Generated_Source\PSoC6\pdl\utilities\retarget_io/retarget.c ****                 }
ARM GAS  C:\Users\ADMINI~1\AppData\Local\Temp\ccvI4J6e.s 			page 6


 147:Generated_Source\PSoC6\pdl\utilities\retarget_io/retarget.c ****             }
 148:Generated_Source\PSoC6\pdl\utilities\retarget_io/retarget.c ****         }
 149:Generated_Source\PSoC6\pdl\utilities\retarget_io/retarget.c ****         return (nChars);
 150:Generated_Source\PSoC6\pdl\utilities\retarget_io/retarget.c ****     }
 134              		.loc 1 150 0 is_stmt 1
 135 0024 2046     		mov	r0, r4
 136 0026 70BD     		pop	{r4, r5, r6, pc}
 137              		.cfi_endproc
 138              	.LFE731:
 139              		.size	_read, .-_read
 140              		.text
 141              	.Letext0:
 142              		.file 2 "c:\\program files (x86)\\cypress\\psoc creator\\4.4\\psoc creator\\import\\gnu\\arm\\5.4.
 143              		.file 3 "c:\\program files (x86)\\cypress\\psoc creator\\4.4\\psoc creator\\import\\gnu\\arm\\5.4.
 144              		.file 4 "Generated_Source\\PSoC6\\pdl\\drivers/peripheral/tcpwm/cy_tcpwm_pwm.h"
 145              		.file 5 "Generated_Source\\PSoC6\\pdl\\drivers/peripheral/scb/cy_scb_spi.h"
 146              		.file 6 "Generated_Source\\PSoC6\\pdl\\drivers/peripheral/scb/cy_scb_uart.h"
 147              		.file 7 "Generated_Source\\PSoC6\\pdl\\drivers/peripheral/sar/cy_sar.h"
 148              		.file 8 "Generated_Source\\PSoC6\\pdl\\middleware/ble/cy_ble_stack_host_main.h"
 149              		.file 9 "Generated_Source\\PSoC6\\pdl\\middleware/ble/cy_ble_gap.h"
 150              		.file 10 "Generated_Source\\PSoC6/ADC_1.h"
 151              		.file 11 "Generated_Source\\PSoC6\\pdl\\cmsis/include/core_cm4.h"
 152              		.file 12 "Generated_Source\\PSoC6/UART.h"
 153              		.file 13 "Generated_Source\\PSoC6/PWM.h"
 154              		.file 14 "Generated_Source\\PSoC6/WS_SPI.h"
 155              		.file 15 "./stdio_user.h"
 156              		.section	.debug_info,"",%progbits
 157              	.Ldebug_info0:
 158 0000 61070000 		.4byte	0x761
 159 0004 0400     		.2byte	0x4
 160 0006 00000000 		.4byte	.Ldebug_abbrev0
 161 000a 04       		.byte	0x4
 162 000b 01       		.uleb128 0x1
 163 000c 4A040000 		.4byte	.LASF129
 164 0010 0C       		.byte	0xc
 165 0011 9A080000 		.4byte	.LASF130
 166 0015 15060000 		.4byte	.LASF131
 167 0019 00000000 		.4byte	.Ldebug_ranges0+0
 168 001d 00000000 		.4byte	0
 169 0021 00000000 		.4byte	.Ldebug_line0
 170 0025 02       		.uleb128 0x2
 171 0026 01       		.byte	0x1
 172 0027 06       		.byte	0x6
 173 0028 AD000000 		.4byte	.LASF0
 174 002c 03       		.uleb128 0x3
 175 002d 2B000000 		.4byte	.LASF4
 176 0031 02       		.byte	0x2
 177 0032 1D       		.byte	0x1d
 178 0033 37000000 		.4byte	0x37
 179 0037 02       		.uleb128 0x2
 180 0038 01       		.byte	0x1
 181 0039 08       		.byte	0x8
 182 003a 80050000 		.4byte	.LASF1
 183 003e 02       		.uleb128 0x2
 184 003f 02       		.byte	0x2
 185 0040 05       		.byte	0x5
 186 0041 60030000 		.4byte	.LASF2
ARM GAS  C:\Users\ADMINI~1\AppData\Local\Temp\ccvI4J6e.s 			page 7


 187 0045 02       		.uleb128 0x2
 188 0046 02       		.byte	0x2
 189 0047 07       		.byte	0x7
 190 0048 C0020000 		.4byte	.LASF3
 191 004c 03       		.uleb128 0x3
 192 004d C5060000 		.4byte	.LASF5
 193 0051 02       		.byte	0x2
 194 0052 3F       		.byte	0x3f
 195 0053 57000000 		.4byte	0x57
 196 0057 02       		.uleb128 0x2
 197 0058 04       		.byte	0x4
 198 0059 05       		.byte	0x5
 199 005a 86010000 		.4byte	.LASF6
 200 005e 03       		.uleb128 0x3
 201 005f 23020000 		.4byte	.LASF7
 202 0063 02       		.byte	0x2
 203 0064 41       		.byte	0x41
 204 0065 69000000 		.4byte	0x69
 205 0069 02       		.uleb128 0x2
 206 006a 04       		.byte	0x4
 207 006b 07       		.byte	0x7
 208 006c 8A020000 		.4byte	.LASF8
 209 0070 02       		.uleb128 0x2
 210 0071 08       		.byte	0x8
 211 0072 05       		.byte	0x5
 212 0073 9F000000 		.4byte	.LASF9
 213 0077 02       		.uleb128 0x2
 214 0078 08       		.byte	0x8
 215 0079 07       		.byte	0x7
 216 007a 4E000000 		.4byte	.LASF10
 217 007e 04       		.uleb128 0x4
 218 007f 04       		.byte	0x4
 219 0080 05       		.byte	0x5
 220 0081 696E7400 		.ascii	"int\000"
 221 0085 02       		.uleb128 0x2
 222 0086 04       		.byte	0x4
 223 0087 07       		.byte	0x7
 224 0088 61020000 		.4byte	.LASF11
 225 008c 02       		.uleb128 0x2
 226 008d 08       		.byte	0x8
 227 008e 04       		.byte	0x4
 228 008f CF030000 		.4byte	.LASF12
 229 0093 05       		.uleb128 0x5
 230 0094 04       		.byte	0x4
 231 0095 02       		.uleb128 0x2
 232 0096 04       		.byte	0x4
 233 0097 07       		.byte	0x7
 234 0098 BB030000 		.4byte	.LASF13
 235 009c 06       		.uleb128 0x6
 236 009d 04       		.byte	0x4
 237 009e A2000000 		.4byte	0xa2
 238 00a2 02       		.uleb128 0x2
 239 00a3 01       		.byte	0x1
 240 00a4 08       		.byte	0x8
 241 00a5 9C060000 		.4byte	.LASF14
 242 00a9 06       		.uleb128 0x6
 243 00aa 04       		.byte	0x4
ARM GAS  C:\Users\ADMINI~1\AppData\Local\Temp\ccvI4J6e.s 			page 8


 244 00ab AF000000 		.4byte	0xaf
 245 00af 07       		.uleb128 0x7
 246 00b0 A2000000 		.4byte	0xa2
 247 00b4 03       		.uleb128 0x3
 248 00b5 0D080000 		.4byte	.LASF15
 249 00b9 03       		.byte	0x3
 250 00ba 18       		.byte	0x18
 251 00bb 2C000000 		.4byte	0x2c
 252 00bf 03       		.uleb128 0x3
 253 00c0 78050000 		.4byte	.LASF16
 254 00c4 03       		.byte	0x3
 255 00c5 2C       		.byte	0x2c
 256 00c6 4C000000 		.4byte	0x4c
 257 00ca 03       		.uleb128 0x3
 258 00cb 56060000 		.4byte	.LASF17
 259 00cf 03       		.byte	0x3
 260 00d0 30       		.byte	0x30
 261 00d1 5E000000 		.4byte	0x5e
 262 00d5 08       		.uleb128 0x8
 263 00d6 CA000000 		.4byte	0xca
 264 00da 02       		.uleb128 0x2
 265 00db 04       		.byte	0x4
 266 00dc 04       		.byte	0x4
 267 00dd 21050000 		.4byte	.LASF18
 268 00e1 02       		.uleb128 0x2
 269 00e2 08       		.byte	0x8
 270 00e3 04       		.byte	0x4
 271 00e4 CD010000 		.4byte	.LASF19
 272 00e8 02       		.uleb128 0x2
 273 00e9 01       		.byte	0x1
 274 00ea 02       		.byte	0x2
 275 00eb 76070000 		.4byte	.LASF20
 276 00ef 09       		.uleb128 0x9
 277 00f0 56010000 		.4byte	.LASF48
 278 00f4 64       		.byte	0x64
 279 00f5 04       		.byte	0x4
 280 00f6 2B       		.byte	0x2b
 281 00f7 28020000 		.4byte	0x228
 282 00fb 0A       		.uleb128 0xa
 283 00fc 92080000 		.4byte	.LASF21
 284 0100 04       		.byte	0x4
 285 0101 2D       		.byte	0x2d
 286 0102 CA000000 		.4byte	0xca
 287 0106 00       		.byte	0
 288 0107 0A       		.uleb128 0xa
 289 0108 65000000 		.4byte	.LASF22
 290 010c 04       		.byte	0x4
 291 010d 2F       		.byte	0x2f
 292 010e CA000000 		.4byte	0xca
 293 0112 04       		.byte	0x4
 294 0113 0A       		.uleb128 0xa
 295 0114 1E000000 		.4byte	.LASF23
 296 0118 04       		.byte	0x4
 297 0119 30       		.byte	0x30
 298 011a CA000000 		.4byte	0xca
 299 011e 08       		.byte	0x8
 300 011f 0A       		.uleb128 0xa
ARM GAS  C:\Users\ADMINI~1\AppData\Local\Temp\ccvI4J6e.s 			page 9


 301 0120 77030000 		.4byte	.LASF24
 302 0124 04       		.byte	0x4
 303 0125 31       		.byte	0x31
 304 0126 CA000000 		.4byte	0xca
 305 012a 0C       		.byte	0xc
 306 012b 0A       		.uleb128 0xa
 307 012c 00000000 		.4byte	.LASF25
 308 0130 04       		.byte	0x4
 309 0131 32       		.byte	0x32
 310 0132 CA000000 		.4byte	0xca
 311 0136 10       		.byte	0x10
 312 0137 0A       		.uleb128 0xa
 313 0138 58070000 		.4byte	.LASF26
 314 013c 04       		.byte	0x4
 315 013d 33       		.byte	0x33
 316 013e CA000000 		.4byte	0xca
 317 0142 14       		.byte	0x14
 318 0143 0A       		.uleb128 0xa
 319 0144 60070000 		.4byte	.LASF27
 320 0148 04       		.byte	0x4
 321 0149 34       		.byte	0x34
 322 014a CA000000 		.4byte	0xca
 323 014e 18       		.byte	0x18
 324 014f 0A       		.uleb128 0xa
 325 0150 CF050000 		.4byte	.LASF28
 326 0154 04       		.byte	0x4
 327 0155 35       		.byte	0x35
 328 0156 E8000000 		.4byte	0xe8
 329 015a 1C       		.byte	0x1c
 330 015b 0A       		.uleb128 0xa
 331 015c 7F060000 		.4byte	.LASF29
 332 0160 04       		.byte	0x4
 333 0161 36       		.byte	0x36
 334 0162 CA000000 		.4byte	0xca
 335 0166 20       		.byte	0x20
 336 0167 0A       		.uleb128 0xa
 337 0168 88060000 		.4byte	.LASF30
 338 016c 04       		.byte	0x4
 339 016d 37       		.byte	0x37
 340 016e CA000000 		.4byte	0xca
 341 0172 24       		.byte	0x24
 342 0173 0A       		.uleb128 0xa
 343 0174 9B050000 		.4byte	.LASF31
 344 0178 04       		.byte	0x4
 345 0179 38       		.byte	0x38
 346 017a E8000000 		.4byte	0xe8
 347 017e 28       		.byte	0x28
 348 017f 0A       		.uleb128 0xa
 349 0180 E4060000 		.4byte	.LASF32
 350 0184 04       		.byte	0x4
 351 0185 3A       		.byte	0x3a
 352 0186 CA000000 		.4byte	0xca
 353 018a 2C       		.byte	0x2c
 354 018b 0A       		.uleb128 0xa
 355 018c 6A030000 		.4byte	.LASF33
 356 0190 04       		.byte	0x4
 357 0191 3B       		.byte	0x3b
ARM GAS  C:\Users\ADMINI~1\AppData\Local\Temp\ccvI4J6e.s 			page 10


 358 0192 CA000000 		.4byte	0xca
 359 0196 30       		.byte	0x30
 360 0197 0A       		.uleb128 0xa
 361 0198 BE070000 		.4byte	.LASF34
 362 019c 04       		.byte	0x4
 363 019d 3C       		.byte	0x3c
 364 019e CA000000 		.4byte	0xca
 365 01a2 34       		.byte	0x34
 366 01a3 0A       		.uleb128 0xa
 367 01a4 15080000 		.4byte	.LASF35
 368 01a8 04       		.byte	0x4
 369 01a9 3D       		.byte	0x3d
 370 01aa CA000000 		.4byte	0xca
 371 01ae 38       		.byte	0x38
 372 01af 0A       		.uleb128 0xa
 373 01b0 B2020000 		.4byte	.LASF36
 374 01b4 04       		.byte	0x4
 375 01b5 3E       		.byte	0x3e
 376 01b6 CA000000 		.4byte	0xca
 377 01ba 3C       		.byte	0x3c
 378 01bb 0A       		.uleb128 0xa
 379 01bc E0050000 		.4byte	.LASF37
 380 01c0 04       		.byte	0x4
 381 01c1 40       		.byte	0x40
 382 01c2 CA000000 		.4byte	0xca
 383 01c6 40       		.byte	0x40
 384 01c7 0A       		.uleb128 0xa
 385 01c8 45080000 		.4byte	.LASF38
 386 01cc 04       		.byte	0x4
 387 01cd 41       		.byte	0x41
 388 01ce CA000000 		.4byte	0xca
 389 01d2 44       		.byte	0x44
 390 01d3 0A       		.uleb128 0xa
 391 01d4 F5060000 		.4byte	.LASF39
 392 01d8 04       		.byte	0x4
 393 01d9 43       		.byte	0x43
 394 01da CA000000 		.4byte	0xca
 395 01de 48       		.byte	0x48
 396 01df 0A       		.uleb128 0xa
 397 01e0 69050000 		.4byte	.LASF40
 398 01e4 04       		.byte	0x4
 399 01e5 44       		.byte	0x44
 400 01e6 CA000000 		.4byte	0xca
 401 01ea 4C       		.byte	0x4c
 402 01eb 0A       		.uleb128 0xa
 403 01ec A3030000 		.4byte	.LASF41
 404 01f0 04       		.byte	0x4
 405 01f1 46       		.byte	0x46
 406 01f2 CA000000 		.4byte	0xca
 407 01f6 50       		.byte	0x50
 408 01f7 0A       		.uleb128 0xa
 409 01f8 00030000 		.4byte	.LASF42
 410 01fc 04       		.byte	0x4
 411 01fd 47       		.byte	0x47
 412 01fe CA000000 		.4byte	0xca
 413 0202 54       		.byte	0x54
 414 0203 0A       		.uleb128 0xa
ARM GAS  C:\Users\ADMINI~1\AppData\Local\Temp\ccvI4J6e.s 			page 11


 415 0204 08000000 		.4byte	.LASF43
 416 0208 04       		.byte	0x4
 417 0209 49       		.byte	0x49
 418 020a CA000000 		.4byte	0xca
 419 020e 58       		.byte	0x58
 420 020f 0A       		.uleb128 0xa
 421 0210 94030000 		.4byte	.LASF44
 422 0214 04       		.byte	0x4
 423 0215 4A       		.byte	0x4a
 424 0216 CA000000 		.4byte	0xca
 425 021a 5C       		.byte	0x5c
 426 021b 0A       		.uleb128 0xa
 427 021c 91060000 		.4byte	.LASF45
 428 0220 04       		.byte	0x4
 429 0221 4C       		.byte	0x4c
 430 0222 CA000000 		.4byte	0xca
 431 0226 60       		.byte	0x60
 432 0227 00       		.byte	0
 433 0228 03       		.uleb128 0x3
 434 0229 1E080000 		.4byte	.LASF46
 435 022d 04       		.byte	0x4
 436 022e 4D       		.byte	0x4d
 437 022f EF000000 		.4byte	0xef
 438 0233 06       		.uleb128 0x6
 439 0234 04       		.byte	0x4
 440 0235 39020000 		.4byte	0x239
 441 0239 0B       		.uleb128 0xb
 442 023a 44020000 		.4byte	0x244
 443 023e 0C       		.uleb128 0xc
 444 023f CA000000 		.4byte	0xca
 445 0243 00       		.byte	0
 446 0244 0D       		.uleb128 0xd
 447 0245 38010000 		.4byte	.LASF47
 448 0249 05       		.byte	0x5
 449 024a BF01     		.2byte	0x1bf
 450 024c 33020000 		.4byte	0x233
 451 0250 0E       		.uleb128 0xe
 452 0251 B9000000 		.4byte	.LASF49
 453 0255 24       		.byte	0x24
 454 0256 05       		.byte	0x5
 455 0257 4102     		.2byte	0x241
 456 0259 D3020000 		.4byte	0x2d3
 457 025d 0F       		.uleb128 0xf
 458 025e B7070000 		.4byte	.LASF50
 459 0262 05       		.byte	0x5
 460 0263 4402     		.2byte	0x244
 461 0265 D5000000 		.4byte	0xd5
 462 0269 00       		.byte	0
 463 026a 0F       		.uleb128 0xf
 464 026b 70070000 		.4byte	.LASF51
 465 026f 05       		.byte	0x5
 466 0270 4602     		.2byte	0x246
 467 0272 93000000 		.4byte	0x93
 468 0276 04       		.byte	0x4
 469 0277 0F       		.uleb128 0xf
 470 0278 19020000 		.4byte	.LASF52
 471 027c 05       		.byte	0x5
ARM GAS  C:\Users\ADMINI~1\AppData\Local\Temp\ccvI4J6e.s 			page 12


 472 027d 4702     		.2byte	0x247
 473 027f CA000000 		.4byte	0xca
 474 0283 08       		.byte	0x8
 475 0284 0F       		.uleb128 0xf
 476 0285 48020000 		.4byte	.LASF53
 477 0289 05       		.byte	0x5
 478 028a 4802     		.2byte	0x248
 479 028c D5000000 		.4byte	0xd5
 480 0290 0C       		.byte	0xc
 481 0291 0F       		.uleb128 0xf
 482 0292 7E000000 		.4byte	.LASF54
 483 0296 05       		.byte	0x5
 484 0297 4A02     		.2byte	0x24a
 485 0299 93000000 		.4byte	0x93
 486 029d 10       		.byte	0x10
 487 029e 0F       		.uleb128 0xf
 488 029f 57020000 		.4byte	.LASF55
 489 02a3 05       		.byte	0x5
 490 02a4 4B02     		.2byte	0x24b
 491 02a6 CA000000 		.4byte	0xca
 492 02aa 14       		.byte	0x14
 493 02ab 0F       		.uleb128 0xf
 494 02ac 1F090000 		.4byte	.LASF56
 495 02b0 05       		.byte	0x5
 496 02b1 4C02     		.2byte	0x24c
 497 02b3 D5000000 		.4byte	0xd5
 498 02b7 18       		.byte	0x18
 499 02b8 0F       		.uleb128 0xf
 500 02b9 0E030000 		.4byte	.LASF57
 501 02bd 05       		.byte	0x5
 502 02be 5202     		.2byte	0x252
 503 02c0 44020000 		.4byte	0x244
 504 02c4 1C       		.byte	0x1c
 505 02c5 0F       		.uleb128 0xf
 506 02c6 68070000 		.4byte	.LASF58
 507 02ca 05       		.byte	0x5
 508 02cb 5502     		.2byte	0x255
 509 02cd CA000000 		.4byte	0xca
 510 02d1 20       		.byte	0x20
 511 02d2 00       		.byte	0
 512 02d3 0D       		.uleb128 0xd
 513 02d4 47030000 		.4byte	.LASF59
 514 02d8 05       		.byte	0x5
 515 02d9 5802     		.2byte	0x258
 516 02db 50020000 		.4byte	0x250
 517 02df 0D       		.uleb128 0xd
 518 02e0 2B070000 		.4byte	.LASF60
 519 02e4 06       		.byte	0x6
 520 02e5 AB01     		.2byte	0x1ab
 521 02e7 33020000 		.4byte	0x233
 522 02eb 0E       		.uleb128 0xe
 523 02ec D6080000 		.4byte	.LASF61
 524 02f0 38       		.byte	0x38
 525 02f1 06       		.byte	0x6
 526 02f2 4702     		.2byte	0x247
 527 02f4 AF030000 		.4byte	0x3af
 528 02f8 0F       		.uleb128 0xf
ARM GAS  C:\Users\ADMINI~1\AppData\Local\Temp\ccvI4J6e.s 			page 13


 529 02f9 A9020000 		.4byte	.LASF62
 530 02fd 06       		.byte	0x6
 531 02fe 4A02     		.2byte	0x24a
 532 0300 D5000000 		.4byte	0xd5
 533 0304 00       		.byte	0
 534 0305 0F       		.uleb128 0xf
 535 0306 33040000 		.4byte	.LASF63
 536 030a 06       		.byte	0x6
 537 030b 4B02     		.2byte	0x24b
 538 030d D5000000 		.4byte	0xd5
 539 0311 04       		.byte	0x4
 540 0312 0F       		.uleb128 0xf
 541 0313 74000000 		.4byte	.LASF64
 542 0317 06       		.byte	0x6
 543 0318 4D02     		.2byte	0x24d
 544 031a 93000000 		.4byte	0x93
 545 031e 08       		.byte	0x8
 546 031f 0F       		.uleb128 0xf
 547 0320 4A070000 		.4byte	.LASF65
 548 0324 06       		.byte	0x6
 549 0325 4E02     		.2byte	0x24e
 550 0327 CA000000 		.4byte	0xca
 551 032b 0C       		.byte	0xc
 552 032c 0F       		.uleb128 0xf
 553 032d 86030000 		.4byte	.LASF66
 554 0331 06       		.byte	0x6
 555 0332 4F02     		.2byte	0x24f
 556 0334 D5000000 		.4byte	0xd5
 557 0338 10       		.byte	0x10
 558 0339 0F       		.uleb128 0xf
 559 033a 6F080000 		.4byte	.LASF67
 560 033e 06       		.byte	0x6
 561 033f 5002     		.2byte	0x250
 562 0341 D5000000 		.4byte	0xd5
 563 0345 14       		.byte	0x14
 564 0346 0F       		.uleb128 0xf
 565 0347 70070000 		.4byte	.LASF51
 566 034b 06       		.byte	0x6
 567 034c 5202     		.2byte	0x252
 568 034e 93000000 		.4byte	0x93
 569 0352 18       		.byte	0x18
 570 0353 0F       		.uleb128 0xf
 571 0354 19020000 		.4byte	.LASF52
 572 0358 06       		.byte	0x6
 573 0359 5302     		.2byte	0x253
 574 035b CA000000 		.4byte	0xca
 575 035f 1C       		.byte	0x1c
 576 0360 0F       		.uleb128 0xf
 577 0361 48020000 		.4byte	.LASF53
 578 0365 06       		.byte	0x6
 579 0366 5402     		.2byte	0x254
 580 0368 D5000000 		.4byte	0xd5
 581 036c 20       		.byte	0x20
 582 036d 0F       		.uleb128 0xf
 583 036e 7E000000 		.4byte	.LASF54
 584 0372 06       		.byte	0x6
 585 0373 5602     		.2byte	0x256
ARM GAS  C:\Users\ADMINI~1\AppData\Local\Temp\ccvI4J6e.s 			page 14


 586 0375 93000000 		.4byte	0x93
 587 0379 24       		.byte	0x24
 588 037a 0F       		.uleb128 0xf
 589 037b 57020000 		.4byte	.LASF55
 590 037f 06       		.byte	0x6
 591 0380 5702     		.2byte	0x257
 592 0382 CA000000 		.4byte	0xca
 593 0386 28       		.byte	0x28
 594 0387 0F       		.uleb128 0xf
 595 0388 27050000 		.4byte	.LASF68
 596 038c 06       		.byte	0x6
 597 038d 5802     		.2byte	0x258
 598 038f D5000000 		.4byte	0xd5
 599 0393 2C       		.byte	0x2c
 600 0394 0F       		.uleb128 0xf
 601 0395 0E030000 		.4byte	.LASF57
 602 0399 06       		.byte	0x6
 603 039a 5D02     		.2byte	0x25d
 604 039c DF020000 		.4byte	0x2df
 605 03a0 30       		.byte	0x30
 606 03a1 0F       		.uleb128 0xf
 607 03a2 68070000 		.4byte	.LASF58
 608 03a6 06       		.byte	0x6
 609 03a7 6002     		.2byte	0x260
 610 03a9 CA000000 		.4byte	0xca
 611 03ad 34       		.byte	0x34
 612 03ae 00       		.byte	0
 613 03af 0D       		.uleb128 0xd
 614 03b0 D0000000 		.4byte	.LASF69
 615 03b4 06       		.byte	0x6
 616 03b5 6302     		.2byte	0x263
 617 03b7 EB020000 		.4byte	0x2eb
 618 03bb 10       		.uleb128 0x10
 619 03bc 01       		.byte	0x1
 620 03bd 37000000 		.4byte	0x37
 621 03c1 07       		.byte	0x7
 622 03c2 0504     		.2byte	0x405
 623 03c4 E1030000 		.4byte	0x3e1
 624 03c8 11       		.uleb128 0x11
 625 03c9 6E010000 		.4byte	.LASF70
 626 03cd 00       		.byte	0
 627 03ce 11       		.uleb128 0x11
 628 03cf 17030000 		.4byte	.LASF71
 629 03d3 01       		.byte	0x1
 630 03d4 11       		.uleb128 0x11
 631 03d5 B5010000 		.4byte	.LASF72
 632 03d9 02       		.byte	0x2
 633 03da 11       		.uleb128 0x11
 634 03db 55080000 		.4byte	.LASF73
 635 03df 03       		.byte	0x3
 636 03e0 00       		.byte	0
 637 03e1 0D       		.uleb128 0xd
 638 03e2 EA000000 		.4byte	.LASF74
 639 03e6 07       		.byte	0x7
 640 03e7 0A04     		.2byte	0x40a
 641 03e9 BB030000 		.4byte	0x3bb
 642 03ed 12       		.uleb128 0x12
ARM GAS  C:\Users\ADMINI~1\AppData\Local\Temp\ccvI4J6e.s 			page 15


 643 03ee 78       		.byte	0x78
 644 03ef 07       		.byte	0x7
 645 03f0 F404     		.2byte	0x4f4
 646 03f2 BA040000 		.4byte	0x4ba
 647 03f6 0F       		.uleb128 0xf
 648 03f7 DF060000 		.4byte	.LASF75
 649 03fb 07       		.byte	0x7
 650 03fc F604     		.2byte	0x4f6
 651 03fe CA000000 		.4byte	0xca
 652 0402 00       		.byte	0
 653 0403 0F       		.uleb128 0xf
 654 0404 E9070000 		.4byte	.LASF76
 655 0408 07       		.byte	0x7
 656 0409 F704     		.2byte	0x4f7
 657 040b CA000000 		.4byte	0xca
 658 040f 04       		.byte	0x4
 659 0410 0F       		.uleb128 0xf
 660 0411 E2010000 		.4byte	.LASF77
 661 0415 07       		.byte	0x7
 662 0416 F804     		.2byte	0x4f8
 663 0418 CA000000 		.4byte	0xca
 664 041c 08       		.byte	0x8
 665 041d 0F       		.uleb128 0xf
 666 041e 38080000 		.4byte	.LASF78
 667 0422 07       		.byte	0x7
 668 0423 F904     		.2byte	0x4f9
 669 0425 CA000000 		.4byte	0xca
 670 0429 0C       		.byte	0xc
 671 042a 0F       		.uleb128 0xf
 672 042b E4020000 		.4byte	.LASF79
 673 042f 07       		.byte	0x7
 674 0430 FA04     		.2byte	0x4fa
 675 0432 CA000000 		.4byte	0xca
 676 0436 10       		.byte	0x10
 677 0437 0F       		.uleb128 0xf
 678 0438 9B070000 		.4byte	.LASF80
 679 043c 07       		.byte	0x7
 680 043d FB04     		.2byte	0x4fb
 681 043f E1030000 		.4byte	0x3e1
 682 0443 14       		.byte	0x14
 683 0444 0F       		.uleb128 0xf
 684 0445 38050000 		.4byte	.LASF81
 685 0449 07       		.byte	0x7
 686 044a FC04     		.2byte	0x4fc
 687 044c CA000000 		.4byte	0xca
 688 0450 18       		.byte	0x18
 689 0451 0F       		.uleb128 0xf
 690 0452 3C030000 		.4byte	.LASF82
 691 0456 07       		.byte	0x7
 692 0457 FD04     		.2byte	0x4fd
 693 0459 BA040000 		.4byte	0x4ba
 694 045d 1C       		.byte	0x1c
 695 045e 0F       		.uleb128 0xf
 696 045f B7050000 		.4byte	.LASF83
 697 0463 07       		.byte	0x7
 698 0464 FE04     		.2byte	0x4fe
 699 0466 CA000000 		.4byte	0xca
ARM GAS  C:\Users\ADMINI~1\AppData\Local\Temp\ccvI4J6e.s 			page 16


 700 046a 5C       		.byte	0x5c
 701 046b 0F       		.uleb128 0xf
 702 046c 12000000 		.4byte	.LASF84
 703 0470 07       		.byte	0x7
 704 0471 FF04     		.2byte	0x4ff
 705 0473 CA000000 		.4byte	0xca
 706 0477 60       		.byte	0x60
 707 0478 0F       		.uleb128 0xf
 708 0479 3C040000 		.4byte	.LASF85
 709 047d 07       		.byte	0x7
 710 047e 0005     		.2byte	0x500
 711 0480 CA000000 		.4byte	0xca
 712 0484 64       		.byte	0x64
 713 0485 0F       		.uleb128 0xf
 714 0486 AD050000 		.4byte	.LASF86
 715 048a 07       		.byte	0x7
 716 048b 0105     		.2byte	0x501
 717 048d CA000000 		.4byte	0xca
 718 0491 68       		.byte	0x68
 719 0492 0F       		.uleb128 0xf
 720 0493 A5010000 		.4byte	.LASF87
 721 0497 07       		.byte	0x7
 722 0498 0205     		.2byte	0x502
 723 049a CA000000 		.4byte	0xca
 724 049e 6C       		.byte	0x6c
 725 049f 0F       		.uleb128 0xf
 726 04a0 25040000 		.4byte	.LASF88
 727 04a4 07       		.byte	0x7
 728 04a5 0305     		.2byte	0x503
 729 04a7 E8000000 		.4byte	0xe8
 730 04ab 70       		.byte	0x70
 731 04ac 0F       		.uleb128 0xf
 732 04ad 73060000 		.4byte	.LASF89
 733 04b1 07       		.byte	0x7
 734 04b2 0405     		.2byte	0x504
 735 04b4 CA000000 		.4byte	0xca
 736 04b8 74       		.byte	0x74
 737 04b9 00       		.byte	0
 738 04ba 13       		.uleb128 0x13
 739 04bb CA000000 		.4byte	0xca
 740 04bf CA040000 		.4byte	0x4ca
 741 04c3 14       		.uleb128 0x14
 742 04c4 95000000 		.4byte	0x95
 743 04c8 0F       		.byte	0xf
 744 04c9 00       		.byte	0
 745 04ca 0D       		.uleb128 0xd
 746 04cb 8B000000 		.4byte	.LASF90
 747 04cf 07       		.byte	0x7
 748 04d0 0505     		.2byte	0x505
 749 04d2 ED030000 		.4byte	0x3ed
 750 04d6 12       		.uleb128 0x12
 751 04d7 02       		.byte	0x2
 752 04d8 08       		.byte	0x8
 753 04d9 5B01     		.2byte	0x15b
 754 04db FA040000 		.4byte	0x4fa
 755 04df 0F       		.uleb128 0xf
 756 04e0 89080000 		.4byte	.LASF91
ARM GAS  C:\Users\ADMINI~1\AppData\Local\Temp\ccvI4J6e.s 			page 17


 757 04e4 08       		.byte	0x8
 758 04e5 6501     		.2byte	0x165
 759 04e7 B4000000 		.4byte	0xb4
 760 04eb 00       		.byte	0
 761 04ec 0F       		.uleb128 0xf
 762 04ed B5030000 		.4byte	.LASF92
 763 04f1 08       		.byte	0x8
 764 04f2 6901     		.2byte	0x169
 765 04f4 B4000000 		.4byte	0xb4
 766 04f8 01       		.byte	0x1
 767 04f9 00       		.byte	0
 768 04fa 0D       		.uleb128 0xd
 769 04fb 35000000 		.4byte	.LASF93
 770 04ff 08       		.byte	0x8
 771 0500 6B01     		.2byte	0x16b
 772 0502 D6040000 		.4byte	0x4d6
 773 0506 15       		.uleb128 0x15
 774 0507 01       		.byte	0x1
 775 0508 37000000 		.4byte	0x37
 776 050c 09       		.byte	0x9
 777 050d 7E       		.byte	0x7e
 778 050e 2B050000 		.4byte	0x52b
 779 0512 11       		.uleb128 0x11
 780 0513 F4070000 		.4byte	.LASF94
 781 0517 00       		.byte	0
 782 0518 11       		.uleb128 0x11
 783 0519 F2030000 		.4byte	.LASF95
 784 051d 01       		.byte	0x1
 785 051e 11       		.uleb128 0x11
 786 051f CC070000 		.4byte	.LASF96
 787 0523 02       		.byte	0x2
 788 0524 11       		.uleb128 0x11
 789 0525 18010000 		.4byte	.LASF97
 790 0529 03       		.byte	0x3
 791 052a 00       		.byte	0
 792 052b 03       		.uleb128 0x3
 793 052c 8F010000 		.4byte	.LASF98
 794 0530 09       		.byte	0x9
 795 0531 83       		.byte	0x83
 796 0532 06050000 		.4byte	0x506
 797 0536 15       		.uleb128 0x15
 798 0537 01       		.byte	0x1
 799 0538 37000000 		.4byte	0x37
 800 053c 09       		.byte	0x9
 801 053d 87       		.byte	0x87
 802 053e 73050000 		.4byte	0x573
 803 0542 11       		.uleb128 0x11
 804 0543 7C070000 		.4byte	.LASF99
 805 0547 00       		.byte	0
 806 0548 11       		.uleb128 0x11
 807 0549 EE080000 		.4byte	.LASF100
 808 054d 01       		.byte	0x1
 809 054e 11       		.uleb128 0x11
 810 054f 6E020000 		.4byte	.LASF101
 811 0553 02       		.byte	0x2
 812 0554 11       		.uleb128 0x11
 813 0555 01070000 		.4byte	.LASF102
ARM GAS  C:\Users\ADMINI~1\AppData\Local\Temp\ccvI4J6e.s 			page 18


 814 0559 03       		.byte	0x3
 815 055a 11       		.uleb128 0x11
 816 055b EF010000 		.4byte	.LASF103
 817 055f 04       		.byte	0x4
 818 0560 11       		.uleb128 0x11
 819 0561 3F050000 		.4byte	.LASF104
 820 0565 05       		.byte	0x5
 821 0566 11       		.uleb128 0x11
 822 0567 EA050000 		.4byte	.LASF105
 823 056b 06       		.byte	0x6
 824 056c 11       		.uleb128 0x11
 825 056d FD040000 		.4byte	.LASF106
 826 0571 07       		.byte	0x7
 827 0572 00       		.byte	0
 828 0573 03       		.uleb128 0x3
 829 0574 DB030000 		.4byte	.LASF107
 830 0578 09       		.byte	0x9
 831 0579 90       		.byte	0x90
 832 057a 36050000 		.4byte	0x536
 833 057e 16       		.uleb128 0x16
 834 057f 14       		.byte	0x14
 835 0580 0A       		.byte	0xa
 836 0581 3B       		.byte	0x3b
 837 0582 C3050000 		.4byte	0x5c3
 838 0586 0A       		.uleb128 0xa
 839 0587 7D080000 		.4byte	.LASF108
 840 058b 0A       		.byte	0xa
 841 058c 3D       		.byte	0x3d
 842 058d CA000000 		.4byte	0xca
 843 0591 00       		.byte	0
 844 0592 0A       		.uleb128 0xa
 845 0593 30030000 		.4byte	.LASF109
 846 0597 0A       		.byte	0xa
 847 0598 3E       		.byte	0x3e
 848 0599 CA000000 		.4byte	0xca
 849 059d 04       		.byte	0x4
 850 059e 0A       		.uleb128 0xa
 851 059f 3C020000 		.4byte	.LASF110
 852 05a3 0A       		.byte	0xa
 853 05a4 3F       		.byte	0x3f
 854 05a5 C3050000 		.4byte	0x5c3
 855 05a9 08       		.byte	0x8
 856 05aa 0A       		.uleb128 0xa
 857 05ab C4030000 		.4byte	.LASF111
 858 05af 0A       		.byte	0xa
 859 05b0 40       		.byte	0x40
 860 05b1 CA000000 		.4byte	0xca
 861 05b5 0C       		.byte	0xc
 862 05b6 0A       		.uleb128 0xa
 863 05b7 0D010000 		.4byte	.LASF112
 864 05bb 0A       		.byte	0xa
 865 05bc 45       		.byte	0x45
 866 05bd CA000000 		.4byte	0xca
 867 05c1 10       		.byte	0x10
 868 05c2 00       		.byte	0
 869 05c3 06       		.uleb128 0x6
 870 05c4 04       		.byte	0x4
ARM GAS  C:\Users\ADMINI~1\AppData\Local\Temp\ccvI4J6e.s 			page 19


 871 05c5 C9050000 		.4byte	0x5c9
 872 05c9 07       		.uleb128 0x7
 873 05ca CA040000 		.4byte	0x4ca
 874 05ce 03       		.uleb128 0x3
 875 05cf 11040000 		.4byte	.LASF113
 876 05d3 0A       		.byte	0xa
 877 05d4 48       		.byte	0x48
 878 05d5 7E050000 		.4byte	0x57e
 879 05d9 17       		.uleb128 0x17
 880 05da AE030000 		.4byte	.LASF114
 881 05de 01       		.byte	0x1
 882 05df 4F       		.byte	0x4f
 883 05e0 7E000000 		.4byte	0x7e
 884 05e4 00000000 		.4byte	.LFB730
 885 05e8 22000000 		.4byte	.LFE730-.LFB730
 886 05ec 01       		.uleb128 0x1
 887 05ed 9C       		.byte	0x9c
 888 05ee 37060000 		.4byte	0x637
 889 05f2 18       		.uleb128 0x18
 890 05f3 666400   		.ascii	"fd\000"
 891 05f6 01       		.byte	0x1
 892 05f7 4F       		.byte	0x4f
 893 05f8 7E000000 		.4byte	0x7e
 894 05fc 00000000 		.4byte	.LLST0
 895 0600 18       		.uleb128 0x18
 896 0601 70747200 		.ascii	"ptr\000"
 897 0605 01       		.byte	0x1
 898 0606 4F       		.byte	0x4f
 899 0607 A9000000 		.4byte	0xa9
 900 060b 3A000000 		.4byte	.LLST1
 901 060f 18       		.uleb128 0x18
 902 0610 6C656E00 		.ascii	"len\000"
 903 0614 01       		.byte	0x1
 904 0615 4F       		.byte	0x4f
 905 0616 7E000000 		.4byte	0x7e
 906 061a 86000000 		.4byte	.LLST2
 907 061e 19       		.uleb128 0x19
 908 061f 84000000 		.4byte	.LASF116
 909 0623 01       		.byte	0x1
 910 0624 51       		.byte	0x51
 911 0625 7E000000 		.4byte	0x7e
 912 0629 C8000000 		.4byte	.LLST3
 913 062d 1A       		.uleb128 0x1a
 914 062e 10000000 		.4byte	.LVL4
 915 0632 4E070000 		.4byte	0x74e
 916 0636 00       		.byte	0
 917 0637 17       		.uleb128 0x17
 918 0638 51020000 		.4byte	.LASF115
 919 063c 01       		.byte	0x1
 920 063d 85       		.byte	0x85
 921 063e 7E000000 		.4byte	0x7e
 922 0642 00000000 		.4byte	.LFB731
 923 0646 28000000 		.4byte	.LFE731-.LFB731
 924 064a 01       		.uleb128 0x1
 925 064b 9C       		.byte	0x9c
 926 064c 95060000 		.4byte	0x695
 927 0650 18       		.uleb128 0x18
ARM GAS  C:\Users\ADMINI~1\AppData\Local\Temp\ccvI4J6e.s 			page 20


 928 0651 666400   		.ascii	"fd\000"
 929 0654 01       		.byte	0x1
 930 0655 85       		.byte	0x85
 931 0656 7E000000 		.4byte	0x7e
 932 065a FE000000 		.4byte	.LLST4
 933 065e 18       		.uleb128 0x18
 934 065f 70747200 		.ascii	"ptr\000"
 935 0663 01       		.byte	0x1
 936 0664 85       		.byte	0x85
 937 0665 9C000000 		.4byte	0x9c
 938 0669 38010000 		.4byte	.LLST5
 939 066d 18       		.uleb128 0x18
 940 066e 6C656E00 		.ascii	"len\000"
 941 0672 01       		.byte	0x1
 942 0673 85       		.byte	0x85
 943 0674 7E000000 		.4byte	0x7e
 944 0678 6C010000 		.4byte	.LLST6
 945 067c 19       		.uleb128 0x19
 946 067d 84000000 		.4byte	.LASF116
 947 0681 01       		.byte	0x1
 948 0682 87       		.byte	0x87
 949 0683 7E000000 		.4byte	0x7e
 950 0687 AE010000 		.4byte	.LLST7
 951 068b 1A       		.uleb128 0x1a
 952 068c 0C000000 		.4byte	.LVL12
 953 0690 59070000 		.4byte	0x759
 954 0694 00       		.byte	0
 955 0695 1B       		.uleb128 0x1b
 956 0696 8E050000 		.4byte	.LASF117
 957 069a 0B       		.byte	0xb
 958 069b EA07     		.2byte	0x7ea
 959 069d A1060000 		.4byte	0x6a1
 960 06a1 08       		.uleb128 0x8
 961 06a2 BF000000 		.4byte	0xbf
 962 06a6 1B       		.uleb128 0x1b
 963 06a7 CF060000 		.4byte	.LASF118
 964 06ab 09       		.byte	0x9
 965 06ac 2202     		.2byte	0x222
 966 06ae 2B050000 		.4byte	0x52b
 967 06b2 13       		.uleb128 0x13
 968 06b3 FA040000 		.4byte	0x4fa
 969 06b7 C2060000 		.4byte	0x6c2
 970 06bb 14       		.uleb128 0x14
 971 06bc 95000000 		.4byte	0x95
 972 06c0 00       		.byte	0
 973 06c1 00       		.byte	0
 974 06c2 1B       		.uleb128 0x1b
 975 06c3 A5070000 		.4byte	.LASF119
 976 06c7 09       		.byte	0x9
 977 06c8 2C02     		.2byte	0x22c
 978 06ca B2060000 		.4byte	0x6b2
 979 06ce 13       		.uleb128 0x13
 980 06cf 73050000 		.4byte	0x573
 981 06d3 DE060000 		.4byte	0x6de
 982 06d7 14       		.uleb128 0x14
 983 06d8 95000000 		.4byte	0x95
 984 06dc 00       		.byte	0
ARM GAS  C:\Users\ADMINI~1\AppData\Local\Temp\ccvI4J6e.s 			page 21


 985 06dd 00       		.byte	0
 986 06de 1B       		.uleb128 0x1b
 987 06df EF020000 		.4byte	.LASF120
 988 06e3 09       		.byte	0x9
 989 06e4 2D02     		.2byte	0x22d
 990 06e6 CE060000 		.4byte	0x6ce
 991 06ea 1B       		.uleb128 0x1b
 992 06eb AC060000 		.4byte	.LASF121
 993 06ef 09       		.byte	0x9
 994 06f0 5202     		.2byte	0x252
 995 06f2 B4000000 		.4byte	0xb4
 996 06f6 1C       		.uleb128 0x1c
 997 06f7 9C020000 		.4byte	.LASF122
 998 06fb 0C       		.byte	0xc
 999 06fc 87       		.byte	0x87
 1000 06fd AF030000 		.4byte	0x3af
 1001 0701 1C       		.uleb128 0x1c
 1002 0702 A1060000 		.4byte	.LASF123
 1003 0706 0D       		.byte	0xd
 1004 0707 1F       		.byte	0x1f
 1005 0708 0C070000 		.4byte	0x70c
 1006 070c 07       		.uleb128 0x7
 1007 070d 28020000 		.4byte	0x228
 1008 0711 1C       		.uleb128 0x1c
 1009 0712 C0050000 		.4byte	.LASF124
 1010 0716 0E       		.byte	0xe
 1011 0717 5E       		.byte	0x5e
 1012 0718 D3020000 		.4byte	0x2d3
 1013 071c 1B       		.uleb128 0x1b
 1014 071d 5F060000 		.4byte	.LASF125
 1015 0721 0A       		.byte	0xa
 1016 0722 6001     		.2byte	0x160
 1017 0724 CA000000 		.4byte	0xca
 1018 0728 13       		.uleb128 0x13
 1019 0729 38070000 		.4byte	0x738
 1020 072d 38070000 		.4byte	0x738
 1021 0731 14       		.uleb128 0x14
 1022 0732 95000000 		.4byte	0x95
 1023 0736 00       		.byte	0
 1024 0737 00       		.byte	0
 1025 0738 07       		.uleb128 0x7
 1026 0739 CE050000 		.4byte	0x5ce
 1027 073d 1B       		.uleb128 0x1b
 1028 073e D3020000 		.4byte	.LASF126
 1029 0742 0A       		.byte	0xa
 1030 0743 6401     		.2byte	0x164
 1031 0745 49070000 		.4byte	0x749
 1032 0749 07       		.uleb128 0x7
 1033 074a 28070000 		.4byte	0x728
 1034 074e 1D       		.uleb128 0x1d
 1035 074f D4010000 		.4byte	.LASF127
 1036 0753 D4010000 		.4byte	.LASF127
 1037 0757 0F       		.byte	0xf
 1038 0758 9E       		.byte	0x9e
 1039 0759 1D       		.uleb128 0x1d
 1040 075a 2E020000 		.4byte	.LASF128
 1041 075e 2E020000 		.4byte	.LASF128
ARM GAS  C:\Users\ADMINI~1\AppData\Local\Temp\ccvI4J6e.s 			page 22


 1042 0762 0F       		.byte	0xf
 1043 0763 A2       		.byte	0xa2
 1044 0764 00       		.byte	0
 1045              		.section	.debug_abbrev,"",%progbits
 1046              	.Ldebug_abbrev0:
 1047 0000 01       		.uleb128 0x1
 1048 0001 11       		.uleb128 0x11
 1049 0002 01       		.byte	0x1
 1050 0003 25       		.uleb128 0x25
 1051 0004 0E       		.uleb128 0xe
 1052 0005 13       		.uleb128 0x13
 1053 0006 0B       		.uleb128 0xb
 1054 0007 03       		.uleb128 0x3
 1055 0008 0E       		.uleb128 0xe
 1056 0009 1B       		.uleb128 0x1b
 1057 000a 0E       		.uleb128 0xe
 1058 000b 55       		.uleb128 0x55
 1059 000c 17       		.uleb128 0x17
 1060 000d 11       		.uleb128 0x11
 1061 000e 01       		.uleb128 0x1
 1062 000f 10       		.uleb128 0x10
 1063 0010 17       		.uleb128 0x17
 1064 0011 00       		.byte	0
 1065 0012 00       		.byte	0
 1066 0013 02       		.uleb128 0x2
 1067 0014 24       		.uleb128 0x24
 1068 0015 00       		.byte	0
 1069 0016 0B       		.uleb128 0xb
 1070 0017 0B       		.uleb128 0xb
 1071 0018 3E       		.uleb128 0x3e
 1072 0019 0B       		.uleb128 0xb
 1073 001a 03       		.uleb128 0x3
 1074 001b 0E       		.uleb128 0xe
 1075 001c 00       		.byte	0
 1076 001d 00       		.byte	0
 1077 001e 03       		.uleb128 0x3
 1078 001f 16       		.uleb128 0x16
 1079 0020 00       		.byte	0
 1080 0021 03       		.uleb128 0x3
 1081 0022 0E       		.uleb128 0xe
 1082 0023 3A       		.uleb128 0x3a
 1083 0024 0B       		.uleb128 0xb
 1084 0025 3B       		.uleb128 0x3b
 1085 0026 0B       		.uleb128 0xb
 1086 0027 49       		.uleb128 0x49
 1087 0028 13       		.uleb128 0x13
 1088 0029 00       		.byte	0
 1089 002a 00       		.byte	0
 1090 002b 04       		.uleb128 0x4
 1091 002c 24       		.uleb128 0x24
 1092 002d 00       		.byte	0
 1093 002e 0B       		.uleb128 0xb
 1094 002f 0B       		.uleb128 0xb
 1095 0030 3E       		.uleb128 0x3e
 1096 0031 0B       		.uleb128 0xb
 1097 0032 03       		.uleb128 0x3
 1098 0033 08       		.uleb128 0x8
ARM GAS  C:\Users\ADMINI~1\AppData\Local\Temp\ccvI4J6e.s 			page 23


 1099 0034 00       		.byte	0
 1100 0035 00       		.byte	0
 1101 0036 05       		.uleb128 0x5
 1102 0037 0F       		.uleb128 0xf
 1103 0038 00       		.byte	0
 1104 0039 0B       		.uleb128 0xb
 1105 003a 0B       		.uleb128 0xb
 1106 003b 00       		.byte	0
 1107 003c 00       		.byte	0
 1108 003d 06       		.uleb128 0x6
 1109 003e 0F       		.uleb128 0xf
 1110 003f 00       		.byte	0
 1111 0040 0B       		.uleb128 0xb
 1112 0041 0B       		.uleb128 0xb
 1113 0042 49       		.uleb128 0x49
 1114 0043 13       		.uleb128 0x13
 1115 0044 00       		.byte	0
 1116 0045 00       		.byte	0
 1117 0046 07       		.uleb128 0x7
 1118 0047 26       		.uleb128 0x26
 1119 0048 00       		.byte	0
 1120 0049 49       		.uleb128 0x49
 1121 004a 13       		.uleb128 0x13
 1122 004b 00       		.byte	0
 1123 004c 00       		.byte	0
 1124 004d 08       		.uleb128 0x8
 1125 004e 35       		.uleb128 0x35
 1126 004f 00       		.byte	0
 1127 0050 49       		.uleb128 0x49
 1128 0051 13       		.uleb128 0x13
 1129 0052 00       		.byte	0
 1130 0053 00       		.byte	0
 1131 0054 09       		.uleb128 0x9
 1132 0055 13       		.uleb128 0x13
 1133 0056 01       		.byte	0x1
 1134 0057 03       		.uleb128 0x3
 1135 0058 0E       		.uleb128 0xe
 1136 0059 0B       		.uleb128 0xb
 1137 005a 0B       		.uleb128 0xb
 1138 005b 3A       		.uleb128 0x3a
 1139 005c 0B       		.uleb128 0xb
 1140 005d 3B       		.uleb128 0x3b
 1141 005e 0B       		.uleb128 0xb
 1142 005f 01       		.uleb128 0x1
 1143 0060 13       		.uleb128 0x13
 1144 0061 00       		.byte	0
 1145 0062 00       		.byte	0
 1146 0063 0A       		.uleb128 0xa
 1147 0064 0D       		.uleb128 0xd
 1148 0065 00       		.byte	0
 1149 0066 03       		.uleb128 0x3
 1150 0067 0E       		.uleb128 0xe
 1151 0068 3A       		.uleb128 0x3a
 1152 0069 0B       		.uleb128 0xb
 1153 006a 3B       		.uleb128 0x3b
 1154 006b 0B       		.uleb128 0xb
 1155 006c 49       		.uleb128 0x49
ARM GAS  C:\Users\ADMINI~1\AppData\Local\Temp\ccvI4J6e.s 			page 24


 1156 006d 13       		.uleb128 0x13
 1157 006e 38       		.uleb128 0x38
 1158 006f 0B       		.uleb128 0xb
 1159 0070 00       		.byte	0
 1160 0071 00       		.byte	0
 1161 0072 0B       		.uleb128 0xb
 1162 0073 15       		.uleb128 0x15
 1163 0074 01       		.byte	0x1
 1164 0075 27       		.uleb128 0x27
 1165 0076 19       		.uleb128 0x19
 1166 0077 01       		.uleb128 0x1
 1167 0078 13       		.uleb128 0x13
 1168 0079 00       		.byte	0
 1169 007a 00       		.byte	0
 1170 007b 0C       		.uleb128 0xc
 1171 007c 05       		.uleb128 0x5
 1172 007d 00       		.byte	0
 1173 007e 49       		.uleb128 0x49
 1174 007f 13       		.uleb128 0x13
 1175 0080 00       		.byte	0
 1176 0081 00       		.byte	0
 1177 0082 0D       		.uleb128 0xd
 1178 0083 16       		.uleb128 0x16
 1179 0084 00       		.byte	0
 1180 0085 03       		.uleb128 0x3
 1181 0086 0E       		.uleb128 0xe
 1182 0087 3A       		.uleb128 0x3a
 1183 0088 0B       		.uleb128 0xb
 1184 0089 3B       		.uleb128 0x3b
 1185 008a 05       		.uleb128 0x5
 1186 008b 49       		.uleb128 0x49
 1187 008c 13       		.uleb128 0x13
 1188 008d 00       		.byte	0
 1189 008e 00       		.byte	0
 1190 008f 0E       		.uleb128 0xe
 1191 0090 13       		.uleb128 0x13
 1192 0091 01       		.byte	0x1
 1193 0092 03       		.uleb128 0x3
 1194 0093 0E       		.uleb128 0xe
 1195 0094 0B       		.uleb128 0xb
 1196 0095 0B       		.uleb128 0xb
 1197 0096 3A       		.uleb128 0x3a
 1198 0097 0B       		.uleb128 0xb
 1199 0098 3B       		.uleb128 0x3b
 1200 0099 05       		.uleb128 0x5
 1201 009a 01       		.uleb128 0x1
 1202 009b 13       		.uleb128 0x13
 1203 009c 00       		.byte	0
 1204 009d 00       		.byte	0
 1205 009e 0F       		.uleb128 0xf
 1206 009f 0D       		.uleb128 0xd
 1207 00a0 00       		.byte	0
 1208 00a1 03       		.uleb128 0x3
 1209 00a2 0E       		.uleb128 0xe
 1210 00a3 3A       		.uleb128 0x3a
 1211 00a4 0B       		.uleb128 0xb
 1212 00a5 3B       		.uleb128 0x3b
ARM GAS  C:\Users\ADMINI~1\AppData\Local\Temp\ccvI4J6e.s 			page 25


 1213 00a6 05       		.uleb128 0x5
 1214 00a7 49       		.uleb128 0x49
 1215 00a8 13       		.uleb128 0x13
 1216 00a9 38       		.uleb128 0x38
 1217 00aa 0B       		.uleb128 0xb
 1218 00ab 00       		.byte	0
 1219 00ac 00       		.byte	0
 1220 00ad 10       		.uleb128 0x10
 1221 00ae 04       		.uleb128 0x4
 1222 00af 01       		.byte	0x1
 1223 00b0 0B       		.uleb128 0xb
 1224 00b1 0B       		.uleb128 0xb
 1225 00b2 49       		.uleb128 0x49
 1226 00b3 13       		.uleb128 0x13
 1227 00b4 3A       		.uleb128 0x3a
 1228 00b5 0B       		.uleb128 0xb
 1229 00b6 3B       		.uleb128 0x3b
 1230 00b7 05       		.uleb128 0x5
 1231 00b8 01       		.uleb128 0x1
 1232 00b9 13       		.uleb128 0x13
 1233 00ba 00       		.byte	0
 1234 00bb 00       		.byte	0
 1235 00bc 11       		.uleb128 0x11
 1236 00bd 28       		.uleb128 0x28
 1237 00be 00       		.byte	0
 1238 00bf 03       		.uleb128 0x3
 1239 00c0 0E       		.uleb128 0xe
 1240 00c1 1C       		.uleb128 0x1c
 1241 00c2 0B       		.uleb128 0xb
 1242 00c3 00       		.byte	0
 1243 00c4 00       		.byte	0
 1244 00c5 12       		.uleb128 0x12
 1245 00c6 13       		.uleb128 0x13
 1246 00c7 01       		.byte	0x1
 1247 00c8 0B       		.uleb128 0xb
 1248 00c9 0B       		.uleb128 0xb
 1249 00ca 3A       		.uleb128 0x3a
 1250 00cb 0B       		.uleb128 0xb
 1251 00cc 3B       		.uleb128 0x3b
 1252 00cd 05       		.uleb128 0x5
 1253 00ce 01       		.uleb128 0x1
 1254 00cf 13       		.uleb128 0x13
 1255 00d0 00       		.byte	0
 1256 00d1 00       		.byte	0
 1257 00d2 13       		.uleb128 0x13
 1258 00d3 01       		.uleb128 0x1
 1259 00d4 01       		.byte	0x1
 1260 00d5 49       		.uleb128 0x49
 1261 00d6 13       		.uleb128 0x13
 1262 00d7 01       		.uleb128 0x1
 1263 00d8 13       		.uleb128 0x13
 1264 00d9 00       		.byte	0
 1265 00da 00       		.byte	0
 1266 00db 14       		.uleb128 0x14
 1267 00dc 21       		.uleb128 0x21
 1268 00dd 00       		.byte	0
 1269 00de 49       		.uleb128 0x49
ARM GAS  C:\Users\ADMINI~1\AppData\Local\Temp\ccvI4J6e.s 			page 26


 1270 00df 13       		.uleb128 0x13
 1271 00e0 2F       		.uleb128 0x2f
 1272 00e1 0B       		.uleb128 0xb
 1273 00e2 00       		.byte	0
 1274 00e3 00       		.byte	0
 1275 00e4 15       		.uleb128 0x15
 1276 00e5 04       		.uleb128 0x4
 1277 00e6 01       		.byte	0x1
 1278 00e7 0B       		.uleb128 0xb
 1279 00e8 0B       		.uleb128 0xb
 1280 00e9 49       		.uleb128 0x49
 1281 00ea 13       		.uleb128 0x13
 1282 00eb 3A       		.uleb128 0x3a
 1283 00ec 0B       		.uleb128 0xb
 1284 00ed 3B       		.uleb128 0x3b
 1285 00ee 0B       		.uleb128 0xb
 1286 00ef 01       		.uleb128 0x1
 1287 00f0 13       		.uleb128 0x13
 1288 00f1 00       		.byte	0
 1289 00f2 00       		.byte	0
 1290 00f3 16       		.uleb128 0x16
 1291 00f4 13       		.uleb128 0x13
 1292 00f5 01       		.byte	0x1
 1293 00f6 0B       		.uleb128 0xb
 1294 00f7 0B       		.uleb128 0xb
 1295 00f8 3A       		.uleb128 0x3a
 1296 00f9 0B       		.uleb128 0xb
 1297 00fa 3B       		.uleb128 0x3b
 1298 00fb 0B       		.uleb128 0xb
 1299 00fc 01       		.uleb128 0x1
 1300 00fd 13       		.uleb128 0x13
 1301 00fe 00       		.byte	0
 1302 00ff 00       		.byte	0
 1303 0100 17       		.uleb128 0x17
 1304 0101 2E       		.uleb128 0x2e
 1305 0102 01       		.byte	0x1
 1306 0103 3F       		.uleb128 0x3f
 1307 0104 19       		.uleb128 0x19
 1308 0105 03       		.uleb128 0x3
 1309 0106 0E       		.uleb128 0xe
 1310 0107 3A       		.uleb128 0x3a
 1311 0108 0B       		.uleb128 0xb
 1312 0109 3B       		.uleb128 0x3b
 1313 010a 0B       		.uleb128 0xb
 1314 010b 27       		.uleb128 0x27
 1315 010c 19       		.uleb128 0x19
 1316 010d 49       		.uleb128 0x49
 1317 010e 13       		.uleb128 0x13
 1318 010f 11       		.uleb128 0x11
 1319 0110 01       		.uleb128 0x1
 1320 0111 12       		.uleb128 0x12
 1321 0112 06       		.uleb128 0x6
 1322 0113 40       		.uleb128 0x40
 1323 0114 18       		.uleb128 0x18
 1324 0115 9742     		.uleb128 0x2117
 1325 0117 19       		.uleb128 0x19
 1326 0118 01       		.uleb128 0x1
ARM GAS  C:\Users\ADMINI~1\AppData\Local\Temp\ccvI4J6e.s 			page 27


 1327 0119 13       		.uleb128 0x13
 1328 011a 00       		.byte	0
 1329 011b 00       		.byte	0
 1330 011c 18       		.uleb128 0x18
 1331 011d 05       		.uleb128 0x5
 1332 011e 00       		.byte	0
 1333 011f 03       		.uleb128 0x3
 1334 0120 08       		.uleb128 0x8
 1335 0121 3A       		.uleb128 0x3a
 1336 0122 0B       		.uleb128 0xb
 1337 0123 3B       		.uleb128 0x3b
 1338 0124 0B       		.uleb128 0xb
 1339 0125 49       		.uleb128 0x49
 1340 0126 13       		.uleb128 0x13
 1341 0127 02       		.uleb128 0x2
 1342 0128 17       		.uleb128 0x17
 1343 0129 00       		.byte	0
 1344 012a 00       		.byte	0
 1345 012b 19       		.uleb128 0x19
 1346 012c 34       		.uleb128 0x34
 1347 012d 00       		.byte	0
 1348 012e 03       		.uleb128 0x3
 1349 012f 0E       		.uleb128 0xe
 1350 0130 3A       		.uleb128 0x3a
 1351 0131 0B       		.uleb128 0xb
 1352 0132 3B       		.uleb128 0x3b
 1353 0133 0B       		.uleb128 0xb
 1354 0134 49       		.uleb128 0x49
 1355 0135 13       		.uleb128 0x13
 1356 0136 02       		.uleb128 0x2
 1357 0137 17       		.uleb128 0x17
 1358 0138 00       		.byte	0
 1359 0139 00       		.byte	0
 1360 013a 1A       		.uleb128 0x1a
 1361 013b 898201   		.uleb128 0x4109
 1362 013e 00       		.byte	0
 1363 013f 11       		.uleb128 0x11
 1364 0140 01       		.uleb128 0x1
 1365 0141 31       		.uleb128 0x31
 1366 0142 13       		.uleb128 0x13
 1367 0143 00       		.byte	0
 1368 0144 00       		.byte	0
 1369 0145 1B       		.uleb128 0x1b
 1370 0146 34       		.uleb128 0x34
 1371 0147 00       		.byte	0
 1372 0148 03       		.uleb128 0x3
 1373 0149 0E       		.uleb128 0xe
 1374 014a 3A       		.uleb128 0x3a
 1375 014b 0B       		.uleb128 0xb
 1376 014c 3B       		.uleb128 0x3b
 1377 014d 05       		.uleb128 0x5
 1378 014e 49       		.uleb128 0x49
 1379 014f 13       		.uleb128 0x13
 1380 0150 3F       		.uleb128 0x3f
 1381 0151 19       		.uleb128 0x19
 1382 0152 3C       		.uleb128 0x3c
 1383 0153 19       		.uleb128 0x19
ARM GAS  C:\Users\ADMINI~1\AppData\Local\Temp\ccvI4J6e.s 			page 28


 1384 0154 00       		.byte	0
 1385 0155 00       		.byte	0
 1386 0156 1C       		.uleb128 0x1c
 1387 0157 34       		.uleb128 0x34
 1388 0158 00       		.byte	0
 1389 0159 03       		.uleb128 0x3
 1390 015a 0E       		.uleb128 0xe
 1391 015b 3A       		.uleb128 0x3a
 1392 015c 0B       		.uleb128 0xb
 1393 015d 3B       		.uleb128 0x3b
 1394 015e 0B       		.uleb128 0xb
 1395 015f 49       		.uleb128 0x49
 1396 0160 13       		.uleb128 0x13
 1397 0161 3F       		.uleb128 0x3f
 1398 0162 19       		.uleb128 0x19
 1399 0163 3C       		.uleb128 0x3c
 1400 0164 19       		.uleb128 0x19
 1401 0165 00       		.byte	0
 1402 0166 00       		.byte	0
 1403 0167 1D       		.uleb128 0x1d
 1404 0168 2E       		.uleb128 0x2e
 1405 0169 00       		.byte	0
 1406 016a 3F       		.uleb128 0x3f
 1407 016b 19       		.uleb128 0x19
 1408 016c 3C       		.uleb128 0x3c
 1409 016d 19       		.uleb128 0x19
 1410 016e 6E       		.uleb128 0x6e
 1411 016f 0E       		.uleb128 0xe
 1412 0170 03       		.uleb128 0x3
 1413 0171 0E       		.uleb128 0xe
 1414 0172 3A       		.uleb128 0x3a
 1415 0173 0B       		.uleb128 0xb
 1416 0174 3B       		.uleb128 0x3b
 1417 0175 0B       		.uleb128 0xb
 1418 0176 00       		.byte	0
 1419 0177 00       		.byte	0
 1420 0178 00       		.byte	0
 1421              		.section	.debug_loc,"",%progbits
 1422              	.Ldebug_loc0:
 1423              	.LLST0:
 1424 0000 00000000 		.4byte	.LVL0
 1425 0004 08000000 		.4byte	.LVL2
 1426 0008 0100     		.2byte	0x1
 1427 000a 50       		.byte	0x50
 1428 000b 08000000 		.4byte	.LVL2
 1429 000f 14000000 		.4byte	.LVL6
 1430 0013 0400     		.2byte	0x4
 1431 0015 F3       		.byte	0xf3
 1432 0016 01       		.uleb128 0x1
 1433 0017 50       		.byte	0x50
 1434 0018 9F       		.byte	0x9f
 1435 0019 14000000 		.4byte	.LVL6
 1436 001d 1A000000 		.4byte	.LVL7
 1437 0021 0100     		.2byte	0x1
 1438 0023 50       		.byte	0x50
 1439 0024 1A000000 		.4byte	.LVL7
 1440 0028 22000000 		.4byte	.LFE730
ARM GAS  C:\Users\ADMINI~1\AppData\Local\Temp\ccvI4J6e.s 			page 29


 1441 002c 0400     		.2byte	0x4
 1442 002e F3       		.byte	0xf3
 1443 002f 01       		.uleb128 0x1
 1444 0030 50       		.byte	0x50
 1445 0031 9F       		.byte	0x9f
 1446 0032 00000000 		.4byte	0
 1447 0036 00000000 		.4byte	0
 1448              	.LLST1:
 1449 003a 00000000 		.4byte	.LVL0
 1450 003e 08000000 		.4byte	.LVL2
 1451 0042 0100     		.2byte	0x1
 1452 0044 51       		.byte	0x51
 1453 0045 08000000 		.4byte	.LVL2
 1454 0049 0C000000 		.4byte	.LVL3
 1455 004d 0100     		.2byte	0x1
 1456 004f 55       		.byte	0x55
 1457 0050 0C000000 		.4byte	.LVL3
 1458 0054 10000000 		.4byte	.LVL4
 1459 0058 0300     		.2byte	0x3
 1460 005a 75       		.byte	0x75
 1461 005b 7F       		.sleb128 -1
 1462 005c 9F       		.byte	0x9f
 1463 005d 10000000 		.4byte	.LVL4
 1464 0061 14000000 		.4byte	.LVL6
 1465 0065 0100     		.2byte	0x1
 1466 0067 55       		.byte	0x55
 1467 0068 14000000 		.4byte	.LVL6
 1468 006c 1A000000 		.4byte	.LVL7
 1469 0070 0100     		.2byte	0x1
 1470 0072 51       		.byte	0x51
 1471 0073 1A000000 		.4byte	.LVL7
 1472 0077 1E000000 		.4byte	.LVL8
 1473 007b 0100     		.2byte	0x1
 1474 007d 55       		.byte	0x55
 1475 007e 00000000 		.4byte	0
 1476 0082 00000000 		.4byte	0
 1477              	.LLST2:
 1478 0086 00000000 		.4byte	.LVL0
 1479 008a 08000000 		.4byte	.LVL2
 1480 008e 0100     		.2byte	0x1
 1481 0090 52       		.byte	0x52
 1482 0091 08000000 		.4byte	.LVL2
 1483 0095 14000000 		.4byte	.LVL6
 1484 0099 0100     		.2byte	0x1
 1485 009b 56       		.byte	0x56
 1486 009c 14000000 		.4byte	.LVL6
 1487 00a0 1A000000 		.4byte	.LVL7
 1488 00a4 0100     		.2byte	0x1
 1489 00a6 52       		.byte	0x52
 1490 00a7 1A000000 		.4byte	.LVL7
 1491 00ab 1E000000 		.4byte	.LVL8
 1492 00af 0100     		.2byte	0x1
 1493 00b1 56       		.byte	0x56
 1494 00b2 1E000000 		.4byte	.LVL8
 1495 00b6 22000000 		.4byte	.LFE730
 1496 00ba 0400     		.2byte	0x4
 1497 00bc F3       		.byte	0xf3
ARM GAS  C:\Users\ADMINI~1\AppData\Local\Temp\ccvI4J6e.s 			page 30


 1498 00bd 01       		.uleb128 0x1
 1499 00be 52       		.byte	0x52
 1500 00bf 9F       		.byte	0x9f
 1501 00c0 00000000 		.4byte	0
 1502 00c4 00000000 		.4byte	0
 1503              	.LLST3:
 1504 00c8 02000000 		.4byte	.LVL1
 1505 00cc 08000000 		.4byte	.LVL2
 1506 00d0 0200     		.2byte	0x2
 1507 00d2 30       		.byte	0x30
 1508 00d3 9F       		.byte	0x9f
 1509 00d4 08000000 		.4byte	.LVL2
 1510 00d8 14000000 		.4byte	.LVL6
 1511 00dc 0100     		.2byte	0x1
 1512 00de 54       		.byte	0x54
 1513 00df 14000000 		.4byte	.LVL6
 1514 00e3 1A000000 		.4byte	.LVL7
 1515 00e7 0200     		.2byte	0x2
 1516 00e9 30       		.byte	0x30
 1517 00ea 9F       		.byte	0x9f
 1518 00eb 1A000000 		.4byte	.LVL7
 1519 00ef 22000000 		.4byte	.LFE730
 1520 00f3 0100     		.2byte	0x1
 1521 00f5 54       		.byte	0x54
 1522 00f6 00000000 		.4byte	0
 1523 00fa 00000000 		.4byte	0
 1524              	.LLST4:
 1525 00fe 00000000 		.4byte	.LVL9
 1526 0102 08000000 		.4byte	.LVL11
 1527 0106 0100     		.2byte	0x1
 1528 0108 50       		.byte	0x50
 1529 0109 08000000 		.4byte	.LVL11
 1530 010d 1A000000 		.4byte	.LVL15
 1531 0111 0400     		.2byte	0x4
 1532 0113 F3       		.byte	0xf3
 1533 0114 01       		.uleb128 0x1
 1534 0115 50       		.byte	0x50
 1535 0116 9F       		.byte	0x9f
 1536 0117 1A000000 		.4byte	.LVL15
 1537 011b 20000000 		.4byte	.LVL16
 1538 011f 0100     		.2byte	0x1
 1539 0121 50       		.byte	0x50
 1540 0122 20000000 		.4byte	.LVL16
 1541 0126 28000000 		.4byte	.LFE731
 1542 012a 0400     		.2byte	0x4
 1543 012c F3       		.byte	0xf3
 1544 012d 01       		.uleb128 0x1
 1545 012e 50       		.byte	0x50
 1546 012f 9F       		.byte	0x9f
 1547 0130 00000000 		.4byte	0
 1548 0134 00000000 		.4byte	0
 1549              	.LLST5:
 1550 0138 00000000 		.4byte	.LVL9
 1551 013c 08000000 		.4byte	.LVL11
 1552 0140 0100     		.2byte	0x1
 1553 0142 51       		.byte	0x51
 1554 0143 08000000 		.4byte	.LVL11
ARM GAS  C:\Users\ADMINI~1\AppData\Local\Temp\ccvI4J6e.s 			page 31


 1555 0147 1A000000 		.4byte	.LVL15
 1556 014b 0100     		.2byte	0x1
 1557 014d 55       		.byte	0x55
 1558 014e 1A000000 		.4byte	.LVL15
 1559 0152 20000000 		.4byte	.LVL16
 1560 0156 0100     		.2byte	0x1
 1561 0158 51       		.byte	0x51
 1562 0159 20000000 		.4byte	.LVL16
 1563 015d 24000000 		.4byte	.LVL17
 1564 0161 0100     		.2byte	0x1
 1565 0163 55       		.byte	0x55
 1566 0164 00000000 		.4byte	0
 1567 0168 00000000 		.4byte	0
 1568              	.LLST6:
 1569 016c 00000000 		.4byte	.LVL9
 1570 0170 08000000 		.4byte	.LVL11
 1571 0174 0100     		.2byte	0x1
 1572 0176 52       		.byte	0x52
 1573 0177 08000000 		.4byte	.LVL11
 1574 017b 1A000000 		.4byte	.LVL15
 1575 017f 0100     		.2byte	0x1
 1576 0181 56       		.byte	0x56
 1577 0182 1A000000 		.4byte	.LVL15
 1578 0186 20000000 		.4byte	.LVL16
 1579 018a 0100     		.2byte	0x1
 1580 018c 52       		.byte	0x52
 1581 018d 20000000 		.4byte	.LVL16
 1582 0191 24000000 		.4byte	.LVL17
 1583 0195 0100     		.2byte	0x1
 1584 0197 56       		.byte	0x56
 1585 0198 24000000 		.4byte	.LVL17
 1586 019c 28000000 		.4byte	.LFE731
 1587 01a0 0400     		.2byte	0x4
 1588 01a2 F3       		.byte	0xf3
 1589 01a3 01       		.uleb128 0x1
 1590 01a4 52       		.byte	0x52
 1591 01a5 9F       		.byte	0x9f
 1592 01a6 00000000 		.4byte	0
 1593 01aa 00000000 		.4byte	0
 1594              	.LLST7:
 1595 01ae 02000000 		.4byte	.LVL10
 1596 01b2 08000000 		.4byte	.LVL11
 1597 01b6 0200     		.2byte	0x2
 1598 01b8 30       		.byte	0x30
 1599 01b9 9F       		.byte	0x9f
 1600 01ba 08000000 		.4byte	.LVL11
 1601 01be 1A000000 		.4byte	.LVL15
 1602 01c2 0100     		.2byte	0x1
 1603 01c4 54       		.byte	0x54
 1604 01c5 1A000000 		.4byte	.LVL15
 1605 01c9 20000000 		.4byte	.LVL16
 1606 01cd 0200     		.2byte	0x2
 1607 01cf 30       		.byte	0x30
 1608 01d0 9F       		.byte	0x9f
 1609 01d1 20000000 		.4byte	.LVL16
 1610 01d5 28000000 		.4byte	.LFE731
 1611 01d9 0100     		.2byte	0x1
ARM GAS  C:\Users\ADMINI~1\AppData\Local\Temp\ccvI4J6e.s 			page 32


 1612 01db 54       		.byte	0x54
 1613 01dc 00000000 		.4byte	0
 1614 01e0 00000000 		.4byte	0
 1615              		.section	.debug_aranges,"",%progbits
 1616 0000 24000000 		.4byte	0x24
 1617 0004 0200     		.2byte	0x2
 1618 0006 00000000 		.4byte	.Ldebug_info0
 1619 000a 04       		.byte	0x4
 1620 000b 00       		.byte	0
 1621 000c 0000     		.2byte	0
 1622 000e 0000     		.2byte	0
 1623 0010 00000000 		.4byte	.LFB730
 1624 0014 22000000 		.4byte	.LFE730-.LFB730
 1625 0018 00000000 		.4byte	.LFB731
 1626 001c 28000000 		.4byte	.LFE731-.LFB731
 1627 0020 00000000 		.4byte	0
 1628 0024 00000000 		.4byte	0
 1629              		.section	.debug_ranges,"",%progbits
 1630              	.Ldebug_ranges0:
 1631 0000 00000000 		.4byte	.LFB730
 1632 0004 22000000 		.4byte	.LFE730
 1633 0008 00000000 		.4byte	.LFB731
 1634 000c 28000000 		.4byte	.LFE731
 1635 0010 00000000 		.4byte	0
 1636 0014 00000000 		.4byte	0
 1637              		.section	.debug_line,"",%progbits
 1638              	.Ldebug_line0:
 1639 0000 56030000 		.section	.debug_str,"MS",%progbits,1
 1639      02000603 
 1639      00000201 
 1639      FB0E0D00 
 1639      01010101 
 1640              	.LASF25:
 1641 0000 72756E4D 		.ascii	"runMode\000"
 1641      6F646500 
 1642              	.LASF43:
 1643 0008 6B696C6C 		.ascii	"killInput\000"
 1643      496E7075 
 1643      7400
 1644              	.LASF84:
 1645 0012 73617449 		.ascii	"satIntrMask\000"
 1645      6E74724D 
 1645      61736B00 
 1646              	.LASF23:
 1647 001e 70776D41 		.ascii	"pwmAlignment\000"
 1647      6C69676E 
 1647      6D656E74 
 1647      00
 1648              	.LASF4:
 1649 002b 5F5F7569 		.ascii	"__uint8_t\000"
 1649      6E74385F 
 1649      7400
 1650              	.LASF93:
 1651 0035 63795F73 		.ascii	"cy_stc_ble_conn_handle_t\000"
 1651      74635F62 
 1651      6C655F63 
 1651      6F6E6E5F 
ARM GAS  C:\Users\ADMINI~1\AppData\Local\Temp\ccvI4J6e.s 			page 33


 1651      68616E64 
 1652              	.LASF10:
 1653 004e 6C6F6E67 		.ascii	"long long unsigned int\000"
 1653      206C6F6E 
 1653      6720756E 
 1653      7369676E 
 1653      65642069 
 1654              	.LASF22:
 1655 0065 636C6F63 		.ascii	"clockPrescaler\000"
 1655      6B507265 
 1655      7363616C 
 1655      657200
 1656              	.LASF64:
 1657 0074 72785269 		.ascii	"rxRingBuf\000"
 1657      6E674275 
 1657      6600
 1658              	.LASF54:
 1659 007e 74784275 		.ascii	"txBuf\000"
 1659      6600
 1660              	.LASF116:
 1661 0084 6E436861 		.ascii	"nChars\000"
 1661      727300
 1662              	.LASF90:
 1663 008b 63795F73 		.ascii	"cy_stc_sar_config_t\000"
 1663      74635F73 
 1663      61725F63 
 1663      6F6E6669 
 1663      675F7400 
 1664              	.LASF9:
 1665 009f 6C6F6E67 		.ascii	"long long int\000"
 1665      206C6F6E 
 1665      6720696E 
 1665      7400
 1666              	.LASF0:
 1667 00ad 7369676E 		.ascii	"signed char\000"
 1667      65642063 
 1667      68617200 
 1668              	.LASF49:
 1669 00b9 63795F73 		.ascii	"cy_stc_scb_spi_context\000"
 1669      74635F73 
 1669      63625F73 
 1669      70695F63 
 1669      6F6E7465 
 1670              	.LASF69:
 1671 00d0 63795F73 		.ascii	"cy_stc_scb_uart_context_t\000"
 1671      74635F73 
 1671      63625F75 
 1671      6172745F 
 1671      636F6E74 
 1672              	.LASF74:
 1673 00ea 63795F65 		.ascii	"cy_en_sar_range_detect_condition_t\000"
 1673      6E5F7361 
 1673      725F7261 
 1673      6E67655F 
 1673      64657465 
 1674              	.LASF112:
 1675 010d 636C6B44 		.ascii	"clkDivider\000"
ARM GAS  C:\Users\ADMINI~1\AppData\Local\Temp\ccvI4J6e.s 			page 34


 1675      69766964 
 1675      657200
 1676              	.LASF97:
 1677 0118 43595F42 		.ascii	"CY_BLE_ADV_STATE_STOP_INITIATED\000"
 1677      4C455F41 
 1677      44565F53 
 1677      54415445 
 1677      5F53544F 
 1678              	.LASF47:
 1679 0138 63795F63 		.ascii	"cy_cb_scb_spi_handle_events_t\000"
 1679      625F7363 
 1679      625F7370 
 1679      695F6861 
 1679      6E646C65 
 1680              	.LASF48:
 1681 0156 63795F73 		.ascii	"cy_stc_tcpwm_pwm_config\000"
 1681      74635F74 
 1681      6370776D 
 1681      5F70776D 
 1681      5F636F6E 
 1682              	.LASF70:
 1683 016e 43595F53 		.ascii	"CY_SAR_RANGE_COND_BELOW\000"
 1683      41525F52 
 1683      414E4745 
 1683      5F434F4E 
 1683      445F4245 
 1684              	.LASF6:
 1685 0186 6C6F6E67 		.ascii	"long int\000"
 1685      20696E74 
 1685      00
 1686              	.LASF98:
 1687 018f 63795F65 		.ascii	"cy_en_ble_adv_state_t\000"
 1687      6E5F626C 
 1687      655F6164 
 1687      765F7374 
 1687      6174655F 
 1688              	.LASF87:
 1689 01a5 6D757853 		.ascii	"muxSwitchSqCtrl\000"
 1689      77697463 
 1689      68537143 
 1689      74726C00 
 1690              	.LASF72:
 1691 01b5 43595F53 		.ascii	"CY_SAR_RANGE_COND_ABOVE\000"
 1691      41525F52 
 1691      414E4745 
 1691      5F434F4E 
 1691      445F4142 
 1692              	.LASF19:
 1693 01cd 646F7562 		.ascii	"double\000"
 1693      6C6500
 1694              	.LASF127:
 1695 01d4 53544449 		.ascii	"STDIO_PutChar\000"
 1695      4F5F5075 
 1695      74436861 
 1695      7200
 1696              	.LASF77:
 1697 01e2 73616D70 		.ascii	"sampleTime01\000"
ARM GAS  C:\Users\ADMINI~1\AppData\Local\Temp\ccvI4J6e.s 			page 35


 1697      6C655469 
 1697      6D653031 
 1697      00
 1698              	.LASF103:
 1699 01ef 43595F42 		.ascii	"CY_BLE_CONN_STATE_CLIENT_INCL_DISCOVERING\000"
 1699      4C455F43 
 1699      4F4E4E5F 
 1699      53544154 
 1699      455F434C 
 1700              	.LASF52:
 1701 0219 72784275 		.ascii	"rxBufSize\000"
 1701      6653697A 
 1701      6500
 1702              	.LASF7:
 1703 0223 5F5F7569 		.ascii	"__uint32_t\000"
 1703      6E743332 
 1703      5F7400
 1704              	.LASF128:
 1705 022e 53544449 		.ascii	"STDIO_GetChar\000"
 1705      4F5F4765 
 1705      74436861 
 1705      7200
 1706              	.LASF110:
 1707 023c 6877436F 		.ascii	"hwConfigStc\000"
 1707      6E666967 
 1707      53746300 
 1708              	.LASF53:
 1709 0248 72784275 		.ascii	"rxBufIdx\000"
 1709      66496478 
 1709      00
 1710              	.LASF115:
 1711 0251 5F726561 		.ascii	"_read\000"
 1711      6400
 1712              	.LASF55:
 1713 0257 74784275 		.ascii	"txBufSize\000"
 1713      6653697A 
 1713      6500
 1714              	.LASF11:
 1715 0261 756E7369 		.ascii	"unsigned int\000"
 1715      676E6564 
 1715      20696E74 
 1715      00
 1716              	.LASF101:
 1717 026e 43595F42 		.ascii	"CY_BLE_CONN_STATE_CONNECTED\000"
 1717      4C455F43 
 1717      4F4E4E5F 
 1717      53544154 
 1717      455F434F 
 1718              	.LASF8:
 1719 028a 6C6F6E67 		.ascii	"long unsigned int\000"
 1719      20756E73 
 1719      69676E65 
 1719      6420696E 
 1719      7400
 1720              	.LASF122:
 1721 029c 55415254 		.ascii	"UART_context\000"
 1721      5F636F6E 
ARM GAS  C:\Users\ADMINI~1\AppData\Local\Temp\ccvI4J6e.s 			page 36


 1721      74657874 
 1721      00
 1722              	.LASF62:
 1723 02a9 74785374 		.ascii	"txStatus\000"
 1723      61747573 
 1723      00
 1724              	.LASF36:
 1725 02b2 73776170 		.ascii	"swapInputMode\000"
 1725      496E7075 
 1725      744D6F64 
 1725      6500
 1726              	.LASF3:
 1727 02c0 73686F72 		.ascii	"short unsigned int\000"
 1727      7420756E 
 1727      7369676E 
 1727      65642069 
 1727      6E7400
 1728              	.LASF126:
 1729 02d3 4144435F 		.ascii	"ADC_1_allConfigs\000"
 1729      315F616C 
 1729      6C436F6E 
 1729      66696773 
 1729      00
 1730              	.LASF79:
 1731 02e4 72616E67 		.ascii	"rangeThres\000"
 1731      65546872 
 1731      657300
 1732              	.LASF120:
 1733 02ef 63795F62 		.ascii	"cy_ble_connState\000"
 1733      6C655F63 
 1733      6F6E6E53 
 1733      74617465 
 1733      00
 1734              	.LASF42:
 1735 0300 6B696C6C 		.ascii	"killInputMode\000"
 1735      496E7075 
 1735      744D6F64 
 1735      6500
 1736              	.LASF57:
 1737 030e 63624576 		.ascii	"cbEvents\000"
 1737      656E7473 
 1737      00
 1738              	.LASF71:
 1739 0317 43595F53 		.ascii	"CY_SAR_RANGE_COND_INSIDE\000"
 1739      41525F52 
 1739      414E4745 
 1739      5F434F4E 
 1739      445F494E 
 1740              	.LASF109:
 1741 0330 6E756D43 		.ascii	"numChannels\000"
 1741      68616E6E 
 1741      656C7300 
 1742              	.LASF82:
 1743 033c 6368616E 		.ascii	"chanConfig\000"
 1743      436F6E66 
 1743      696700
 1744              	.LASF59:
ARM GAS  C:\Users\ADMINI~1\AppData\Local\Temp\ccvI4J6e.s 			page 37


 1745 0347 63795F73 		.ascii	"cy_stc_scb_spi_context_t\000"
 1745      74635F73 
 1745      63625F73 
 1745      70695F63 
 1745      6F6E7465 
 1746              	.LASF2:
 1747 0360 73686F72 		.ascii	"short int\000"
 1747      7420696E 
 1747      7400
 1748              	.LASF33:
 1749 036a 696E7665 		.ascii	"invertPWMOut\000"
 1749      72745057 
 1749      4D4F7574 
 1749      00
 1750              	.LASF24:
 1751 0377 64656164 		.ascii	"deadTimeClocks\000"
 1751      54696D65 
 1751      436C6F63 
 1751      6B7300
 1752              	.LASF66:
 1753 0386 72785269 		.ascii	"rxRingBufHead\000"
 1753      6E674275 
 1753      66486561 
 1753      6400
 1754              	.LASF44:
 1755 0394 636F756E 		.ascii	"countInputMode\000"
 1755      74496E70 
 1755      75744D6F 
 1755      646500
 1756              	.LASF41:
 1757 03a3 73746172 		.ascii	"startInput\000"
 1757      74496E70 
 1757      757400
 1758              	.LASF114:
 1759 03ae 5F777269 		.ascii	"_write\000"
 1759      746500
 1760              	.LASF92:
 1761 03b5 61747449 		.ascii	"attId\000"
 1761      6400
 1762              	.LASF13:
 1763 03bb 73697A65 		.ascii	"sizetype\000"
 1763      74797065 
 1763      00
 1764              	.LASF111:
 1765 03c4 6D697363 		.ascii	"miscConfig\000"
 1765      436F6E66 
 1765      696700
 1766              	.LASF12:
 1767 03cf 6C6F6E67 		.ascii	"long double\000"
 1767      20646F75 
 1767      626C6500 
 1768              	.LASF107:
 1769 03db 63795F65 		.ascii	"cy_en_ble_conn_state_t\000"
 1769      6E5F626C 
 1769      655F636F 
 1769      6E6E5F73 
 1769      74617465 
ARM GAS  C:\Users\ADMINI~1\AppData\Local\Temp\ccvI4J6e.s 			page 38


 1770              	.LASF95:
 1771 03f2 43595F42 		.ascii	"CY_BLE_ADV_STATE_ADV_INITIATED\000"
 1771      4C455F41 
 1771      44565F53 
 1771      54415445 
 1771      5F414456 
 1772              	.LASF113:
 1773 0411 4144435F 		.ascii	"ADC_1_CONFIG_STRUCT\000"
 1773      315F434F 
 1773      4E464947 
 1773      5F535452 
 1773      55435400 
 1774              	.LASF88:
 1775 0425 636F6E66 		.ascii	"configRouting\000"
 1775      6967526F 
 1775      7574696E 
 1775      6700
 1776              	.LASF63:
 1777 0433 72785374 		.ascii	"rxStatus\000"
 1777      61747573 
 1777      00
 1778              	.LASF85:
 1779 043c 72616E67 		.ascii	"rangeIntrMask\000"
 1779      65496E74 
 1779      724D6173 
 1779      6B00
 1780              	.LASF129:
 1781 044a 474E5520 		.ascii	"GNU C11 5.4.1 20160609 (release) [ARM/embedded-5-br"
 1781      43313120 
 1781      352E342E 
 1781      31203230 
 1781      31363036 
 1782 047d 616E6368 		.ascii	"anch revision 237715] -mcpu=cortex-m4 -mfloat-abi=s"
 1782      20726576 
 1782      6973696F 
 1782      6E203233 
 1782      37373135 
 1783 04b0 6F667466 		.ascii	"oftfp -mfpu=fpv4-sp-d16 -mthumb -g -Og -ffunction-s"
 1783      70202D6D 
 1783      6670753D 
 1783      66707634 
 1783      2D73702D 
 1784 04e3 65637469 		.ascii	"ections -ffat-lto-objects\000"
 1784      6F6E7320 
 1784      2D666661 
 1784      742D6C74 
 1784      6F2D6F62 
 1785              	.LASF106:
 1786 04fd 43595F42 		.ascii	"CY_BLE_CONN_STATE_CLIENT_DISCOVERED\000"
 1786      4C455F43 
 1786      4F4E4E5F 
 1786      53544154 
 1786      455F434C 
 1787              	.LASF18:
 1788 0521 666C6F61 		.ascii	"float\000"
 1788      7400
 1789              	.LASF68:
ARM GAS  C:\Users\ADMINI~1\AppData\Local\Temp\ccvI4J6e.s 			page 39


 1790 0527 74784C65 		.ascii	"txLeftToTransmit\000"
 1790      6674546F 
 1790      5472616E 
 1790      736D6974 
 1790      00
 1791              	.LASF81:
 1792 0538 6368616E 		.ascii	"chanEn\000"
 1792      456E00
 1793              	.LASF104:
 1794 053f 43595F42 		.ascii	"CY_BLE_CONN_STATE_CLIENT_CHAR_DISCOVERING\000"
 1794      4C455F43 
 1794      4F4E4E5F 
 1794      53544154 
 1794      455F434C 
 1795              	.LASF40:
 1796 0569 73746172 		.ascii	"startInputMode\000"
 1796      74496E70 
 1796      75744D6F 
 1796      646500
 1797              	.LASF16:
 1798 0578 696E7433 		.ascii	"int32_t\000"
 1798      325F7400 
 1799              	.LASF1:
 1800 0580 756E7369 		.ascii	"unsigned char\000"
 1800      676E6564 
 1800      20636861 
 1800      7200
 1801              	.LASF117:
 1802 058e 49544D5F 		.ascii	"ITM_RxBuffer\000"
 1802      52784275 
 1802      66666572 
 1802      00
 1803              	.LASF31:
 1804 059b 656E6162 		.ascii	"enableCompareSwap\000"
 1804      6C65436F 
 1804      6D706172 
 1804      65537761 
 1804      7000
 1805              	.LASF86:
 1806 05ad 6D757853 		.ascii	"muxSwitch\000"
 1806      77697463 
 1806      6800
 1807              	.LASF83:
 1808 05b7 696E7472 		.ascii	"intrMask\000"
 1808      4D61736B 
 1808      00
 1809              	.LASF124:
 1810 05c0 57535F53 		.ascii	"WS_SPI_context\000"
 1810      50495F63 
 1810      6F6E7465 
 1810      787400
 1811              	.LASF28:
 1812 05cf 656E6162 		.ascii	"enablePeriodSwap\000"
 1812      6C655065 
 1812      72696F64 
 1812      53776170 
 1812      00
ARM GAS  C:\Users\ADMINI~1\AppData\Local\Temp\ccvI4J6e.s 			page 40


 1813              	.LASF37:
 1814 05e0 73776170 		.ascii	"swapInput\000"
 1814      496E7075 
 1814      7400
 1815              	.LASF105:
 1816 05ea 43595F42 		.ascii	"CY_BLE_CONN_STATE_CLIENT_DESCR_DISCOVERING\000"
 1816      4C455F43 
 1816      4F4E4E5F 
 1816      53544154 
 1816      455F434C 
 1817              	.LASF131:
 1818 0615 4D3A5C47 		.ascii	"M:\\Githubrepo\\Intern_hiwi\\April_BLE\\Final_proje"
 1818      69746875 
 1818      62726570 
 1818      6F5C496E 
 1818      7465726E 
 1819 0644 63743031 		.ascii	"ct01_54Byte.cydsn\000"
 1819      5F353442 
 1819      7974652E 
 1819      63796473 
 1819      6E00
 1820              	.LASF17:
 1821 0656 75696E74 		.ascii	"uint32_t\000"
 1821      33325F74 
 1821      00
 1822              	.LASF125:
 1823 065f 4144435F 		.ascii	"ADC_1_currentConfig\000"
 1823      315F6375 
 1823      7272656E 
 1823      74436F6E 
 1823      66696700 
 1824              	.LASF89:
 1825 0673 76726566 		.ascii	"vrefMvValue\000"
 1825      4D765661 
 1825      6C756500 
 1826              	.LASF29:
 1827 067f 636F6D70 		.ascii	"compare0\000"
 1827      61726530 
 1827      00
 1828              	.LASF30:
 1829 0688 636F6D70 		.ascii	"compare1\000"
 1829      61726531 
 1829      00
 1830              	.LASF45:
 1831 0691 636F756E 		.ascii	"countInput\000"
 1831      74496E70 
 1831      757400
 1832              	.LASF14:
 1833 069c 63686172 		.ascii	"char\000"
 1833      00
 1834              	.LASF123:
 1835 06a1 50574D5F 		.ascii	"PWM_config\000"
 1835      636F6E66 
 1835      696700
 1836              	.LASF121:
 1837 06ac 63795F62 		.ascii	"cy_ble_pendingFlashWrite\000"
 1837      6C655F70 
ARM GAS  C:\Users\ADMINI~1\AppData\Local\Temp\ccvI4J6e.s 			page 41


 1837      656E6469 
 1837      6E67466C 
 1837      61736857 
 1838              	.LASF5:
 1839 06c5 5F5F696E 		.ascii	"__int32_t\000"
 1839      7433325F 
 1839      7400
 1840              	.LASF118:
 1841 06cf 63795F62 		.ascii	"cy_ble_advState\000"
 1841      6C655F61 
 1841      64765374 
 1841      61746500 
 1842              	.LASF75:
 1843 06df 6374726C 		.ascii	"ctrl\000"
 1843      00
 1844              	.LASF32:
 1845 06e4 696E7465 		.ascii	"interruptSources\000"
 1845      72727570 
 1845      74536F75 
 1845      72636573 
 1845      00
 1846              	.LASF39:
 1847 06f5 72656C6F 		.ascii	"reloadInput\000"
 1847      6164496E 
 1847      70757400 
 1848              	.LASF102:
 1849 0701 43595F42 		.ascii	"CY_BLE_CONN_STATE_CLIENT_SRVC_DISCOVERING\000"
 1849      4C455F43 
 1849      4F4E4E5F 
 1849      53544154 
 1849      455F434C 
 1850              	.LASF60:
 1851 072b 63795F63 		.ascii	"cy_cb_scb_uart_handle_events_t\000"
 1851      625F7363 
 1851      625F7561 
 1851      72745F68 
 1851      616E646C 
 1852              	.LASF65:
 1853 074a 72785269 		.ascii	"rxRingBufSize\000"
 1853      6E674275 
 1853      6653697A 
 1853      6500
 1854              	.LASF26:
 1855 0758 70657269 		.ascii	"period0\000"
 1855      6F643000 
 1856              	.LASF27:
 1857 0760 70657269 		.ascii	"period1\000"
 1857      6F643100 
 1858              	.LASF58:
 1859 0768 696E6974 		.ascii	"initKey\000"
 1859      4B657900 
 1860              	.LASF51:
 1861 0770 72784275 		.ascii	"rxBuf\000"
 1861      6600
 1862              	.LASF20:
 1863 0776 5F426F6F 		.ascii	"_Bool\000"
 1863      6C00
ARM GAS  C:\Users\ADMINI~1\AppData\Local\Temp\ccvI4J6e.s 			page 42


 1864              	.LASF99:
 1865 077c 43595F42 		.ascii	"CY_BLE_CONN_STATE_DISCONNECTED\000"
 1865      4C455F43 
 1865      4F4E4E5F 
 1865      53544154 
 1865      455F4449 
 1866              	.LASF80:
 1867 079b 72616E67 		.ascii	"rangeCond\000"
 1867      65436F6E 
 1867      6400
 1868              	.LASF119:
 1869 07a5 63795F62 		.ascii	"cy_ble_connHandle\000"
 1869      6C655F63 
 1869      6F6E6E48 
 1869      616E646C 
 1869      6500
 1870              	.LASF50:
 1871 07b7 73746174 		.ascii	"status\000"
 1871      757300
 1872              	.LASF34:
 1873 07be 696E7665 		.ascii	"invertPWMOutN\000"
 1873      72745057 
 1873      4D4F7574 
 1873      4E00
 1874              	.LASF96:
 1875 07cc 43595F42 		.ascii	"CY_BLE_ADV_STATE_ADVERTISING\000"
 1875      4C455F41 
 1875      44565F53 
 1875      54415445 
 1875      5F414456 
 1876              	.LASF76:
 1877 07e9 73616D70 		.ascii	"sampleCtrl\000"
 1877      6C654374 
 1877      726C00
 1878              	.LASF94:
 1879 07f4 43595F42 		.ascii	"CY_BLE_ADV_STATE_STOPPED\000"
 1879      4C455F41 
 1879      44565F53 
 1879      54415445 
 1879      5F53544F 
 1880              	.LASF15:
 1881 080d 75696E74 		.ascii	"uint8_t\000"
 1881      385F7400 
 1882              	.LASF35:
 1883 0815 6B696C6C 		.ascii	"killMode\000"
 1883      4D6F6465 
 1883      00
 1884              	.LASF46:
 1885 081e 63795F73 		.ascii	"cy_stc_tcpwm_pwm_config_t\000"
 1885      74635F74 
 1885      6370776D 
 1885      5F70776D 
 1885      5F636F6E 
 1886              	.LASF78:
 1887 0838 73616D70 		.ascii	"sampleTime23\000"
 1887      6C655469 
 1887      6D653233 
ARM GAS  C:\Users\ADMINI~1\AppData\Local\Temp\ccvI4J6e.s 			page 43


 1887      00
 1888              	.LASF38:
 1889 0845 72656C6F 		.ascii	"reloadInputMode\000"
 1889      6164496E 
 1889      7075744D 
 1889      6F646500 
 1890              	.LASF73:
 1891 0855 43595F53 		.ascii	"CY_SAR_RANGE_COND_OUTSIDE\000"
 1891      41525F52 
 1891      414E4745 
 1891      5F434F4E 
 1891      445F4F55 
 1892              	.LASF67:
 1893 086f 72785269 		.ascii	"rxRingBufTail\000"
 1893      6E674275 
 1893      66546169 
 1893      6C00
 1894              	.LASF108:
 1895 087d 6368616E 		.ascii	"channelBase\000"
 1895      6E656C42 
 1895      61736500 
 1896              	.LASF91:
 1897 0889 62644861 		.ascii	"bdHandle\000"
 1897      6E646C65 
 1897      00
 1898              	.LASF21:
 1899 0892 70776D4D 		.ascii	"pwmMode\000"
 1899      6F646500 
 1900              	.LASF130:
 1901 089a 47656E65 		.ascii	"Generated_Source\\PSoC6\\pdl\\utilities\\retarget_i"
 1901      72617465 
 1901      645F536F 
 1901      75726365 
 1901      5C50536F 
 1902 08c9 6F5C7265 		.ascii	"o\\retarget.c\000"
 1902      74617267 
 1902      65742E63 
 1902      00
 1903              	.LASF61:
 1904 08d6 63795F73 		.ascii	"cy_stc_scb_uart_context\000"
 1904      74635F73 
 1904      63625F75 
 1904      6172745F 
 1904      636F6E74 
 1905              	.LASF100:
 1906 08ee 43595F42 		.ascii	"CY_BLE_CONN_STATE_CLIENT_DISCONNECTED_DISCOVERED\000"
 1906      4C455F43 
 1906      4F4E4E5F 
 1906      53544154 
 1906      455F434C 
 1907              	.LASF56:
 1908 091f 74784275 		.ascii	"txBufIdx\000"
 1908      66496478 
 1908      00
 1909              		.ident	"GCC: (GNU Tools for ARM Embedded Processors) 5.4.1 20160609 (release) [ARM/embedded-5-bran
