ARM GAS  C:\Users\ADMINI~1\AppData\Local\Temp\ccwnwCKU.s 			page 1


   1              		.syntax unified
   2              		.cpu cortex-m4
   3              		.eabi_attribute 27, 1
   4              		.fpu fpv4-sp-d16
   5              		.eabi_attribute 20, 1
   6              		.eabi_attribute 21, 1
   7              		.eabi_attribute 23, 3
   8              		.eabi_attribute 24, 1
   9              		.eabi_attribute 25, 1
  10              		.eabi_attribute 26, 1
  11              		.eabi_attribute 30, 1
  12              		.eabi_attribute 34, 1
  13              		.eabi_attribute 18, 4
  14              		.thumb
  15              		.syntax unified
  16              		.file	"cyfitter_sysint_cfg.c"
  17              		.text
  18              	.Ltext0:
  19              		.cfi_sections	.debug_frame
  20              		.global	ADC_1_IRQ_cfg
  21              		.global	WS_DMA_INT_cfg
  22              		.global	WS_SPI_SCB_IRQ_cfg
  23              		.global	UART_1_SCB_IRQ_cfg
  24              		.section	.rodata
  25              		.align	2
  26              		.type	ADC_1_IRQ_cfg, %object
  27              		.size	ADC_1_IRQ_cfg, 8
  28              	ADC_1_IRQ_cfg:
  29 0000 8A00     		.short	138
  30 0002 0000     		.space	2
  31 0004 07000000 		.word	7
  32              		.type	WS_DMA_INT_cfg, %object
  33              		.size	WS_DMA_INT_cfg, 8
  34              	WS_DMA_INT_cfg:
  35 0008 3200     		.short	50
  36 000a 0000     		.space	2
  37 000c 07000000 		.word	7
  38              		.type	WS_SPI_SCB_IRQ_cfg, %object
  39              		.size	WS_SPI_SCB_IRQ_cfg, 8
  40              	WS_SPI_SCB_IRQ_cfg:
  41 0010 2F00     		.short	47
  42 0012 0000     		.space	2
  43 0014 07000000 		.word	7
  44              		.type	UART_1_SCB_IRQ_cfg, %object
  45              		.size	UART_1_SCB_IRQ_cfg, 8
  46              	UART_1_SCB_IRQ_cfg:
  47 0018 2E00     		.short	46
  48 001a 0000     		.space	2
  49 001c 07000000 		.word	7
  50              		.text
  51              	.Letext0:
  52              		.file 1 "Generated_Source\\PSoC6\\pdl\\devices/psoc6/psoc63/include/cy8c6347bzi_bld53.h"
  53              		.file 2 "c:\\program files (x86)\\cypress\\psoc creator\\4.4\\psoc creator\\import\\gnu\\arm\\5.4.
  54              		.file 3 "c:\\program files (x86)\\cypress\\psoc creator\\4.4\\psoc creator\\import\\gnu\\arm\\5.4.
  55              		.file 4 "Generated_Source\\PSoC6\\pdl\\drivers/peripheral/sysint/cy_sysint.h"
  56              		.file 5 "Generated_Source\\PSoC6\\pdl\\cmsis/include/core_cm4.h"
  57              		.file 6 "Generated_Source\\PSoC6\\cyfitter_sysint_cfg.c"
ARM GAS  C:\Users\ADMINI~1\AppData\Local\Temp\ccwnwCKU.s 			page 2


  58              		.section	.debug_info,"",%progbits
  59              	.Ldebug_info0:
  60 0000 01050000 		.4byte	0x501
  61 0004 0400     		.2byte	0x4
  62 0006 00000000 		.4byte	.Ldebug_abbrev0
  63 000a 04       		.byte	0x4
  64 000b 01       		.uleb128 0x1
  65 000c BE090000 		.4byte	.LASF185
  66 0010 0C       		.byte	0xc
  67 0011 E60D0000 		.4byte	.LASF186
  68 0015 E2020000 		.4byte	.LASF187
  69 0019 00000000 		.4byte	.Ldebug_line0
  70 001d 02       		.uleb128 0x2
  71 001e 02       		.byte	0x2
  72 001f DE030000 		.4byte	0x3de
  73 0023 01       		.byte	0x1
  74 0024 24       		.byte	0x24
  75 0025 DE030000 		.4byte	0x3de
  76 0029 03       		.uleb128 0x3
  77 002a 4D020000 		.4byte	.LASF0
  78 002e 71       		.sleb128 -15
  79 002f 03       		.uleb128 0x3
  80 0030 9B0E0000 		.4byte	.LASF1
  81 0034 72       		.sleb128 -14
  82 0035 03       		.uleb128 0x3
  83 0036 050F0000 		.4byte	.LASF2
  84 003a 73       		.sleb128 -13
  85 003b 03       		.uleb128 0x3
  86 003c E30A0000 		.4byte	.LASF3
  87 0040 74       		.sleb128 -12
  88 0041 03       		.uleb128 0x3
  89 0042 44050000 		.4byte	.LASF4
  90 0046 75       		.sleb128 -11
  91 0047 03       		.uleb128 0x3
  92 0048 550D0000 		.4byte	.LASF5
  93 004c 76       		.sleb128 -10
  94 004d 03       		.uleb128 0x3
  95 004e E9060000 		.4byte	.LASF6
  96 0052 7B       		.sleb128 -5
  97 0053 03       		.uleb128 0x3
  98 0054 300F0000 		.4byte	.LASF7
  99 0058 7C       		.sleb128 -4
 100 0059 03       		.uleb128 0x3
 101 005a 640E0000 		.4byte	.LASF8
 102 005e 7E       		.sleb128 -2
 103 005f 03       		.uleb128 0x3
 104 0060 D0070000 		.4byte	.LASF9
 105 0064 7F       		.sleb128 -1
 106 0065 04       		.uleb128 0x4
 107 0066 C6010000 		.4byte	.LASF10
 108 006a 00       		.byte	0
 109 006b 04       		.uleb128 0x4
 110 006c E90E0000 		.4byte	.LASF11
 111 0070 01       		.byte	0x1
 112 0071 04       		.uleb128 0x4
 113 0072 1B000000 		.4byte	.LASF12
 114 0076 02       		.byte	0x2
ARM GAS  C:\Users\ADMINI~1\AppData\Local\Temp\ccwnwCKU.s 			page 3


 115 0077 04       		.uleb128 0x4
 116 0078 300E0000 		.4byte	.LASF13
 117 007c 03       		.byte	0x3
 118 007d 04       		.uleb128 0x4
 119 007e 2C100000 		.4byte	.LASF14
 120 0082 04       		.byte	0x4
 121 0083 04       		.uleb128 0x4
 122 0084 C9050000 		.4byte	.LASF15
 123 0088 05       		.byte	0x5
 124 0089 04       		.uleb128 0x4
 125 008a 81070000 		.4byte	.LASF16
 126 008e 06       		.byte	0x6
 127 008f 04       		.uleb128 0x4
 128 0090 85090000 		.4byte	.LASF17
 129 0094 07       		.byte	0x7
 130 0095 04       		.uleb128 0x4
 131 0096 DB110000 		.4byte	.LASF18
 132 009a 08       		.byte	0x8
 133 009b 04       		.uleb128 0x4
 134 009c 02020000 		.4byte	.LASF19
 135 00a0 09       		.byte	0x9
 136 00a1 04       		.uleb128 0x4
 137 00a2 1A0C0000 		.4byte	.LASF20
 138 00a6 0A       		.byte	0xa
 139 00a7 04       		.uleb128 0x4
 140 00a8 C60A0000 		.4byte	.LASF21
 141 00ac 0B       		.byte	0xb
 142 00ad 04       		.uleb128 0x4
 143 00ae 5C100000 		.4byte	.LASF22
 144 00b2 0C       		.byte	0xc
 145 00b3 04       		.uleb128 0x4
 146 00b4 17060000 		.4byte	.LASF23
 147 00b8 0D       		.byte	0xd
 148 00b9 04       		.uleb128 0x4
 149 00ba B3070000 		.4byte	.LASF24
 150 00be 0E       		.byte	0xe
 151 00bf 04       		.uleb128 0x4
 152 00c0 64040000 		.4byte	.LASF25
 153 00c4 0F       		.byte	0xf
 154 00c5 04       		.uleb128 0x4
 155 00c6 C9100000 		.4byte	.LASF26
 156 00ca 10       		.byte	0x10
 157 00cb 04       		.uleb128 0x4
 158 00cc 61030000 		.4byte	.LASF27
 159 00d0 11       		.byte	0x11
 160 00d1 04       		.uleb128 0x4
 161 00d2 7A000000 		.4byte	.LASF28
 162 00d6 12       		.byte	0x12
 163 00d7 04       		.uleb128 0x4
 164 00d8 7D040000 		.4byte	.LASF29
 165 00dc 13       		.byte	0x13
 166 00dd 04       		.uleb128 0x4
 167 00de 7E060000 		.4byte	.LASF30
 168 00e2 14       		.byte	0x14
 169 00e3 04       		.uleb128 0x4
 170 00e4 18110000 		.4byte	.LASF31
 171 00e8 15       		.byte	0x15
ARM GAS  C:\Users\ADMINI~1\AppData\Local\Temp\ccwnwCKU.s 			page 4


 172 00e9 04       		.uleb128 0x4
 173 00ea 66000000 		.4byte	.LASF32
 174 00ee 16       		.byte	0x16
 175 00ef 04       		.uleb128 0x4
 176 00f0 7E050000 		.4byte	.LASF33
 177 00f4 17       		.byte	0x17
 178 00f5 04       		.uleb128 0x4
 179 00f6 C2000000 		.4byte	.LASF34
 180 00fa 18       		.byte	0x18
 181 00fb 04       		.uleb128 0x4
 182 00fc 550F0000 		.4byte	.LASF35
 183 0100 19       		.byte	0x19
 184 0101 04       		.uleb128 0x4
 185 0102 22070000 		.4byte	.LASF36
 186 0106 1A       		.byte	0x1a
 187 0107 04       		.uleb128 0x4
 188 0108 07090000 		.4byte	.LASF37
 189 010c 1B       		.byte	0x1b
 190 010d 04       		.uleb128 0x4
 191 010e E40B0000 		.4byte	.LASF38
 192 0112 1C       		.byte	0x1c
 193 0113 04       		.uleb128 0x4
 194 0114 1C010000 		.4byte	.LASF39
 195 0118 1D       		.byte	0x1d
 196 0119 04       		.uleb128 0x4
 197 011a B4030000 		.4byte	.LASF40
 198 011e 1E       		.byte	0x1e
 199 011f 04       		.uleb128 0x4
 200 0120 E5050000 		.4byte	.LASF41
 201 0124 1F       		.byte	0x1f
 202 0125 04       		.uleb128 0x4
 203 0126 650D0000 		.4byte	.LASF42
 204 012a 20       		.byte	0x20
 205 012b 04       		.uleb128 0x4
 206 012c A60F0000 		.4byte	.LASF43
 207 0130 21       		.byte	0x21
 208 0131 04       		.uleb128 0x4
 209 0132 F7110000 		.4byte	.LASF44
 210 0136 22       		.byte	0x22
 211 0137 04       		.uleb128 0x4
 212 0138 3F110000 		.4byte	.LASF45
 213 013c 23       		.byte	0x23
 214 013d 04       		.uleb128 0x4
 215 013e 38010000 		.4byte	.LASF46
 216 0142 24       		.byte	0x24
 217 0143 04       		.uleb128 0x4
 218 0144 EC030000 		.4byte	.LASF47
 219 0148 25       		.byte	0x25
 220 0149 04       		.uleb128 0x4
 221 014a 29120000 		.4byte	.LASF48
 222 014e 26       		.byte	0x26
 223 014f 04       		.uleb128 0x4
 224 0150 9D0D0000 		.4byte	.LASF49
 225 0154 27       		.byte	0x27
 226 0155 04       		.uleb128 0x4
 227 0156 DE0F0000 		.4byte	.LASF50
 228 015a 28       		.byte	0x28
ARM GAS  C:\Users\ADMINI~1\AppData\Local\Temp\ccwnwCKU.s 			page 5


 229 015b 04       		.uleb128 0x4
 230 015c ED000000 		.4byte	.LASF51
 231 0160 29       		.byte	0x29
 232 0161 04       		.uleb128 0x4
 233 0162 52050000 		.4byte	.LASF52
 234 0166 2A       		.byte	0x2a
 235 0167 04       		.uleb128 0x4
 236 0168 97050000 		.4byte	.LASF53
 237 016c 2B       		.byte	0x2b
 238 016d 04       		.uleb128 0x4
 239 016e 700E0000 		.4byte	.LASF54
 240 0172 2C       		.byte	0x2c
 241 0173 04       		.uleb128 0x4
 242 0174 70090000 		.4byte	.LASF55
 243 0178 2D       		.byte	0x2d
 244 0179 04       		.uleb128 0x4
 245 017a 37000000 		.4byte	.LASF56
 246 017e 2E       		.byte	0x2e
 247 017f 04       		.uleb128 0x4
 248 0180 D40E0000 		.4byte	.LASF57
 249 0184 2F       		.byte	0x2f
 250 0185 04       		.uleb128 0x4
 251 0186 0A050000 		.4byte	.LASF58
 252 018a 30       		.byte	0x30
 253 018b 04       		.uleb128 0x4
 254 018c 420F0000 		.4byte	.LASF59
 255 0190 31       		.byte	0x31
 256 0191 04       		.uleb128 0x4
 257 0192 AD100000 		.4byte	.LASF60
 258 0196 32       		.byte	0x32
 259 0197 04       		.uleb128 0x4
 260 0198 8F000000 		.4byte	.LASF61
 261 019c 33       		.byte	0x33
 262 019d 04       		.uleb128 0x4
 263 019e 2E030000 		.4byte	.LASF62
 264 01a2 34       		.byte	0x34
 265 01a3 04       		.uleb128 0x4
 266 01a4 AA0A0000 		.4byte	.LASF63
 267 01a8 35       		.byte	0x35
 268 01a9 04       		.uleb128 0x4
 269 01aa 48040000 		.4byte	.LASF64
 270 01ae 36       		.byte	0x36
 271 01af 04       		.uleb128 0x4
 272 01b0 140F0000 		.4byte	.LASF65
 273 01b4 37       		.byte	0x37
 274 01b5 04       		.uleb128 0x4
 275 01b6 CE040000 		.4byte	.LASF66
 276 01ba 38       		.byte	0x38
 277 01bb 04       		.uleb128 0x4
 278 01bc 78110000 		.4byte	.LASF67
 279 01c0 39       		.byte	0x39
 280 01c1 04       		.uleb128 0x4
 281 01c2 A4080000 		.4byte	.LASF68
 282 01c6 3A       		.byte	0x3a
 283 01c7 04       		.uleb128 0x4
 284 01c8 7B0B0000 		.4byte	.LASF69
 285 01cc 3B       		.byte	0x3b
ARM GAS  C:\Users\ADMINI~1\AppData\Local\Temp\ccwnwCKU.s 			page 6


 286 01cd 04       		.uleb128 0x4
 287 01ce D0080000 		.4byte	.LASF70
 288 01d2 3C       		.byte	0x3c
 289 01d3 04       		.uleb128 0x4
 290 01d4 AD0B0000 		.4byte	.LASF71
 291 01d8 3D       		.byte	0x3d
 292 01d9 04       		.uleb128 0x4
 293 01da 130E0000 		.4byte	.LASF72
 294 01de 3E       		.byte	0x3e
 295 01df 04       		.uleb128 0x4
 296 01e0 A1090000 		.4byte	.LASF73
 297 01e4 3F       		.byte	0x3f
 298 01e5 04       		.uleb128 0x4
 299 01e6 AC050000 		.4byte	.LASF74
 300 01ea 40       		.byte	0x40
 301 01eb 04       		.uleb128 0x4
 302 01ec 64070000 		.4byte	.LASF75
 303 01f0 41       		.byte	0x41
 304 01f1 04       		.uleb128 0x4
 305 01f2 480B0000 		.4byte	.LASF76
 306 01f6 42       		.byte	0x42
 307 01f7 04       		.uleb128 0x4
 308 01f8 810D0000 		.4byte	.LASF77
 309 01fc 43       		.byte	0x43
 310 01fd 04       		.uleb128 0x4
 311 01fe C20F0000 		.4byte	.LASF78
 312 0202 44       		.byte	0x44
 313 0203 04       		.uleb128 0x4
 314 0204 A30C0000 		.4byte	.LASF79
 315 0208 45       		.byte	0x45
 316 0209 04       		.uleb128 0x4
 317 020a DD070000 		.4byte	.LASF80
 318 020e 46       		.byte	0x46
 319 020f 04       		.uleb128 0x4
 320 0210 23090000 		.4byte	.LASF81
 321 0214 47       		.byte	0x47
 322 0215 04       		.uleb128 0x4
 323 0216 5C110000 		.4byte	.LASF82
 324 021a 48       		.byte	0x48
 325 021b 04       		.uleb128 0x4
 326 021c D0030000 		.4byte	.LASF83
 327 0220 49       		.byte	0x49
 328 0221 04       		.uleb128 0x4
 329 0222 09040000 		.4byte	.LASF84
 330 0226 4A       		.byte	0x4a
 331 0227 04       		.uleb128 0x4
 332 0228 C6020000 		.4byte	.LASF85
 333 022c 4B       		.byte	0x4b
 334 022d 04       		.uleb128 0x4
 335 022e FB100000 		.4byte	.LASF86
 336 0232 4C       		.byte	0x4c
 337 0233 04       		.uleb128 0x4
 338 0234 D90C0000 		.4byte	.LASF87
 339 0238 4D       		.byte	0x4d
 340 0239 04       		.uleb128 0x4
 341 023a 90100000 		.4byte	.LASF88
 342 023e 4E       		.byte	0x4e
ARM GAS  C:\Users\ADMINI~1\AppData\Local\Temp\ccwnwCKU.s 			page 7


 343 023f 04       		.uleb128 0x4
 344 0240 4F060000 		.4byte	.LASF89
 345 0244 4F       		.byte	0x4f
 346 0245 04       		.uleb128 0x4
 347 0246 F9070000 		.4byte	.LASF90
 348 024a 50       		.byte	0x50
 349 024b 04       		.uleb128 0x4
 350 024c 710A0000 		.4byte	.LASF91
 351 0250 51       		.byte	0x51
 352 0251 04       		.uleb128 0x4
 353 0252 CB060000 		.4byte	.LASF92
 354 0256 52       		.byte	0x52
 355 0257 04       		.uleb128 0x4
 356 0258 66080000 		.4byte	.LASF93
 357 025c 53       		.byte	0x53
 358 025d 04       		.uleb128 0x4
 359 025e 73020000 		.4byte	.LASF94
 360 0262 54       		.byte	0x54
 361 0263 04       		.uleb128 0x4
 362 0264 4C070000 		.4byte	.LASF95
 363 0268 55       		.byte	0x55
 364 0269 04       		.uleb128 0x4
 365 026a BB110000 		.4byte	.LASF96
 366 026e 56       		.byte	0x56
 367 026f 04       		.uleb128 0x4
 368 0270 E2010000 		.4byte	.LASF97
 369 0274 57       		.byte	0x57
 370 0275 04       		.uleb128 0x4
 371 0276 680C0000 		.4byte	.LASF98
 372 027a 58       		.byte	0x58
 373 027b 04       		.uleb128 0x4
 374 027c EA040000 		.4byte	.LASF99
 375 0280 59       		.byte	0x59
 376 0281 04       		.uleb128 0x4
 377 0282 E1100000 		.4byte	.LASF100
 378 0286 5A       		.byte	0x5a
 379 0287 04       		.uleb128 0x4
 380 0288 9A060000 		.4byte	.LASF101
 381 028c 5B       		.byte	0x5b
 382 028d 04       		.uleb128 0x4
 383 028e 31080000 		.4byte	.LASF102
 384 0292 5C       		.byte	0x5c
 385 0293 04       		.uleb128 0x4
 386 0294 F90A0000 		.4byte	.LASF103
 387 0298 5D       		.byte	0x5d
 388 0299 04       		.uleb128 0x4
 389 029a 4C000000 		.4byte	.LASF104
 390 029e 5E       		.byte	0x5e
 391 029f 04       		.uleb128 0x4
 392 02a0 AC020000 		.4byte	.LASF105
 393 02a4 5F       		.byte	0x5f
 394 02a5 04       		.uleb128 0x4
 395 02a6 1F050000 		.4byte	.LASF106
 396 02aa 60       		.byte	0x60
 397 02ab 04       		.uleb128 0x4
 398 02ac BF0C0000 		.4byte	.LASF107
 399 02b0 61       		.byte	0x61
ARM GAS  C:\Users\ADMINI~1\AppData\Local\Temp\ccwnwCKU.s 			page 8


 400 02b1 04       		.uleb128 0x4
 401 02b2 77030000 		.4byte	.LASF108
 402 02b6 62       		.byte	0x62
 403 02b7 04       		.uleb128 0x4
 404 02b8 2E0B0000 		.4byte	.LASF109
 405 02bc 63       		.byte	0x63
 406 02bd 04       		.uleb128 0x4
 407 02be 3B0D0000 		.4byte	.LASF110
 408 02c2 64       		.byte	0x64
 409 02c3 04       		.uleb128 0x4
 410 02c4 8C0F0000 		.4byte	.LASF111
 411 02c8 65       		.byte	0x65
 412 02c9 04       		.uleb128 0x4
 413 02ca A1110000 		.4byte	.LASF112
 414 02ce 66       		.byte	0x66
 415 02cf 04       		.uleb128 0x4
 416 02d0 08070000 		.4byte	.LASF113
 417 02d4 67       		.byte	0x67
 418 02d5 04       		.uleb128 0x4
 419 02d6 ED080000 		.4byte	.LASF114
 420 02da 68       		.byte	0x68
 421 02db 04       		.uleb128 0x4
 422 02dc CA0B0000 		.4byte	.LASF115
 423 02e0 69       		.byte	0x69
 424 02e1 04       		.uleb128 0x4
 425 02e2 02010000 		.4byte	.LASF116
 426 02e6 6A       		.byte	0x6a
 427 02e7 04       		.uleb128 0x4
 428 02e8 9A030000 		.4byte	.LASF117
 429 02ec 6B       		.byte	0x6b
 430 02ed 04       		.uleb128 0x4
 431 02ee AB010000 		.4byte	.LASF118
 432 02f2 6C       		.byte	0x6c
 433 02f3 04       		.uleb128 0x4
 434 02f4 2D040000 		.4byte	.LASF119
 435 02f8 6D       		.byte	0x6d
 436 02f9 04       		.uleb128 0x4
 437 02fa 34060000 		.4byte	.LASF120
 438 02fe 6E       		.byte	0x6e
 439 02ff 04       		.uleb128 0x4
 440 0300 4B080000 		.4byte	.LASF121
 441 0304 6F       		.byte	0x6f
 442 0305 04       		.uleb128 0x4
 443 0306 11100000 		.4byte	.LASF122
 444 030a 70       		.byte	0x70
 445 030b 04       		.uleb128 0x4
 446 030c 00000000 		.4byte	.LASF123
 447 0310 71       		.byte	0x71
 448 0311 04       		.uleb128 0x4
 449 0312 58020000 		.4byte	.LASF124
 450 0316 72       		.byte	0x72
 451 0317 04       		.uleb128 0x4
 452 0318 55090000 		.4byte	.LASF125
 453 031c 73       		.byte	0x73
 454 031d 04       		.uleb128 0x4
 455 031e 880C0000 		.4byte	.LASF126
 456 0322 74       		.byte	0x74
ARM GAS  C:\Users\ADMINI~1\AppData\Local\Temp\ccwnwCKU.s 			page 9


 457 0323 04       		.uleb128 0x4
 458 0324 B90E0000 		.4byte	.LASF127
 459 0328 75       		.byte	0x75
 460 0329 04       		.uleb128 0x4
 461 032a 130B0000 		.4byte	.LASF128
 462 032e 76       		.byte	0x76
 463 032f 04       		.uleb128 0x4
 464 0330 170D0000 		.4byte	.LASF129
 465 0334 77       		.byte	0x77
 466 0335 04       		.uleb128 0x4
 467 0336 710F0000 		.4byte	.LASF130
 468 033a 78       		.byte	0x78
 469 033b 04       		.uleb128 0x4
 470 033c 16080000 		.4byte	.LASF131
 471 0340 79       		.byte	0x79
 472 0341 04       		.uleb128 0x4
 473 0342 55010000 		.4byte	.LASF132
 474 0346 7A       		.byte	0x7a
 475 0347 04       		.uleb128 0x4
 476 0348 D7000000 		.4byte	.LASF133
 477 034c 7B       		.byte	0x7b
 478 034d 04       		.uleb128 0x4
 479 034e 01060000 		.4byte	.LASF134
 480 0352 7C       		.byte	0x7c
 481 0353 04       		.uleb128 0x4
 482 0354 9D070000 		.4byte	.LASF135
 483 0358 7D       		.byte	0x7d
 484 0359 04       		.uleb128 0x4
 485 035a FB0F0000 		.4byte	.LASF136
 486 035e 7E       		.byte	0x7e
 487 035f 04       		.uleb128 0x4
 488 0360 13120000 		.4byte	.LASF137
 489 0364 7F       		.byte	0x7f
 490 0365 04       		.uleb128 0x4
 491 0366 37020000 		.4byte	.LASF138
 492 036a 80       		.byte	0x80
 493 036b 04       		.uleb128 0x4
 494 036c 3F090000 		.4byte	.LASF139
 495 0370 81       		.byte	0x81
 496 0371 04       		.uleb128 0x4
 497 0372 370C0000 		.4byte	.LASF140
 498 0376 82       		.byte	0x82
 499 0377 04       		.uleb128 0x4
 500 0378 850E0000 		.4byte	.LASF141
 501 037c 83       		.byte	0x83
 502 037d 04       		.uleb128 0x4
 503 037e 8D080000 		.4byte	.LASF142
 504 0382 84       		.byte	0x84
 505 0383 04       		.uleb128 0x4
 506 0384 640B0000 		.4byte	.LASF143
 507 0388 85       		.byte	0x85
 508 0389 04       		.uleb128 0x4
 509 038a AB000000 		.4byte	.LASF144
 510 038e 86       		.byte	0x86
 511 038f 04       		.uleb128 0x4
 512 0390 4A030000 		.4byte	.LASF145
 513 0394 87       		.byte	0x87
ARM GAS  C:\Users\ADMINI~1\AppData\Local\Temp\ccwnwCKU.s 			page 10


 514 0395 04       		.uleb128 0x4
 515 0396 67050000 		.4byte	.LASF146
 516 039a 88       		.byte	0x88
 517 039b 04       		.uleb128 0x4
 518 039c F60C0000 		.4byte	.LASF147
 519 03a0 89       		.byte	0x89
 520 03a1 04       		.uleb128 0x4
 521 03a2 4C0E0000 		.4byte	.LASF148
 522 03a6 8A       		.byte	0x8a
 523 03a7 04       		.uleb128 0x4
 524 03a8 B3040000 		.4byte	.LASF149
 525 03ac 8B       		.byte	0x8b
 526 03ad 04       		.uleb128 0x4
 527 03ae BA0D0000 		.4byte	.LASF150
 528 03b2 8C       		.byte	0x8c
 529 03b3 04       		.uleb128 0x4
 530 03b4 79100000 		.4byte	.LASF151
 531 03b8 8D       		.byte	0x8d
 532 03b9 04       		.uleb128 0x4
 533 03ba 48100000 		.4byte	.LASF152
 534 03be 8E       		.byte	0x8e
 535 03bf 04       		.uleb128 0x4
 536 03c0 8E0A0000 		.4byte	.LASF153
 537 03c4 8F       		.byte	0x8f
 538 03c5 04       		.uleb128 0x4
 539 03c6 B4060000 		.4byte	.LASF154
 540 03ca 90       		.byte	0x90
 541 03cb 04       		.uleb128 0x4
 542 03cc 95010000 		.4byte	.LASF155
 543 03d0 91       		.byte	0x91
 544 03d1 04       		.uleb128 0x4
 545 03d2 1E020000 		.4byte	.LASF156
 546 03d6 92       		.byte	0x92
 547 03d7 04       		.uleb128 0x4
 548 03d8 4D0C0000 		.4byte	.LASF157
 549 03dc F0       		.byte	0xf0
 550 03dd 00       		.byte	0
 551 03de 05       		.uleb128 0x5
 552 03df 02       		.byte	0x2
 553 03e0 05       		.byte	0x5
 554 03e1 5E0C0000 		.4byte	.LASF158
 555 03e5 06       		.uleb128 0x6
 556 03e6 0D0D0000 		.4byte	.LASF162
 557 03ea 01       		.byte	0x1
 558 03eb F4       		.byte	0xf4
 559 03ec 1D000000 		.4byte	0x1d
 560 03f0 05       		.uleb128 0x5
 561 03f1 01       		.byte	0x1
 562 03f2 06       		.byte	0x6
 563 03f3 33110000 		.4byte	.LASF159
 564 03f7 05       		.uleb128 0x5
 565 03f8 01       		.byte	0x1
 566 03f9 08       		.byte	0x8
 567 03fa 9F0B0000 		.4byte	.LASF160
 568 03fe 05       		.uleb128 0x5
 569 03ff 02       		.byte	0x2
 570 0400 07       		.byte	0x7
ARM GAS  C:\Users\ADMINI~1\AppData\Local\Temp\ccwnwCKU.s 			page 11


 571 0401 F5060000 		.4byte	.LASF161
 572 0405 06       		.uleb128 0x6
 573 0406 AF0E0000 		.4byte	.LASF163
 574 040a 02       		.byte	0x2
 575 040b 3F       		.byte	0x3f
 576 040c 10040000 		.4byte	0x410
 577 0410 05       		.uleb128 0x5
 578 0411 04       		.byte	0x4
 579 0412 05       		.byte	0x5
 580 0413 91030000 		.4byte	.LASF164
 581 0417 06       		.uleb128 0x6
 582 0418 39050000 		.4byte	.LASF165
 583 041c 02       		.byte	0x2
 584 041d 41       		.byte	0x41
 585 041e 22040000 		.4byte	0x422
 586 0422 05       		.uleb128 0x5
 587 0423 04       		.byte	0x4
 588 0424 07       		.byte	0x7
 589 0425 6C060000 		.4byte	.LASF166
 590 0429 05       		.uleb128 0x5
 591 042a 08       		.byte	0x8
 592 042b 05       		.byte	0x5
 593 042c 8F020000 		.4byte	.LASF167
 594 0430 05       		.uleb128 0x5
 595 0431 08       		.byte	0x8
 596 0432 07       		.byte	0x7
 597 0433 7E010000 		.4byte	.LASF168
 598 0437 07       		.uleb128 0x7
 599 0438 04       		.byte	0x4
 600 0439 05       		.byte	0x5
 601 043a 696E7400 		.ascii	"int\000"
 602 043e 05       		.uleb128 0x5
 603 043f 04       		.byte	0x4
 604 0440 07       		.byte	0x7
 605 0441 0D0C0000 		.4byte	.LASF169
 606 0445 06       		.uleb128 0x6
 607 0446 970B0000 		.4byte	.LASF170
 608 044a 03       		.byte	0x3
 609 044b 2C       		.byte	0x2c
 610 044c 05040000 		.4byte	0x405
 611 0450 06       		.uleb128 0x6
 612 0451 320D0000 		.4byte	.LASF171
 613 0455 03       		.byte	0x3
 614 0456 30       		.byte	0x30
 615 0457 17040000 		.4byte	0x417
 616 045b 05       		.uleb128 0x5
 617 045c 04       		.byte	0x4
 618 045d 07       		.byte	0x7
 619 045e 84080000 		.4byte	.LASF172
 620 0462 05       		.uleb128 0x5
 621 0463 08       		.byte	0x8
 622 0464 04       		.byte	0x4
 623 0465 D50D0000 		.4byte	.LASF173
 624 0469 05       		.uleb128 0x5
 625 046a 01       		.byte	0x1
 626 046b 08       		.byte	0x8
 627 046c E10D0000 		.4byte	.LASF174
ARM GAS  C:\Users\ADMINI~1\AppData\Local\Temp\ccwnwCKU.s 			page 12


 628 0470 05       		.uleb128 0x5
 629 0471 04       		.byte	0x4
 630 0472 04       		.byte	0x4
 631 0473 A40A0000 		.4byte	.LASF175
 632 0477 05       		.uleb128 0x5
 633 0478 08       		.byte	0x8
 634 0479 04       		.byte	0x4
 635 047a 99040000 		.4byte	.LASF176
 636 047e 08       		.uleb128 0x8
 637 047f 08       		.byte	0x8
 638 0480 04       		.byte	0x4
 639 0481 EB       		.byte	0xeb
 640 0482 9F040000 		.4byte	0x49f
 641 0486 09       		.uleb128 0x9
 642 0487 25040000 		.4byte	.LASF177
 643 048b 04       		.byte	0x4
 644 048c EC       		.byte	0xec
 645 048d E5030000 		.4byte	0x3e5
 646 0491 00       		.byte	0
 647 0492 09       		.uleb128 0x9
 648 0493 94110000 		.4byte	.LASF178
 649 0497 04       		.byte	0x4
 650 0498 F0       		.byte	0xf0
 651 0499 50040000 		.4byte	0x450
 652 049d 04       		.byte	0x4
 653 049e 00       		.byte	0
 654 049f 06       		.uleb128 0x6
 655 04a0 C0080000 		.4byte	.LASF179
 656 04a4 04       		.byte	0x4
 657 04a5 F1       		.byte	0xf1
 658 04a6 7E040000 		.4byte	0x47e
 659 04aa 0A       		.uleb128 0xa
 660 04ab 000C0000 		.4byte	.LASF180
 661 04af 05       		.byte	0x5
 662 04b0 EA07     		.2byte	0x7ea
 663 04b2 B6040000 		.4byte	0x4b6
 664 04b6 0B       		.uleb128 0xb
 665 04b7 45040000 		.4byte	0x445
 666 04bb 0C       		.uleb128 0xc
 667 04bc 6B010000 		.4byte	.LASF181
 668 04c0 06       		.byte	0x6
 669 04c1 18       		.byte	0x18
 670 04c2 CC040000 		.4byte	0x4cc
 671 04c6 05       		.uleb128 0x5
 672 04c7 03       		.byte	0x3
 673 04c8 00000000 		.4byte	UART_1_SCB_IRQ_cfg
 674 04cc 0D       		.uleb128 0xd
 675 04cd 9F040000 		.4byte	0x49f
 676 04d1 0C       		.uleb128 0xc
 677 04d2 A0040000 		.4byte	.LASF182
 678 04d6 06       		.byte	0x6
 679 04d7 1E       		.byte	0x1e
 680 04d8 CC040000 		.4byte	0x4cc
 681 04dc 05       		.uleb128 0x5
 682 04dd 03       		.byte	0x3
 683 04de 00000000 		.4byte	WS_SPI_SCB_IRQ_cfg
 684 04e2 0C       		.uleb128 0xc
ARM GAS  C:\Users\ADMINI~1\AppData\Local\Temp\ccwnwCKU.s 			page 13


 685 04e3 9D020000 		.4byte	.LASF183
 686 04e7 06       		.byte	0x6
 687 04e8 24       		.byte	0x24
 688 04e9 CC040000 		.4byte	0x4cc
 689 04ed 05       		.uleb128 0x5
 690 04ee 03       		.byte	0x3
 691 04ef 00000000 		.4byte	WS_DMA_INT_cfg
 692 04f3 0C       		.uleb128 0xc
 693 04f4 3E070000 		.4byte	.LASF184
 694 04f8 06       		.byte	0x6
 695 04f9 2A       		.byte	0x2a
 696 04fa CC040000 		.4byte	0x4cc
 697 04fe 05       		.uleb128 0x5
 698 04ff 03       		.byte	0x3
 699 0500 00000000 		.4byte	ADC_1_IRQ_cfg
 700 0504 00       		.byte	0
 701              		.section	.debug_abbrev,"",%progbits
 702              	.Ldebug_abbrev0:
 703 0000 01       		.uleb128 0x1
 704 0001 11       		.uleb128 0x11
 705 0002 01       		.byte	0x1
 706 0003 25       		.uleb128 0x25
 707 0004 0E       		.uleb128 0xe
 708 0005 13       		.uleb128 0x13
 709 0006 0B       		.uleb128 0xb
 710 0007 03       		.uleb128 0x3
 711 0008 0E       		.uleb128 0xe
 712 0009 1B       		.uleb128 0x1b
 713 000a 0E       		.uleb128 0xe
 714 000b 10       		.uleb128 0x10
 715 000c 17       		.uleb128 0x17
 716 000d 00       		.byte	0
 717 000e 00       		.byte	0
 718 000f 02       		.uleb128 0x2
 719 0010 04       		.uleb128 0x4
 720 0011 01       		.byte	0x1
 721 0012 0B       		.uleb128 0xb
 722 0013 0B       		.uleb128 0xb
 723 0014 49       		.uleb128 0x49
 724 0015 13       		.uleb128 0x13
 725 0016 3A       		.uleb128 0x3a
 726 0017 0B       		.uleb128 0xb
 727 0018 3B       		.uleb128 0x3b
 728 0019 0B       		.uleb128 0xb
 729 001a 01       		.uleb128 0x1
 730 001b 13       		.uleb128 0x13
 731 001c 00       		.byte	0
 732 001d 00       		.byte	0
 733 001e 03       		.uleb128 0x3
 734 001f 28       		.uleb128 0x28
 735 0020 00       		.byte	0
 736 0021 03       		.uleb128 0x3
 737 0022 0E       		.uleb128 0xe
 738 0023 1C       		.uleb128 0x1c
 739 0024 0D       		.uleb128 0xd
 740 0025 00       		.byte	0
 741 0026 00       		.byte	0
ARM GAS  C:\Users\ADMINI~1\AppData\Local\Temp\ccwnwCKU.s 			page 14


 742 0027 04       		.uleb128 0x4
 743 0028 28       		.uleb128 0x28
 744 0029 00       		.byte	0
 745 002a 03       		.uleb128 0x3
 746 002b 0E       		.uleb128 0xe
 747 002c 1C       		.uleb128 0x1c
 748 002d 0B       		.uleb128 0xb
 749 002e 00       		.byte	0
 750 002f 00       		.byte	0
 751 0030 05       		.uleb128 0x5
 752 0031 24       		.uleb128 0x24
 753 0032 00       		.byte	0
 754 0033 0B       		.uleb128 0xb
 755 0034 0B       		.uleb128 0xb
 756 0035 3E       		.uleb128 0x3e
 757 0036 0B       		.uleb128 0xb
 758 0037 03       		.uleb128 0x3
 759 0038 0E       		.uleb128 0xe
 760 0039 00       		.byte	0
 761 003a 00       		.byte	0
 762 003b 06       		.uleb128 0x6
 763 003c 16       		.uleb128 0x16
 764 003d 00       		.byte	0
 765 003e 03       		.uleb128 0x3
 766 003f 0E       		.uleb128 0xe
 767 0040 3A       		.uleb128 0x3a
 768 0041 0B       		.uleb128 0xb
 769 0042 3B       		.uleb128 0x3b
 770 0043 0B       		.uleb128 0xb
 771 0044 49       		.uleb128 0x49
 772 0045 13       		.uleb128 0x13
 773 0046 00       		.byte	0
 774 0047 00       		.byte	0
 775 0048 07       		.uleb128 0x7
 776 0049 24       		.uleb128 0x24
 777 004a 00       		.byte	0
 778 004b 0B       		.uleb128 0xb
 779 004c 0B       		.uleb128 0xb
 780 004d 3E       		.uleb128 0x3e
 781 004e 0B       		.uleb128 0xb
 782 004f 03       		.uleb128 0x3
 783 0050 08       		.uleb128 0x8
 784 0051 00       		.byte	0
 785 0052 00       		.byte	0
 786 0053 08       		.uleb128 0x8
 787 0054 13       		.uleb128 0x13
 788 0055 01       		.byte	0x1
 789 0056 0B       		.uleb128 0xb
 790 0057 0B       		.uleb128 0xb
 791 0058 3A       		.uleb128 0x3a
 792 0059 0B       		.uleb128 0xb
 793 005a 3B       		.uleb128 0x3b
 794 005b 0B       		.uleb128 0xb
 795 005c 01       		.uleb128 0x1
 796 005d 13       		.uleb128 0x13
 797 005e 00       		.byte	0
 798 005f 00       		.byte	0
ARM GAS  C:\Users\ADMINI~1\AppData\Local\Temp\ccwnwCKU.s 			page 15


 799 0060 09       		.uleb128 0x9
 800 0061 0D       		.uleb128 0xd
 801 0062 00       		.byte	0
 802 0063 03       		.uleb128 0x3
 803 0064 0E       		.uleb128 0xe
 804 0065 3A       		.uleb128 0x3a
 805 0066 0B       		.uleb128 0xb
 806 0067 3B       		.uleb128 0x3b
 807 0068 0B       		.uleb128 0xb
 808 0069 49       		.uleb128 0x49
 809 006a 13       		.uleb128 0x13
 810 006b 38       		.uleb128 0x38
 811 006c 0B       		.uleb128 0xb
 812 006d 00       		.byte	0
 813 006e 00       		.byte	0
 814 006f 0A       		.uleb128 0xa
 815 0070 34       		.uleb128 0x34
 816 0071 00       		.byte	0
 817 0072 03       		.uleb128 0x3
 818 0073 0E       		.uleb128 0xe
 819 0074 3A       		.uleb128 0x3a
 820 0075 0B       		.uleb128 0xb
 821 0076 3B       		.uleb128 0x3b
 822 0077 05       		.uleb128 0x5
 823 0078 49       		.uleb128 0x49
 824 0079 13       		.uleb128 0x13
 825 007a 3F       		.uleb128 0x3f
 826 007b 19       		.uleb128 0x19
 827 007c 3C       		.uleb128 0x3c
 828 007d 19       		.uleb128 0x19
 829 007e 00       		.byte	0
 830 007f 00       		.byte	0
 831 0080 0B       		.uleb128 0xb
 832 0081 35       		.uleb128 0x35
 833 0082 00       		.byte	0
 834 0083 49       		.uleb128 0x49
 835 0084 13       		.uleb128 0x13
 836 0085 00       		.byte	0
 837 0086 00       		.byte	0
 838 0087 0C       		.uleb128 0xc
 839 0088 34       		.uleb128 0x34
 840 0089 00       		.byte	0
 841 008a 03       		.uleb128 0x3
 842 008b 0E       		.uleb128 0xe
 843 008c 3A       		.uleb128 0x3a
 844 008d 0B       		.uleb128 0xb
 845 008e 3B       		.uleb128 0x3b
 846 008f 0B       		.uleb128 0xb
 847 0090 49       		.uleb128 0x49
 848 0091 13       		.uleb128 0x13
 849 0092 3F       		.uleb128 0x3f
 850 0093 19       		.uleb128 0x19
 851 0094 02       		.uleb128 0x2
 852 0095 18       		.uleb128 0x18
 853 0096 00       		.byte	0
 854 0097 00       		.byte	0
 855 0098 0D       		.uleb128 0xd
ARM GAS  C:\Users\ADMINI~1\AppData\Local\Temp\ccwnwCKU.s 			page 16


 856 0099 26       		.uleb128 0x26
 857 009a 00       		.byte	0
 858 009b 49       		.uleb128 0x49
 859 009c 13       		.uleb128 0x13
 860 009d 00       		.byte	0
 861 009e 00       		.byte	0
 862 009f 00       		.byte	0
 863              		.section	.debug_aranges,"",%progbits
 864 0000 14000000 		.4byte	0x14
 865 0004 0200     		.2byte	0x2
 866 0006 00000000 		.4byte	.Ldebug_info0
 867 000a 04       		.byte	0x4
 868 000b 00       		.byte	0
 869 000c 0000     		.2byte	0
 870 000e 0000     		.2byte	0
 871 0010 00000000 		.4byte	0
 872 0014 00000000 		.4byte	0
 873              		.section	.debug_line,"",%progbits
 874              	.Ldebug_line0:
 875 0000 10020000 		.section	.debug_str,"MS",%progbits,1
 875      02000A02 
 875      00000201 
 875      FB0E0D00 
 875      01010101 
 876              	.LASF123:
 877 0000 74637077 		.ascii	"tcpwm_1_interrupts_15_IRQn\000"
 877      6D5F315F 
 877      696E7465 
 877      72727570 
 877      74735F31 
 878              	.LASF12:
 879 001b 696F7373 		.ascii	"ioss_interrupts_gpio_2_IRQn\000"
 879      5F696E74 
 879      65727275 
 879      7074735F 
 879      6770696F 
 880              	.LASF56:
 881 0037 7363625F 		.ascii	"scb_5_interrupt_IRQn\000"
 881      355F696E 
 881      74657272 
 881      7570745F 
 881      4952516E 
 882              	.LASF104:
 883 004c 74637077 		.ascii	"tcpwm_0_interrupts_4_IRQn\000"
 883      6D5F305F 
 883      696E7465 
 883      72727570 
 883      74735F34 
 884              	.LASF32:
 885 0066 73727373 		.ascii	"srss_interrupt_IRQn\000"
 885      5F696E74 
 885      65727275 
 885      70745F49 
 885      52516E00 
 886              	.LASF28:
 887 007a 7363625F 		.ascii	"scb_8_interrupt_IRQn\000"
 887      385F696E 
ARM GAS  C:\Users\ADMINI~1\AppData\Local\Temp\ccwnwCKU.s 			page 17


 887      74657272 
 887      7570745F 
 887      4952516E 
 888              	.LASF61:
 889 008f 63707573 		.ascii	"cpuss_interrupts_dw0_1_IRQn\000"
 889      735F696E 
 889      74657272 
 889      75707473 
 889      5F647730 
 890              	.LASF144:
 891 00ab 7564625F 		.ascii	"udb_interrupts_12_IRQn\000"
 891      696E7465 
 891      72727570 
 891      74735F31 
 891      325F4952 
 892              	.LASF34:
 893 00c2 626C6573 		.ascii	"bless_interrupt_IRQn\000"
 893      735F696E 
 893      74657272 
 893      7570745F 
 893      4952516E 
 894              	.LASF133:
 895 00d7 7564625F 		.ascii	"udb_interrupts_1_IRQn\000"
 895      696E7465 
 895      72727570 
 895      74735F31 
 895      5F495251 
 896              	.LASF51:
 897 00ed 7363625F 		.ascii	"scb_0_interrupt_IRQn\000"
 897      305F696E 
 897      74657272 
 897      7570745F 
 897      4952516E 
 898              	.LASF116:
 899 0102 74637077 		.ascii	"tcpwm_1_interrupts_8_IRQn\000"
 899      6D5F315F 
 899      696E7465 
 899      72727570 
 899      74735F38 
 900              	.LASF39:
 901 011c 63707573 		.ascii	"cpuss_interrupts_ipc_4_IRQn\000"
 901      735F696E 
 901      74657272 
 901      75707473 
 901      5F697063 
 902              	.LASF46:
 903 0138 63707573 		.ascii	"cpuss_interrupts_ipc_11_IRQn\000"
 903      735F696E 
 903      74657272 
 903      75707473 
 903      5F697063 
 904              	.LASF132:
 905 0155 7564625F 		.ascii	"udb_interrupts_0_IRQn\000"
 905      696E7465 
 905      72727570 
 905      74735F30 
 905      5F495251 
ARM GAS  C:\Users\ADMINI~1\AppData\Local\Temp\ccwnwCKU.s 			page 18


 906              	.LASF181:
 907 016b 55415254 		.ascii	"UART_1_SCB_IRQ_cfg\000"
 907      5F315F53 
 907      43425F49 
 907      52515F63 
 907      666700
 908              	.LASF168:
 909 017e 6C6F6E67 		.ascii	"long long unsigned int\000"
 909      206C6F6E 
 909      6720756E 
 909      7369676E 
 909      65642069 
 910              	.LASF155:
 911 0195 7573625F 		.ascii	"usb_interrupt_lo_IRQn\000"
 911      696E7465 
 911      72727570 
 911      745F6C6F 
 911      5F495251 
 912              	.LASF118:
 913 01ab 74637077 		.ascii	"tcpwm_1_interrupts_10_IRQn\000"
 913      6D5F315F 
 913      696E7465 
 913      72727570 
 913      74735F31 
 914              	.LASF10:
 915 01c6 696F7373 		.ascii	"ioss_interrupts_gpio_0_IRQn\000"
 915      5F696E74 
 915      65727275 
 915      7074735F 
 915      6770696F 
 916              	.LASF97:
 917 01e2 63707573 		.ascii	"cpuss_interrupts_cm0_cti_1_IRQn\000"
 917      735F696E 
 917      74657272 
 917      75707473 
 917      5F636D30 
 918              	.LASF19:
 919 0202 696F7373 		.ascii	"ioss_interrupts_gpio_9_IRQn\000"
 919      5F696E74 
 919      65727275 
 919      7074735F 
 919      6770696F 
 920              	.LASF156:
 921 021e 70617373 		.ascii	"pass_interrupt_dacs_IRQn\000"
 921      5F696E74 
 921      65727275 
 921      70745F64 
 921      6163735F 
 922              	.LASF138:
 923 0237 7564625F 		.ascii	"udb_interrupts_6_IRQn\000"
 923      696E7465 
 923      72727570 
 923      74735F36 
 923      5F495251 
 924              	.LASF0:
 925 024d 52657365 		.ascii	"Reset_IRQn\000"
 925      745F4952 
ARM GAS  C:\Users\ADMINI~1\AppData\Local\Temp\ccwnwCKU.s 			page 19


 925      516E00
 926              	.LASF124:
 927 0258 74637077 		.ascii	"tcpwm_1_interrupts_16_IRQn\000"
 927      6D5F315F 
 927      696E7465 
 927      72727570 
 927      74735F31 
 928              	.LASF94:
 929 0273 63707573 		.ascii	"cpuss_interrupt_crypto_IRQn\000"
 929      735F696E 
 929      74657272 
 929      7570745F 
 929      63727970 
 930              	.LASF167:
 931 028f 6C6F6E67 		.ascii	"long long int\000"
 931      206C6F6E 
 931      6720696E 
 931      7400
 932              	.LASF183:
 933 029d 57535F44 		.ascii	"WS_DMA_INT_cfg\000"
 933      4D415F49 
 933      4E545F63 
 933      666700
 934              	.LASF105:
 935 02ac 74637077 		.ascii	"tcpwm_0_interrupts_5_IRQn\000"
 935      6D5F305F 
 935      696E7465 
 935      72727570 
 935      74735F35 
 936              	.LASF85:
 937 02c6 63707573 		.ascii	"cpuss_interrupts_dw1_9_IRQn\000"
 937      735F696E 
 937      74657272 
 937      75707473 
 937      5F647731 
 938              	.LASF187:
 939 02e2 4D3A5C47 		.ascii	"M:\\Githubrepo\\Intern_hiwi\\FinalProject\\FinalPro"
 939      69746875 
 939      62726570 
 939      6F5C496E 
 939      7465726E 
 940 0311 6A656374 		.ascii	"ject\\Mux_ADC07_probe01.cydsn\000"
 940      5C4D7578 
 940      5F414443 
 940      30375F70 
 940      726F6265 
 941              	.LASF62:
 942 032e 63707573 		.ascii	"cpuss_interrupts_dw0_2_IRQn\000"
 942      735F696E 
 942      74657272 
 942      75707473 
 942      5F647730 
 943              	.LASF145:
 944 034a 7564625F 		.ascii	"udb_interrupts_13_IRQn\000"
 944      696E7465 
 944      72727570 
 944      74735F31 
ARM GAS  C:\Users\ADMINI~1\AppData\Local\Temp\ccwnwCKU.s 			page 20


 944      335F4952 
 945              	.LASF27:
 946 0361 6C70636F 		.ascii	"lpcomp_interrupt_IRQn\000"
 946      6D705F69 
 946      6E746572 
 946      72757074 
 946      5F495251 
 947              	.LASF108:
 948 0377 74637077 		.ascii	"tcpwm_1_interrupts_0_IRQn\000"
 948      6D5F315F 
 948      696E7465 
 948      72727570 
 948      74735F30 
 949              	.LASF164:
 950 0391 6C6F6E67 		.ascii	"long int\000"
 950      20696E74 
 950      00
 951              	.LASF117:
 952 039a 74637077 		.ascii	"tcpwm_1_interrupts_9_IRQn\000"
 952      6D5F315F 
 952      696E7465 
 952      72727570 
 952      74735F39 
 953              	.LASF40:
 954 03b4 63707573 		.ascii	"cpuss_interrupts_ipc_5_IRQn\000"
 954      735F696E 
 954      74657272 
 954      75707473 
 954      5F697063 
 955              	.LASF83:
 956 03d0 63707573 		.ascii	"cpuss_interrupts_dw1_7_IRQn\000"
 956      735F696E 
 956      74657272 
 956      75707473 
 956      5F647731 
 957              	.LASF47:
 958 03ec 63707573 		.ascii	"cpuss_interrupts_ipc_12_IRQn\000"
 958      735F696E 
 958      74657272 
 958      75707473 
 958      5F697063 
 959              	.LASF84:
 960 0409 63707573 		.ascii	"cpuss_interrupts_dw1_8_IRQn\000"
 960      735F696E 
 960      74657272 
 960      75707473 
 960      5F647731 
 961              	.LASF177:
 962 0425 696E7472 		.ascii	"intrSrc\000"
 962      53726300 
 963              	.LASF119:
 964 042d 74637077 		.ascii	"tcpwm_1_interrupts_11_IRQn\000"
 964      6D5F315F 
 964      696E7465 
 964      72727570 
 964      74735F31 
 965              	.LASF64:
ARM GAS  C:\Users\ADMINI~1\AppData\Local\Temp\ccwnwCKU.s 			page 21


 966 0448 63707573 		.ascii	"cpuss_interrupts_dw0_4_IRQn\000"
 966      735F696E 
 966      74657272 
 966      75707473 
 966      5F647730 
 967              	.LASF25:
 968 0464 696F7373 		.ascii	"ioss_interrupt_gpio_IRQn\000"
 968      5F696E74 
 968      65727275 
 968      70745F67 
 968      70696F5F 
 969              	.LASF29:
 970 047d 73727373 		.ascii	"srss_interrupt_mcwdt_0_IRQn\000"
 970      5F696E74 
 970      65727275 
 970      70745F6D 
 970      63776474 
 971              	.LASF176:
 972 0499 646F7562 		.ascii	"double\000"
 972      6C6500
 973              	.LASF182:
 974 04a0 57535F53 		.ascii	"WS_SPI_SCB_IRQ_cfg\000"
 974      50495F53 
 974      43425F49 
 974      52515F63 
 974      666700
 975              	.LASF149:
 976 04b3 61756469 		.ascii	"audioss_interrupt_i2s_IRQn\000"
 976      6F73735F 
 976      696E7465 
 976      72727570 
 976      745F6932 
 977              	.LASF66:
 978 04ce 63707573 		.ascii	"cpuss_interrupts_dw0_6_IRQn\000"
 978      735F696E 
 978      74657272 
 978      75707473 
 978      5F647730 
 979              	.LASF99:
 980 04ea 63707573 		.ascii	"cpuss_interrupts_cm4_cti_1_IRQn\000"
 980      735F696E 
 980      74657272 
 980      75707473 
 980      5F636D34 
 981              	.LASF58:
 982 050a 7363625F 		.ascii	"scb_7_interrupt_IRQn\000"
 982      375F696E 
 982      74657272 
 982      7570745F 
 982      4952516E 
 983              	.LASF106:
 984 051f 74637077 		.ascii	"tcpwm_0_interrupts_6_IRQn\000"
 984      6D5F305F 
 984      696E7465 
 984      72727570 
 984      74735F36 
 985              	.LASF165:
ARM GAS  C:\Users\ADMINI~1\AppData\Local\Temp\ccwnwCKU.s 			page 22


 986 0539 5F5F7569 		.ascii	"__uint32_t\000"
 986      6E743332 
 986      5F7400
 987              	.LASF4:
 988 0544 42757346 		.ascii	"BusFault_IRQn\000"
 988      61756C74 
 988      5F495251 
 988      6E00
 989              	.LASF52:
 990 0552 7363625F 		.ascii	"scb_1_interrupt_IRQn\000"
 990      315F696E 
 990      74657272 
 990      7570745F 
 990      4952516E 
 991              	.LASF146:
 992 0567 7564625F 		.ascii	"udb_interrupts_14_IRQn\000"
 992      696E7465 
 992      72727570 
 992      74735F31 
 992      345F4952 
 993              	.LASF33:
 994 057e 70617373 		.ascii	"pass_interrupt_ctbs_IRQn\000"
 994      5F696E74 
 994      65727275 
 994      70745F63 
 994      7462735F 
 995              	.LASF53:
 996 0597 7363625F 		.ascii	"scb_2_interrupt_IRQn\000"
 996      325F696E 
 996      74657272 
 996      7570745F 
 996      4952516E 
 997              	.LASF74:
 998 05ac 63707573 		.ascii	"cpuss_interrupts_dw0_14_IRQn\000"
 998      735F696E 
 998      74657272 
 998      75707473 
 998      5F647730 
 999              	.LASF15:
 1000 05c9 696F7373 		.ascii	"ioss_interrupts_gpio_5_IRQn\000"
 1000      5F696E74 
 1000      65727275 
 1000      7074735F 
 1000      6770696F 
 1001              	.LASF41:
 1002 05e5 63707573 		.ascii	"cpuss_interrupts_ipc_6_IRQn\000"
 1002      735F696E 
 1002      74657272 
 1002      75707473 
 1002      5F697063 
 1003              	.LASF134:
 1004 0601 7564625F 		.ascii	"udb_interrupts_2_IRQn\000"
 1004      696E7465 
 1004      72727570 
 1004      74735F32 
 1004      5F495251 
 1005              	.LASF23:
ARM GAS  C:\Users\ADMINI~1\AppData\Local\Temp\ccwnwCKU.s 			page 23


 1006 0617 696F7373 		.ascii	"ioss_interrupts_gpio_13_IRQn\000"
 1006      5F696E74 
 1006      65727275 
 1006      7074735F 
 1006      6770696F 
 1007              	.LASF120:
 1008 0634 74637077 		.ascii	"tcpwm_1_interrupts_12_IRQn\000"
 1008      6D5F315F 
 1008      696E7465 
 1008      72727570 
 1008      74735F31 
 1009              	.LASF89:
 1010 064f 63707573 		.ascii	"cpuss_interrupts_dw1_13_IRQn\000"
 1010      735F696E 
 1010      74657272 
 1010      75707473 
 1010      5F647731 
 1011              	.LASF166:
 1012 066c 6C6F6E67 		.ascii	"long unsigned int\000"
 1012      20756E73 
 1012      69676E65 
 1012      6420696E 
 1012      7400
 1013              	.LASF30:
 1014 067e 73727373 		.ascii	"srss_interrupt_mcwdt_1_IRQn\000"
 1014      5F696E74 
 1014      65727275 
 1014      70745F6D 
 1014      63776474 
 1015              	.LASF101:
 1016 069a 74637077 		.ascii	"tcpwm_0_interrupts_1_IRQn\000"
 1016      6D5F305F 
 1016      696E7465 
 1016      72727570 
 1016      74735F31 
 1017              	.LASF154:
 1018 06b4 7573625F 		.ascii	"usb_interrupt_med_IRQn\000"
 1018      696E7465 
 1018      72727570 
 1018      745F6D65 
 1018      645F4952 
 1019              	.LASF92:
 1020 06cb 63707573 		.ascii	"cpuss_interrupts_fault_0_IRQn\000"
 1020      735F696E 
 1020      74657272 
 1020      75707473 
 1020      5F666175 
 1021              	.LASF6:
 1022 06e9 53564361 		.ascii	"SVCall_IRQn\000"
 1022      6C6C5F49 
 1022      52516E00 
 1023              	.LASF161:
 1024 06f5 73686F72 		.ascii	"short unsigned int\000"
 1024      7420756E 
 1024      7369676E 
 1024      65642069 
 1024      6E7400
ARM GAS  C:\Users\ADMINI~1\AppData\Local\Temp\ccwnwCKU.s 			page 24


 1025              	.LASF113:
 1026 0708 74637077 		.ascii	"tcpwm_1_interrupts_5_IRQn\000"
 1026      6D5F315F 
 1026      696E7465 
 1026      72727570 
 1026      74735F35 
 1027              	.LASF36:
 1028 0722 63707573 		.ascii	"cpuss_interrupts_ipc_1_IRQn\000"
 1028      735F696E 
 1028      74657272 
 1028      75707473 
 1028      5F697063 
 1029              	.LASF184:
 1030 073e 4144435F 		.ascii	"ADC_1_IRQ_cfg\000"
 1030      315F4952 
 1030      515F6366 
 1030      6700
 1031              	.LASF95:
 1032 074c 63707573 		.ascii	"cpuss_interrupt_fm_IRQn\000"
 1032      735F696E 
 1032      74657272 
 1032      7570745F 
 1032      666D5F49 
 1033              	.LASF75:
 1034 0764 63707573 		.ascii	"cpuss_interrupts_dw0_15_IRQn\000"
 1034      735F696E 
 1034      74657272 
 1034      75707473 
 1034      5F647730 
 1035              	.LASF16:
 1036 0781 696F7373 		.ascii	"ioss_interrupts_gpio_6_IRQn\000"
 1036      5F696E74 
 1036      65727275 
 1036      7074735F 
 1036      6770696F 
 1037              	.LASF135:
 1038 079d 7564625F 		.ascii	"udb_interrupts_3_IRQn\000"
 1038      696E7465 
 1038      72727570 
 1038      74735F33 
 1038      5F495251 
 1039              	.LASF24:
 1040 07b3 696F7373 		.ascii	"ioss_interrupts_gpio_14_IRQn\000"
 1040      5F696E74 
 1040      65727275 
 1040      7074735F 
 1040      6770696F 
 1041              	.LASF9:
 1042 07d0 53797354 		.ascii	"SysTick_IRQn\000"
 1042      69636B5F 
 1042      4952516E 
 1042      00
 1043              	.LASF80:
 1044 07dd 63707573 		.ascii	"cpuss_interrupts_dw1_4_IRQn\000"
 1044      735F696E 
 1044      74657272 
 1044      75707473 
ARM GAS  C:\Users\ADMINI~1\AppData\Local\Temp\ccwnwCKU.s 			page 25


 1044      5F647731 
 1045              	.LASF90:
 1046 07f9 63707573 		.ascii	"cpuss_interrupts_dw1_14_IRQn\000"
 1046      735F696E 
 1046      74657272 
 1046      75707473 
 1046      5F647731 
 1047              	.LASF131:
 1048 0816 74637077 		.ascii	"tcpwm_1_interrupts_23_IRQn\000"
 1048      6D5F315F 
 1048      696E7465 
 1048      72727570 
 1048      74735F32 
 1049              	.LASF102:
 1050 0831 74637077 		.ascii	"tcpwm_0_interrupts_2_IRQn\000"
 1050      6D5F305F 
 1050      696E7465 
 1050      72727570 
 1050      74735F32 
 1051              	.LASF121:
 1052 084b 74637077 		.ascii	"tcpwm_1_interrupts_13_IRQn\000"
 1052      6D5F315F 
 1052      696E7465 
 1052      72727570 
 1052      74735F31 
 1053              	.LASF93:
 1054 0866 63707573 		.ascii	"cpuss_interrupts_fault_1_IRQn\000"
 1054      735F696E 
 1054      74657272 
 1054      75707473 
 1054      5F666175 
 1055              	.LASF172:
 1056 0884 73697A65 		.ascii	"sizetype\000"
 1056      74797065 
 1056      00
 1057              	.LASF142:
 1058 088d 7564625F 		.ascii	"udb_interrupts_10_IRQn\000"
 1058      696E7465 
 1058      72727570 
 1058      74735F31 
 1058      305F4952 
 1059              	.LASF68:
 1060 08a4 63707573 		.ascii	"cpuss_interrupts_dw0_8_IRQn\000"
 1060      735F696E 
 1060      74657272 
 1060      75707473 
 1060      5F647730 
 1061              	.LASF179:
 1062 08c0 63795F73 		.ascii	"cy_stc_sysint_t\000"
 1062      74635F73 
 1062      7973696E 
 1062      745F7400 
 1063              	.LASF70:
 1064 08d0 63707573 		.ascii	"cpuss_interrupts_dw0_10_IRQn\000"
 1064      735F696E 
 1064      74657272 
 1064      75707473 
ARM GAS  C:\Users\ADMINI~1\AppData\Local\Temp\ccwnwCKU.s 			page 26


 1064      5F647730 
 1065              	.LASF114:
 1066 08ed 74637077 		.ascii	"tcpwm_1_interrupts_6_IRQn\000"
 1066      6D5F315F 
 1066      696E7465 
 1066      72727570 
 1066      74735F36 
 1067              	.LASF37:
 1068 0907 63707573 		.ascii	"cpuss_interrupts_ipc_2_IRQn\000"
 1068      735F696E 
 1068      74657272 
 1068      75707473 
 1068      5F697063 
 1069              	.LASF81:
 1070 0923 63707573 		.ascii	"cpuss_interrupts_dw1_5_IRQn\000"
 1070      735F696E 
 1070      74657272 
 1070      75707473 
 1070      5F647731 
 1071              	.LASF139:
 1072 093f 7564625F 		.ascii	"udb_interrupts_7_IRQn\000"
 1072      696E7465 
 1072      72727570 
 1072      74735F37 
 1072      5F495251 
 1073              	.LASF125:
 1074 0955 74637077 		.ascii	"tcpwm_1_interrupts_17_IRQn\000"
 1074      6D5F315F 
 1074      696E7465 
 1074      72727570 
 1074      74735F31 
 1075              	.LASF55:
 1076 0970 7363625F 		.ascii	"scb_4_interrupt_IRQn\000"
 1076      345F696E 
 1076      74657272 
 1076      7570745F 
 1076      4952516E 
 1077              	.LASF17:
 1078 0985 696F7373 		.ascii	"ioss_interrupts_gpio_7_IRQn\000"
 1078      5F696E74 
 1078      65727275 
 1078      7074735F 
 1078      6770696F 
 1079              	.LASF73:
 1080 09a1 63707573 		.ascii	"cpuss_interrupts_dw0_13_IRQn\000"
 1080      735F696E 
 1080      74657272 
 1080      75707473 
 1080      5F647730 
 1081              	.LASF185:
 1082 09be 474E5520 		.ascii	"GNU C11 5.4.1 20160609 (release) [ARM/embedded-5-br"
 1082      43313120 
 1082      352E342E 
 1082      31203230 
 1082      31363036 
 1083 09f1 616E6368 		.ascii	"anch revision 237715] -mcpu=cortex-m4 -mfloat-abi=s"
 1083      20726576 
ARM GAS  C:\Users\ADMINI~1\AppData\Local\Temp\ccwnwCKU.s 			page 27


 1083      6973696F 
 1083      6E203233 
 1083      37373135 
 1084 0a24 6F667466 		.ascii	"oftfp -mfpu=fpv4-sp-d16 -mthumb -g -Og -ffunction-s"
 1084      70202D6D 
 1084      6670753D 
 1084      66707634 
 1084      2D73702D 
 1085 0a57 65637469 		.ascii	"ections -ffat-lto-objects\000"
 1085      6F6E7320 
 1085      2D666661 
 1085      742D6C74 
 1085      6F2D6F62 
 1086              	.LASF91:
 1087 0a71 63707573 		.ascii	"cpuss_interrupts_dw1_15_IRQn\000"
 1087      735F696E 
 1087      74657272 
 1087      75707473 
 1087      5F647731 
 1088              	.LASF153:
 1089 0a8e 7573625F 		.ascii	"usb_interrupt_hi_IRQn\000"
 1089      696E7465 
 1089      72727570 
 1089      745F6869 
 1089      5F495251 
 1090              	.LASF175:
 1091 0aa4 666C6F61 		.ascii	"float\000"
 1091      7400
 1092              	.LASF63:
 1093 0aaa 63707573 		.ascii	"cpuss_interrupts_dw0_3_IRQn\000"
 1093      735F696E 
 1093      74657272 
 1093      75707473 
 1093      5F647730 
 1094              	.LASF21:
 1095 0ac6 696F7373 		.ascii	"ioss_interrupts_gpio_11_IRQn\000"
 1095      5F696E74 
 1095      65727275 
 1095      7074735F 
 1095      6770696F 
 1096              	.LASF3:
 1097 0ae3 4D656D6F 		.ascii	"MemoryManagement_IRQn\000"
 1097      72794D61 
 1097      6E616765 
 1097      6D656E74 
 1097      5F495251 
 1098              	.LASF103:
 1099 0af9 74637077 		.ascii	"tcpwm_0_interrupts_3_IRQn\000"
 1099      6D5F305F 
 1099      696E7465 
 1099      72727570 
 1099      74735F33 
 1100              	.LASF128:
 1101 0b13 74637077 		.ascii	"tcpwm_1_interrupts_20_IRQn\000"
 1101      6D5F315F 
 1101      696E7465 
 1101      72727570 
ARM GAS  C:\Users\ADMINI~1\AppData\Local\Temp\ccwnwCKU.s 			page 28


 1101      74735F32 
 1102              	.LASF109:
 1103 0b2e 74637077 		.ascii	"tcpwm_1_interrupts_1_IRQn\000"
 1103      6D5F315F 
 1103      696E7465 
 1103      72727570 
 1103      74735F31 
 1104              	.LASF76:
 1105 0b48 63707573 		.ascii	"cpuss_interrupts_dw1_0_IRQn\000"
 1105      735F696E 
 1105      74657272 
 1105      75707473 
 1105      5F647731 
 1106              	.LASF143:
 1107 0b64 7564625F 		.ascii	"udb_interrupts_11_IRQn\000"
 1107      696E7465 
 1107      72727570 
 1107      74735F31 
 1107      315F4952 
 1108              	.LASF69:
 1109 0b7b 63707573 		.ascii	"cpuss_interrupts_dw0_9_IRQn\000"
 1109      735F696E 
 1109      74657272 
 1109      75707473 
 1109      5F647730 
 1110              	.LASF170:
 1111 0b97 696E7433 		.ascii	"int32_t\000"
 1111      325F7400 
 1112              	.LASF160:
 1113 0b9f 756E7369 		.ascii	"unsigned char\000"
 1113      676E6564 
 1113      20636861 
 1113      7200
 1114              	.LASF71:
 1115 0bad 63707573 		.ascii	"cpuss_interrupts_dw0_11_IRQn\000"
 1115      735F696E 
 1115      74657272 
 1115      75707473 
 1115      5F647730 
 1116              	.LASF115:
 1117 0bca 74637077 		.ascii	"tcpwm_1_interrupts_7_IRQn\000"
 1117      6D5F315F 
 1117      696E7465 
 1117      72727570 
 1117      74735F37 
 1118              	.LASF38:
 1119 0be4 63707573 		.ascii	"cpuss_interrupts_ipc_3_IRQn\000"
 1119      735F696E 
 1119      74657272 
 1119      75707473 
 1119      5F697063 
 1120              	.LASF180:
 1121 0c00 49544D5F 		.ascii	"ITM_RxBuffer\000"
 1121      52784275 
 1121      66666572 
 1121      00
 1122              	.LASF169:
ARM GAS  C:\Users\ADMINI~1\AppData\Local\Temp\ccwnwCKU.s 			page 29


 1123 0c0d 756E7369 		.ascii	"unsigned int\000"
 1123      676E6564 
 1123      20696E74 
 1123      00
 1124              	.LASF20:
 1125 0c1a 696F7373 		.ascii	"ioss_interrupts_gpio_10_IRQn\000"
 1125      5F696E74 
 1125      65727275 
 1125      7074735F 
 1125      6770696F 
 1126              	.LASF140:
 1127 0c37 7564625F 		.ascii	"udb_interrupts_8_IRQn\000"
 1127      696E7465 
 1127      72727570 
 1127      74735F38 
 1127      5F495251 
 1128              	.LASF157:
 1129 0c4d 756E636F 		.ascii	"unconnected_IRQn\000"
 1129      6E6E6563 
 1129      7465645F 
 1129      4952516E 
 1129      00
 1130              	.LASF158:
 1131 0c5e 73686F72 		.ascii	"short int\000"
 1131      7420696E 
 1131      7400
 1132              	.LASF98:
 1133 0c68 63707573 		.ascii	"cpuss_interrupts_cm4_cti_0_IRQn\000"
 1133      735F696E 
 1133      74657272 
 1133      75707473 
 1133      5F636D34 
 1134              	.LASF126:
 1135 0c88 74637077 		.ascii	"tcpwm_1_interrupts_18_IRQn\000"
 1135      6D5F315F 
 1135      696E7465 
 1135      72727570 
 1135      74735F31 
 1136              	.LASF79:
 1137 0ca3 63707573 		.ascii	"cpuss_interrupts_dw1_3_IRQn\000"
 1137      735F696E 
 1137      74657272 
 1137      75707473 
 1137      5F647731 
 1138              	.LASF107:
 1139 0cbf 74637077 		.ascii	"tcpwm_0_interrupts_7_IRQn\000"
 1139      6D5F305F 
 1139      696E7465 
 1139      72727570 
 1139      74735F37 
 1140              	.LASF87:
 1141 0cd9 63707573 		.ascii	"cpuss_interrupts_dw1_11_IRQn\000"
 1141      735F696E 
 1141      74657272 
 1141      75707473 
 1141      5F647731 
 1142              	.LASF147:
ARM GAS  C:\Users\ADMINI~1\AppData\Local\Temp\ccwnwCKU.s 			page 30


 1143 0cf6 7564625F 		.ascii	"udb_interrupts_15_IRQn\000"
 1143      696E7465 
 1143      72727570 
 1143      74735F31 
 1143      355F4952 
 1144              	.LASF162:
 1145 0d0d 4952516E 		.ascii	"IRQn_Type\000"
 1145      5F547970 
 1145      6500
 1146              	.LASF129:
 1147 0d17 74637077 		.ascii	"tcpwm_1_interrupts_21_IRQn\000"
 1147      6D5F315F 
 1147      696E7465 
 1147      72727570 
 1147      74735F32 
 1148              	.LASF171:
 1149 0d32 75696E74 		.ascii	"uint32_t\000"
 1149      33325F74 
 1149      00
 1150              	.LASF110:
 1151 0d3b 74637077 		.ascii	"tcpwm_1_interrupts_2_IRQn\000"
 1151      6D5F315F 
 1151      696E7465 
 1151      72727570 
 1151      74735F32 
 1152              	.LASF5:
 1153 0d55 55736167 		.ascii	"UsageFault_IRQn\000"
 1153      65466175 
 1153      6C745F49 
 1153      52516E00 
 1154              	.LASF42:
 1155 0d65 63707573 		.ascii	"cpuss_interrupts_ipc_7_IRQn\000"
 1155      735F696E 
 1155      74657272 
 1155      75707473 
 1155      5F697063 
 1156              	.LASF77:
 1157 0d81 63707573 		.ascii	"cpuss_interrupts_dw1_1_IRQn\000"
 1157      735F696E 
 1157      74657272 
 1157      75707473 
 1157      5F647731 
 1158              	.LASF49:
 1159 0d9d 63707573 		.ascii	"cpuss_interrupts_ipc_14_IRQn\000"
 1159      735F696E 
 1159      74657272 
 1159      75707473 
 1159      5F697063 
 1160              	.LASF150:
 1161 0dba 61756469 		.ascii	"audioss_interrupt_pdm_IRQn\000"
 1161      6F73735F 
 1161      696E7465 
 1161      72727570 
 1161      745F7064 
 1162              	.LASF173:
 1163 0dd5 6C6F6E67 		.ascii	"long double\000"
 1163      20646F75 
ARM GAS  C:\Users\ADMINI~1\AppData\Local\Temp\ccwnwCKU.s 			page 31


 1163      626C6500 
 1164              	.LASF174:
 1165 0de1 63686172 		.ascii	"char\000"
 1165      00
 1166              	.LASF186:
 1167 0de6 47656E65 		.ascii	"Generated_Source\\PSoC6\\cyfitter_sysint_cfg.c\000"
 1167      72617465 
 1167      645F536F 
 1167      75726365 
 1167      5C50536F 
 1168              	.LASF72:
 1169 0e13 63707573 		.ascii	"cpuss_interrupts_dw0_12_IRQn\000"
 1169      735F696E 
 1169      74657272 
 1169      75707473 
 1169      5F647730 
 1170              	.LASF13:
 1171 0e30 696F7373 		.ascii	"ioss_interrupts_gpio_3_IRQn\000"
 1171      5F696E74 
 1171      65727275 
 1171      7074735F 
 1171      6770696F 
 1172              	.LASF148:
 1173 0e4c 70617373 		.ascii	"pass_interrupt_sar_IRQn\000"
 1173      5F696E74 
 1173      65727275 
 1173      70745F73 
 1173      61725F49 
 1174              	.LASF8:
 1175 0e64 50656E64 		.ascii	"PendSV_IRQn\000"
 1175      53565F49 
 1175      52516E00 
 1176              	.LASF54:
 1177 0e70 7363625F 		.ascii	"scb_3_interrupt_IRQn\000"
 1177      335F696E 
 1177      74657272 
 1177      7570745F 
 1177      4952516E 
 1178              	.LASF141:
 1179 0e85 7564625F 		.ascii	"udb_interrupts_9_IRQn\000"
 1179      696E7465 
 1179      72727570 
 1179      74735F39 
 1179      5F495251 
 1180              	.LASF1:
 1181 0e9b 4E6F6E4D 		.ascii	"NonMaskableInt_IRQn\000"
 1181      61736B61 
 1181      626C6549 
 1181      6E745F49 
 1181      52516E00 
 1182              	.LASF163:
 1183 0eaf 5F5F696E 		.ascii	"__int32_t\000"
 1183      7433325F 
 1183      7400
 1184              	.LASF127:
 1185 0eb9 74637077 		.ascii	"tcpwm_1_interrupts_19_IRQn\000"
 1185      6D5F315F 
ARM GAS  C:\Users\ADMINI~1\AppData\Local\Temp\ccwnwCKU.s 			page 32


 1185      696E7465 
 1185      72727570 
 1185      74735F31 
 1186              	.LASF57:
 1187 0ed4 7363625F 		.ascii	"scb_6_interrupt_IRQn\000"
 1187      365F696E 
 1187      74657272 
 1187      7570745F 
 1187      4952516E 
 1188              	.LASF11:
 1189 0ee9 696F7373 		.ascii	"ioss_interrupts_gpio_1_IRQn\000"
 1189      5F696E74 
 1189      65727275 
 1189      7074735F 
 1189      6770696F 
 1190              	.LASF2:
 1191 0f05 48617264 		.ascii	"HardFault_IRQn\000"
 1191      4661756C 
 1191      745F4952 
 1191      516E00
 1192              	.LASF65:
 1193 0f14 63707573 		.ascii	"cpuss_interrupts_dw0_5_IRQn\000"
 1193      735F696E 
 1193      74657272 
 1193      75707473 
 1193      5F647730 
 1194              	.LASF7:
 1195 0f30 44656275 		.ascii	"DebugMonitor_IRQn\000"
 1195      674D6F6E 
 1195      69746F72 
 1195      5F495251 
 1195      6E00
 1196              	.LASF59:
 1197 0f42 6373645F 		.ascii	"csd_interrupt_IRQn\000"
 1197      696E7465 
 1197      72727570 
 1197      745F4952 
 1197      516E00
 1198              	.LASF35:
 1199 0f55 63707573 		.ascii	"cpuss_interrupts_ipc_0_IRQn\000"
 1199      735F696E 
 1199      74657272 
 1199      75707473 
 1199      5F697063 
 1200              	.LASF130:
 1201 0f71 74637077 		.ascii	"tcpwm_1_interrupts_22_IRQn\000"
 1201      6D5F315F 
 1201      696E7465 
 1201      72727570 
 1201      74735F32 
 1202              	.LASF111:
 1203 0f8c 74637077 		.ascii	"tcpwm_1_interrupts_3_IRQn\000"
 1203      6D5F315F 
 1203      696E7465 
 1203      72727570 
 1203      74735F33 
 1204              	.LASF43:
ARM GAS  C:\Users\ADMINI~1\AppData\Local\Temp\ccwnwCKU.s 			page 33


 1205 0fa6 63707573 		.ascii	"cpuss_interrupts_ipc_8_IRQn\000"
 1205      735F696E 
 1205      74657272 
 1205      75707473 
 1205      5F697063 
 1206              	.LASF78:
 1207 0fc2 63707573 		.ascii	"cpuss_interrupts_dw1_2_IRQn\000"
 1207      735F696E 
 1207      74657272 
 1207      75707473 
 1207      5F647731 
 1208              	.LASF50:
 1209 0fde 63707573 		.ascii	"cpuss_interrupts_ipc_15_IRQn\000"
 1209      735F696E 
 1209      74657272 
 1209      75707473 
 1209      5F697063 
 1210              	.LASF136:
 1211 0ffb 7564625F 		.ascii	"udb_interrupts_4_IRQn\000"
 1211      696E7465 
 1211      72727570 
 1211      74735F34 
 1211      5F495251 
 1212              	.LASF122:
 1213 1011 74637077 		.ascii	"tcpwm_1_interrupts_14_IRQn\000"
 1213      6D5F315F 
 1213      696E7465 
 1213      72727570 
 1213      74735F31 
 1214              	.LASF14:
 1215 102c 696F7373 		.ascii	"ioss_interrupts_gpio_4_IRQn\000"
 1215      5F696E74 
 1215      65727275 
 1215      7074735F 
 1215      6770696F 
 1216              	.LASF152:
 1217 1048 736D6966 		.ascii	"smif_interrupt_IRQn\000"
 1217      5F696E74 
 1217      65727275 
 1217      70745F49 
 1217      52516E00 
 1218              	.LASF22:
 1219 105c 696F7373 		.ascii	"ioss_interrupts_gpio_12_IRQn\000"
 1219      5F696E74 
 1219      65727275 
 1219      7074735F 
 1219      6770696F 
 1220              	.LASF151:
 1221 1079 70726F66 		.ascii	"profile_interrupt_IRQn\000"
 1221      696C655F 
 1221      696E7465 
 1221      72727570 
 1221      745F4952 
 1222              	.LASF88:
 1223 1090 63707573 		.ascii	"cpuss_interrupts_dw1_12_IRQn\000"
 1223      735F696E 
 1223      74657272 
ARM GAS  C:\Users\ADMINI~1\AppData\Local\Temp\ccwnwCKU.s 			page 34


 1223      75707473 
 1223      5F647731 
 1224              	.LASF60:
 1225 10ad 63707573 		.ascii	"cpuss_interrupts_dw0_0_IRQn\000"
 1225      735F696E 
 1225      74657272 
 1225      75707473 
 1225      5F647730 
 1226              	.LASF26:
 1227 10c9 696F7373 		.ascii	"ioss_interrupt_vdd_IRQn\000"
 1227      5F696E74 
 1227      65727275 
 1227      70745F76 
 1227      64645F49 
 1228              	.LASF100:
 1229 10e1 74637077 		.ascii	"tcpwm_0_interrupts_0_IRQn\000"
 1229      6D5F305F 
 1229      696E7465 
 1229      72727570 
 1229      74735F30 
 1230              	.LASF86:
 1231 10fb 63707573 		.ascii	"cpuss_interrupts_dw1_10_IRQn\000"
 1231      735F696E 
 1231      74657272 
 1231      75707473 
 1231      5F647731 
 1232              	.LASF31:
 1233 1118 73727373 		.ascii	"srss_interrupt_backup_IRQn\000"
 1233      5F696E74 
 1233      65727275 
 1233      70745F62 
 1233      61636B75 
 1234              	.LASF159:
 1235 1133 7369676E 		.ascii	"signed char\000"
 1235      65642063 
 1235      68617200 
 1236              	.LASF45:
 1237 113f 63707573 		.ascii	"cpuss_interrupts_ipc_10_IRQn\000"
 1237      735F696E 
 1237      74657272 
 1237      75707473 
 1237      5F697063 
 1238              	.LASF82:
 1239 115c 63707573 		.ascii	"cpuss_interrupts_dw1_6_IRQn\000"
 1239      735F696E 
 1239      74657272 
 1239      75707473 
 1239      5F647731 
 1240              	.LASF67:
 1241 1178 63707573 		.ascii	"cpuss_interrupts_dw0_7_IRQn\000"
 1241      735F696E 
 1241      74657272 
 1241      75707473 
 1241      5F647730 
 1242              	.LASF178:
 1243 1194 696E7472 		.ascii	"intrPriority\000"
 1243      5072696F 
ARM GAS  C:\Users\ADMINI~1\AppData\Local\Temp\ccwnwCKU.s 			page 35


 1243      72697479 
 1243      00
 1244              	.LASF112:
 1245 11a1 74637077 		.ascii	"tcpwm_1_interrupts_4_IRQn\000"
 1245      6D5F315F 
 1245      696E7465 
 1245      72727570 
 1245      74735F34 
 1246              	.LASF96:
 1247 11bb 63707573 		.ascii	"cpuss_interrupts_cm0_cti_0_IRQn\000"
 1247      735F696E 
 1247      74657272 
 1247      75707473 
 1247      5F636D30 
 1248              	.LASF18:
 1249 11db 696F7373 		.ascii	"ioss_interrupts_gpio_8_IRQn\000"
 1249      5F696E74 
 1249      65727275 
 1249      7074735F 
 1249      6770696F 
 1250              	.LASF44:
 1251 11f7 63707573 		.ascii	"cpuss_interrupts_ipc_9_IRQn\000"
 1251      735F696E 
 1251      74657272 
 1251      75707473 
 1251      5F697063 
 1252              	.LASF137:
 1253 1213 7564625F 		.ascii	"udb_interrupts_5_IRQn\000"
 1253      696E7465 
 1253      72727570 
 1253      74735F35 
 1253      5F495251 
 1254              	.LASF48:
 1255 1229 63707573 		.ascii	"cpuss_interrupts_ipc_13_IRQn\000"
 1255      735F696E 
 1255      74657272 
 1255      75707473 
 1255      5F697063 
 1256              		.ident	"GCC: (GNU Tools for ARM Embedded Processors) 5.4.1 20160609 (release) [ARM/embedded-5-bran
