ARM GAS  C:\Users\ADMINI~1\AppData\Local\Temp\ccxMwYwe.s 			page 1


   1              		.syntax unified
   2              		.cpu cortex-m4
   3              		.eabi_attribute 27, 1
   4              		.fpu fpv4-sp-d16
   5              		.eabi_attribute 20, 1
   6              		.eabi_attribute 21, 1
   7              		.eabi_attribute 23, 3
   8              		.eabi_attribute 24, 1
   9              		.eabi_attribute 25, 1
  10              		.eabi_attribute 26, 1
  11              		.eabi_attribute 30, 1
  12              		.eabi_attribute 34, 1
  13              		.eabi_attribute 18, 4
  14              		.thumb
  15              		.syntax unified
  16              		.file	"retarget.c"
  17              		.text
  18              	.Ltext0:
  19              		.cfi_sections	.debug_frame
  20              		.syntax unified
  21              		.global _printf_float
  22              		.global _scanf_float
  23              		.thumb
  24              		.syntax unified
  25              		.section	.text._write,"ax",%progbits
  26              		.align	2
  27              		.weak	_write
  28              		.thumb
  29              		.thumb_func
  30              		.type	_write, %function
  31              	_write:
  32              	.LFB704:
  33              		.file 1 "Generated_Source\\PSoC6\\pdl\\utilities\\retarget_io\\retarget.c"
   1:Generated_Source\PSoC6\pdl\utilities\retarget_io/retarget.c **** /***************************************************************************//**
   2:Generated_Source\PSoC6\pdl\utilities\retarget_io/retarget.c **** * \file retarget.c
   3:Generated_Source\PSoC6\pdl\utilities\retarget_io/retarget.c **** * \version 1.10
   4:Generated_Source\PSoC6\pdl\utilities\retarget_io/retarget.c **** *
   5:Generated_Source\PSoC6\pdl\utilities\retarget_io/retarget.c **** * \brief
   6:Generated_Source\PSoC6\pdl\utilities\retarget_io/retarget.c **** * 'Retarget' layer for target-dependent low level function.
   7:Generated_Source\PSoC6\pdl\utilities\retarget_io/retarget.c **** *
   8:Generated_Source\PSoC6\pdl\utilities\retarget_io/retarget.c **** ********************************************************************************
   9:Generated_Source\PSoC6\pdl\utilities\retarget_io/retarget.c **** * \copyright
  10:Generated_Source\PSoC6\pdl\utilities\retarget_io/retarget.c **** * Copyright 2016-2018, Cypress Semiconductor Corporation. All rights reserved.
  11:Generated_Source\PSoC6\pdl\utilities\retarget_io/retarget.c **** * You may use this file only in accordance with the license, terms, conditions,
  12:Generated_Source\PSoC6\pdl\utilities\retarget_io/retarget.c **** * disclaimers, and limitations in the end user license agreement accompanying
  13:Generated_Source\PSoC6\pdl\utilities\retarget_io/retarget.c **** * the software package with which this file was provided.
  14:Generated_Source\PSoC6\pdl\utilities\retarget_io/retarget.c **** *******************************************************************************/
  15:Generated_Source\PSoC6\pdl\utilities\retarget_io/retarget.c **** 
  16:Generated_Source\PSoC6\pdl\utilities\retarget_io/retarget.c **** #include <stdio.h>
  17:Generated_Source\PSoC6\pdl\utilities\retarget_io/retarget.c **** #include "stdio_user.h"
  18:Generated_Source\PSoC6\pdl\utilities\retarget_io/retarget.c **** 
  19:Generated_Source\PSoC6\pdl\utilities\retarget_io/retarget.c **** #if defined(__cplusplus)
  20:Generated_Source\PSoC6\pdl\utilities\retarget_io/retarget.c **** extern "C" {
  21:Generated_Source\PSoC6\pdl\utilities\retarget_io/retarget.c **** #endif
  22:Generated_Source\PSoC6\pdl\utilities\retarget_io/retarget.c **** 
  23:Generated_Source\PSoC6\pdl\utilities\retarget_io/retarget.c **** #ifdef IO_STDOUT_ENABLE
  24:Generated_Source\PSoC6\pdl\utilities\retarget_io/retarget.c **** 
ARM GAS  C:\Users\ADMINI~1\AppData\Local\Temp\ccxMwYwe.s 			page 2


  25:Generated_Source\PSoC6\pdl\utilities\retarget_io/retarget.c **** #if defined(__ARMCC_VERSION) /* ARM-MDK */
  26:Generated_Source\PSoC6\pdl\utilities\retarget_io/retarget.c ****     /***************************************************************************
  27:Generated_Source\PSoC6\pdl\utilities\retarget_io/retarget.c ****     * Function Name: fputc
  28:Generated_Source\PSoC6\pdl\utilities\retarget_io/retarget.c ****     ***************************************************************************/
  29:Generated_Source\PSoC6\pdl\utilities\retarget_io/retarget.c ****     __attribute__((weak)) int fputc(int ch, FILE *f)
  30:Generated_Source\PSoC6\pdl\utilities\retarget_io/retarget.c ****     {
  31:Generated_Source\PSoC6\pdl\utilities\retarget_io/retarget.c ****         (void)f;
  32:Generated_Source\PSoC6\pdl\utilities\retarget_io/retarget.c ****     #if (STDOUT_CR_LF != 0)
  33:Generated_Source\PSoC6\pdl\utilities\retarget_io/retarget.c ****         if ((char)ch == '\n')
  34:Generated_Source\PSoC6\pdl\utilities\retarget_io/retarget.c ****         {
  35:Generated_Source\PSoC6\pdl\utilities\retarget_io/retarget.c ****             STDIO_PutChar('\r');
  36:Generated_Source\PSoC6\pdl\utilities\retarget_io/retarget.c ****         }
  37:Generated_Source\PSoC6\pdl\utilities\retarget_io/retarget.c ****     #endif /* STDOUT_CR_LF != 0 */
  38:Generated_Source\PSoC6\pdl\utilities\retarget_io/retarget.c ****         STDIO_PutChar(ch);
  39:Generated_Source\PSoC6\pdl\utilities\retarget_io/retarget.c ****         return (ch);
  40:Generated_Source\PSoC6\pdl\utilities\retarget_io/retarget.c ****     }
  41:Generated_Source\PSoC6\pdl\utilities\retarget_io/retarget.c **** #elif defined (__ICCARM__) /* IAR */
  42:Generated_Source\PSoC6\pdl\utilities\retarget_io/retarget.c ****     #include <yfuns.h>
  43:Generated_Source\PSoC6\pdl\utilities\retarget_io/retarget.c **** 
  44:Generated_Source\PSoC6\pdl\utilities\retarget_io/retarget.c ****     /***************************************************************************
  45:Generated_Source\PSoC6\pdl\utilities\retarget_io/retarget.c ****     * Function Name: __write
  46:Generated_Source\PSoC6\pdl\utilities\retarget_io/retarget.c ****     ***************************************************************************/
  47:Generated_Source\PSoC6\pdl\utilities\retarget_io/retarget.c ****     __weak size_t __write(int handle, const unsigned char * buffer, size_t size)
  48:Generated_Source\PSoC6\pdl\utilities\retarget_io/retarget.c ****     {
  49:Generated_Source\PSoC6\pdl\utilities\retarget_io/retarget.c ****         size_t nChars = 0;
  50:Generated_Source\PSoC6\pdl\utilities\retarget_io/retarget.c ****         /* This template only writes to "standard out", for all other file
  51:Generated_Source\PSoC6\pdl\utilities\retarget_io/retarget.c ****         * handles it returns failure. */
  52:Generated_Source\PSoC6\pdl\utilities\retarget_io/retarget.c ****         if (handle != _LLIO_STDOUT)
  53:Generated_Source\PSoC6\pdl\utilities\retarget_io/retarget.c ****         {
  54:Generated_Source\PSoC6\pdl\utilities\retarget_io/retarget.c ****             return (_LLIO_ERROR);
  55:Generated_Source\PSoC6\pdl\utilities\retarget_io/retarget.c ****         }
  56:Generated_Source\PSoC6\pdl\utilities\retarget_io/retarget.c ****         if (buffer != NULL)
  57:Generated_Source\PSoC6\pdl\utilities\retarget_io/retarget.c ****         {
  58:Generated_Source\PSoC6\pdl\utilities\retarget_io/retarget.c ****             for (/* Empty */; nChars < size; ++nChars)
  59:Generated_Source\PSoC6\pdl\utilities\retarget_io/retarget.c ****             {
  60:Generated_Source\PSoC6\pdl\utilities\retarget_io/retarget.c ****             #if (STDOUT_CR_LF != 0)
  61:Generated_Source\PSoC6\pdl\utilities\retarget_io/retarget.c ****                 if(*buffer == '\n')
  62:Generated_Source\PSoC6\pdl\utilities\retarget_io/retarget.c ****                 {
  63:Generated_Source\PSoC6\pdl\utilities\retarget_io/retarget.c ****                     STDIO_PutChar('\r');
  64:Generated_Source\PSoC6\pdl\utilities\retarget_io/retarget.c ****                 }
  65:Generated_Source\PSoC6\pdl\utilities\retarget_io/retarget.c ****             #endif /* STDOUT_CR_LF != 0 */
  66:Generated_Source\PSoC6\pdl\utilities\retarget_io/retarget.c ****                 STDIO_PutChar(*buffer);
  67:Generated_Source\PSoC6\pdl\utilities\retarget_io/retarget.c ****                 ++buffer;
  68:Generated_Source\PSoC6\pdl\utilities\retarget_io/retarget.c ****             }
  69:Generated_Source\PSoC6\pdl\utilities\retarget_io/retarget.c ****         }
  70:Generated_Source\PSoC6\pdl\utilities\retarget_io/retarget.c ****         return (nChars);
  71:Generated_Source\PSoC6\pdl\utilities\retarget_io/retarget.c ****     }
  72:Generated_Source\PSoC6\pdl\utilities\retarget_io/retarget.c **** #else /* (__GNUC__)  GCC */    
  73:Generated_Source\PSoC6\pdl\utilities\retarget_io/retarget.c ****     /* Add an explicit reference to the floating point printf library to allow
  74:Generated_Source\PSoC6\pdl\utilities\retarget_io/retarget.c ****     the usage of floating point conversion specifier. */
  75:Generated_Source\PSoC6\pdl\utilities\retarget_io/retarget.c ****     __asm (".global _printf_float");
  76:Generated_Source\PSoC6\pdl\utilities\retarget_io/retarget.c ****     /***************************************************************************
  77:Generated_Source\PSoC6\pdl\utilities\retarget_io/retarget.c ****     * Function Name: _write
  78:Generated_Source\PSoC6\pdl\utilities\retarget_io/retarget.c ****     ***************************************************************************/
  79:Generated_Source\PSoC6\pdl\utilities\retarget_io/retarget.c ****     __attribute__((weak)) int _write (int fd, const char *ptr, int len)
  80:Generated_Source\PSoC6\pdl\utilities\retarget_io/retarget.c ****     {
  34              		.loc 1 80 0
ARM GAS  C:\Users\ADMINI~1\AppData\Local\Temp\ccxMwYwe.s 			page 3


  35              		.cfi_startproc
  36              		@ args = 0, pretend = 0, frame = 0
  37              		@ frame_needed = 0, uses_anonymous_args = 0
  38              	.LVL0:
  39 0000 70B5     		push	{r4, r5, r6, lr}
  40              		.cfi_def_cfa_offset 16
  41              		.cfi_offset 4, -16
  42              		.cfi_offset 5, -12
  43              		.cfi_offset 6, -8
  44              		.cfi_offset 14, -4
  45              	.LVL1:
  81:Generated_Source\PSoC6\pdl\utilities\retarget_io/retarget.c ****         int nChars = 0;
  82:Generated_Source\PSoC6\pdl\utilities\retarget_io/retarget.c ****         (void)fd;
  83:Generated_Source\PSoC6\pdl\utilities\retarget_io/retarget.c ****         if (ptr != NULL)
  46              		.loc 1 83 0
  47 0002 39B9     		cbnz	r1, .L5
  81:Generated_Source\PSoC6\pdl\utilities\retarget_io/retarget.c ****         int nChars = 0;
  48              		.loc 1 81 0
  49 0004 0024     		movs	r4, #0
  50 0006 0AE0     		b	.L3
  51              	.LVL2:
  52              	.L4:
  84:Generated_Source\PSoC6\pdl\utilities\retarget_io/retarget.c ****         {
  85:Generated_Source\PSoC6\pdl\utilities\retarget_io/retarget.c ****             for (/* Empty */; nChars < len; ++nChars)
  86:Generated_Source\PSoC6\pdl\utilities\retarget_io/retarget.c ****             {
  87:Generated_Source\PSoC6\pdl\utilities\retarget_io/retarget.c ****             #if (STDOUT_CR_LF != 0)
  88:Generated_Source\PSoC6\pdl\utilities\retarget_io/retarget.c ****                 if(*ptr == '\n')
  89:Generated_Source\PSoC6\pdl\utilities\retarget_io/retarget.c ****                 {
  90:Generated_Source\PSoC6\pdl\utilities\retarget_io/retarget.c ****                     STDIO_PutChar('\r');
  91:Generated_Source\PSoC6\pdl\utilities\retarget_io/retarget.c ****                 }
  92:Generated_Source\PSoC6\pdl\utilities\retarget_io/retarget.c ****             #endif /* STDOUT_CR_LF != 0 */
  93:Generated_Source\PSoC6\pdl\utilities\retarget_io/retarget.c ****                 STDIO_PutChar((uint32_t)*ptr);
  53              		.loc 1 93 0 discriminator 2
  54 0008 15F8010B 		ldrb	r0, [r5], #1	@ zero_extendqisi2
  55              	.LVL3:
  56 000c FFF7FEFF 		bl	STDIO_PutChar
  57              	.LVL4:
  85:Generated_Source\PSoC6\pdl\utilities\retarget_io/retarget.c ****             {
  58              		.loc 1 85 0 discriminator 2
  59 0010 0134     		adds	r4, r4, #1
  60              	.LVL5:
  61 0012 02E0     		b	.L2
  62              	.LVL6:
  63              	.L5:
  64 0014 1646     		mov	r6, r2
  65 0016 0D46     		mov	r5, r1
  66 0018 0024     		movs	r4, #0
  67              	.LVL7:
  68              	.L2:
  85:Generated_Source\PSoC6\pdl\utilities\retarget_io/retarget.c ****             {
  69              		.loc 1 85 0 is_stmt 0 discriminator 1
  70 001a B442     		cmp	r4, r6
  71 001c F4DB     		blt	.L4
  72              	.LVL8:
  73              	.L3:
  94:Generated_Source\PSoC6\pdl\utilities\retarget_io/retarget.c ****                 ++ptr;
  95:Generated_Source\PSoC6\pdl\utilities\retarget_io/retarget.c ****             }
ARM GAS  C:\Users\ADMINI~1\AppData\Local\Temp\ccxMwYwe.s 			page 4


  96:Generated_Source\PSoC6\pdl\utilities\retarget_io/retarget.c ****         }
  97:Generated_Source\PSoC6\pdl\utilities\retarget_io/retarget.c ****         return (nChars);
  98:Generated_Source\PSoC6\pdl\utilities\retarget_io/retarget.c ****     }
  74              		.loc 1 98 0 is_stmt 1
  75 001e 2046     		mov	r0, r4
  76 0020 70BD     		pop	{r4, r5, r6, pc}
  77              		.cfi_endproc
  78              	.LFE704:
  79              		.size	_write, .-_write
  80 0022 00BF     		.section	.text._read,"ax",%progbits
  81              		.align	2
  82              		.weak	_read
  83              		.thumb
  84              		.thumb_func
  85              		.type	_read, %function
  86              	_read:
  87              	.LFB705:
  99:Generated_Source\PSoC6\pdl\utilities\retarget_io/retarget.c **** #endif
 100:Generated_Source\PSoC6\pdl\utilities\retarget_io/retarget.c **** 
 101:Generated_Source\PSoC6\pdl\utilities\retarget_io/retarget.c **** #endif /* IO_STDOUT_ENABLE */
 102:Generated_Source\PSoC6\pdl\utilities\retarget_io/retarget.c **** 
 103:Generated_Source\PSoC6\pdl\utilities\retarget_io/retarget.c **** #if defined(IO_STDIN_ENABLE)
 104:Generated_Source\PSoC6\pdl\utilities\retarget_io/retarget.c **** 
 105:Generated_Source\PSoC6\pdl\utilities\retarget_io/retarget.c **** #if defined(__ARMCC_VERSION) /* ARM-MDK */
 106:Generated_Source\PSoC6\pdl\utilities\retarget_io/retarget.c ****     /***************************************************************************
 107:Generated_Source\PSoC6\pdl\utilities\retarget_io/retarget.c ****     * Function Name: fgetc
 108:Generated_Source\PSoC6\pdl\utilities\retarget_io/retarget.c ****     ***************************************************************************/
 109:Generated_Source\PSoC6\pdl\utilities\retarget_io/retarget.c ****     __attribute__((weak)) int fgetc(FILE *f) 
 110:Generated_Source\PSoC6\pdl\utilities\retarget_io/retarget.c ****     {
 111:Generated_Source\PSoC6\pdl\utilities\retarget_io/retarget.c ****         (void)f;
 112:Generated_Source\PSoC6\pdl\utilities\retarget_io/retarget.c ****         return (STDIO_GetChar());
 113:Generated_Source\PSoC6\pdl\utilities\retarget_io/retarget.c ****     }
 114:Generated_Source\PSoC6\pdl\utilities\retarget_io/retarget.c **** #elif defined (__ICCARM__) /* IAR */
 115:Generated_Source\PSoC6\pdl\utilities\retarget_io/retarget.c ****     __weak size_t __read(int handle, unsigned char * buffer, size_t size)
 116:Generated_Source\PSoC6\pdl\utilities\retarget_io/retarget.c ****     {
 117:Generated_Source\PSoC6\pdl\utilities\retarget_io/retarget.c ****         /* This template only reads from "standard in", for all other file
 118:Generated_Source\PSoC6\pdl\utilities\retarget_io/retarget.c ****         handles it returns failure. */
 119:Generated_Source\PSoC6\pdl\utilities\retarget_io/retarget.c ****         if ((handle != _LLIO_STDIN) || (buffer == NULL))
 120:Generated_Source\PSoC6\pdl\utilities\retarget_io/retarget.c ****         {
 121:Generated_Source\PSoC6\pdl\utilities\retarget_io/retarget.c ****             return (_LLIO_ERROR);
 122:Generated_Source\PSoC6\pdl\utilities\retarget_io/retarget.c ****         }
 123:Generated_Source\PSoC6\pdl\utilities\retarget_io/retarget.c ****         else
 124:Generated_Source\PSoC6\pdl\utilities\retarget_io/retarget.c ****         {
 125:Generated_Source\PSoC6\pdl\utilities\retarget_io/retarget.c ****             *buffer = STDIO_GetChar();
 126:Generated_Source\PSoC6\pdl\utilities\retarget_io/retarget.c ****             return (1);
 127:Generated_Source\PSoC6\pdl\utilities\retarget_io/retarget.c ****         }
 128:Generated_Source\PSoC6\pdl\utilities\retarget_io/retarget.c ****     }
 129:Generated_Source\PSoC6\pdl\utilities\retarget_io/retarget.c **** #else /* (__GNUC__)  GCC */
 130:Generated_Source\PSoC6\pdl\utilities\retarget_io/retarget.c ****     /* Add an explicit reference to the floating point scanf library to allow
 131:Generated_Source\PSoC6\pdl\utilities\retarget_io/retarget.c ****     the usage of floating point conversion specifier. */
 132:Generated_Source\PSoC6\pdl\utilities\retarget_io/retarget.c ****     __asm (".global _scanf_float");
 133:Generated_Source\PSoC6\pdl\utilities\retarget_io/retarget.c ****     __attribute__((weak)) int _read (int fd, char *ptr, int len)
 134:Generated_Source\PSoC6\pdl\utilities\retarget_io/retarget.c ****     {
  88              		.loc 1 134 0
  89              		.cfi_startproc
  90              		@ args = 0, pretend = 0, frame = 0
  91              		@ frame_needed = 0, uses_anonymous_args = 0
ARM GAS  C:\Users\ADMINI~1\AppData\Local\Temp\ccxMwYwe.s 			page 5


  92              	.LVL9:
  93 0000 70B5     		push	{r4, r5, r6, lr}
  94              		.cfi_def_cfa_offset 16
  95              		.cfi_offset 4, -16
  96              		.cfi_offset 5, -12
  97              		.cfi_offset 6, -8
  98              		.cfi_offset 14, -4
  99              	.LVL10:
 135:Generated_Source\PSoC6\pdl\utilities\retarget_io/retarget.c ****         int nChars = 0;
 136:Generated_Source\PSoC6\pdl\utilities\retarget_io/retarget.c ****         (void)fd;
 137:Generated_Source\PSoC6\pdl\utilities\retarget_io/retarget.c ****         if (ptr != NULL)
 100              		.loc 1 137 0
 101 0002 51B9     		cbnz	r1, .L11
 135:Generated_Source\PSoC6\pdl\utilities\retarget_io/retarget.c ****         int nChars = 0;
 102              		.loc 1 135 0
 103 0004 0024     		movs	r4, #0
 104 0006 0DE0     		b	.L9
 105              	.LVL11:
 106              	.L10:
 138:Generated_Source\PSoC6\pdl\utilities\retarget_io/retarget.c ****         {
 139:Generated_Source\PSoC6\pdl\utilities\retarget_io/retarget.c ****             for(/* Empty */;nChars < len;++ptr)
 140:Generated_Source\PSoC6\pdl\utilities\retarget_io/retarget.c ****             {
 141:Generated_Source\PSoC6\pdl\utilities\retarget_io/retarget.c ****                 *ptr = (char)STDIO_GetChar();
 107              		.loc 1 141 0
 108 0008 FFF7FEFF 		bl	STDIO_GetChar
 109              	.LVL12:
 110 000c C0B2     		uxtb	r0, r0
 111 000e 2870     		strb	r0, [r5]
 142:Generated_Source\PSoC6\pdl\utilities\retarget_io/retarget.c ****                 ++nChars;
 112              		.loc 1 142 0
 113 0010 0134     		adds	r4, r4, #1
 114              	.LVL13:
 143:Generated_Source\PSoC6\pdl\utilities\retarget_io/retarget.c ****                 if(*ptr == '\n')
 115              		.loc 1 143 0
 116 0012 0A28     		cmp	r0, #10
 117 0014 06D0     		beq	.L9
 139:Generated_Source\PSoC6\pdl\utilities\retarget_io/retarget.c ****             {
 118              		.loc 1 139 0
 119 0016 0135     		adds	r5, r5, #1
 120              	.LVL14:
 121 0018 02E0     		b	.L8
 122              	.LVL15:
 123              	.L11:
 124 001a 1646     		mov	r6, r2
 125 001c 0D46     		mov	r5, r1
 126 001e 0024     		movs	r4, #0
 127              	.LVL16:
 128              	.L8:
 139:Generated_Source\PSoC6\pdl\utilities\retarget_io/retarget.c ****             {
 129              		.loc 1 139 0 is_stmt 0 discriminator 1
 130 0020 B442     		cmp	r4, r6
 131 0022 F1DB     		blt	.L10
 132              	.LVL17:
 133              	.L9:
 144:Generated_Source\PSoC6\pdl\utilities\retarget_io/retarget.c ****                 {
 145:Generated_Source\PSoC6\pdl\utilities\retarget_io/retarget.c ****                     break;
 146:Generated_Source\PSoC6\pdl\utilities\retarget_io/retarget.c ****                 }
ARM GAS  C:\Users\ADMINI~1\AppData\Local\Temp\ccxMwYwe.s 			page 6


 147:Generated_Source\PSoC6\pdl\utilities\retarget_io/retarget.c ****             }
 148:Generated_Source\PSoC6\pdl\utilities\retarget_io/retarget.c ****         }
 149:Generated_Source\PSoC6\pdl\utilities\retarget_io/retarget.c ****         return (nChars);
 150:Generated_Source\PSoC6\pdl\utilities\retarget_io/retarget.c ****     }
 134              		.loc 1 150 0 is_stmt 1
 135 0024 2046     		mov	r0, r4
 136 0026 70BD     		pop	{r4, r5, r6, pc}
 137              		.cfi_endproc
 138              	.LFE705:
 139              		.size	_read, .-_read
 140              		.text
 141              	.Letext0:
 142              		.file 2 "c:\\program files (x86)\\cypress\\psoc creator\\4.4\\psoc creator\\import\\gnu\\arm\\5.4.
 143              		.file 3 "c:\\program files (x86)\\cypress\\psoc creator\\4.4\\psoc creator\\import\\gnu\\arm\\5.4.
 144              		.file 4 "Generated_Source\\PSoC6\\pdl\\drivers/peripheral/scb/cy_scb_spi.h"
 145              		.file 5 "Generated_Source\\PSoC6\\pdl\\drivers/peripheral/scb/cy_scb_uart.h"
 146              		.file 6 "Generated_Source\\PSoC6\\pdl\\drivers/peripheral/sar/cy_sar.h"
 147              		.file 7 "Generated_Source\\PSoC6/ADC_1.h"
 148              		.file 8 "Generated_Source\\PSoC6\\pdl\\cmsis/include/core_cm4.h"
 149              		.file 9 "Generated_Source\\PSoC6/UART_1.h"
 150              		.file 10 "Generated_Source\\PSoC6/WS_SPI.h"
 151              		.file 11 "./stdio_user.h"
 152              		.section	.debug_info,"",%progbits
 153              	.Ldebug_info0:
 154 0000 FF040000 		.4byte	0x4ff
 155 0004 0400     		.2byte	0x4
 156 0006 00000000 		.4byte	.Ldebug_abbrev0
 157 000a 04       		.byte	0x4
 158 000b 01       		.uleb128 0x1
 159 000c EE000000 		.4byte	.LASF78
 160 0010 0C       		.byte	0xc
 161 0011 EB040000 		.4byte	.LASF79
 162 0015 36030000 		.4byte	.LASF80
 163 0019 00000000 		.4byte	.Ldebug_ranges0+0
 164 001d 00000000 		.4byte	0
 165 0021 00000000 		.4byte	.Ldebug_line0
 166 0025 02       		.uleb128 0x2
 167 0026 01       		.byte	0x1
 168 0027 06       		.byte	0x6
 169 0028 FC020000 		.4byte	.LASF0
 170 002c 02       		.uleb128 0x2
 171 002d 01       		.byte	0x1
 172 002e 08       		.byte	0x8
 173 002f CA020000 		.4byte	.LASF1
 174 0033 02       		.uleb128 0x2
 175 0034 02       		.byte	0x2
 176 0035 05       		.byte	0x5
 177 0036 6E000000 		.4byte	.LASF2
 178 003a 02       		.uleb128 0x2
 179 003b 02       		.byte	0x2
 180 003c 07       		.byte	0x7
 181 003d 9C030000 		.4byte	.LASF3
 182 0041 03       		.uleb128 0x3
 183 0042 38040000 		.4byte	.LASF5
 184 0046 02       		.byte	0x2
 185 0047 3F       		.byte	0x3f
 186 0048 4C000000 		.4byte	0x4c
ARM GAS  C:\Users\ADMINI~1\AppData\Local\Temp\ccxMwYwe.s 			page 7


 187 004c 02       		.uleb128 0x2
 188 004d 04       		.byte	0x4
 189 004e 05       		.byte	0x5
 190 004f B1040000 		.4byte	.LASF4
 191 0053 03       		.uleb128 0x3
 192 0054 A1010000 		.4byte	.LASF6
 193 0058 02       		.byte	0x2
 194 0059 41       		.byte	0x41
 195 005a 5E000000 		.4byte	0x5e
 196 005e 02       		.uleb128 0x2
 197 005f 04       		.byte	0x4
 198 0060 07       		.byte	0x7
 199 0061 1F040000 		.4byte	.LASF7
 200 0065 02       		.uleb128 0x2
 201 0066 08       		.byte	0x8
 202 0067 05       		.byte	0x5
 203 0068 51020000 		.4byte	.LASF8
 204 006c 02       		.uleb128 0x2
 205 006d 08       		.byte	0x8
 206 006e 07       		.byte	0x7
 207 006f 08030000 		.4byte	.LASF9
 208 0073 04       		.uleb128 0x4
 209 0074 04       		.byte	0x4
 210 0075 05       		.byte	0x5
 211 0076 696E7400 		.ascii	"int\000"
 212 007a 02       		.uleb128 0x2
 213 007b 04       		.byte	0x4
 214 007c 07       		.byte	0x7
 215 007d C7040000 		.4byte	.LASF10
 216 0081 02       		.uleb128 0x2
 217 0082 08       		.byte	0x8
 218 0083 04       		.byte	0x4
 219 0084 B5020000 		.4byte	.LASF11
 220 0088 05       		.uleb128 0x5
 221 0089 04       		.byte	0x4
 222 008a 02       		.uleb128 0x2
 223 008b 04       		.byte	0x4
 224 008c 07       		.byte	0x7
 225 008d 86000000 		.4byte	.LASF12
 226 0091 06       		.uleb128 0x6
 227 0092 04       		.byte	0x4
 228 0093 97000000 		.4byte	0x97
 229 0097 02       		.uleb128 0x2
 230 0098 01       		.byte	0x1
 231 0099 08       		.byte	0x8
 232 009a C1030000 		.4byte	.LASF13
 233 009e 06       		.uleb128 0x6
 234 009f 04       		.byte	0x4
 235 00a0 A4000000 		.4byte	0xa4
 236 00a4 07       		.uleb128 0x7
 237 00a5 97000000 		.4byte	0x97
 238 00a9 03       		.uleb128 0x3
 239 00aa F1030000 		.4byte	.LASF14
 240 00ae 03       		.byte	0x3
 241 00af 2C       		.byte	0x2c
 242 00b0 41000000 		.4byte	0x41
 243 00b4 03       		.uleb128 0x3
ARM GAS  C:\Users\ADMINI~1\AppData\Local\Temp\ccxMwYwe.s 			page 8


 244 00b5 1F030000 		.4byte	.LASF15
 245 00b9 03       		.byte	0x3
 246 00ba 30       		.byte	0x30
 247 00bb 53000000 		.4byte	0x53
 248 00bf 08       		.uleb128 0x8
 249 00c0 B4000000 		.4byte	0xb4
 250 00c4 02       		.uleb128 0x2
 251 00c5 04       		.byte	0x4
 252 00c6 04       		.byte	0x4
 253 00c7 2D020000 		.4byte	.LASF16
 254 00cb 02       		.uleb128 0x2
 255 00cc 08       		.byte	0x8
 256 00cd 04       		.byte	0x4
 257 00ce 31040000 		.4byte	.LASF17
 258 00d2 02       		.uleb128 0x2
 259 00d3 01       		.byte	0x1
 260 00d4 02       		.byte	0x2
 261 00d5 F9030000 		.4byte	.LASF18
 262 00d9 06       		.uleb128 0x6
 263 00da 04       		.byte	0x4
 264 00db DF000000 		.4byte	0xdf
 265 00df 09       		.uleb128 0x9
 266 00e0 EA000000 		.4byte	0xea
 267 00e4 0A       		.uleb128 0xa
 268 00e5 B4000000 		.4byte	0xb4
 269 00e9 00       		.byte	0
 270 00ea 0B       		.uleb128 0xb
 271 00eb FA010000 		.4byte	.LASF19
 272 00ef 04       		.byte	0x4
 273 00f0 BF01     		.2byte	0x1bf
 274 00f2 D9000000 		.4byte	0xd9
 275 00f6 0C       		.uleb128 0xc
 276 00f7 D4040000 		.4byte	.LASF31
 277 00fb 24       		.byte	0x24
 278 00fc 04       		.byte	0x4
 279 00fd 4102     		.2byte	0x241
 280 00ff 79010000 		.4byte	0x179
 281 0103 0D       		.uleb128 0xd
 282 0104 AF030000 		.4byte	.LASF20
 283 0108 04       		.byte	0x4
 284 0109 4402     		.2byte	0x244
 285 010b BF000000 		.4byte	0xbf
 286 010f 00       		.byte	0
 287 0110 0D       		.uleb128 0xd
 288 0111 0B040000 		.4byte	.LASF21
 289 0115 04       		.byte	0x4
 290 0116 4602     		.2byte	0x246
 291 0118 88000000 		.4byte	0x88
 292 011c 04       		.byte	0x4
 293 011d 0D       		.uleb128 0xd
 294 011e 45000000 		.4byte	.LASF22
 295 0122 04       		.byte	0x4
 296 0123 4702     		.2byte	0x247
 297 0125 B4000000 		.4byte	0xb4
 298 0129 08       		.byte	0x8
 299 012a 0D       		.uleb128 0xd
 300 012b BC010000 		.4byte	.LASF23
ARM GAS  C:\Users\ADMINI~1\AppData\Local\Temp\ccxMwYwe.s 			page 9


 301 012f 04       		.byte	0x4
 302 0130 4802     		.2byte	0x248
 303 0132 BF000000 		.4byte	0xbf
 304 0136 0C       		.byte	0xc
 305 0137 0D       		.uleb128 0xd
 306 0138 33020000 		.4byte	.LASF24
 307 013c 04       		.byte	0x4
 308 013d 4A02     		.2byte	0x24a
 309 013f 88000000 		.4byte	0x88
 310 0143 10       		.byte	0x10
 311 0144 0D       		.uleb128 0xd
 312 0145 92030000 		.4byte	.LASF25
 313 0149 04       		.byte	0x4
 314 014a 4B02     		.2byte	0x24b
 315 014c B4000000 		.4byte	0xb4
 316 0150 14       		.byte	0x14
 317 0151 0D       		.uleb128 0xd
 318 0152 98020000 		.4byte	.LASF26
 319 0156 04       		.byte	0x4
 320 0157 4C02     		.2byte	0x24c
 321 0159 BF000000 		.4byte	0xbf
 322 015d 18       		.byte	0x18
 323 015e 0D       		.uleb128 0xd
 324 015f D0030000 		.4byte	.LASF27
 325 0163 04       		.byte	0x4
 326 0164 5202     		.2byte	0x252
 327 0166 EA000000 		.4byte	0xea
 328 016a 1C       		.byte	0x1c
 329 016b 0D       		.uleb128 0xd
 330 016c 5B040000 		.4byte	.LASF28
 331 0170 04       		.byte	0x4
 332 0171 5502     		.2byte	0x255
 333 0173 B4000000 		.4byte	0xb4
 334 0177 20       		.byte	0x20
 335 0178 00       		.byte	0
 336 0179 0B       		.uleb128 0xb
 337 017a CA000000 		.4byte	.LASF29
 338 017e 04       		.byte	0x4
 339 017f 5802     		.2byte	0x258
 340 0181 F6000000 		.4byte	0xf6
 341 0185 0B       		.uleb128 0xb
 342 0186 4F000000 		.4byte	.LASF30
 343 018a 05       		.byte	0x5
 344 018b AB01     		.2byte	0x1ab
 345 018d D9000000 		.4byte	0xd9
 346 0191 0C       		.uleb128 0xc
 347 0192 A6000000 		.4byte	.LASF32
 348 0196 38       		.byte	0x38
 349 0197 05       		.byte	0x5
 350 0198 4702     		.2byte	0x247
 351 019a 55020000 		.4byte	0x255
 352 019e 0D       		.uleb128 0xd
 353 019f AC010000 		.4byte	.LASF33
 354 01a3 05       		.byte	0x5
 355 01a4 4A02     		.2byte	0x24a
 356 01a6 BF000000 		.4byte	0xbf
 357 01aa 00       		.byte	0
ARM GAS  C:\Users\ADMINI~1\AppData\Local\Temp\ccxMwYwe.s 			page 10


 358 01ab 0D       		.uleb128 0xd
 359 01ac C1020000 		.4byte	.LASF34
 360 01b0 05       		.byte	0x5
 361 01b1 4B02     		.2byte	0x24b
 362 01b3 BF000000 		.4byte	0xbf
 363 01b7 04       		.byte	0x4
 364 01b8 0D       		.uleb128 0xd
 365 01b9 D8020000 		.4byte	.LASF35
 366 01bd 05       		.byte	0x5
 367 01be 4D02     		.2byte	0x24d
 368 01c0 88000000 		.4byte	0x88
 369 01c4 08       		.byte	0x8
 370 01c5 0D       		.uleb128 0xd
 371 01c6 78020000 		.4byte	.LASF36
 372 01ca 05       		.byte	0x5
 373 01cb 4E02     		.2byte	0x24e
 374 01cd B4000000 		.4byte	0xb4
 375 01d1 0C       		.byte	0xc
 376 01d2 0D       		.uleb128 0xd
 377 01d3 1F020000 		.4byte	.LASF37
 378 01d7 05       		.byte	0x5
 379 01d8 4F02     		.2byte	0x24f
 380 01da BF000000 		.4byte	0xbf
 381 01de 10       		.byte	0x10
 382 01df 0D       		.uleb128 0xd
 383 01e0 37000000 		.4byte	.LASF38
 384 01e4 05       		.byte	0x5
 385 01e5 5002     		.2byte	0x250
 386 01e7 BF000000 		.4byte	0xbf
 387 01eb 14       		.byte	0x14
 388 01ec 0D       		.uleb128 0xd
 389 01ed 0B040000 		.4byte	.LASF21
 390 01f1 05       		.byte	0x5
 391 01f2 5202     		.2byte	0x252
 392 01f4 88000000 		.4byte	0x88
 393 01f8 18       		.byte	0x18
 394 01f9 0D       		.uleb128 0xd
 395 01fa 45000000 		.4byte	.LASF22
 396 01fe 05       		.byte	0x5
 397 01ff 5302     		.2byte	0x253
 398 0201 B4000000 		.4byte	0xb4
 399 0205 1C       		.byte	0x1c
 400 0206 0D       		.uleb128 0xd
 401 0207 BC010000 		.4byte	.LASF23
 402 020b 05       		.byte	0x5
 403 020c 5402     		.2byte	0x254
 404 020e BF000000 		.4byte	0xbf
 405 0212 20       		.byte	0x20
 406 0213 0D       		.uleb128 0xd
 407 0214 33020000 		.4byte	.LASF24
 408 0218 05       		.byte	0x5
 409 0219 5602     		.2byte	0x256
 410 021b 88000000 		.4byte	0x88
 411 021f 24       		.byte	0x24
 412 0220 0D       		.uleb128 0xd
 413 0221 92030000 		.4byte	.LASF25
 414 0225 05       		.byte	0x5
ARM GAS  C:\Users\ADMINI~1\AppData\Local\Temp\ccxMwYwe.s 			page 11


 415 0226 5702     		.2byte	0x257
 416 0228 B4000000 		.4byte	0xb4
 417 022c 28       		.byte	0x28
 418 022d 0D       		.uleb128 0xd
 419 022e 0C000000 		.4byte	.LASF39
 420 0232 05       		.byte	0x5
 421 0233 5802     		.2byte	0x258
 422 0235 BF000000 		.4byte	0xbf
 423 0239 2C       		.byte	0x2c
 424 023a 0D       		.uleb128 0xd
 425 023b D0030000 		.4byte	.LASF27
 426 023f 05       		.byte	0x5
 427 0240 5D02     		.2byte	0x25d
 428 0242 85010000 		.4byte	0x185
 429 0246 30       		.byte	0x30
 430 0247 0D       		.uleb128 0xd
 431 0248 5B040000 		.4byte	.LASF28
 432 024c 05       		.byte	0x5
 433 024d 6002     		.2byte	0x260
 434 024f B4000000 		.4byte	0xb4
 435 0253 34       		.byte	0x34
 436 0254 00       		.byte	0
 437 0255 0B       		.uleb128 0xb
 438 0256 77040000 		.4byte	.LASF40
 439 025a 05       		.byte	0x5
 440 025b 6302     		.2byte	0x263
 441 025d 91010000 		.4byte	0x191
 442 0261 0E       		.uleb128 0xe
 443 0262 01       		.byte	0x1
 444 0263 2C000000 		.4byte	0x2c
 445 0267 06       		.byte	0x6
 446 0268 0504     		.2byte	0x405
 447 026a 87020000 		.4byte	0x287
 448 026e 0F       		.uleb128 0xf
 449 026f 39020000 		.4byte	.LASF41
 450 0273 00       		.byte	0
 451 0274 0F       		.uleb128 0xf
 452 0275 42040000 		.4byte	.LASF42
 453 0279 01       		.byte	0x1
 454 027a 0F       		.uleb128 0xf
 455 027b D9030000 		.4byte	.LASF43
 456 027f 02       		.byte	0x2
 457 0280 0F       		.uleb128 0xf
 458 0281 1D000000 		.4byte	.LASF44
 459 0285 03       		.byte	0x3
 460 0286 00       		.byte	0
 461 0287 0B       		.uleb128 0xb
 462 0288 3F050000 		.4byte	.LASF45
 463 028c 06       		.byte	0x6
 464 028d 0A04     		.2byte	0x40a
 465 028f 61020000 		.4byte	0x261
 466 0293 10       		.uleb128 0x10
 467 0294 78       		.byte	0x78
 468 0295 06       		.byte	0x6
 469 0296 F404     		.2byte	0x4f4
 470 0298 60030000 		.4byte	0x360
 471 029c 0D       		.uleb128 0xd
ARM GAS  C:\Users\ADMINI~1\AppData\Local\Temp\ccxMwYwe.s 			page 12


 472 029d 86020000 		.4byte	.LASF46
 473 02a1 06       		.byte	0x6
 474 02a2 F604     		.2byte	0x4f6
 475 02a4 B4000000 		.4byte	0xb4
 476 02a8 00       		.byte	0
 477 02a9 0D       		.uleb128 0xd
 478 02aa 9B000000 		.4byte	.LASF47
 479 02ae 06       		.byte	0x6
 480 02af F704     		.2byte	0x4f7
 481 02b1 B4000000 		.4byte	0xb4
 482 02b5 04       		.byte	0x4
 483 02b6 0D       		.uleb128 0xd
 484 02b7 8B020000 		.4byte	.LASF48
 485 02bb 06       		.byte	0x6
 486 02bc F804     		.2byte	0x4f8
 487 02be B4000000 		.4byte	0xb4
 488 02c2 08       		.byte	0x8
 489 02c3 0D       		.uleb128 0xd
 490 02c4 A4040000 		.4byte	.LASF49
 491 02c8 06       		.byte	0x6
 492 02c9 F904     		.2byte	0x4f9
 493 02cb B4000000 		.4byte	0xb4
 494 02cf 0C       		.byte	0xc
 495 02d0 0D       		.uleb128 0xd
 496 02d1 E3000000 		.4byte	.LASF50
 497 02d5 06       		.byte	0x6
 498 02d6 FA04     		.2byte	0x4fa
 499 02d8 B4000000 		.4byte	0xb4
 500 02dc 10       		.byte	0x10
 501 02dd 0D       		.uleb128 0xd
 502 02de D4010000 		.4byte	.LASF51
 503 02e2 06       		.byte	0x6
 504 02e3 FB04     		.2byte	0x4fb
 505 02e5 87020000 		.4byte	0x287
 506 02e9 14       		.byte	0x14
 507 02ea 0D       		.uleb128 0xd
 508 02eb 91040000 		.4byte	.LASF52
 509 02ef 06       		.byte	0x6
 510 02f0 FC04     		.2byte	0x4fc
 511 02f2 B4000000 		.4byte	0xb4
 512 02f6 18       		.byte	0x18
 513 02f7 0D       		.uleb128 0xd
 514 02f8 6D020000 		.4byte	.LASF53
 515 02fc 06       		.byte	0x6
 516 02fd FD04     		.2byte	0x4fd
 517 02ff 60030000 		.4byte	0x360
 518 0303 1C       		.byte	0x1c
 519 0304 0D       		.uleb128 0xd
 520 0305 27050000 		.4byte	.LASF54
 521 0309 06       		.byte	0x6
 522 030a FE04     		.2byte	0x4fe
 523 030c B4000000 		.4byte	0xb4
 524 0310 5C       		.byte	0x5c
 525 0311 0D       		.uleb128 0xd
 526 0312 8F000000 		.4byte	.LASF55
 527 0316 06       		.byte	0x6
 528 0317 FF04     		.2byte	0x4ff
ARM GAS  C:\Users\ADMINI~1\AppData\Local\Temp\ccxMwYwe.s 			page 13


 529 0319 B4000000 		.4byte	0xb4
 530 031d 60       		.byte	0x60
 531 031e 0D       		.uleb128 0xd
 532 031f 28030000 		.4byte	.LASF56
 533 0323 06       		.byte	0x6
 534 0324 0005     		.2byte	0x500
 535 0326 B4000000 		.4byte	0xb4
 536 032a 64       		.byte	0x64
 537 032b 0D       		.uleb128 0xd
 538 032c C6030000 		.4byte	.LASF57
 539 0330 06       		.byte	0x6
 540 0331 0105     		.2byte	0x501
 541 0333 B4000000 		.4byte	0xb4
 542 0337 68       		.byte	0x68
 543 0338 0D       		.uleb128 0xd
 544 0339 82030000 		.4byte	.LASF58
 545 033d 06       		.byte	0x6
 546 033e 0205     		.2byte	0x502
 547 0340 B4000000 		.4byte	0xb4
 548 0344 6C       		.byte	0x6c
 549 0345 0D       		.uleb128 0xd
 550 0346 5F020000 		.4byte	.LASF59
 551 034a 06       		.byte	0x6
 552 034b 0305     		.2byte	0x503
 553 034d D2000000 		.4byte	0xd2
 554 0351 70       		.byte	0x70
 555 0352 0D       		.uleb128 0xd
 556 0353 BE000000 		.4byte	.LASF60
 557 0357 06       		.byte	0x6
 558 0358 0405     		.2byte	0x504
 559 035a B4000000 		.4byte	0xb4
 560 035e 74       		.byte	0x74
 561 035f 00       		.byte	0
 562 0360 11       		.uleb128 0x11
 563 0361 B4000000 		.4byte	0xb4
 564 0365 70030000 		.4byte	0x370
 565 0369 12       		.uleb128 0x12
 566 036a 8A000000 		.4byte	0x8a
 567 036e 0F       		.byte	0xf
 568 036f 00       		.byte	0
 569 0370 0B       		.uleb128 0xb
 570 0371 63040000 		.4byte	.LASF61
 571 0375 06       		.byte	0x6
 572 0376 0505     		.2byte	0x505
 573 0378 93020000 		.4byte	0x293
 574 037c 13       		.uleb128 0x13
 575 037d 14       		.byte	0x14
 576 037e 07       		.byte	0x7
 577 037f 3B       		.byte	0x3b
 578 0380 C1030000 		.4byte	0x3c1
 579 0384 14       		.uleb128 0x14
 580 0385 00000000 		.4byte	.LASF62
 581 0389 07       		.byte	0x7
 582 038a 3D       		.byte	0x3d
 583 038b B4000000 		.4byte	0xb4
 584 038f 00       		.byte	0
 585 0390 14       		.uleb128 0x14
ARM GAS  C:\Users\ADMINI~1\AppData\Local\Temp\ccxMwYwe.s 			page 14


 586 0391 98040000 		.4byte	.LASF63
 587 0395 07       		.byte	0x7
 588 0396 3E       		.byte	0x3e
 589 0397 B4000000 		.4byte	0xb4
 590 039b 04       		.byte	0x4
 591 039c 14       		.uleb128 0x14
 592 039d FF030000 		.4byte	.LASF64
 593 03a1 07       		.byte	0x7
 594 03a2 3F       		.byte	0x3f
 595 03a3 C1030000 		.4byte	0x3c1
 596 03a7 08       		.byte	0x8
 597 03a8 14       		.uleb128 0x14
 598 03a9 B6030000 		.4byte	.LASF65
 599 03ad 07       		.byte	0x7
 600 03ae 40       		.byte	0x40
 601 03af B4000000 		.4byte	0xb4
 602 03b3 0C       		.byte	0xc
 603 03b4 14       		.uleb128 0x14
 604 03b5 EF010000 		.4byte	.LASF66
 605 03b9 07       		.byte	0x7
 606 03ba 45       		.byte	0x45
 607 03bb B4000000 		.4byte	0xb4
 608 03bf 10       		.byte	0x10
 609 03c0 00       		.byte	0
 610 03c1 06       		.uleb128 0x6
 611 03c2 04       		.byte	0x4
 612 03c3 C7030000 		.4byte	0x3c7
 613 03c7 07       		.uleb128 0x7
 614 03c8 70030000 		.4byte	0x370
 615 03cc 03       		.uleb128 0x3
 616 03cd E8020000 		.4byte	.LASF67
 617 03d1 07       		.byte	0x7
 618 03d2 48       		.byte	0x48
 619 03d3 7C030000 		.4byte	0x37c
 620 03d7 15       		.uleb128 0x15
 621 03d8 18020000 		.4byte	.LASF68
 622 03dc 01       		.byte	0x1
 623 03dd 4F       		.byte	0x4f
 624 03de 73000000 		.4byte	0x73
 625 03e2 00000000 		.4byte	.LFB704
 626 03e6 22000000 		.4byte	.LFE704-.LFB704
 627 03ea 01       		.uleb128 0x1
 628 03eb 9C       		.byte	0x9c
 629 03ec 35040000 		.4byte	0x435
 630 03f0 16       		.uleb128 0x16
 631 03f1 666400   		.ascii	"fd\000"
 632 03f4 01       		.byte	0x1
 633 03f5 4F       		.byte	0x4f
 634 03f6 73000000 		.4byte	0x73
 635 03fa 00000000 		.4byte	.LLST0
 636 03fe 16       		.uleb128 0x16
 637 03ff 70747200 		.ascii	"ptr\000"
 638 0403 01       		.byte	0x1
 639 0404 4F       		.byte	0x4f
 640 0405 9E000000 		.4byte	0x9e
 641 0409 3A000000 		.4byte	.LLST1
 642 040d 16       		.uleb128 0x16
ARM GAS  C:\Users\ADMINI~1\AppData\Local\Temp\ccxMwYwe.s 			page 15


 643 040e 6C656E00 		.ascii	"len\000"
 644 0412 01       		.byte	0x1
 645 0413 4F       		.byte	0x4f
 646 0414 73000000 		.4byte	0x73
 647 0418 86000000 		.4byte	.LLST2
 648 041c 17       		.uleb128 0x17
 649 041d B5010000 		.4byte	.LASF70
 650 0421 01       		.byte	0x1
 651 0422 51       		.byte	0x51
 652 0423 73000000 		.4byte	0x73
 653 0427 C8000000 		.4byte	.LLST3
 654 042b 18       		.uleb128 0x18
 655 042c 10000000 		.4byte	.LVL4
 656 0430 EC040000 		.4byte	0x4ec
 657 0434 00       		.byte	0
 658 0435 15       		.uleb128 0x15
 659 0436 E2020000 		.4byte	.LASF69
 660 043a 01       		.byte	0x1
 661 043b 85       		.byte	0x85
 662 043c 73000000 		.4byte	0x73
 663 0440 00000000 		.4byte	.LFB705
 664 0444 28000000 		.4byte	.LFE705-.LFB705
 665 0448 01       		.uleb128 0x1
 666 0449 9C       		.byte	0x9c
 667 044a 93040000 		.4byte	0x493
 668 044e 16       		.uleb128 0x16
 669 044f 666400   		.ascii	"fd\000"
 670 0452 01       		.byte	0x1
 671 0453 85       		.byte	0x85
 672 0454 73000000 		.4byte	0x73
 673 0458 FE000000 		.4byte	.LLST4
 674 045c 16       		.uleb128 0x16
 675 045d 70747200 		.ascii	"ptr\000"
 676 0461 01       		.byte	0x1
 677 0462 85       		.byte	0x85
 678 0463 91000000 		.4byte	0x91
 679 0467 38010000 		.4byte	.LLST5
 680 046b 16       		.uleb128 0x16
 681 046c 6C656E00 		.ascii	"len\000"
 682 0470 01       		.byte	0x1
 683 0471 85       		.byte	0x85
 684 0472 73000000 		.4byte	0x73
 685 0476 6C010000 		.4byte	.LLST6
 686 047a 17       		.uleb128 0x17
 687 047b B5010000 		.4byte	.LASF70
 688 047f 01       		.byte	0x1
 689 0480 87       		.byte	0x87
 690 0481 73000000 		.4byte	0x73
 691 0485 AE010000 		.4byte	.LLST7
 692 0489 18       		.uleb128 0x18
 693 048a 0C000000 		.4byte	.LVL12
 694 048e F7040000 		.4byte	0x4f7
 695 0492 00       		.byte	0
 696 0493 19       		.uleb128 0x19
 697 0494 BA040000 		.4byte	.LASF71
 698 0498 08       		.byte	0x8
 699 0499 EA07     		.2byte	0x7ea
ARM GAS  C:\Users\ADMINI~1\AppData\Local\Temp\ccxMwYwe.s 			page 16


 700 049b 9F040000 		.4byte	0x49f
 701 049f 08       		.uleb128 0x8
 702 04a0 A9000000 		.4byte	0xa9
 703 04a4 1A       		.uleb128 0x1a
 704 04a5 C5010000 		.4byte	.LASF72
 705 04a9 09       		.byte	0x9
 706 04aa 87       		.byte	0x87
 707 04ab 55020000 		.4byte	0x255
 708 04af 19       		.uleb128 0x19
 709 04b0 A1020000 		.4byte	.LASF73
 710 04b4 07       		.byte	0x7
 711 04b5 6001     		.2byte	0x160
 712 04b7 B4000000 		.4byte	0xb4
 713 04bb 11       		.uleb128 0x11
 714 04bc CB040000 		.4byte	0x4cb
 715 04c0 CB040000 		.4byte	0x4cb
 716 04c4 12       		.uleb128 0x12
 717 04c5 8A000000 		.4byte	0x8a
 718 04c9 00       		.byte	0
 719 04ca 00       		.byte	0
 720 04cb 07       		.uleb128 0x7
 721 04cc CC030000 		.4byte	0x3cc
 722 04d0 19       		.uleb128 0x19
 723 04d1 DE010000 		.4byte	.LASF74
 724 04d5 07       		.byte	0x7
 725 04d6 6401     		.2byte	0x164
 726 04d8 DC040000 		.4byte	0x4dc
 727 04dc 07       		.uleb128 0x7
 728 04dd BB040000 		.4byte	0x4bb
 729 04e1 1A       		.uleb128 0x1a
 730 04e2 30050000 		.4byte	.LASF75
 731 04e6 0A       		.byte	0xa
 732 04e7 5E       		.byte	0x5e
 733 04e8 79010000 		.4byte	0x179
 734 04ec 1B       		.uleb128 0x1b
 735 04ed 11040000 		.4byte	.LASF76
 736 04f1 11040000 		.4byte	.LASF76
 737 04f5 0B       		.byte	0xb
 738 04f6 AE       		.byte	0xae
 739 04f7 1B       		.uleb128 0x1b
 740 04f8 78000000 		.4byte	.LASF77
 741 04fc 78000000 		.4byte	.LASF77
 742 0500 0B       		.byte	0xb
 743 0501 B2       		.byte	0xb2
 744 0502 00       		.byte	0
 745              		.section	.debug_abbrev,"",%progbits
 746              	.Ldebug_abbrev0:
 747 0000 01       		.uleb128 0x1
 748 0001 11       		.uleb128 0x11
 749 0002 01       		.byte	0x1
 750 0003 25       		.uleb128 0x25
 751 0004 0E       		.uleb128 0xe
 752 0005 13       		.uleb128 0x13
 753 0006 0B       		.uleb128 0xb
 754 0007 03       		.uleb128 0x3
 755 0008 0E       		.uleb128 0xe
 756 0009 1B       		.uleb128 0x1b
ARM GAS  C:\Users\ADMINI~1\AppData\Local\Temp\ccxMwYwe.s 			page 17


 757 000a 0E       		.uleb128 0xe
 758 000b 55       		.uleb128 0x55
 759 000c 17       		.uleb128 0x17
 760 000d 11       		.uleb128 0x11
 761 000e 01       		.uleb128 0x1
 762 000f 10       		.uleb128 0x10
 763 0010 17       		.uleb128 0x17
 764 0011 00       		.byte	0
 765 0012 00       		.byte	0
 766 0013 02       		.uleb128 0x2
 767 0014 24       		.uleb128 0x24
 768 0015 00       		.byte	0
 769 0016 0B       		.uleb128 0xb
 770 0017 0B       		.uleb128 0xb
 771 0018 3E       		.uleb128 0x3e
 772 0019 0B       		.uleb128 0xb
 773 001a 03       		.uleb128 0x3
 774 001b 0E       		.uleb128 0xe
 775 001c 00       		.byte	0
 776 001d 00       		.byte	0
 777 001e 03       		.uleb128 0x3
 778 001f 16       		.uleb128 0x16
 779 0020 00       		.byte	0
 780 0021 03       		.uleb128 0x3
 781 0022 0E       		.uleb128 0xe
 782 0023 3A       		.uleb128 0x3a
 783 0024 0B       		.uleb128 0xb
 784 0025 3B       		.uleb128 0x3b
 785 0026 0B       		.uleb128 0xb
 786 0027 49       		.uleb128 0x49
 787 0028 13       		.uleb128 0x13
 788 0029 00       		.byte	0
 789 002a 00       		.byte	0
 790 002b 04       		.uleb128 0x4
 791 002c 24       		.uleb128 0x24
 792 002d 00       		.byte	0
 793 002e 0B       		.uleb128 0xb
 794 002f 0B       		.uleb128 0xb
 795 0030 3E       		.uleb128 0x3e
 796 0031 0B       		.uleb128 0xb
 797 0032 03       		.uleb128 0x3
 798 0033 08       		.uleb128 0x8
 799 0034 00       		.byte	0
 800 0035 00       		.byte	0
 801 0036 05       		.uleb128 0x5
 802 0037 0F       		.uleb128 0xf
 803 0038 00       		.byte	0
 804 0039 0B       		.uleb128 0xb
 805 003a 0B       		.uleb128 0xb
 806 003b 00       		.byte	0
 807 003c 00       		.byte	0
 808 003d 06       		.uleb128 0x6
 809 003e 0F       		.uleb128 0xf
 810 003f 00       		.byte	0
 811 0040 0B       		.uleb128 0xb
 812 0041 0B       		.uleb128 0xb
 813 0042 49       		.uleb128 0x49
ARM GAS  C:\Users\ADMINI~1\AppData\Local\Temp\ccxMwYwe.s 			page 18


 814 0043 13       		.uleb128 0x13
 815 0044 00       		.byte	0
 816 0045 00       		.byte	0
 817 0046 07       		.uleb128 0x7
 818 0047 26       		.uleb128 0x26
 819 0048 00       		.byte	0
 820 0049 49       		.uleb128 0x49
 821 004a 13       		.uleb128 0x13
 822 004b 00       		.byte	0
 823 004c 00       		.byte	0
 824 004d 08       		.uleb128 0x8
 825 004e 35       		.uleb128 0x35
 826 004f 00       		.byte	0
 827 0050 49       		.uleb128 0x49
 828 0051 13       		.uleb128 0x13
 829 0052 00       		.byte	0
 830 0053 00       		.byte	0
 831 0054 09       		.uleb128 0x9
 832 0055 15       		.uleb128 0x15
 833 0056 01       		.byte	0x1
 834 0057 27       		.uleb128 0x27
 835 0058 19       		.uleb128 0x19
 836 0059 01       		.uleb128 0x1
 837 005a 13       		.uleb128 0x13
 838 005b 00       		.byte	0
 839 005c 00       		.byte	0
 840 005d 0A       		.uleb128 0xa
 841 005e 05       		.uleb128 0x5
 842 005f 00       		.byte	0
 843 0060 49       		.uleb128 0x49
 844 0061 13       		.uleb128 0x13
 845 0062 00       		.byte	0
 846 0063 00       		.byte	0
 847 0064 0B       		.uleb128 0xb
 848 0065 16       		.uleb128 0x16
 849 0066 00       		.byte	0
 850 0067 03       		.uleb128 0x3
 851 0068 0E       		.uleb128 0xe
 852 0069 3A       		.uleb128 0x3a
 853 006a 0B       		.uleb128 0xb
 854 006b 3B       		.uleb128 0x3b
 855 006c 05       		.uleb128 0x5
 856 006d 49       		.uleb128 0x49
 857 006e 13       		.uleb128 0x13
 858 006f 00       		.byte	0
 859 0070 00       		.byte	0
 860 0071 0C       		.uleb128 0xc
 861 0072 13       		.uleb128 0x13
 862 0073 01       		.byte	0x1
 863 0074 03       		.uleb128 0x3
 864 0075 0E       		.uleb128 0xe
 865 0076 0B       		.uleb128 0xb
 866 0077 0B       		.uleb128 0xb
 867 0078 3A       		.uleb128 0x3a
 868 0079 0B       		.uleb128 0xb
 869 007a 3B       		.uleb128 0x3b
 870 007b 05       		.uleb128 0x5
ARM GAS  C:\Users\ADMINI~1\AppData\Local\Temp\ccxMwYwe.s 			page 19


 871 007c 01       		.uleb128 0x1
 872 007d 13       		.uleb128 0x13
 873 007e 00       		.byte	0
 874 007f 00       		.byte	0
 875 0080 0D       		.uleb128 0xd
 876 0081 0D       		.uleb128 0xd
 877 0082 00       		.byte	0
 878 0083 03       		.uleb128 0x3
 879 0084 0E       		.uleb128 0xe
 880 0085 3A       		.uleb128 0x3a
 881 0086 0B       		.uleb128 0xb
 882 0087 3B       		.uleb128 0x3b
 883 0088 05       		.uleb128 0x5
 884 0089 49       		.uleb128 0x49
 885 008a 13       		.uleb128 0x13
 886 008b 38       		.uleb128 0x38
 887 008c 0B       		.uleb128 0xb
 888 008d 00       		.byte	0
 889 008e 00       		.byte	0
 890 008f 0E       		.uleb128 0xe
 891 0090 04       		.uleb128 0x4
 892 0091 01       		.byte	0x1
 893 0092 0B       		.uleb128 0xb
 894 0093 0B       		.uleb128 0xb
 895 0094 49       		.uleb128 0x49
 896 0095 13       		.uleb128 0x13
 897 0096 3A       		.uleb128 0x3a
 898 0097 0B       		.uleb128 0xb
 899 0098 3B       		.uleb128 0x3b
 900 0099 05       		.uleb128 0x5
 901 009a 01       		.uleb128 0x1
 902 009b 13       		.uleb128 0x13
 903 009c 00       		.byte	0
 904 009d 00       		.byte	0
 905 009e 0F       		.uleb128 0xf
 906 009f 28       		.uleb128 0x28
 907 00a0 00       		.byte	0
 908 00a1 03       		.uleb128 0x3
 909 00a2 0E       		.uleb128 0xe
 910 00a3 1C       		.uleb128 0x1c
 911 00a4 0B       		.uleb128 0xb
 912 00a5 00       		.byte	0
 913 00a6 00       		.byte	0
 914 00a7 10       		.uleb128 0x10
 915 00a8 13       		.uleb128 0x13
 916 00a9 01       		.byte	0x1
 917 00aa 0B       		.uleb128 0xb
 918 00ab 0B       		.uleb128 0xb
 919 00ac 3A       		.uleb128 0x3a
 920 00ad 0B       		.uleb128 0xb
 921 00ae 3B       		.uleb128 0x3b
 922 00af 05       		.uleb128 0x5
 923 00b0 01       		.uleb128 0x1
 924 00b1 13       		.uleb128 0x13
 925 00b2 00       		.byte	0
 926 00b3 00       		.byte	0
 927 00b4 11       		.uleb128 0x11
ARM GAS  C:\Users\ADMINI~1\AppData\Local\Temp\ccxMwYwe.s 			page 20


 928 00b5 01       		.uleb128 0x1
 929 00b6 01       		.byte	0x1
 930 00b7 49       		.uleb128 0x49
 931 00b8 13       		.uleb128 0x13
 932 00b9 01       		.uleb128 0x1
 933 00ba 13       		.uleb128 0x13
 934 00bb 00       		.byte	0
 935 00bc 00       		.byte	0
 936 00bd 12       		.uleb128 0x12
 937 00be 21       		.uleb128 0x21
 938 00bf 00       		.byte	0
 939 00c0 49       		.uleb128 0x49
 940 00c1 13       		.uleb128 0x13
 941 00c2 2F       		.uleb128 0x2f
 942 00c3 0B       		.uleb128 0xb
 943 00c4 00       		.byte	0
 944 00c5 00       		.byte	0
 945 00c6 13       		.uleb128 0x13
 946 00c7 13       		.uleb128 0x13
 947 00c8 01       		.byte	0x1
 948 00c9 0B       		.uleb128 0xb
 949 00ca 0B       		.uleb128 0xb
 950 00cb 3A       		.uleb128 0x3a
 951 00cc 0B       		.uleb128 0xb
 952 00cd 3B       		.uleb128 0x3b
 953 00ce 0B       		.uleb128 0xb
 954 00cf 01       		.uleb128 0x1
 955 00d0 13       		.uleb128 0x13
 956 00d1 00       		.byte	0
 957 00d2 00       		.byte	0
 958 00d3 14       		.uleb128 0x14
 959 00d4 0D       		.uleb128 0xd
 960 00d5 00       		.byte	0
 961 00d6 03       		.uleb128 0x3
 962 00d7 0E       		.uleb128 0xe
 963 00d8 3A       		.uleb128 0x3a
 964 00d9 0B       		.uleb128 0xb
 965 00da 3B       		.uleb128 0x3b
 966 00db 0B       		.uleb128 0xb
 967 00dc 49       		.uleb128 0x49
 968 00dd 13       		.uleb128 0x13
 969 00de 38       		.uleb128 0x38
 970 00df 0B       		.uleb128 0xb
 971 00e0 00       		.byte	0
 972 00e1 00       		.byte	0
 973 00e2 15       		.uleb128 0x15
 974 00e3 2E       		.uleb128 0x2e
 975 00e4 01       		.byte	0x1
 976 00e5 3F       		.uleb128 0x3f
 977 00e6 19       		.uleb128 0x19
 978 00e7 03       		.uleb128 0x3
 979 00e8 0E       		.uleb128 0xe
 980 00e9 3A       		.uleb128 0x3a
 981 00ea 0B       		.uleb128 0xb
 982 00eb 3B       		.uleb128 0x3b
 983 00ec 0B       		.uleb128 0xb
 984 00ed 27       		.uleb128 0x27
ARM GAS  C:\Users\ADMINI~1\AppData\Local\Temp\ccxMwYwe.s 			page 21


 985 00ee 19       		.uleb128 0x19
 986 00ef 49       		.uleb128 0x49
 987 00f0 13       		.uleb128 0x13
 988 00f1 11       		.uleb128 0x11
 989 00f2 01       		.uleb128 0x1
 990 00f3 12       		.uleb128 0x12
 991 00f4 06       		.uleb128 0x6
 992 00f5 40       		.uleb128 0x40
 993 00f6 18       		.uleb128 0x18
 994 00f7 9742     		.uleb128 0x2117
 995 00f9 19       		.uleb128 0x19
 996 00fa 01       		.uleb128 0x1
 997 00fb 13       		.uleb128 0x13
 998 00fc 00       		.byte	0
 999 00fd 00       		.byte	0
 1000 00fe 16       		.uleb128 0x16
 1001 00ff 05       		.uleb128 0x5
 1002 0100 00       		.byte	0
 1003 0101 03       		.uleb128 0x3
 1004 0102 08       		.uleb128 0x8
 1005 0103 3A       		.uleb128 0x3a
 1006 0104 0B       		.uleb128 0xb
 1007 0105 3B       		.uleb128 0x3b
 1008 0106 0B       		.uleb128 0xb
 1009 0107 49       		.uleb128 0x49
 1010 0108 13       		.uleb128 0x13
 1011 0109 02       		.uleb128 0x2
 1012 010a 17       		.uleb128 0x17
 1013 010b 00       		.byte	0
 1014 010c 00       		.byte	0
 1015 010d 17       		.uleb128 0x17
 1016 010e 34       		.uleb128 0x34
 1017 010f 00       		.byte	0
 1018 0110 03       		.uleb128 0x3
 1019 0111 0E       		.uleb128 0xe
 1020 0112 3A       		.uleb128 0x3a
 1021 0113 0B       		.uleb128 0xb
 1022 0114 3B       		.uleb128 0x3b
 1023 0115 0B       		.uleb128 0xb
 1024 0116 49       		.uleb128 0x49
 1025 0117 13       		.uleb128 0x13
 1026 0118 02       		.uleb128 0x2
 1027 0119 17       		.uleb128 0x17
 1028 011a 00       		.byte	0
 1029 011b 00       		.byte	0
 1030 011c 18       		.uleb128 0x18
 1031 011d 898201   		.uleb128 0x4109
 1032 0120 00       		.byte	0
 1033 0121 11       		.uleb128 0x11
 1034 0122 01       		.uleb128 0x1
 1035 0123 31       		.uleb128 0x31
 1036 0124 13       		.uleb128 0x13
 1037 0125 00       		.byte	0
 1038 0126 00       		.byte	0
 1039 0127 19       		.uleb128 0x19
 1040 0128 34       		.uleb128 0x34
 1041 0129 00       		.byte	0
ARM GAS  C:\Users\ADMINI~1\AppData\Local\Temp\ccxMwYwe.s 			page 22


 1042 012a 03       		.uleb128 0x3
 1043 012b 0E       		.uleb128 0xe
 1044 012c 3A       		.uleb128 0x3a
 1045 012d 0B       		.uleb128 0xb
 1046 012e 3B       		.uleb128 0x3b
 1047 012f 05       		.uleb128 0x5
 1048 0130 49       		.uleb128 0x49
 1049 0131 13       		.uleb128 0x13
 1050 0132 3F       		.uleb128 0x3f
 1051 0133 19       		.uleb128 0x19
 1052 0134 3C       		.uleb128 0x3c
 1053 0135 19       		.uleb128 0x19
 1054 0136 00       		.byte	0
 1055 0137 00       		.byte	0
 1056 0138 1A       		.uleb128 0x1a
 1057 0139 34       		.uleb128 0x34
 1058 013a 00       		.byte	0
 1059 013b 03       		.uleb128 0x3
 1060 013c 0E       		.uleb128 0xe
 1061 013d 3A       		.uleb128 0x3a
 1062 013e 0B       		.uleb128 0xb
 1063 013f 3B       		.uleb128 0x3b
 1064 0140 0B       		.uleb128 0xb
 1065 0141 49       		.uleb128 0x49
 1066 0142 13       		.uleb128 0x13
 1067 0143 3F       		.uleb128 0x3f
 1068 0144 19       		.uleb128 0x19
 1069 0145 3C       		.uleb128 0x3c
 1070 0146 19       		.uleb128 0x19
 1071 0147 00       		.byte	0
 1072 0148 00       		.byte	0
 1073 0149 1B       		.uleb128 0x1b
 1074 014a 2E       		.uleb128 0x2e
 1075 014b 00       		.byte	0
 1076 014c 3F       		.uleb128 0x3f
 1077 014d 19       		.uleb128 0x19
 1078 014e 3C       		.uleb128 0x3c
 1079 014f 19       		.uleb128 0x19
 1080 0150 6E       		.uleb128 0x6e
 1081 0151 0E       		.uleb128 0xe
 1082 0152 03       		.uleb128 0x3
 1083 0153 0E       		.uleb128 0xe
 1084 0154 3A       		.uleb128 0x3a
 1085 0155 0B       		.uleb128 0xb
 1086 0156 3B       		.uleb128 0x3b
 1087 0157 0B       		.uleb128 0xb
 1088 0158 00       		.byte	0
 1089 0159 00       		.byte	0
 1090 015a 00       		.byte	0
 1091              		.section	.debug_loc,"",%progbits
 1092              	.Ldebug_loc0:
 1093              	.LLST0:
 1094 0000 00000000 		.4byte	.LVL0
 1095 0004 08000000 		.4byte	.LVL2
 1096 0008 0100     		.2byte	0x1
 1097 000a 50       		.byte	0x50
 1098 000b 08000000 		.4byte	.LVL2
ARM GAS  C:\Users\ADMINI~1\AppData\Local\Temp\ccxMwYwe.s 			page 23


 1099 000f 14000000 		.4byte	.LVL6
 1100 0013 0400     		.2byte	0x4
 1101 0015 F3       		.byte	0xf3
 1102 0016 01       		.uleb128 0x1
 1103 0017 50       		.byte	0x50
 1104 0018 9F       		.byte	0x9f
 1105 0019 14000000 		.4byte	.LVL6
 1106 001d 1A000000 		.4byte	.LVL7
 1107 0021 0100     		.2byte	0x1
 1108 0023 50       		.byte	0x50
 1109 0024 1A000000 		.4byte	.LVL7
 1110 0028 22000000 		.4byte	.LFE704
 1111 002c 0400     		.2byte	0x4
 1112 002e F3       		.byte	0xf3
 1113 002f 01       		.uleb128 0x1
 1114 0030 50       		.byte	0x50
 1115 0031 9F       		.byte	0x9f
 1116 0032 00000000 		.4byte	0
 1117 0036 00000000 		.4byte	0
 1118              	.LLST1:
 1119 003a 00000000 		.4byte	.LVL0
 1120 003e 08000000 		.4byte	.LVL2
 1121 0042 0100     		.2byte	0x1
 1122 0044 51       		.byte	0x51
 1123 0045 08000000 		.4byte	.LVL2
 1124 0049 0C000000 		.4byte	.LVL3
 1125 004d 0100     		.2byte	0x1
 1126 004f 55       		.byte	0x55
 1127 0050 0C000000 		.4byte	.LVL3
 1128 0054 10000000 		.4byte	.LVL4
 1129 0058 0300     		.2byte	0x3
 1130 005a 75       		.byte	0x75
 1131 005b 7F       		.sleb128 -1
 1132 005c 9F       		.byte	0x9f
 1133 005d 10000000 		.4byte	.LVL4
 1134 0061 14000000 		.4byte	.LVL6
 1135 0065 0100     		.2byte	0x1
 1136 0067 55       		.byte	0x55
 1137 0068 14000000 		.4byte	.LVL6
 1138 006c 1A000000 		.4byte	.LVL7
 1139 0070 0100     		.2byte	0x1
 1140 0072 51       		.byte	0x51
 1141 0073 1A000000 		.4byte	.LVL7
 1142 0077 1E000000 		.4byte	.LVL8
 1143 007b 0100     		.2byte	0x1
 1144 007d 55       		.byte	0x55
 1145 007e 00000000 		.4byte	0
 1146 0082 00000000 		.4byte	0
 1147              	.LLST2:
 1148 0086 00000000 		.4byte	.LVL0
 1149 008a 08000000 		.4byte	.LVL2
 1150 008e 0100     		.2byte	0x1
 1151 0090 52       		.byte	0x52
 1152 0091 08000000 		.4byte	.LVL2
 1153 0095 14000000 		.4byte	.LVL6
 1154 0099 0100     		.2byte	0x1
 1155 009b 56       		.byte	0x56
ARM GAS  C:\Users\ADMINI~1\AppData\Local\Temp\ccxMwYwe.s 			page 24


 1156 009c 14000000 		.4byte	.LVL6
 1157 00a0 1A000000 		.4byte	.LVL7
 1158 00a4 0100     		.2byte	0x1
 1159 00a6 52       		.byte	0x52
 1160 00a7 1A000000 		.4byte	.LVL7
 1161 00ab 1E000000 		.4byte	.LVL8
 1162 00af 0100     		.2byte	0x1
 1163 00b1 56       		.byte	0x56
 1164 00b2 1E000000 		.4byte	.LVL8
 1165 00b6 22000000 		.4byte	.LFE704
 1166 00ba 0400     		.2byte	0x4
 1167 00bc F3       		.byte	0xf3
 1168 00bd 01       		.uleb128 0x1
 1169 00be 52       		.byte	0x52
 1170 00bf 9F       		.byte	0x9f
 1171 00c0 00000000 		.4byte	0
 1172 00c4 00000000 		.4byte	0
 1173              	.LLST3:
 1174 00c8 02000000 		.4byte	.LVL1
 1175 00cc 08000000 		.4byte	.LVL2
 1176 00d0 0200     		.2byte	0x2
 1177 00d2 30       		.byte	0x30
 1178 00d3 9F       		.byte	0x9f
 1179 00d4 08000000 		.4byte	.LVL2
 1180 00d8 14000000 		.4byte	.LVL6
 1181 00dc 0100     		.2byte	0x1
 1182 00de 54       		.byte	0x54
 1183 00df 14000000 		.4byte	.LVL6
 1184 00e3 1A000000 		.4byte	.LVL7
 1185 00e7 0200     		.2byte	0x2
 1186 00e9 30       		.byte	0x30
 1187 00ea 9F       		.byte	0x9f
 1188 00eb 1A000000 		.4byte	.LVL7
 1189 00ef 22000000 		.4byte	.LFE704
 1190 00f3 0100     		.2byte	0x1
 1191 00f5 54       		.byte	0x54
 1192 00f6 00000000 		.4byte	0
 1193 00fa 00000000 		.4byte	0
 1194              	.LLST4:
 1195 00fe 00000000 		.4byte	.LVL9
 1196 0102 08000000 		.4byte	.LVL11
 1197 0106 0100     		.2byte	0x1
 1198 0108 50       		.byte	0x50
 1199 0109 08000000 		.4byte	.LVL11
 1200 010d 1A000000 		.4byte	.LVL15
 1201 0111 0400     		.2byte	0x4
 1202 0113 F3       		.byte	0xf3
 1203 0114 01       		.uleb128 0x1
 1204 0115 50       		.byte	0x50
 1205 0116 9F       		.byte	0x9f
 1206 0117 1A000000 		.4byte	.LVL15
 1207 011b 20000000 		.4byte	.LVL16
 1208 011f 0100     		.2byte	0x1
 1209 0121 50       		.byte	0x50
 1210 0122 20000000 		.4byte	.LVL16
 1211 0126 28000000 		.4byte	.LFE705
 1212 012a 0400     		.2byte	0x4
ARM GAS  C:\Users\ADMINI~1\AppData\Local\Temp\ccxMwYwe.s 			page 25


 1213 012c F3       		.byte	0xf3
 1214 012d 01       		.uleb128 0x1
 1215 012e 50       		.byte	0x50
 1216 012f 9F       		.byte	0x9f
 1217 0130 00000000 		.4byte	0
 1218 0134 00000000 		.4byte	0
 1219              	.LLST5:
 1220 0138 00000000 		.4byte	.LVL9
 1221 013c 08000000 		.4byte	.LVL11
 1222 0140 0100     		.2byte	0x1
 1223 0142 51       		.byte	0x51
 1224 0143 08000000 		.4byte	.LVL11
 1225 0147 1A000000 		.4byte	.LVL15
 1226 014b 0100     		.2byte	0x1
 1227 014d 55       		.byte	0x55
 1228 014e 1A000000 		.4byte	.LVL15
 1229 0152 20000000 		.4byte	.LVL16
 1230 0156 0100     		.2byte	0x1
 1231 0158 51       		.byte	0x51
 1232 0159 20000000 		.4byte	.LVL16
 1233 015d 24000000 		.4byte	.LVL17
 1234 0161 0100     		.2byte	0x1
 1235 0163 55       		.byte	0x55
 1236 0164 00000000 		.4byte	0
 1237 0168 00000000 		.4byte	0
 1238              	.LLST6:
 1239 016c 00000000 		.4byte	.LVL9
 1240 0170 08000000 		.4byte	.LVL11
 1241 0174 0100     		.2byte	0x1
 1242 0176 52       		.byte	0x52
 1243 0177 08000000 		.4byte	.LVL11
 1244 017b 1A000000 		.4byte	.LVL15
 1245 017f 0100     		.2byte	0x1
 1246 0181 56       		.byte	0x56
 1247 0182 1A000000 		.4byte	.LVL15
 1248 0186 20000000 		.4byte	.LVL16
 1249 018a 0100     		.2byte	0x1
 1250 018c 52       		.byte	0x52
 1251 018d 20000000 		.4byte	.LVL16
 1252 0191 24000000 		.4byte	.LVL17
 1253 0195 0100     		.2byte	0x1
 1254 0197 56       		.byte	0x56
 1255 0198 24000000 		.4byte	.LVL17
 1256 019c 28000000 		.4byte	.LFE705
 1257 01a0 0400     		.2byte	0x4
 1258 01a2 F3       		.byte	0xf3
 1259 01a3 01       		.uleb128 0x1
 1260 01a4 52       		.byte	0x52
 1261 01a5 9F       		.byte	0x9f
 1262 01a6 00000000 		.4byte	0
 1263 01aa 00000000 		.4byte	0
 1264              	.LLST7:
 1265 01ae 02000000 		.4byte	.LVL10
 1266 01b2 08000000 		.4byte	.LVL11
 1267 01b6 0200     		.2byte	0x2
 1268 01b8 30       		.byte	0x30
 1269 01b9 9F       		.byte	0x9f
ARM GAS  C:\Users\ADMINI~1\AppData\Local\Temp\ccxMwYwe.s 			page 26


 1270 01ba 08000000 		.4byte	.LVL11
 1271 01be 1A000000 		.4byte	.LVL15
 1272 01c2 0100     		.2byte	0x1
 1273 01c4 54       		.byte	0x54
 1274 01c5 1A000000 		.4byte	.LVL15
 1275 01c9 20000000 		.4byte	.LVL16
 1276 01cd 0200     		.2byte	0x2
 1277 01cf 30       		.byte	0x30
 1278 01d0 9F       		.byte	0x9f
 1279 01d1 20000000 		.4byte	.LVL16
 1280 01d5 28000000 		.4byte	.LFE705
 1281 01d9 0100     		.2byte	0x1
 1282 01db 54       		.byte	0x54
 1283 01dc 00000000 		.4byte	0
 1284 01e0 00000000 		.4byte	0
 1285              		.section	.debug_aranges,"",%progbits
 1286 0000 24000000 		.4byte	0x24
 1287 0004 0200     		.2byte	0x2
 1288 0006 00000000 		.4byte	.Ldebug_info0
 1289 000a 04       		.byte	0x4
 1290 000b 00       		.byte	0
 1291 000c 0000     		.2byte	0
 1292 000e 0000     		.2byte	0
 1293 0010 00000000 		.4byte	.LFB704
 1294 0014 22000000 		.4byte	.LFE704-.LFB704
 1295 0018 00000000 		.4byte	.LFB705
 1296 001c 28000000 		.4byte	.LFE705-.LFB705
 1297 0020 00000000 		.4byte	0
 1298 0024 00000000 		.4byte	0
 1299              		.section	.debug_ranges,"",%progbits
 1300              	.Ldebug_ranges0:
 1301 0000 00000000 		.4byte	.LFB704
 1302 0004 22000000 		.4byte	.LFE704
 1303 0008 00000000 		.4byte	.LFB705
 1304 000c 28000000 		.4byte	.LFE705
 1305 0010 00000000 		.4byte	0
 1306 0014 00000000 		.4byte	0
 1307              		.section	.debug_line,"",%progbits
 1308              	.Ldebug_line0:
 1309 0000 B3020000 		.section	.debug_str,"MS",%progbits,1
 1309      02006302 
 1309      00000201 
 1309      FB0E0D00 
 1309      01010101 
 1310              	.LASF62:
 1311 0000 6368616E 		.ascii	"channelBase\000"
 1311      6E656C42 
 1311      61736500 
 1312              	.LASF39:
 1313 000c 74784C65 		.ascii	"txLeftToTransmit\000"
 1313      6674546F 
 1313      5472616E 
 1313      736D6974 
 1313      00
 1314              	.LASF44:
 1315 001d 43595F53 		.ascii	"CY_SAR_RANGE_COND_OUTSIDE\000"
 1315      41525F52 
ARM GAS  C:\Users\ADMINI~1\AppData\Local\Temp\ccxMwYwe.s 			page 27


 1315      414E4745 
 1315      5F434F4E 
 1315      445F4F55 
 1316              	.LASF38:
 1317 0037 72785269 		.ascii	"rxRingBufTail\000"
 1317      6E674275 
 1317      66546169 
 1317      6C00
 1318              	.LASF22:
 1319 0045 72784275 		.ascii	"rxBufSize\000"
 1319      6653697A 
 1319      6500
 1320              	.LASF30:
 1321 004f 63795F63 		.ascii	"cy_cb_scb_uart_handle_events_t\000"
 1321      625F7363 
 1321      625F7561 
 1321      72745F68 
 1321      616E646C 
 1322              	.LASF2:
 1323 006e 73686F72 		.ascii	"short int\000"
 1323      7420696E 
 1323      7400
 1324              	.LASF77:
 1325 0078 53544449 		.ascii	"STDIO_GetChar\000"
 1325      4F5F4765 
 1325      74436861 
 1325      7200
 1326              	.LASF12:
 1327 0086 73697A65 		.ascii	"sizetype\000"
 1327      74797065 
 1327      00
 1328              	.LASF55:
 1329 008f 73617449 		.ascii	"satIntrMask\000"
 1329      6E74724D 
 1329      61736B00 
 1330              	.LASF47:
 1331 009b 73616D70 		.ascii	"sampleCtrl\000"
 1331      6C654374 
 1331      726C00
 1332              	.LASF32:
 1333 00a6 63795F73 		.ascii	"cy_stc_scb_uart_context\000"
 1333      74635F73 
 1333      63625F75 
 1333      6172745F 
 1333      636F6E74 
 1334              	.LASF60:
 1335 00be 76726566 		.ascii	"vrefMvValue\000"
 1335      4D765661 
 1335      6C756500 
 1336              	.LASF29:
 1337 00ca 63795F73 		.ascii	"cy_stc_scb_spi_context_t\000"
 1337      74635F73 
 1337      63625F73 
 1337      70695F63 
 1337      6F6E7465 
 1338              	.LASF50:
 1339 00e3 72616E67 		.ascii	"rangeThres\000"
ARM GAS  C:\Users\ADMINI~1\AppData\Local\Temp\ccxMwYwe.s 			page 28


 1339      65546872 
 1339      657300
 1340              	.LASF78:
 1341 00ee 474E5520 		.ascii	"GNU C11 5.4.1 20160609 (release) [ARM/embedded-5-br"
 1341      43313120 
 1341      352E342E 
 1341      31203230 
 1341      31363036 
 1342 0121 616E6368 		.ascii	"anch revision 237715] -mcpu=cortex-m4 -mfloat-abi=s"
 1342      20726576 
 1342      6973696F 
 1342      6E203233 
 1342      37373135 
 1343 0154 6F667466 		.ascii	"oftfp -mfpu=fpv4-sp-d16 -mthumb -g -Og -ffunction-s"
 1343      70202D6D 
 1343      6670753D 
 1343      66707634 
 1343      2D73702D 
 1344 0187 65637469 		.ascii	"ections -ffat-lto-objects\000"
 1344      6F6E7320 
 1344      2D666661 
 1344      742D6C74 
 1344      6F2D6F62 
 1345              	.LASF6:
 1346 01a1 5F5F7569 		.ascii	"__uint32_t\000"
 1346      6E743332 
 1346      5F7400
 1347              	.LASF33:
 1348 01ac 74785374 		.ascii	"txStatus\000"
 1348      61747573 
 1348      00
 1349              	.LASF70:
 1350 01b5 6E436861 		.ascii	"nChars\000"
 1350      727300
 1351              	.LASF23:
 1352 01bc 72784275 		.ascii	"rxBufIdx\000"
 1352      66496478 
 1352      00
 1353              	.LASF72:
 1354 01c5 55415254 		.ascii	"UART_1_context\000"
 1354      5F315F63 
 1354      6F6E7465 
 1354      787400
 1355              	.LASF51:
 1356 01d4 72616E67 		.ascii	"rangeCond\000"
 1356      65436F6E 
 1356      6400
 1357              	.LASF74:
 1358 01de 4144435F 		.ascii	"ADC_1_allConfigs\000"
 1358      315F616C 
 1358      6C436F6E 
 1358      66696773 
 1358      00
 1359              	.LASF66:
 1360 01ef 636C6B44 		.ascii	"clkDivider\000"
 1360      69766964 
 1360      657200
ARM GAS  C:\Users\ADMINI~1\AppData\Local\Temp\ccxMwYwe.s 			page 29


 1361              	.LASF19:
 1362 01fa 63795F63 		.ascii	"cy_cb_scb_spi_handle_events_t\000"
 1362      625F7363 
 1362      625F7370 
 1362      695F6861 
 1362      6E646C65 
 1363              	.LASF68:
 1364 0218 5F777269 		.ascii	"_write\000"
 1364      746500
 1365              	.LASF37:
 1366 021f 72785269 		.ascii	"rxRingBufHead\000"
 1366      6E674275 
 1366      66486561 
 1366      6400
 1367              	.LASF16:
 1368 022d 666C6F61 		.ascii	"float\000"
 1368      7400
 1369              	.LASF24:
 1370 0233 74784275 		.ascii	"txBuf\000"
 1370      6600
 1371              	.LASF41:
 1372 0239 43595F53 		.ascii	"CY_SAR_RANGE_COND_BELOW\000"
 1372      41525F52 
 1372      414E4745 
 1372      5F434F4E 
 1372      445F4245 
 1373              	.LASF8:
 1374 0251 6C6F6E67 		.ascii	"long long int\000"
 1374      206C6F6E 
 1374      6720696E 
 1374      7400
 1375              	.LASF59:
 1376 025f 636F6E66 		.ascii	"configRouting\000"
 1376      6967526F 
 1376      7574696E 
 1376      6700
 1377              	.LASF53:
 1378 026d 6368616E 		.ascii	"chanConfig\000"
 1378      436F6E66 
 1378      696700
 1379              	.LASF36:
 1380 0278 72785269 		.ascii	"rxRingBufSize\000"
 1380      6E674275 
 1380      6653697A 
 1380      6500
 1381              	.LASF46:
 1382 0286 6374726C 		.ascii	"ctrl\000"
 1382      00
 1383              	.LASF48:
 1384 028b 73616D70 		.ascii	"sampleTime01\000"
 1384      6C655469 
 1384      6D653031 
 1384      00
 1385              	.LASF26:
 1386 0298 74784275 		.ascii	"txBufIdx\000"
 1386      66496478 
 1386      00
ARM GAS  C:\Users\ADMINI~1\AppData\Local\Temp\ccxMwYwe.s 			page 30


 1387              	.LASF73:
 1388 02a1 4144435F 		.ascii	"ADC_1_currentConfig\000"
 1388      315F6375 
 1388      7272656E 
 1388      74436F6E 
 1388      66696700 
 1389              	.LASF11:
 1390 02b5 6C6F6E67 		.ascii	"long double\000"
 1390      20646F75 
 1390      626C6500 
 1391              	.LASF34:
 1392 02c1 72785374 		.ascii	"rxStatus\000"
 1392      61747573 
 1392      00
 1393              	.LASF1:
 1394 02ca 756E7369 		.ascii	"unsigned char\000"
 1394      676E6564 
 1394      20636861 
 1394      7200
 1395              	.LASF35:
 1396 02d8 72785269 		.ascii	"rxRingBuf\000"
 1396      6E674275 
 1396      6600
 1397              	.LASF69:
 1398 02e2 5F726561 		.ascii	"_read\000"
 1398      6400
 1399              	.LASF67:
 1400 02e8 4144435F 		.ascii	"ADC_1_CONFIG_STRUCT\000"
 1400      315F434F 
 1400      4E464947 
 1400      5F535452 
 1400      55435400 
 1401              	.LASF0:
 1402 02fc 7369676E 		.ascii	"signed char\000"
 1402      65642063 
 1402      68617200 
 1403              	.LASF9:
 1404 0308 6C6F6E67 		.ascii	"long long unsigned int\000"
 1404      206C6F6E 
 1404      6720756E 
 1404      7369676E 
 1404      65642069 
 1405              	.LASF15:
 1406 031f 75696E74 		.ascii	"uint32_t\000"
 1406      33325F74 
 1406      00
 1407              	.LASF56:
 1408 0328 72616E67 		.ascii	"rangeIntrMask\000"
 1408      65496E74 
 1408      724D6173 
 1408      6B00
 1409              	.LASF80:
 1410 0336 4D3A5C47 		.ascii	"M:\\Githubrepo\\Intern_hiwi\\FinalProject\\FinalPro"
 1410      69746875 
 1410      62726570 
 1410      6F5C496E 
 1410      7465726E 
ARM GAS  C:\Users\ADMINI~1\AppData\Local\Temp\ccxMwYwe.s 			page 31


 1411 0365 6A656374 		.ascii	"ject\\Mux_ADC07_probe01.cydsn\000"
 1411      5C4D7578 
 1411      5F414443 
 1411      30375F70 
 1411      726F6265 
 1412              	.LASF58:
 1413 0382 6D757853 		.ascii	"muxSwitchSqCtrl\000"
 1413      77697463 
 1413      68537143 
 1413      74726C00 
 1414              	.LASF25:
 1415 0392 74784275 		.ascii	"txBufSize\000"
 1415      6653697A 
 1415      6500
 1416              	.LASF3:
 1417 039c 73686F72 		.ascii	"short unsigned int\000"
 1417      7420756E 
 1417      7369676E 
 1417      65642069 
 1417      6E7400
 1418              	.LASF20:
 1419 03af 73746174 		.ascii	"status\000"
 1419      757300
 1420              	.LASF65:
 1421 03b6 6D697363 		.ascii	"miscConfig\000"
 1421      436F6E66 
 1421      696700
 1422              	.LASF13:
 1423 03c1 63686172 		.ascii	"char\000"
 1423      00
 1424              	.LASF57:
 1425 03c6 6D757853 		.ascii	"muxSwitch\000"
 1425      77697463 
 1425      6800
 1426              	.LASF27:
 1427 03d0 63624576 		.ascii	"cbEvents\000"
 1427      656E7473 
 1427      00
 1428              	.LASF43:
 1429 03d9 43595F53 		.ascii	"CY_SAR_RANGE_COND_ABOVE\000"
 1429      41525F52 
 1429      414E4745 
 1429      5F434F4E 
 1429      445F4142 
 1430              	.LASF14:
 1431 03f1 696E7433 		.ascii	"int32_t\000"
 1431      325F7400 
 1432              	.LASF18:
 1433 03f9 5F426F6F 		.ascii	"_Bool\000"
 1433      6C00
 1434              	.LASF64:
 1435 03ff 6877436F 		.ascii	"hwConfigStc\000"
 1435      6E666967 
 1435      53746300 
 1436              	.LASF21:
 1437 040b 72784275 		.ascii	"rxBuf\000"
 1437      6600
ARM GAS  C:\Users\ADMINI~1\AppData\Local\Temp\ccxMwYwe.s 			page 32


 1438              	.LASF76:
 1439 0411 53544449 		.ascii	"STDIO_PutChar\000"
 1439      4F5F5075 
 1439      74436861 
 1439      7200
 1440              	.LASF7:
 1441 041f 6C6F6E67 		.ascii	"long unsigned int\000"
 1441      20756E73 
 1441      69676E65 
 1441      6420696E 
 1441      7400
 1442              	.LASF17:
 1443 0431 646F7562 		.ascii	"double\000"
 1443      6C6500
 1444              	.LASF5:
 1445 0438 5F5F696E 		.ascii	"__int32_t\000"
 1445      7433325F 
 1445      7400
 1446              	.LASF42:
 1447 0442 43595F53 		.ascii	"CY_SAR_RANGE_COND_INSIDE\000"
 1447      41525F52 
 1447      414E4745 
 1447      5F434F4E 
 1447      445F494E 
 1448              	.LASF28:
 1449 045b 696E6974 		.ascii	"initKey\000"
 1449      4B657900 
 1450              	.LASF61:
 1451 0463 63795F73 		.ascii	"cy_stc_sar_config_t\000"
 1451      74635F73 
 1451      61725F63 
 1451      6F6E6669 
 1451      675F7400 
 1452              	.LASF40:
 1453 0477 63795F73 		.ascii	"cy_stc_scb_uart_context_t\000"
 1453      74635F73 
 1453      63625F75 
 1453      6172745F 
 1453      636F6E74 
 1454              	.LASF52:
 1455 0491 6368616E 		.ascii	"chanEn\000"
 1455      456E00
 1456              	.LASF63:
 1457 0498 6E756D43 		.ascii	"numChannels\000"
 1457      68616E6E 
 1457      656C7300 
 1458              	.LASF49:
 1459 04a4 73616D70 		.ascii	"sampleTime23\000"
 1459      6C655469 
 1459      6D653233 
 1459      00
 1460              	.LASF4:
 1461 04b1 6C6F6E67 		.ascii	"long int\000"
 1461      20696E74 
 1461      00
 1462              	.LASF71:
 1463 04ba 49544D5F 		.ascii	"ITM_RxBuffer\000"
ARM GAS  C:\Users\ADMINI~1\AppData\Local\Temp\ccxMwYwe.s 			page 33


 1463      52784275 
 1463      66666572 
 1463      00
 1464              	.LASF10:
 1465 04c7 756E7369 		.ascii	"unsigned int\000"
 1465      676E6564 
 1465      20696E74 
 1465      00
 1466              	.LASF31:
 1467 04d4 63795F73 		.ascii	"cy_stc_scb_spi_context\000"
 1467      74635F73 
 1467      63625F73 
 1467      70695F63 
 1467      6F6E7465 
 1468              	.LASF79:
 1469 04eb 47656E65 		.ascii	"Generated_Source\\PSoC6\\pdl\\utilities\\retarget_i"
 1469      72617465 
 1469      645F536F 
 1469      75726365 
 1469      5C50536F 
 1470 051a 6F5C7265 		.ascii	"o\\retarget.c\000"
 1470      74617267 
 1470      65742E63 
 1470      00
 1471              	.LASF54:
 1472 0527 696E7472 		.ascii	"intrMask\000"
 1472      4D61736B 
 1472      00
 1473              	.LASF75:
 1474 0530 57535F53 		.ascii	"WS_SPI_context\000"
 1474      50495F63 
 1474      6F6E7465 
 1474      787400
 1475              	.LASF45:
 1476 053f 63795F65 		.ascii	"cy_en_sar_range_detect_condition_t\000"
 1476      6E5F7361 
 1476      725F7261 
 1476      6E67655F 
 1476      64657465 
 1477              		.ident	"GCC: (GNU Tools for ARM Embedded Processors) 5.4.1 20160609 (release) [ARM/embedded-5-bran
