ARM GAS  C:\Users\ADMINI~1\AppData\Local\Temp\cc6g36EO.s 			page 1


   1              		.syntax unified
   2              		.cpu cortex-m0plus
   3              		.fpu softvfp
   4              		.eabi_attribute 20, 1
   5              		.eabi_attribute 21, 1
   6              		.eabi_attribute 23, 3
   7              		.eabi_attribute 24, 1
   8              		.eabi_attribute 25, 1
   9              		.eabi_attribute 26, 1
  10              		.eabi_attribute 30, 1
  11              		.eabi_attribute 34, 0
  12              		.eabi_attribute 18, 4
  13              		.thumb
  14              		.syntax unified
  15              		.file	"host_main.c"
  16              		.text
  17              	.Ltext0:
  18              		.cfi_sections	.debug_frame
  19              	.Letext0:
  20              		.file 1 "c:\\program files (x86)\\cypress\\psoc creator\\4.4\\psoc creator\\import\\gnu\\arm\\5.4.
  21              		.file 2 "c:\\program files (x86)\\cypress\\psoc creator\\4.4\\psoc creator\\import\\gnu\\arm\\5.4.
  22              		.file 3 "Generated_Source\\PSoC6\\pdl\\drivers/peripheral/tcpwm/cy_tcpwm_pwm.h"
  23              		.file 4 "Generated_Source\\PSoC6\\pdl\\drivers/peripheral/scb/cy_scb_spi.h"
  24              		.file 5 "Generated_Source\\PSoC6\\pdl\\drivers/peripheral/scb/cy_scb_uart.h"
  25              		.file 6 "Generated_Source\\PSoC6\\pdl\\drivers/peripheral/sar/cy_sar.h"
  26              		.file 7 "Generated_Source\\PSoC6/ADC_1.h"
  27              		.file 8 "Generated_Source\\PSoC6/UART.h"
  28              		.file 9 "Generated_Source\\PSoC6/PWM.h"
  29              		.file 10 "Generated_Source\\PSoC6/WS_SPI.h"
  30              		.section	.debug_info,"",%progbits
  31              	.Ldebug_info0:
  32 0000 41050000 		.4byte	0x541
  33 0004 0400     		.2byte	0x4
  34 0006 00000000 		.4byte	.Ldebug_abbrev0
  35 000a 04       		.byte	0x4
  36 000b 01       		.uleb128 0x1
  37 000c 24010000 		.4byte	.LASF98
  38 0010 0C       		.byte	0xc
  39 0011 12040000 		.4byte	.LASF99
  40 0015 9F000000 		.4byte	.LASF100
  41 0019 00000000 		.4byte	.Ldebug_line0
  42 001d 02       		.uleb128 0x2
  43 001e 02       		.byte	0x2
  44 001f 05       		.byte	0x5
  45 0020 8D000000 		.4byte	.LASF0
  46 0024 02       		.uleb128 0x2
  47 0025 01       		.byte	0x1
  48 0026 08       		.byte	0x8
  49 0027 8C030000 		.4byte	.LASF1
  50 002b 02       		.uleb128 0x2
  51 002c 01       		.byte	0x1
  52 002d 06       		.byte	0x6
  53 002e B2030000 		.4byte	.LASF2
  54 0032 02       		.uleb128 0x2
  55 0033 02       		.byte	0x2
  56 0034 07       		.byte	0x7
  57 0035 25040000 		.4byte	.LASF3
ARM GAS  C:\Users\ADMINI~1\AppData\Local\Temp\cc6g36EO.s 			page 2


  58 0039 02       		.uleb128 0x2
  59 003a 04       		.byte	0x4
  60 003b 05       		.byte	0x5
  61 003c 3D020000 		.4byte	.LASF4
  62 0040 03       		.uleb128 0x3
  63 0041 FD010000 		.4byte	.LASF9
  64 0045 01       		.byte	0x1
  65 0046 41       		.byte	0x41
  66 0047 4B000000 		.4byte	0x4b
  67 004b 02       		.uleb128 0x2
  68 004c 04       		.byte	0x4
  69 004d 07       		.byte	0x7
  70 004e BF040000 		.4byte	.LASF5
  71 0052 02       		.uleb128 0x2
  72 0053 08       		.byte	0x8
  73 0054 05       		.byte	0x5
  74 0055 ED020000 		.4byte	.LASF6
  75 0059 02       		.uleb128 0x2
  76 005a 08       		.byte	0x8
  77 005b 07       		.byte	0x7
  78 005c BE030000 		.4byte	.LASF7
  79 0060 04       		.uleb128 0x4
  80 0061 04       		.byte	0x4
  81 0062 05       		.byte	0x5
  82 0063 696E7400 		.ascii	"int\000"
  83 0067 02       		.uleb128 0x2
  84 0068 04       		.byte	0x4
  85 0069 07       		.byte	0x7
  86 006a DE030000 		.4byte	.LASF8
  87 006e 03       		.uleb128 0x3
  88 006f D5030000 		.4byte	.LASF10
  89 0073 02       		.byte	0x2
  90 0074 30       		.byte	0x30
  91 0075 40000000 		.4byte	0x40
  92 0079 02       		.uleb128 0x2
  93 007a 04       		.byte	0x4
  94 007b 07       		.byte	0x7
  95 007c E0000000 		.4byte	.LASF11
  96 0080 05       		.uleb128 0x5
  97 0081 6E000000 		.4byte	0x6e
  98 0085 02       		.uleb128 0x2
  99 0086 08       		.byte	0x8
 100 0087 04       		.byte	0x4
 101 0088 68030000 		.4byte	.LASF12
 102 008c 02       		.uleb128 0x2
 103 008d 01       		.byte	0x1
 104 008e 08       		.byte	0x8
 105 008f 49040000 		.4byte	.LASF13
 106 0093 02       		.uleb128 0x2
 107 0094 04       		.byte	0x4
 108 0095 04       		.byte	0x4
 109 0096 C9020000 		.4byte	.LASF14
 110 009a 02       		.uleb128 0x2
 111 009b 08       		.byte	0x8
 112 009c 04       		.byte	0x4
 113 009d D1040000 		.4byte	.LASF15
 114 00a1 06       		.uleb128 0x6
ARM GAS  C:\Users\ADMINI~1\AppData\Local\Temp\cc6g36EO.s 			page 3


 115 00a2 04       		.byte	0x4
 116 00a3 02       		.uleb128 0x2
 117 00a4 01       		.byte	0x1
 118 00a5 02       		.byte	0x2
 119 00a6 88040000 		.4byte	.LASF16
 120 00aa 07       		.uleb128 0x7
 121 00ab E5010000 		.4byte	.LASF44
 122 00af 64       		.byte	0x64
 123 00b0 03       		.byte	0x3
 124 00b1 2B       		.byte	0x2b
 125 00b2 E3010000 		.4byte	0x1e3
 126 00b6 08       		.uleb128 0x8
 127 00b7 7A050000 		.4byte	.LASF17
 128 00bb 03       		.byte	0x3
 129 00bc 2D       		.byte	0x2d
 130 00bd 6E000000 		.4byte	0x6e
 131 00c1 00       		.byte	0
 132 00c2 08       		.uleb128 0x8
 133 00c3 26000000 		.4byte	.LASF18
 134 00c7 03       		.byte	0x3
 135 00c8 2F       		.byte	0x2f
 136 00c9 6E000000 		.4byte	0x6e
 137 00cd 04       		.byte	0x4
 138 00ce 08       		.uleb128 0x8
 139 00cf 46020000 		.4byte	.LASF19
 140 00d3 03       		.byte	0x3
 141 00d4 30       		.byte	0x30
 142 00d5 6E000000 		.4byte	0x6e
 143 00d9 08       		.byte	0x8
 144 00da 08       		.uleb128 0x8
 145 00db 79040000 		.4byte	.LASF20
 146 00df 03       		.byte	0x3
 147 00e0 31       		.byte	0x31
 148 00e1 6E000000 		.4byte	0x6e
 149 00e5 0C       		.byte	0xc
 150 00e6 08       		.uleb128 0x8
 151 00e7 FB020000 		.4byte	.LASF21
 152 00eb 03       		.byte	0x3
 153 00ec 32       		.byte	0x32
 154 00ed 6E000000 		.4byte	0x6e
 155 00f1 10       		.byte	0x10
 156 00f2 08       		.uleb128 0x8
 157 00f3 97000000 		.4byte	.LASF22
 158 00f7 03       		.byte	0x3
 159 00f8 33       		.byte	0x33
 160 00f9 6E000000 		.4byte	0x6e
 161 00fd 14       		.byte	0x14
 162 00fe 08       		.uleb128 0x8
 163 00ff D5020000 		.4byte	.LASF23
 164 0103 03       		.byte	0x3
 165 0104 34       		.byte	0x34
 166 0105 6E000000 		.4byte	0x6e
 167 0109 18       		.byte	0x18
 168 010a 08       		.uleb128 0x8
 169 010b 78020000 		.4byte	.LASF24
 170 010f 03       		.byte	0x3
 171 0110 35       		.byte	0x35
ARM GAS  C:\Users\ADMINI~1\AppData\Local\Temp\cc6g36EO.s 			page 4


 172 0111 A3000000 		.4byte	0xa3
 173 0115 1C       		.byte	0x1c
 174 0116 08       		.uleb128 0x8
 175 0117 44000000 		.4byte	.LASF25
 176 011b 03       		.byte	0x3
 177 011c 36       		.byte	0x36
 178 011d 6E000000 		.4byte	0x6e
 179 0121 20       		.byte	0x20
 180 0122 08       		.uleb128 0x8
 181 0123 4D000000 		.4byte	.LASF26
 182 0127 03       		.byte	0x3
 183 0128 37       		.byte	0x37
 184 0129 6E000000 		.4byte	0x6e
 185 012d 24       		.byte	0x24
 186 012e 08       		.uleb128 0x8
 187 012f FB030000 		.4byte	.LASF27
 188 0133 03       		.byte	0x3
 189 0134 38       		.byte	0x38
 190 0135 A3000000 		.4byte	0xa3
 191 0139 28       		.byte	0x28
 192 013a 08       		.uleb128 0x8
 193 013b 9A040000 		.4byte	.LASF28
 194 013f 03       		.byte	0x3
 195 0140 3A       		.byte	0x3a
 196 0141 6E000000 		.4byte	0x6e
 197 0145 2C       		.byte	0x2c
 198 0146 08       		.uleb128 0x8
 199 0147 3D030000 		.4byte	.LASF29
 200 014b 03       		.byte	0x3
 201 014c 3B       		.byte	0x3b
 202 014d 6E000000 		.4byte	0x6e
 203 0151 30       		.byte	0x30
 204 0152 08       		.uleb128 0x8
 205 0153 E7050000 		.4byte	.LASF30
 206 0157 03       		.byte	0x3
 207 0158 3C       		.byte	0x3c
 208 0159 6E000000 		.4byte	0x6e
 209 015d 34       		.byte	0x34
 210 015e 08       		.uleb128 0x8
 211 015f 94020000 		.4byte	.LASF31
 212 0163 03       		.byte	0x3
 213 0164 3D       		.byte	0x3d
 214 0165 6E000000 		.4byte	0x6e
 215 0169 38       		.byte	0x38
 216 016a 08       		.uleb128 0x8
 217 016b D8040000 		.4byte	.LASF32
 218 016f 03       		.byte	0x3
 219 0170 3E       		.byte	0x3e
 220 0171 6E000000 		.4byte	0x6e
 221 0175 3C       		.byte	0x3c
 222 0176 08       		.uleb128 0x8
 223 0177 5E030000 		.4byte	.LASF33
 224 017b 03       		.byte	0x3
 225 017c 40       		.byte	0x40
 226 017d 6E000000 		.4byte	0x6e
 227 0181 40       		.byte	0x40
 228 0182 08       		.uleb128 0x8
ARM GAS  C:\Users\ADMINI~1\AppData\Local\Temp\cc6g36EO.s 			page 5


 229 0183 DD020000 		.4byte	.LASF34
 230 0187 03       		.byte	0x3
 231 0188 41       		.byte	0x41
 232 0189 6E000000 		.4byte	0x6e
 233 018d 44       		.byte	0x44
 234 018e 08       		.uleb128 0x8
 235 018f 00000000 		.4byte	.LASF35
 236 0193 03       		.byte	0x3
 237 0194 43       		.byte	0x43
 238 0195 6E000000 		.4byte	0x6e
 239 0199 48       		.byte	0x48
 240 019a 08       		.uleb128 0x8
 241 019b 74030000 		.4byte	.LASF36
 242 019f 03       		.byte	0x3
 243 01a0 44       		.byte	0x44
 244 01a1 6E000000 		.4byte	0x6e
 245 01a5 4C       		.byte	0x4c
 246 01a6 08       		.uleb128 0x8
 247 01a7 F4040000 		.4byte	.LASF37
 248 01ab 03       		.byte	0x3
 249 01ac 46       		.byte	0x46
 250 01ad 6E000000 		.4byte	0x6e
 251 01b1 50       		.byte	0x50
 252 01b2 08       		.uleb128 0x8
 253 01b3 A4030000 		.4byte	.LASF38
 254 01b7 03       		.byte	0x3
 255 01b8 47       		.byte	0x47
 256 01b9 6E000000 		.4byte	0x6e
 257 01bd 54       		.byte	0x54
 258 01be 08       		.uleb128 0x8
 259 01bf 5D020000 		.4byte	.LASF39
 260 01c3 03       		.byte	0x3
 261 01c4 49       		.byte	0x49
 262 01c5 6E000000 		.4byte	0x6e
 263 01c9 58       		.byte	0x58
 264 01ca 08       		.uleb128 0x8
 265 01cb 35000000 		.4byte	.LASF40
 266 01cf 03       		.byte	0x3
 267 01d0 4A       		.byte	0x4a
 268 01d1 6E000000 		.4byte	0x6e
 269 01d5 5C       		.byte	0x5c
 270 01d6 08       		.uleb128 0x8
 271 01d7 9C050000 		.4byte	.LASF41
 272 01db 03       		.byte	0x3
 273 01dc 4C       		.byte	0x4c
 274 01dd 6E000000 		.4byte	0x6e
 275 01e1 60       		.byte	0x60
 276 01e2 00       		.byte	0
 277 01e3 03       		.uleb128 0x3
 278 01e4 03030000 		.4byte	.LASF42
 279 01e8 03       		.byte	0x3
 280 01e9 4D       		.byte	0x4d
 281 01ea AA000000 		.4byte	0xaa
 282 01ee 09       		.uleb128 0x9
 283 01ef 04       		.byte	0x4
 284 01f0 F4010000 		.4byte	0x1f4
 285 01f4 0A       		.uleb128 0xa
ARM GAS  C:\Users\ADMINI~1\AppData\Local\Temp\cc6g36EO.s 			page 6


 286 01f5 FF010000 		.4byte	0x1ff
 287 01f9 0B       		.uleb128 0xb
 288 01fa 6E000000 		.4byte	0x6e
 289 01fe 00       		.byte	0
 290 01ff 0C       		.uleb128 0xc
 291 0200 9D020000 		.4byte	.LASF43
 292 0204 04       		.byte	0x4
 293 0205 BF01     		.2byte	0x1bf
 294 0207 EE010000 		.4byte	0x1ee
 295 020b 0D       		.uleb128 0xd
 296 020c B8050000 		.4byte	.LASF45
 297 0210 24       		.byte	0x24
 298 0211 04       		.byte	0x4
 299 0212 4102     		.2byte	0x241
 300 0214 8E020000 		.4byte	0x28e
 301 0218 0E       		.uleb128 0xe
 302 0219 1E040000 		.4byte	.LASF46
 303 021d 04       		.byte	0x4
 304 021e 4402     		.2byte	0x244
 305 0220 80000000 		.4byte	0x80
 306 0224 00       		.byte	0
 307 0225 0E       		.uleb128 0xe
 308 0226 38040000 		.4byte	.LASF47
 309 022a 04       		.byte	0x4
 310 022b 4602     		.2byte	0x246
 311 022d A1000000 		.4byte	0xa1
 312 0231 04       		.byte	0x4
 313 0232 0E       		.uleb128 0xe
 314 0233 56000000 		.4byte	.LASF48
 315 0237 04       		.byte	0x4
 316 0238 4702     		.2byte	0x247
 317 023a 6E000000 		.4byte	0x6e
 318 023e 08       		.byte	0x8
 319 023f 0E       		.uleb128 0xe
 320 0240 34020000 		.4byte	.LASF49
 321 0244 04       		.byte	0x4
 322 0245 4802     		.2byte	0x248
 323 0247 80000000 		.4byte	0x80
 324 024b 0C       		.byte	0xc
 325 024c 0E       		.uleb128 0xe
 326 024d CF020000 		.4byte	.LASF50
 327 0251 04       		.byte	0x4
 328 0252 4A02     		.2byte	0x24a
 329 0254 A1000000 		.4byte	0xa1
 330 0258 10       		.byte	0x10
 331 0259 0E       		.uleb128 0xe
 332 025a 1D030000 		.4byte	.LASF51
 333 025e 04       		.byte	0x4
 334 025f 4B02     		.2byte	0x24b
 335 0261 6E000000 		.4byte	0x6e
 336 0265 14       		.byte	0x14
 337 0266 0E       		.uleb128 0xe
 338 0267 34030000 		.4byte	.LASF52
 339 026b 04       		.byte	0x4
 340 026c 4C02     		.2byte	0x24c
 341 026e 80000000 		.4byte	0x80
 342 0272 18       		.byte	0x18
ARM GAS  C:\Users\ADMINI~1\AppData\Local\Temp\cc6g36EO.s 			page 7


 343 0273 0E       		.uleb128 0xe
 344 0274 58040000 		.4byte	.LASF53
 345 0278 04       		.byte	0x4
 346 0279 5202     		.2byte	0x252
 347 027b FF010000 		.4byte	0x1ff
 348 027f 1C       		.byte	0x1c
 349 0280 0E       		.uleb128 0xe
 350 0281 18050000 		.4byte	.LASF54
 351 0285 04       		.byte	0x4
 352 0286 5502     		.2byte	0x255
 353 0288 6E000000 		.4byte	0x6e
 354 028c 20       		.byte	0x20
 355 028d 00       		.byte	0
 356 028e 0C       		.uleb128 0xc
 357 028f B6010000 		.4byte	.LASF55
 358 0293 04       		.byte	0x4
 359 0294 5802     		.2byte	0x258
 360 0296 0B020000 		.4byte	0x20b
 361 029a 0C       		.uleb128 0xc
 362 029b 60000000 		.4byte	.LASF56
 363 029f 05       		.byte	0x5
 364 02a0 AB01     		.2byte	0x1ab
 365 02a2 EE010000 		.4byte	0x1ee
 366 02a6 0D       		.uleb128 0xd
 367 02a7 00010000 		.4byte	.LASF57
 368 02ab 38       		.byte	0x38
 369 02ac 05       		.byte	0x5
 370 02ad 4702     		.2byte	0x247
 371 02af 6A030000 		.4byte	0x36a
 372 02b3 0E       		.uleb128 0xe
 373 02b4 08020000 		.4byte	.LASF58
 374 02b8 05       		.byte	0x5
 375 02b9 4A02     		.2byte	0x24a
 376 02bb 80000000 		.4byte	0x80
 377 02bf 00       		.byte	0
 378 02c0 0E       		.uleb128 0xe
 379 02c1 83030000 		.4byte	.LASF59
 380 02c5 05       		.byte	0x5
 381 02c6 4B02     		.2byte	0x24b
 382 02c8 80000000 		.4byte	0x80
 383 02cc 04       		.byte	0x4
 384 02cd 0E       		.uleb128 0xe
 385 02ce 9A030000 		.4byte	.LASF60
 386 02d2 05       		.byte	0x5
 387 02d3 4D02     		.2byte	0x24d
 388 02d5 A1000000 		.4byte	0xa1
 389 02d9 08       		.byte	0x8
 390 02da 0E       		.uleb128 0xe
 391 02db 7F000000 		.4byte	.LASF61
 392 02df 05       		.byte	0x5
 393 02e0 4E02     		.2byte	0x24e
 394 02e2 6E000000 		.4byte	0x6e
 395 02e6 0C       		.byte	0xc
 396 02e7 0E       		.uleb128 0xe
 397 02e8 E6040000 		.4byte	.LASF62
 398 02ec 05       		.byte	0x5
 399 02ed 4F02     		.2byte	0x24f
ARM GAS  C:\Users\ADMINI~1\AppData\Local\Temp\cc6g36EO.s 			page 8


 400 02ef 80000000 		.4byte	0x80
 401 02f3 10       		.byte	0x10
 402 02f4 0E       		.uleb128 0xe
 403 02f5 59050000 		.4byte	.LASF63
 404 02f9 05       		.byte	0x5
 405 02fa 5002     		.2byte	0x250
 406 02fc 80000000 		.4byte	0x80
 407 0300 14       		.byte	0x14
 408 0301 0E       		.uleb128 0xe
 409 0302 38040000 		.4byte	.LASF47
 410 0306 05       		.byte	0x5
 411 0307 5202     		.2byte	0x252
 412 0309 A1000000 		.4byte	0xa1
 413 030d 18       		.byte	0x18
 414 030e 0E       		.uleb128 0xe
 415 030f 56000000 		.4byte	.LASF48
 416 0313 05       		.byte	0x5
 417 0314 5302     		.2byte	0x253
 418 0316 6E000000 		.4byte	0x6e
 419 031a 1C       		.byte	0x1c
 420 031b 0E       		.uleb128 0xe
 421 031c 34020000 		.4byte	.LASF49
 422 0320 05       		.byte	0x5
 423 0321 5402     		.2byte	0x254
 424 0323 80000000 		.4byte	0x80
 425 0327 20       		.byte	0x20
 426 0328 0E       		.uleb128 0xe
 427 0329 CF020000 		.4byte	.LASF50
 428 032d 05       		.byte	0x5
 429 032e 5602     		.2byte	0x256
 430 0330 A1000000 		.4byte	0xa1
 431 0334 24       		.byte	0x24
 432 0335 0E       		.uleb128 0xe
 433 0336 1D030000 		.4byte	.LASF51
 434 033a 05       		.byte	0x5
 435 033b 5702     		.2byte	0x257
 436 033d 6E000000 		.4byte	0x6e
 437 0341 28       		.byte	0x28
 438 0342 0E       		.uleb128 0xe
 439 0343 A7050000 		.4byte	.LASF64
 440 0347 05       		.byte	0x5
 441 0348 5802     		.2byte	0x258
 442 034a 80000000 		.4byte	0x80
 443 034e 2C       		.byte	0x2c
 444 034f 0E       		.uleb128 0xe
 445 0350 58040000 		.4byte	.LASF53
 446 0354 05       		.byte	0x5
 447 0355 5D02     		.2byte	0x25d
 448 0357 9A020000 		.4byte	0x29a
 449 035b 30       		.byte	0x30
 450 035c 0E       		.uleb128 0xe
 451 035d 18050000 		.4byte	.LASF54
 452 0361 05       		.byte	0x5
 453 0362 6002     		.2byte	0x260
 454 0364 6E000000 		.4byte	0x6e
 455 0368 34       		.byte	0x34
 456 0369 00       		.byte	0
ARM GAS  C:\Users\ADMINI~1\AppData\Local\Temp\cc6g36EO.s 			page 9


 457 036a 0C       		.uleb128 0xc
 458 036b 3F050000 		.4byte	.LASF65
 459 036f 05       		.byte	0x5
 460 0370 6302     		.2byte	0x263
 461 0372 A6020000 		.4byte	0x2a6
 462 0376 0F       		.uleb128 0xf
 463 0377 01       		.byte	0x1
 464 0378 24000000 		.4byte	0x24
 465 037c 06       		.byte	0x6
 466 037d 0504     		.2byte	0x405
 467 037f 9C030000 		.4byte	0x39c
 468 0383 10       		.uleb128 0x10
 469 0384 CF050000 		.4byte	.LASF66
 470 0388 00       		.byte	0
 471 0389 10       		.uleb128 0x10
 472 038a FF040000 		.4byte	.LASF67
 473 038e 01       		.byte	0x1
 474 038f 10       		.uleb128 0x10
 475 0390 61040000 		.4byte	.LASF68
 476 0394 02       		.byte	0x2
 477 0395 10       		.uleb128 0x10
 478 0396 0C000000 		.4byte	.LASF69
 479 039a 03       		.byte	0x3
 480 039b 00       		.byte	0
 481 039c 0C       		.uleb128 0xc
 482 039d 11020000 		.4byte	.LASF70
 483 03a1 06       		.byte	0x6
 484 03a2 0A04     		.2byte	0x40a
 485 03a4 76030000 		.4byte	0x376
 486 03a8 11       		.uleb128 0x11
 487 03a9 78       		.byte	0x78
 488 03aa 06       		.byte	0x6
 489 03ab F404     		.2byte	0x4f4
 490 03ad 75040000 		.4byte	0x475
 491 03b1 0E       		.uleb128 0xe
 492 03b2 0D040000 		.4byte	.LASF71
 493 03b6 06       		.byte	0x6
 494 03b7 F604     		.2byte	0x4f6
 495 03b9 6E000000 		.4byte	0x6e
 496 03bd 00       		.byte	0
 497 03be 0E       		.uleb128 0xe
 498 03bf F5000000 		.4byte	.LASF72
 499 03c3 06       		.byte	0x6
 500 03c4 F704     		.2byte	0x4f7
 501 03c6 6E000000 		.4byte	0x6e
 502 03ca 04       		.byte	0x4
 503 03cb 0E       		.uleb128 0xe
 504 03cc 27030000 		.4byte	.LASF73
 505 03d0 06       		.byte	0x6
 506 03d1 F804     		.2byte	0x4f8
 507 03d3 6E000000 		.4byte	0x6e
 508 03d7 08       		.byte	0x8
 509 03d8 0E       		.uleb128 0xe
 510 03d9 8F050000 		.4byte	.LASF74
 511 03dd 06       		.byte	0x6
 512 03de F904     		.2byte	0x4f9
 513 03e0 6E000000 		.4byte	0x6e
ARM GAS  C:\Users\ADMINI~1\AppData\Local\Temp\cc6g36EO.s 			page 10


 514 03e4 0C       		.byte	0xc
 515 03e5 0E       		.uleb128 0xe
 516 03e6 DA010000 		.4byte	.LASF75
 517 03ea 06       		.byte	0x6
 518 03eb FA04     		.2byte	0x4fa
 519 03ed 6E000000 		.4byte	0x6e
 520 03f1 10       		.byte	0x10
 521 03f2 0E       		.uleb128 0xe
 522 03f3 53020000 		.4byte	.LASF76
 523 03f7 06       		.byte	0x6
 524 03f8 FB04     		.2byte	0x4fb
 525 03fa 9C030000 		.4byte	0x39c
 526 03fe 14       		.byte	0x14
 527 03ff 0E       		.uleb128 0xe
 528 0400 67050000 		.4byte	.LASF77
 529 0404 06       		.byte	0x6
 530 0405 FC04     		.2byte	0x4fc
 531 0407 6E000000 		.4byte	0x6e
 532 040b 18       		.byte	0x18
 533 040c 0E       		.uleb128 0xe
 534 040d 20050000 		.4byte	.LASF78
 535 0411 06       		.byte	0x6
 536 0412 FD04     		.2byte	0x4fd
 537 0414 75040000 		.4byte	0x475
 538 0418 1C       		.byte	0x1c
 539 0419 0E       		.uleb128 0xe
 540 041a F5050000 		.4byte	.LASF79
 541 041e 06       		.byte	0x6
 542 041f FE04     		.2byte	0x4fe
 543 0421 6E000000 		.4byte	0x6e
 544 0425 5C       		.byte	0x5c
 545 0426 0E       		.uleb128 0xe
 546 0427 E9000000 		.4byte	.LASF80
 547 042b 06       		.byte	0x6
 548 042c FF04     		.2byte	0x4ff
 549 042e 6E000000 		.4byte	0x6e
 550 0432 60       		.byte	0x60
 551 0433 0E       		.uleb128 0xe
 552 0434 FE050000 		.4byte	.LASF81
 553 0438 06       		.byte	0x6
 554 0439 0005     		.2byte	0x500
 555 043b 6E000000 		.4byte	0x6e
 556 043f 64       		.byte	0x64
 557 0440 0E       		.uleb128 0xe
 558 0441 4E040000 		.4byte	.LASF82
 559 0445 06       		.byte	0x6
 560 0446 0105     		.2byte	0x501
 561 0448 6E000000 		.4byte	0x6e
 562 044c 68       		.byte	0x68
 563 044d 0E       		.uleb128 0xe
 564 044e EB030000 		.4byte	.LASF83
 565 0452 06       		.byte	0x6
 566 0453 0205     		.2byte	0x502
 567 0455 6E000000 		.4byte	0x6e
 568 0459 6C       		.byte	0x6c
 569 045a 0E       		.uleb128 0xe
 570 045b BB020000 		.4byte	.LASF84
ARM GAS  C:\Users\ADMINI~1\AppData\Local\Temp\cc6g36EO.s 			page 11


 571 045f 06       		.byte	0x6
 572 0460 0305     		.2byte	0x503
 573 0462 A3000000 		.4byte	0xa3
 574 0466 70       		.byte	0x70
 575 0467 0E       		.uleb128 0xe
 576 0468 18010000 		.4byte	.LASF85
 577 046c 06       		.byte	0x6
 578 046d 0405     		.2byte	0x504
 579 046f 6E000000 		.4byte	0x6e
 580 0473 74       		.byte	0x74
 581 0474 00       		.byte	0
 582 0475 12       		.uleb128 0x12
 583 0476 6E000000 		.4byte	0x6e
 584 047a 85040000 		.4byte	0x485
 585 047e 13       		.uleb128 0x13
 586 047f 79000000 		.4byte	0x79
 587 0483 0F       		.byte	0xf
 588 0484 00       		.byte	0
 589 0485 0C       		.uleb128 0xc
 590 0486 2B050000 		.4byte	.LASF86
 591 048a 06       		.byte	0x6
 592 048b 0505     		.2byte	0x505
 593 048d A8030000 		.4byte	0x3a8
 594 0491 14       		.uleb128 0x14
 595 0492 14       		.byte	0x14
 596 0493 07       		.byte	0x7
 597 0494 3B       		.byte	0x3b
 598 0495 D6040000 		.4byte	0x4d6
 599 0499 08       		.uleb128 0x8
 600 049a 1B060000 		.4byte	.LASF87
 601 049e 07       		.byte	0x7
 602 049f 3D       		.byte	0x3d
 603 04a0 6E000000 		.4byte	0x6e
 604 04a4 00       		.byte	0
 605 04a5 08       		.uleb128 0x8
 606 04a6 6E050000 		.4byte	.LASF88
 607 04aa 07       		.byte	0x7
 608 04ab 3E       		.byte	0x3e
 609 04ac 6E000000 		.4byte	0x6e
 610 04b0 04       		.byte	0x4
 611 04b1 08       		.uleb128 0x8
 612 04b2 8E040000 		.4byte	.LASF89
 613 04b6 07       		.byte	0x7
 614 04b7 3F       		.byte	0x3f
 615 04b8 D6040000 		.4byte	0x4d6
 616 04bc 08       		.byte	0x8
 617 04bd 08       		.uleb128 0x8
 618 04be 3E040000 		.4byte	.LASF90
 619 04c2 07       		.byte	0x7
 620 04c3 40       		.byte	0x40
 621 04c4 6E000000 		.4byte	0x6e
 622 04c8 0C       		.byte	0xc
 623 04c9 08       		.uleb128 0x8
 624 04ca 89020000 		.4byte	.LASF91
 625 04ce 07       		.byte	0x7
 626 04cf 45       		.byte	0x45
 627 04d0 6E000000 		.4byte	0x6e
ARM GAS  C:\Users\ADMINI~1\AppData\Local\Temp\cc6g36EO.s 			page 12


 628 04d4 10       		.byte	0x10
 629 04d5 00       		.byte	0
 630 04d6 09       		.uleb128 0x9
 631 04d7 04       		.byte	0x4
 632 04d8 DC040000 		.4byte	0x4dc
 633 04dc 15       		.uleb128 0x15
 634 04dd 85040000 		.4byte	0x485
 635 04e1 03       		.uleb128 0x3
 636 04e2 AB040000 		.4byte	.LASF92
 637 04e6 07       		.byte	0x7
 638 04e7 48       		.byte	0x48
 639 04e8 91040000 		.4byte	0x491
 640 04ec 16       		.uleb128 0x16
 641 04ed 82050000 		.4byte	.LASF93
 642 04f1 08       		.byte	0x8
 643 04f2 87       		.byte	0x87
 644 04f3 6A030000 		.4byte	0x36a
 645 04f7 16       		.uleb128 0x16
 646 04f8 CF010000 		.4byte	.LASF94
 647 04fc 09       		.byte	0x9
 648 04fd 1F       		.byte	0x1f
 649 04fe 02050000 		.4byte	0x502
 650 0502 15       		.uleb128 0x15
 651 0503 E3010000 		.4byte	0x1e3
 652 0507 16       		.uleb128 0x16
 653 0508 0C060000 		.4byte	.LASF95
 654 050c 0A       		.byte	0xa
 655 050d 5E       		.byte	0x5e
 656 050e 8E020000 		.4byte	0x28e
 657 0512 17       		.uleb128 0x17
 658 0513 4A030000 		.4byte	.LASF96
 659 0517 07       		.byte	0x7
 660 0518 6001     		.2byte	0x160
 661 051a 6E000000 		.4byte	0x6e
 662 051e 12       		.uleb128 0x12
 663 051f 2E050000 		.4byte	0x52e
 664 0523 2E050000 		.4byte	0x52e
 665 0527 13       		.uleb128 0x13
 666 0528 79000000 		.4byte	0x79
 667 052c 00       		.byte	0
 668 052d 00       		.byte	0
 669 052e 15       		.uleb128 0x15
 670 052f E1040000 		.4byte	0x4e1
 671 0533 17       		.uleb128 0x17
 672 0534 67020000 		.4byte	.LASF97
 673 0538 07       		.byte	0x7
 674 0539 6401     		.2byte	0x164
 675 053b 3F050000 		.4byte	0x53f
 676 053f 15       		.uleb128 0x15
 677 0540 1E050000 		.4byte	0x51e
 678 0544 00       		.byte	0
 679              		.section	.debug_abbrev,"",%progbits
 680              	.Ldebug_abbrev0:
 681 0000 01       		.uleb128 0x1
 682 0001 11       		.uleb128 0x11
 683 0002 01       		.byte	0x1
 684 0003 25       		.uleb128 0x25
ARM GAS  C:\Users\ADMINI~1\AppData\Local\Temp\cc6g36EO.s 			page 13


 685 0004 0E       		.uleb128 0xe
 686 0005 13       		.uleb128 0x13
 687 0006 0B       		.uleb128 0xb
 688 0007 03       		.uleb128 0x3
 689 0008 0E       		.uleb128 0xe
 690 0009 1B       		.uleb128 0x1b
 691 000a 0E       		.uleb128 0xe
 692 000b 10       		.uleb128 0x10
 693 000c 17       		.uleb128 0x17
 694 000d 00       		.byte	0
 695 000e 00       		.byte	0
 696 000f 02       		.uleb128 0x2
 697 0010 24       		.uleb128 0x24
 698 0011 00       		.byte	0
 699 0012 0B       		.uleb128 0xb
 700 0013 0B       		.uleb128 0xb
 701 0014 3E       		.uleb128 0x3e
 702 0015 0B       		.uleb128 0xb
 703 0016 03       		.uleb128 0x3
 704 0017 0E       		.uleb128 0xe
 705 0018 00       		.byte	0
 706 0019 00       		.byte	0
 707 001a 03       		.uleb128 0x3
 708 001b 16       		.uleb128 0x16
 709 001c 00       		.byte	0
 710 001d 03       		.uleb128 0x3
 711 001e 0E       		.uleb128 0xe
 712 001f 3A       		.uleb128 0x3a
 713 0020 0B       		.uleb128 0xb
 714 0021 3B       		.uleb128 0x3b
 715 0022 0B       		.uleb128 0xb
 716 0023 49       		.uleb128 0x49
 717 0024 13       		.uleb128 0x13
 718 0025 00       		.byte	0
 719 0026 00       		.byte	0
 720 0027 04       		.uleb128 0x4
 721 0028 24       		.uleb128 0x24
 722 0029 00       		.byte	0
 723 002a 0B       		.uleb128 0xb
 724 002b 0B       		.uleb128 0xb
 725 002c 3E       		.uleb128 0x3e
 726 002d 0B       		.uleb128 0xb
 727 002e 03       		.uleb128 0x3
 728 002f 08       		.uleb128 0x8
 729 0030 00       		.byte	0
 730 0031 00       		.byte	0
 731 0032 05       		.uleb128 0x5
 732 0033 35       		.uleb128 0x35
 733 0034 00       		.byte	0
 734 0035 49       		.uleb128 0x49
 735 0036 13       		.uleb128 0x13
 736 0037 00       		.byte	0
 737 0038 00       		.byte	0
 738 0039 06       		.uleb128 0x6
 739 003a 0F       		.uleb128 0xf
 740 003b 00       		.byte	0
 741 003c 0B       		.uleb128 0xb
ARM GAS  C:\Users\ADMINI~1\AppData\Local\Temp\cc6g36EO.s 			page 14


 742 003d 0B       		.uleb128 0xb
 743 003e 00       		.byte	0
 744 003f 00       		.byte	0
 745 0040 07       		.uleb128 0x7
 746 0041 13       		.uleb128 0x13
 747 0042 01       		.byte	0x1
 748 0043 03       		.uleb128 0x3
 749 0044 0E       		.uleb128 0xe
 750 0045 0B       		.uleb128 0xb
 751 0046 0B       		.uleb128 0xb
 752 0047 3A       		.uleb128 0x3a
 753 0048 0B       		.uleb128 0xb
 754 0049 3B       		.uleb128 0x3b
 755 004a 0B       		.uleb128 0xb
 756 004b 01       		.uleb128 0x1
 757 004c 13       		.uleb128 0x13
 758 004d 00       		.byte	0
 759 004e 00       		.byte	0
 760 004f 08       		.uleb128 0x8
 761 0050 0D       		.uleb128 0xd
 762 0051 00       		.byte	0
 763 0052 03       		.uleb128 0x3
 764 0053 0E       		.uleb128 0xe
 765 0054 3A       		.uleb128 0x3a
 766 0055 0B       		.uleb128 0xb
 767 0056 3B       		.uleb128 0x3b
 768 0057 0B       		.uleb128 0xb
 769 0058 49       		.uleb128 0x49
 770 0059 13       		.uleb128 0x13
 771 005a 38       		.uleb128 0x38
 772 005b 0B       		.uleb128 0xb
 773 005c 00       		.byte	0
 774 005d 00       		.byte	0
 775 005e 09       		.uleb128 0x9
 776 005f 0F       		.uleb128 0xf
 777 0060 00       		.byte	0
 778 0061 0B       		.uleb128 0xb
 779 0062 0B       		.uleb128 0xb
 780 0063 49       		.uleb128 0x49
 781 0064 13       		.uleb128 0x13
 782 0065 00       		.byte	0
 783 0066 00       		.byte	0
 784 0067 0A       		.uleb128 0xa
 785 0068 15       		.uleb128 0x15
 786 0069 01       		.byte	0x1
 787 006a 27       		.uleb128 0x27
 788 006b 19       		.uleb128 0x19
 789 006c 01       		.uleb128 0x1
 790 006d 13       		.uleb128 0x13
 791 006e 00       		.byte	0
 792 006f 00       		.byte	0
 793 0070 0B       		.uleb128 0xb
 794 0071 05       		.uleb128 0x5
 795 0072 00       		.byte	0
 796 0073 49       		.uleb128 0x49
 797 0074 13       		.uleb128 0x13
 798 0075 00       		.byte	0
ARM GAS  C:\Users\ADMINI~1\AppData\Local\Temp\cc6g36EO.s 			page 15


 799 0076 00       		.byte	0
 800 0077 0C       		.uleb128 0xc
 801 0078 16       		.uleb128 0x16
 802 0079 00       		.byte	0
 803 007a 03       		.uleb128 0x3
 804 007b 0E       		.uleb128 0xe
 805 007c 3A       		.uleb128 0x3a
 806 007d 0B       		.uleb128 0xb
 807 007e 3B       		.uleb128 0x3b
 808 007f 05       		.uleb128 0x5
 809 0080 49       		.uleb128 0x49
 810 0081 13       		.uleb128 0x13
 811 0082 00       		.byte	0
 812 0083 00       		.byte	0
 813 0084 0D       		.uleb128 0xd
 814 0085 13       		.uleb128 0x13
 815 0086 01       		.byte	0x1
 816 0087 03       		.uleb128 0x3
 817 0088 0E       		.uleb128 0xe
 818 0089 0B       		.uleb128 0xb
 819 008a 0B       		.uleb128 0xb
 820 008b 3A       		.uleb128 0x3a
 821 008c 0B       		.uleb128 0xb
 822 008d 3B       		.uleb128 0x3b
 823 008e 05       		.uleb128 0x5
 824 008f 01       		.uleb128 0x1
 825 0090 13       		.uleb128 0x13
 826 0091 00       		.byte	0
 827 0092 00       		.byte	0
 828 0093 0E       		.uleb128 0xe
 829 0094 0D       		.uleb128 0xd
 830 0095 00       		.byte	0
 831 0096 03       		.uleb128 0x3
 832 0097 0E       		.uleb128 0xe
 833 0098 3A       		.uleb128 0x3a
 834 0099 0B       		.uleb128 0xb
 835 009a 3B       		.uleb128 0x3b
 836 009b 05       		.uleb128 0x5
 837 009c 49       		.uleb128 0x49
 838 009d 13       		.uleb128 0x13
 839 009e 38       		.uleb128 0x38
 840 009f 0B       		.uleb128 0xb
 841 00a0 00       		.byte	0
 842 00a1 00       		.byte	0
 843 00a2 0F       		.uleb128 0xf
 844 00a3 04       		.uleb128 0x4
 845 00a4 01       		.byte	0x1
 846 00a5 0B       		.uleb128 0xb
 847 00a6 0B       		.uleb128 0xb
 848 00a7 49       		.uleb128 0x49
 849 00a8 13       		.uleb128 0x13
 850 00a9 3A       		.uleb128 0x3a
 851 00aa 0B       		.uleb128 0xb
 852 00ab 3B       		.uleb128 0x3b
 853 00ac 05       		.uleb128 0x5
 854 00ad 01       		.uleb128 0x1
 855 00ae 13       		.uleb128 0x13
ARM GAS  C:\Users\ADMINI~1\AppData\Local\Temp\cc6g36EO.s 			page 16


 856 00af 00       		.byte	0
 857 00b0 00       		.byte	0
 858 00b1 10       		.uleb128 0x10
 859 00b2 28       		.uleb128 0x28
 860 00b3 00       		.byte	0
 861 00b4 03       		.uleb128 0x3
 862 00b5 0E       		.uleb128 0xe
 863 00b6 1C       		.uleb128 0x1c
 864 00b7 0B       		.uleb128 0xb
 865 00b8 00       		.byte	0
 866 00b9 00       		.byte	0
 867 00ba 11       		.uleb128 0x11
 868 00bb 13       		.uleb128 0x13
 869 00bc 01       		.byte	0x1
 870 00bd 0B       		.uleb128 0xb
 871 00be 0B       		.uleb128 0xb
 872 00bf 3A       		.uleb128 0x3a
 873 00c0 0B       		.uleb128 0xb
 874 00c1 3B       		.uleb128 0x3b
 875 00c2 05       		.uleb128 0x5
 876 00c3 01       		.uleb128 0x1
 877 00c4 13       		.uleb128 0x13
 878 00c5 00       		.byte	0
 879 00c6 00       		.byte	0
 880 00c7 12       		.uleb128 0x12
 881 00c8 01       		.uleb128 0x1
 882 00c9 01       		.byte	0x1
 883 00ca 49       		.uleb128 0x49
 884 00cb 13       		.uleb128 0x13
 885 00cc 01       		.uleb128 0x1
 886 00cd 13       		.uleb128 0x13
 887 00ce 00       		.byte	0
 888 00cf 00       		.byte	0
 889 00d0 13       		.uleb128 0x13
 890 00d1 21       		.uleb128 0x21
 891 00d2 00       		.byte	0
 892 00d3 49       		.uleb128 0x49
 893 00d4 13       		.uleb128 0x13
 894 00d5 2F       		.uleb128 0x2f
 895 00d6 0B       		.uleb128 0xb
 896 00d7 00       		.byte	0
 897 00d8 00       		.byte	0
 898 00d9 14       		.uleb128 0x14
 899 00da 13       		.uleb128 0x13
 900 00db 01       		.byte	0x1
 901 00dc 0B       		.uleb128 0xb
 902 00dd 0B       		.uleb128 0xb
 903 00de 3A       		.uleb128 0x3a
 904 00df 0B       		.uleb128 0xb
 905 00e0 3B       		.uleb128 0x3b
 906 00e1 0B       		.uleb128 0xb
 907 00e2 01       		.uleb128 0x1
 908 00e3 13       		.uleb128 0x13
 909 00e4 00       		.byte	0
 910 00e5 00       		.byte	0
 911 00e6 15       		.uleb128 0x15
 912 00e7 26       		.uleb128 0x26
ARM GAS  C:\Users\ADMINI~1\AppData\Local\Temp\cc6g36EO.s 			page 17


 913 00e8 00       		.byte	0
 914 00e9 49       		.uleb128 0x49
 915 00ea 13       		.uleb128 0x13
 916 00eb 00       		.byte	0
 917 00ec 00       		.byte	0
 918 00ed 16       		.uleb128 0x16
 919 00ee 34       		.uleb128 0x34
 920 00ef 00       		.byte	0
 921 00f0 03       		.uleb128 0x3
 922 00f1 0E       		.uleb128 0xe
 923 00f2 3A       		.uleb128 0x3a
 924 00f3 0B       		.uleb128 0xb
 925 00f4 3B       		.uleb128 0x3b
 926 00f5 0B       		.uleb128 0xb
 927 00f6 49       		.uleb128 0x49
 928 00f7 13       		.uleb128 0x13
 929 00f8 3F       		.uleb128 0x3f
 930 00f9 19       		.uleb128 0x19
 931 00fa 3C       		.uleb128 0x3c
 932 00fb 19       		.uleb128 0x19
 933 00fc 00       		.byte	0
 934 00fd 00       		.byte	0
 935 00fe 17       		.uleb128 0x17
 936 00ff 34       		.uleb128 0x34
 937 0100 00       		.byte	0
 938 0101 03       		.uleb128 0x3
 939 0102 0E       		.uleb128 0xe
 940 0103 3A       		.uleb128 0x3a
 941 0104 0B       		.uleb128 0xb
 942 0105 3B       		.uleb128 0x3b
 943 0106 05       		.uleb128 0x5
 944 0107 49       		.uleb128 0x49
 945 0108 13       		.uleb128 0x13
 946 0109 3F       		.uleb128 0x3f
 947 010a 19       		.uleb128 0x19
 948 010b 3C       		.uleb128 0x3c
 949 010c 19       		.uleb128 0x19
 950 010d 00       		.byte	0
 951 010e 00       		.byte	0
 952 010f 00       		.byte	0
 953              		.section	.debug_aranges,"",%progbits
 954 0000 14000000 		.4byte	0x14
 955 0004 0200     		.2byte	0x2
 956 0006 00000000 		.4byte	.Ldebug_info0
 957 000a 04       		.byte	0x4
 958 000b 00       		.byte	0
 959 000c 0000     		.2byte	0
 960 000e 0000     		.2byte	0
 961 0010 00000000 		.4byte	0
 962 0014 00000000 		.4byte	0
 963              		.section	.debug_line,"",%progbits
 964              	.Ldebug_line0:
 965 0000 2E020000 		.section	.debug_str,"MS",%progbits,1
 965      02002802 
 965      00000201 
 965      FB0E0D00 
 965      01010101 
ARM GAS  C:\Users\ADMINI~1\AppData\Local\Temp\cc6g36EO.s 			page 18


 966              	.LASF35:
 967 0000 72656C6F 		.ascii	"reloadInput\000"
 967      6164496E 
 967      70757400 
 968              	.LASF69:
 969 000c 43595F53 		.ascii	"CY_SAR_RANGE_COND_OUTSIDE\000"
 969      41525F52 
 969      414E4745 
 969      5F434F4E 
 969      445F4F55 
 970              	.LASF18:
 971 0026 636C6F63 		.ascii	"clockPrescaler\000"
 971      6B507265 
 971      7363616C 
 971      657200
 972              	.LASF40:
 973 0035 636F756E 		.ascii	"countInputMode\000"
 973      74496E70 
 973      75744D6F 
 973      646500
 974              	.LASF25:
 975 0044 636F6D70 		.ascii	"compare0\000"
 975      61726530 
 975      00
 976              	.LASF26:
 977 004d 636F6D70 		.ascii	"compare1\000"
 977      61726531 
 977      00
 978              	.LASF48:
 979 0056 72784275 		.ascii	"rxBufSize\000"
 979      6653697A 
 979      6500
 980              	.LASF56:
 981 0060 63795F63 		.ascii	"cy_cb_scb_uart_handle_events_t\000"
 981      625F7363 
 981      625F7561 
 981      72745F68 
 981      616E646C 
 982              	.LASF61:
 983 007f 72785269 		.ascii	"rxRingBufSize\000"
 983      6E674275 
 983      6653697A 
 983      6500
 984              	.LASF0:
 985 008d 73686F72 		.ascii	"short int\000"
 985      7420696E 
 985      7400
 986              	.LASF22:
 987 0097 70657269 		.ascii	"period0\000"
 987      6F643000 
 988              	.LASF100:
 989 009f 4D3A5C47 		.ascii	"M:\\Githubrepo\\Intern_hiwi\\April_BLE\\Final_proje"
 989      69746875 
 989      62726570 
 989      6F5C496E 
 989      7465726E 
 990 00ce 63743031 		.ascii	"ct01_20Byte.cydsn\000"
ARM GAS  C:\Users\ADMINI~1\AppData\Local\Temp\cc6g36EO.s 			page 19


 990      5F323042 
 990      7974652E 
 990      63796473 
 990      6E00
 991              	.LASF11:
 992 00e0 73697A65 		.ascii	"sizetype\000"
 992      74797065 
 992      00
 993              	.LASF80:
 994 00e9 73617449 		.ascii	"satIntrMask\000"
 994      6E74724D 
 994      61736B00 
 995              	.LASF72:
 996 00f5 73616D70 		.ascii	"sampleCtrl\000"
 996      6C654374 
 996      726C00
 997              	.LASF57:
 998 0100 63795F73 		.ascii	"cy_stc_scb_uart_context\000"
 998      74635F73 
 998      63625F75 
 998      6172745F 
 998      636F6E74 
 999              	.LASF85:
 1000 0118 76726566 		.ascii	"vrefMvValue\000"
 1000      4D765661 
 1000      6C756500 
 1001              	.LASF98:
 1002 0124 474E5520 		.ascii	"GNU C11 5.4.1 20160609 (release) [ARM/embedded-5-br"
 1002      43313120 
 1002      352E342E 
 1002      31203230 
 1002      31363036 
 1003 0157 616E6368 		.ascii	"anch revision 237715] -mcpu=cortex-m0plus -mthumb -"
 1003      20726576 
 1003      6973696F 
 1003      6E203233 
 1003      37373135 
 1004 018a 67202D4F 		.ascii	"g -Og -ffunction-sections -ffat-lto-objects\000"
 1004      67202D66 
 1004      66756E63 
 1004      74696F6E 
 1004      2D736563 
 1005              	.LASF55:
 1006 01b6 63795F73 		.ascii	"cy_stc_scb_spi_context_t\000"
 1006      74635F73 
 1006      63625F73 
 1006      70695F63 
 1006      6F6E7465 
 1007              	.LASF94:
 1008 01cf 50574D5F 		.ascii	"PWM_config\000"
 1008      636F6E66 
 1008      696700
 1009              	.LASF75:
 1010 01da 72616E67 		.ascii	"rangeThres\000"
 1010      65546872 
 1010      657300
 1011              	.LASF44:
ARM GAS  C:\Users\ADMINI~1\AppData\Local\Temp\cc6g36EO.s 			page 20


 1012 01e5 63795F73 		.ascii	"cy_stc_tcpwm_pwm_config\000"
 1012      74635F74 
 1012      6370776D 
 1012      5F70776D 
 1012      5F636F6E 
 1013              	.LASF9:
 1014 01fd 5F5F7569 		.ascii	"__uint32_t\000"
 1014      6E743332 
 1014      5F7400
 1015              	.LASF58:
 1016 0208 74785374 		.ascii	"txStatus\000"
 1016      61747573 
 1016      00
 1017              	.LASF70:
 1018 0211 63795F65 		.ascii	"cy_en_sar_range_detect_condition_t\000"
 1018      6E5F7361 
 1018      725F7261 
 1018      6E67655F 
 1018      64657465 
 1019              	.LASF49:
 1020 0234 72784275 		.ascii	"rxBufIdx\000"
 1020      66496478 
 1020      00
 1021              	.LASF4:
 1022 023d 6C6F6E67 		.ascii	"long int\000"
 1022      20696E74 
 1022      00
 1023              	.LASF19:
 1024 0246 70776D41 		.ascii	"pwmAlignment\000"
 1024      6C69676E 
 1024      6D656E74 
 1024      00
 1025              	.LASF76:
 1026 0253 72616E67 		.ascii	"rangeCond\000"
 1026      65436F6E 
 1026      6400
 1027              	.LASF39:
 1028 025d 6B696C6C 		.ascii	"killInput\000"
 1028      496E7075 
 1028      7400
 1029              	.LASF97:
 1030 0267 4144435F 		.ascii	"ADC_1_allConfigs\000"
 1030      315F616C 
 1030      6C436F6E 
 1030      66696773 
 1030      00
 1031              	.LASF24:
 1032 0278 656E6162 		.ascii	"enablePeriodSwap\000"
 1032      6C655065 
 1032      72696F64 
 1032      53776170 
 1032      00
 1033              	.LASF91:
 1034 0289 636C6B44 		.ascii	"clkDivider\000"
 1034      69766964 
 1034      657200
 1035              	.LASF31:
ARM GAS  C:\Users\ADMINI~1\AppData\Local\Temp\cc6g36EO.s 			page 21


 1036 0294 6B696C6C 		.ascii	"killMode\000"
 1036      4D6F6465 
 1036      00
 1037              	.LASF43:
 1038 029d 63795F63 		.ascii	"cy_cb_scb_spi_handle_events_t\000"
 1038      625F7363 
 1038      625F7370 
 1038      695F6861 
 1038      6E646C65 
 1039              	.LASF84:
 1040 02bb 636F6E66 		.ascii	"configRouting\000"
 1040      6967526F 
 1040      7574696E 
 1040      6700
 1041              	.LASF14:
 1042 02c9 666C6F61 		.ascii	"float\000"
 1042      7400
 1043              	.LASF50:
 1044 02cf 74784275 		.ascii	"txBuf\000"
 1044      6600
 1045              	.LASF23:
 1046 02d5 70657269 		.ascii	"period1\000"
 1046      6F643100 
 1047              	.LASF34:
 1048 02dd 72656C6F 		.ascii	"reloadInputMode\000"
 1048      6164496E 
 1048      7075744D 
 1048      6F646500 
 1049              	.LASF6:
 1050 02ed 6C6F6E67 		.ascii	"long long int\000"
 1050      206C6F6E 
 1050      6720696E 
 1050      7400
 1051              	.LASF21:
 1052 02fb 72756E4D 		.ascii	"runMode\000"
 1052      6F646500 
 1053              	.LASF42:
 1054 0303 63795F73 		.ascii	"cy_stc_tcpwm_pwm_config_t\000"
 1054      74635F74 
 1054      6370776D 
 1054      5F70776D 
 1054      5F636F6E 
 1055              	.LASF51:
 1056 031d 74784275 		.ascii	"txBufSize\000"
 1056      6653697A 
 1056      6500
 1057              	.LASF73:
 1058 0327 73616D70 		.ascii	"sampleTime01\000"
 1058      6C655469 
 1058      6D653031 
 1058      00
 1059              	.LASF52:
 1060 0334 74784275 		.ascii	"txBufIdx\000"
 1060      66496478 
 1060      00
 1061              	.LASF29:
 1062 033d 696E7665 		.ascii	"invertPWMOut\000"
ARM GAS  C:\Users\ADMINI~1\AppData\Local\Temp\cc6g36EO.s 			page 22


 1062      72745057 
 1062      4D4F7574 
 1062      00
 1063              	.LASF96:
 1064 034a 4144435F 		.ascii	"ADC_1_currentConfig\000"
 1064      315F6375 
 1064      7272656E 
 1064      74436F6E 
 1064      66696700 
 1065              	.LASF33:
 1066 035e 73776170 		.ascii	"swapInput\000"
 1066      496E7075 
 1066      7400
 1067              	.LASF12:
 1068 0368 6C6F6E67 		.ascii	"long double\000"
 1068      20646F75 
 1068      626C6500 
 1069              	.LASF36:
 1070 0374 73746172 		.ascii	"startInputMode\000"
 1070      74496E70 
 1070      75744D6F 
 1070      646500
 1071              	.LASF59:
 1072 0383 72785374 		.ascii	"rxStatus\000"
 1072      61747573 
 1072      00
 1073              	.LASF1:
 1074 038c 756E7369 		.ascii	"unsigned char\000"
 1074      676E6564 
 1074      20636861 
 1074      7200
 1075              	.LASF60:
 1076 039a 72785269 		.ascii	"rxRingBuf\000"
 1076      6E674275 
 1076      6600
 1077              	.LASF38:
 1078 03a4 6B696C6C 		.ascii	"killInputMode\000"
 1078      496E7075 
 1078      744D6F64 
 1078      6500
 1079              	.LASF2:
 1080 03b2 7369676E 		.ascii	"signed char\000"
 1080      65642063 
 1080      68617200 
 1081              	.LASF7:
 1082 03be 6C6F6E67 		.ascii	"long long unsigned int\000"
 1082      206C6F6E 
 1082      6720756E 
 1082      7369676E 
 1082      65642069 
 1083              	.LASF10:
 1084 03d5 75696E74 		.ascii	"uint32_t\000"
 1084      33325F74 
 1084      00
 1085              	.LASF8:
 1086 03de 756E7369 		.ascii	"unsigned int\000"
 1086      676E6564 
ARM GAS  C:\Users\ADMINI~1\AppData\Local\Temp\cc6g36EO.s 			page 23


 1086      20696E74 
 1086      00
 1087              	.LASF83:
 1088 03eb 6D757853 		.ascii	"muxSwitchSqCtrl\000"
 1088      77697463 
 1088      68537143 
 1088      74726C00 
 1089              	.LASF27:
 1090 03fb 656E6162 		.ascii	"enableCompareSwap\000"
 1090      6C65436F 
 1090      6D706172 
 1090      65537761 
 1090      7000
 1091              	.LASF71:
 1092 040d 6374726C 		.ascii	"ctrl\000"
 1092      00
 1093              	.LASF99:
 1094 0412 686F7374 		.ascii	"host_main.c\000"
 1094      5F6D6169 
 1094      6E2E6300 
 1095              	.LASF46:
 1096 041e 73746174 		.ascii	"status\000"
 1096      757300
 1097              	.LASF3:
 1098 0425 73686F72 		.ascii	"short unsigned int\000"
 1098      7420756E 
 1098      7369676E 
 1098      65642069 
 1098      6E7400
 1099              	.LASF47:
 1100 0438 72784275 		.ascii	"rxBuf\000"
 1100      6600
 1101              	.LASF90:
 1102 043e 6D697363 		.ascii	"miscConfig\000"
 1102      436F6E66 
 1102      696700
 1103              	.LASF13:
 1104 0449 63686172 		.ascii	"char\000"
 1104      00
 1105              	.LASF82:
 1106 044e 6D757853 		.ascii	"muxSwitch\000"
 1106      77697463 
 1106      6800
 1107              	.LASF53:
 1108 0458 63624576 		.ascii	"cbEvents\000"
 1108      656E7473 
 1108      00
 1109              	.LASF68:
 1110 0461 43595F53 		.ascii	"CY_SAR_RANGE_COND_ABOVE\000"
 1110      41525F52 
 1110      414E4745 
 1110      5F434F4E 
 1110      445F4142 
 1111              	.LASF20:
 1112 0479 64656164 		.ascii	"deadTimeClocks\000"
 1112      54696D65 
 1112      436C6F63 
ARM GAS  C:\Users\ADMINI~1\AppData\Local\Temp\cc6g36EO.s 			page 24


 1112      6B7300
 1113              	.LASF16:
 1114 0488 5F426F6F 		.ascii	"_Bool\000"
 1114      6C00
 1115              	.LASF89:
 1116 048e 6877436F 		.ascii	"hwConfigStc\000"
 1116      6E666967 
 1116      53746300 
 1117              	.LASF28:
 1118 049a 696E7465 		.ascii	"interruptSources\000"
 1118      72727570 
 1118      74536F75 
 1118      72636573 
 1118      00
 1119              	.LASF92:
 1120 04ab 4144435F 		.ascii	"ADC_1_CONFIG_STRUCT\000"
 1120      315F434F 
 1120      4E464947 
 1120      5F535452 
 1120      55435400 
 1121              	.LASF5:
 1122 04bf 6C6F6E67 		.ascii	"long unsigned int\000"
 1122      20756E73 
 1122      69676E65 
 1122      6420696E 
 1122      7400
 1123              	.LASF15:
 1124 04d1 646F7562 		.ascii	"double\000"
 1124      6C6500
 1125              	.LASF32:
 1126 04d8 73776170 		.ascii	"swapInputMode\000"
 1126      496E7075 
 1126      744D6F64 
 1126      6500
 1127              	.LASF62:
 1128 04e6 72785269 		.ascii	"rxRingBufHead\000"
 1128      6E674275 
 1128      66486561 
 1128      6400
 1129              	.LASF37:
 1130 04f4 73746172 		.ascii	"startInput\000"
 1130      74496E70 
 1130      757400
 1131              	.LASF67:
 1132 04ff 43595F53 		.ascii	"CY_SAR_RANGE_COND_INSIDE\000"
 1132      41525F52 
 1132      414E4745 
 1132      5F434F4E 
 1132      445F494E 
 1133              	.LASF54:
 1134 0518 696E6974 		.ascii	"initKey\000"
 1134      4B657900 
 1135              	.LASF78:
 1136 0520 6368616E 		.ascii	"chanConfig\000"
 1136      436F6E66 
 1136      696700
 1137              	.LASF86:
ARM GAS  C:\Users\ADMINI~1\AppData\Local\Temp\cc6g36EO.s 			page 25


 1138 052b 63795F73 		.ascii	"cy_stc_sar_config_t\000"
 1138      74635F73 
 1138      61725F63 
 1138      6F6E6669 
 1138      675F7400 
 1139              	.LASF65:
 1140 053f 63795F73 		.ascii	"cy_stc_scb_uart_context_t\000"
 1140      74635F73 
 1140      63625F75 
 1140      6172745F 
 1140      636F6E74 
 1141              	.LASF63:
 1142 0559 72785269 		.ascii	"rxRingBufTail\000"
 1142      6E674275 
 1142      66546169 
 1142      6C00
 1143              	.LASF77:
 1144 0567 6368616E 		.ascii	"chanEn\000"
 1144      456E00
 1145              	.LASF88:
 1146 056e 6E756D43 		.ascii	"numChannels\000"
 1146      68616E6E 
 1146      656C7300 
 1147              	.LASF17:
 1148 057a 70776D4D 		.ascii	"pwmMode\000"
 1148      6F646500 
 1149              	.LASF93:
 1150 0582 55415254 		.ascii	"UART_context\000"
 1150      5F636F6E 
 1150      74657874 
 1150      00
 1151              	.LASF74:
 1152 058f 73616D70 		.ascii	"sampleTime23\000"
 1152      6C655469 
 1152      6D653233 
 1152      00
 1153              	.LASF41:
 1154 059c 636F756E 		.ascii	"countInput\000"
 1154      74496E70 
 1154      757400
 1155              	.LASF64:
 1156 05a7 74784C65 		.ascii	"txLeftToTransmit\000"
 1156      6674546F 
 1156      5472616E 
 1156      736D6974 
 1156      00
 1157              	.LASF45:
 1158 05b8 63795F73 		.ascii	"cy_stc_scb_spi_context\000"
 1158      74635F73 
 1158      63625F73 
 1158      70695F63 
 1158      6F6E7465 
 1159              	.LASF66:
 1160 05cf 43595F53 		.ascii	"CY_SAR_RANGE_COND_BELOW\000"
 1160      41525F52 
 1160      414E4745 
 1160      5F434F4E 
ARM GAS  C:\Users\ADMINI~1\AppData\Local\Temp\cc6g36EO.s 			page 26


 1160      445F4245 
 1161              	.LASF30:
 1162 05e7 696E7665 		.ascii	"invertPWMOutN\000"
 1162      72745057 
 1162      4D4F7574 
 1162      4E00
 1163              	.LASF79:
 1164 05f5 696E7472 		.ascii	"intrMask\000"
 1164      4D61736B 
 1164      00
 1165              	.LASF81:
 1166 05fe 72616E67 		.ascii	"rangeIntrMask\000"
 1166      65496E74 
 1166      724D6173 
 1166      6B00
 1167              	.LASF95:
 1168 060c 57535F53 		.ascii	"WS_SPI_context\000"
 1168      50495F63 
 1168      6F6E7465 
 1168      787400
 1169              	.LASF87:
 1170 061b 6368616E 		.ascii	"channelBase\000"
 1170      6E656C42 
 1170      61736500 
 1171              		.ident	"GCC: (GNU Tools for ARM Embedded Processors) 5.4.1 20160609 (release) [ARM/embedded-5-bran
