ARM GAS  C:\Users\43479\AppData\Local\Temp\ccjZ2Kz5.s 			page 1


   1              		.syntax unified
   2              		.cpu cortex-m0plus
   3              		.fpu softvfp
   4              		.eabi_attribute 20, 1
   5              		.eabi_attribute 21, 1
   6              		.eabi_attribute 23, 3
   7              		.eabi_attribute 24, 1
   8              		.eabi_attribute 25, 1
   9              		.eabi_attribute 26, 1
  10              		.eabi_attribute 30, 1
  11              		.eabi_attribute 34, 0
  12              		.eabi_attribute 18, 4
  13              		.thumb
  14              		.syntax unified
  15              		.file	"main_cm0p.c"
  16              		.text
  17              	.Ltext0:
  18              		.cfi_sections	.debug_frame
  19              		.section	.text.main,"ax",%progbits
  20              		.align	2
  21              		.global	main
  22              		.code	16
  23              		.thumb_func
  24              		.type	main, %function
  25              	main:
  26              	.LFB656:
  27              		.file 1 "main_cm0p.c"
   1:main_cm0p.c   **** /*******************************************************************************
   2:main_cm0p.c   **** * File Name: main_cm0p.c
   3:main_cm0p.c   **** *
   4:main_cm0p.c   **** * Version: 1.10
   5:main_cm0p.c   **** *
   6:main_cm0p.c   **** * Description:
   7:main_cm0p.c   **** *  This is the source code for CM0+ core for the dual core BLE project.
   8:main_cm0p.c   **** *
   9:main_cm0p.c   **** * Related Document: CE222046_Throughput_Measurement.pdf
  10:main_cm0p.c   **** *
  11:main_cm0p.c   **** * Hardware Dependency: See CE222046_Throughput_Measurement.pdf
  12:main_cm0p.c   **** *
  13:main_cm0p.c   **** *******************************************************************************
  14:main_cm0p.c   **** * Copyright (2018), Cypress Semiconductor Corporation. All rights reserved.
  15:main_cm0p.c   **** *******************************************************************************
  16:main_cm0p.c   **** * This software, including source code, documentation and related materials
  17:main_cm0p.c   **** * (“Software”), is owned by Cypress Semiconductor Corporation or one of its
  18:main_cm0p.c   **** * subsidiaries (“Cypress”) and is protected by and subject to worldwide patent
  19:main_cm0p.c   **** * protection (United States and foreign), United States copyright laws and
  20:main_cm0p.c   **** * international treaty provisions. Therefore, you may use this Software only
  21:main_cm0p.c   **** * as provided in the license agreement accompanying the software package from
  22:main_cm0p.c   **** * which you obtained this Software (“EULA”).
  23:main_cm0p.c   **** *
  24:main_cm0p.c   **** * If no EULA applies, Cypress hereby grants you a personal, nonexclusive,
  25:main_cm0p.c   **** * non-transferable license to copy, modify, and compile the Software source
  26:main_cm0p.c   **** * code solely for use in connection with Cypress’s integrated circuit products.
  27:main_cm0p.c   **** * Any reproduction, modification, translation, compilation, or representation
  28:main_cm0p.c   **** * of this Software except as specified above is prohibited without the express
  29:main_cm0p.c   **** * written permission of Cypress.
  30:main_cm0p.c   **** *
ARM GAS  C:\Users\43479\AppData\Local\Temp\ccjZ2Kz5.s 			page 2


  31:main_cm0p.c   **** * Disclaimer: THIS SOFTWARE IS PROVIDED AS-IS, WITH NO WARRANTY OF ANY KIND, 
  32:main_cm0p.c   **** * EXPRESS OR IMPLIED, INCLUDING, BUT NOT LIMITED TO, NONINFRINGEMENT, IMPLIED 
  33:main_cm0p.c   **** * WARRANTIES OF MERCHANTABILITY AND FITNESS FOR A PARTICULAR PURPOSE. Cypress 
  34:main_cm0p.c   **** * reserves the right to make changes to the Software without notice. Cypress 
  35:main_cm0p.c   **** * does not assume any liability arising out of the application or use of the 
  36:main_cm0p.c   **** * Software or any product or circuit described in the Software. Cypress does 
  37:main_cm0p.c   **** * not authorize its products for use in any products where a malfunction or 
  38:main_cm0p.c   **** * failure of the Cypress product may reasonably be expected to result in 
  39:main_cm0p.c   **** * significant property damage, injury or death (“High Risk Product”). By 
  40:main_cm0p.c   **** * including Cypress’s product in a High Risk Product, the manufacturer of such 
  41:main_cm0p.c   **** * system or application assumes all risk of such use and in doing so agrees to 
  42:main_cm0p.c   **** * indemnify Cypress against all liability.
  43:main_cm0p.c   **** *******************************************************************************/
  44:main_cm0p.c   **** #include "project.h"
  45:main_cm0p.c   **** #include "stdio_user.h"
  46:main_cm0p.c   **** #include <stdio.h>
  47:main_cm0p.c   **** 
  48:main_cm0p.c   **** 
  49:main_cm0p.c   **** /*******************************************************************************
  50:main_cm0p.c   **** * Function Name: main()
  51:main_cm0p.c   **** ********************************************************************************
  52:main_cm0p.c   **** * Summary:
  53:main_cm0p.c   **** *  Main function for the CM0+ core.
  54:main_cm0p.c   **** *
  55:main_cm0p.c   **** * Parameters:
  56:main_cm0p.c   **** *  None
  57:main_cm0p.c   **** *
  58:main_cm0p.c   **** * Return:
  59:main_cm0p.c   **** *  None
  60:main_cm0p.c   **** *
  61:main_cm0p.c   **** * Theory:
  62:main_cm0p.c   **** *  The function starts BLE Controller and processes all BLE events.
  63:main_cm0p.c   **** *
  64:main_cm0p.c   **** *******************************************************************************/
  65:main_cm0p.c   **** extern int HostMain(void);
  66:main_cm0p.c   **** int main(void)
  67:main_cm0p.c   **** {
  28              		.loc 1 67 0
  29              		.cfi_startproc
  30              		@ args = 0, pretend = 0, frame = 0
  31              		@ frame_needed = 0, uses_anonymous_args = 0
  32 0000 10B5     		push	{r4, lr}
  33              		.cfi_def_cfa_offset 8
  34              		.cfi_offset 4, -8
  35              		.cfi_offset 14, -4
  36              	.LBB4:
  37              	.LBB5:
  38              		.file 2 "Generated_Source\\PSoC6\\pdl\\cmsis/include/cmsis_gcc.h"
   1:Generated_Source\PSoC6\pdl\cmsis/include/cmsis_gcc.h **** /**************************************************************************//**
   2:Generated_Source\PSoC6\pdl\cmsis/include/cmsis_gcc.h ****  * @file     cmsis_gcc.h
   3:Generated_Source\PSoC6\pdl\cmsis/include/cmsis_gcc.h ****  * @brief    CMSIS compiler GCC header file
   4:Generated_Source\PSoC6\pdl\cmsis/include/cmsis_gcc.h ****  * @version  V5.0.1
   5:Generated_Source\PSoC6\pdl\cmsis/include/cmsis_gcc.h ****  * @date     02. February 2017
   6:Generated_Source\PSoC6\pdl\cmsis/include/cmsis_gcc.h ****  ******************************************************************************/
   7:Generated_Source\PSoC6\pdl\cmsis/include/cmsis_gcc.h **** /*
   8:Generated_Source\PSoC6\pdl\cmsis/include/cmsis_gcc.h ****  * Copyright (c) 2009-2017 ARM Limited. All rights reserved.
   9:Generated_Source\PSoC6\pdl\cmsis/include/cmsis_gcc.h ****  *
ARM GAS  C:\Users\43479\AppData\Local\Temp\ccjZ2Kz5.s 			page 3


  10:Generated_Source\PSoC6\pdl\cmsis/include/cmsis_gcc.h ****  * SPDX-License-Identifier: Apache-2.0
  11:Generated_Source\PSoC6\pdl\cmsis/include/cmsis_gcc.h ****  *
  12:Generated_Source\PSoC6\pdl\cmsis/include/cmsis_gcc.h ****  * Licensed under the Apache License, Version 2.0 (the License); you may
  13:Generated_Source\PSoC6\pdl\cmsis/include/cmsis_gcc.h ****  * not use this file except in compliance with the License.
  14:Generated_Source\PSoC6\pdl\cmsis/include/cmsis_gcc.h ****  * You may obtain a copy of the License at
  15:Generated_Source\PSoC6\pdl\cmsis/include/cmsis_gcc.h ****  *
  16:Generated_Source\PSoC6\pdl\cmsis/include/cmsis_gcc.h ****  * www.apache.org/licenses/LICENSE-2.0
  17:Generated_Source\PSoC6\pdl\cmsis/include/cmsis_gcc.h ****  *
  18:Generated_Source\PSoC6\pdl\cmsis/include/cmsis_gcc.h ****  * Unless required by applicable law or agreed to in writing, software
  19:Generated_Source\PSoC6\pdl\cmsis/include/cmsis_gcc.h ****  * distributed under the License is distributed on an AS IS BASIS, WITHOUT
  20:Generated_Source\PSoC6\pdl\cmsis/include/cmsis_gcc.h ****  * WARRANTIES OR CONDITIONS OF ANY KIND, either express or implied.
  21:Generated_Source\PSoC6\pdl\cmsis/include/cmsis_gcc.h ****  * See the License for the specific language governing permissions and
  22:Generated_Source\PSoC6\pdl\cmsis/include/cmsis_gcc.h ****  * limitations under the License.
  23:Generated_Source\PSoC6\pdl\cmsis/include/cmsis_gcc.h ****  */
  24:Generated_Source\PSoC6\pdl\cmsis/include/cmsis_gcc.h **** 
  25:Generated_Source\PSoC6\pdl\cmsis/include/cmsis_gcc.h **** #ifndef __CMSIS_GCC_H
  26:Generated_Source\PSoC6\pdl\cmsis/include/cmsis_gcc.h **** #define __CMSIS_GCC_H
  27:Generated_Source\PSoC6\pdl\cmsis/include/cmsis_gcc.h **** 
  28:Generated_Source\PSoC6\pdl\cmsis/include/cmsis_gcc.h **** /* ignore some GCC warnings */
  29:Generated_Source\PSoC6\pdl\cmsis/include/cmsis_gcc.h **** #pragma GCC diagnostic push
  30:Generated_Source\PSoC6\pdl\cmsis/include/cmsis_gcc.h **** #pragma GCC diagnostic ignored "-Wsign-conversion"
  31:Generated_Source\PSoC6\pdl\cmsis/include/cmsis_gcc.h **** #pragma GCC diagnostic ignored "-Wconversion"
  32:Generated_Source\PSoC6\pdl\cmsis/include/cmsis_gcc.h **** #pragma GCC diagnostic ignored "-Wunused-parameter"
  33:Generated_Source\PSoC6\pdl\cmsis/include/cmsis_gcc.h **** 
  34:Generated_Source\PSoC6\pdl\cmsis/include/cmsis_gcc.h **** /* CMSIS compiler specific defines */
  35:Generated_Source\PSoC6\pdl\cmsis/include/cmsis_gcc.h **** #ifndef   __ASM
  36:Generated_Source\PSoC6\pdl\cmsis/include/cmsis_gcc.h ****   #define __ASM                     __asm
  37:Generated_Source\PSoC6\pdl\cmsis/include/cmsis_gcc.h **** #endif
  38:Generated_Source\PSoC6\pdl\cmsis/include/cmsis_gcc.h **** #ifndef   __INLINE
  39:Generated_Source\PSoC6\pdl\cmsis/include/cmsis_gcc.h ****   #define __INLINE                  inline
  40:Generated_Source\PSoC6\pdl\cmsis/include/cmsis_gcc.h **** #endif
  41:Generated_Source\PSoC6\pdl\cmsis/include/cmsis_gcc.h **** #ifndef   __STATIC_INLINE
  42:Generated_Source\PSoC6\pdl\cmsis/include/cmsis_gcc.h ****   #define __STATIC_INLINE           static inline
  43:Generated_Source\PSoC6\pdl\cmsis/include/cmsis_gcc.h **** #endif
  44:Generated_Source\PSoC6\pdl\cmsis/include/cmsis_gcc.h **** #ifndef   __NO_RETURN
  45:Generated_Source\PSoC6\pdl\cmsis/include/cmsis_gcc.h ****   #define __NO_RETURN               __attribute__((noreturn))
  46:Generated_Source\PSoC6\pdl\cmsis/include/cmsis_gcc.h **** #endif
  47:Generated_Source\PSoC6\pdl\cmsis/include/cmsis_gcc.h **** #ifndef   __USED
  48:Generated_Source\PSoC6\pdl\cmsis/include/cmsis_gcc.h ****   #define __USED                    __attribute__((used))
  49:Generated_Source\PSoC6\pdl\cmsis/include/cmsis_gcc.h **** #endif
  50:Generated_Source\PSoC6\pdl\cmsis/include/cmsis_gcc.h **** #ifndef   __WEAK
  51:Generated_Source\PSoC6\pdl\cmsis/include/cmsis_gcc.h ****   #define __WEAK                    __attribute__((weak))
  52:Generated_Source\PSoC6\pdl\cmsis/include/cmsis_gcc.h **** #endif
  53:Generated_Source\PSoC6\pdl\cmsis/include/cmsis_gcc.h **** #ifndef   __UNALIGNED_UINT32
  54:Generated_Source\PSoC6\pdl\cmsis/include/cmsis_gcc.h **** #pragma GCC diagnostic push
  55:Generated_Source\PSoC6\pdl\cmsis/include/cmsis_gcc.h **** #pragma GCC diagnostic ignored "-Wpacked"
  56:Generated_Source\PSoC6\pdl\cmsis/include/cmsis_gcc.h **** #pragma GCC diagnostic ignored "-Wattributes"
  57:Generated_Source\PSoC6\pdl\cmsis/include/cmsis_gcc.h ****   struct __attribute__((packed)) T_UINT32 { uint32_t v; };
  58:Generated_Source\PSoC6\pdl\cmsis/include/cmsis_gcc.h **** #pragma GCC diagnostic pop
  59:Generated_Source\PSoC6\pdl\cmsis/include/cmsis_gcc.h ****   #define __UNALIGNED_UINT32(x)     (((struct T_UINT32 *)(x))->v)
  60:Generated_Source\PSoC6\pdl\cmsis/include/cmsis_gcc.h **** #endif
  61:Generated_Source\PSoC6\pdl\cmsis/include/cmsis_gcc.h **** #ifndef   __ALIGNED
  62:Generated_Source\PSoC6\pdl\cmsis/include/cmsis_gcc.h ****   #define __ALIGNED(x)              __attribute__((aligned(x)))
  63:Generated_Source\PSoC6\pdl\cmsis/include/cmsis_gcc.h **** #endif
  64:Generated_Source\PSoC6\pdl\cmsis/include/cmsis_gcc.h **** #ifndef   __PACKED
  65:Generated_Source\PSoC6\pdl\cmsis/include/cmsis_gcc.h ****   #define __PACKED                  __attribute__((packed, aligned(1)))
  66:Generated_Source\PSoC6\pdl\cmsis/include/cmsis_gcc.h **** #endif
ARM GAS  C:\Users\43479\AppData\Local\Temp\ccjZ2Kz5.s 			page 4


  67:Generated_Source\PSoC6\pdl\cmsis/include/cmsis_gcc.h **** #ifndef   __PACKED_STRUCT
  68:Generated_Source\PSoC6\pdl\cmsis/include/cmsis_gcc.h ****   #define __PACKED_STRUCT           struct __attribute__((packed, aligned(1)))
  69:Generated_Source\PSoC6\pdl\cmsis/include/cmsis_gcc.h **** #endif
  70:Generated_Source\PSoC6\pdl\cmsis/include/cmsis_gcc.h **** 
  71:Generated_Source\PSoC6\pdl\cmsis/include/cmsis_gcc.h **** 
  72:Generated_Source\PSoC6\pdl\cmsis/include/cmsis_gcc.h **** /* ###########################  Core Function Access  ########################### */
  73:Generated_Source\PSoC6\pdl\cmsis/include/cmsis_gcc.h **** /** \ingroup  CMSIS_Core_FunctionInterface
  74:Generated_Source\PSoC6\pdl\cmsis/include/cmsis_gcc.h ****     \defgroup CMSIS_Core_RegAccFunctions CMSIS Core Register Access Functions
  75:Generated_Source\PSoC6\pdl\cmsis/include/cmsis_gcc.h ****   @{
  76:Generated_Source\PSoC6\pdl\cmsis/include/cmsis_gcc.h ****  */
  77:Generated_Source\PSoC6\pdl\cmsis/include/cmsis_gcc.h **** 
  78:Generated_Source\PSoC6\pdl\cmsis/include/cmsis_gcc.h **** /**
  79:Generated_Source\PSoC6\pdl\cmsis/include/cmsis_gcc.h ****   \brief   Enable IRQ Interrupts
  80:Generated_Source\PSoC6\pdl\cmsis/include/cmsis_gcc.h ****   \details Enables IRQ interrupts by clearing the I-bit in the CPSR.
  81:Generated_Source\PSoC6\pdl\cmsis/include/cmsis_gcc.h ****            Can only be executed in Privileged modes.
  82:Generated_Source\PSoC6\pdl\cmsis/include/cmsis_gcc.h ****  */
  83:Generated_Source\PSoC6\pdl\cmsis/include/cmsis_gcc.h **** __attribute__((always_inline)) __STATIC_INLINE void __enable_irq(void)
  84:Generated_Source\PSoC6\pdl\cmsis/include/cmsis_gcc.h **** {
  85:Generated_Source\PSoC6\pdl\cmsis/include/cmsis_gcc.h ****   __ASM volatile ("cpsie i" : : : "memory");
  39              		.loc 2 85 0
  40              		.syntax divided
  41              	@ 85 "Generated_Source\PSoC6\pdl\cmsis/include/cmsis_gcc.h" 1
  42 0002 62B6     		cpsie i
  43              	@ 0 "" 2
  44              		.thumb
  45              		.syntax unified
  46              	.LBE5:
  47              	.LBE4:
  68:main_cm0p.c   ****     cy_en_ble_api_result_t apiResult;
  69:main_cm0p.c   ****     __enable_irq(); /* Enable global interrupts. */
  70:main_cm0p.c   ****     
  71:main_cm0p.c   ****     #if(CY_BLE_CONFIG_HOST_CORE == CY_BLE_CORE_CORTEX_M0P)   
  72:main_cm0p.c   ****     
  73:main_cm0p.c   ****     /* Run Host main */
  74:main_cm0p.c   ****     HostMain();
  75:main_cm0p.c   **** 
  76:main_cm0p.c   ****     #else
  77:main_cm0p.c   ****     /* Start BLE Controller for dual core mode */
  78:main_cm0p.c   ****         apiResult = Cy_BLE_Start(NULL);
  48              		.loc 1 78 0
  49 0004 0020     		movs	r0, #0
  50 0006 FFF7FEFF 		bl	Cy_BLE_Start
  51              	.LVL0:
  79:main_cm0p.c   ****     
  80:main_cm0p.c   ****         if(apiResult == CY_BLE_SUCCESS)
  52              		.loc 1 80 0
  53 000a 0028     		cmp	r0, #0
  54 000c 02D1     		bne	.L3
  81:main_cm0p.c   ****         {
  82:main_cm0p.c   ****           /* Enable CM4 only if BLE Controller started successfully.
  83:main_cm0p.c   ****            * Enable CM4. CY_CORTEX_M4_APPL_ADDR must be updated if CM4 memory 
  84:main_cm0p.c   ****            * layout is changed. */
  85:main_cm0p.c   ****             Cy_SysEnableCM4(CY_CORTEX_M4_APPL_ADDR);
  55              		.loc 1 85 0
  56 000e 0348     		ldr	r0, .L4
  57              	.LVL1:
  58 0010 FFF7FEFF 		bl	Cy_SysEnableCM4
ARM GAS  C:\Users\43479\AppData\Local\Temp\ccjZ2Kz5.s 			page 5


  59              	.LVL2:
  60              	.L3:
  86:main_cm0p.c   ****         }
  87:main_cm0p.c   **** 
  88:main_cm0p.c   ****         for(;;)
  89:main_cm0p.c   ****         {
  90:main_cm0p.c   ****             /* Process BLE events continuously for controller in dual core mode */
  91:main_cm0p.c   ****             Cy_BLE_ProcessEvents();
  61              		.loc 1 91 0 discriminator 1
  62 0014 FFF7FEFF 		bl	Cy_BLE_ProcessEvents
  63              	.LVL3:
  64 0018 FCE7     		b	.L3
  65              	.L5:
  66 001a C046     		.align	2
  67              	.L4:
  68 001c 00000810 		.word	268959744
  69              		.cfi_endproc
  70              	.LFE656:
  71              		.size	main, .-main
  72              		.text
  73              	.Letext0:
  74              		.file 3 "c:\\program files (x86)\\cypress\\psoc creator\\4.2\\psoc creator\\import\\gnu\\arm\\5.4.
  75              		.file 4 "c:\\program files (x86)\\cypress\\psoc creator\\4.2\\psoc creator\\import\\gnu\\arm\\5.4.
  76              		.file 5 "Generated_Source\\PSoC6\\pdl\\drivers/peripheral/tcpwm/cy_tcpwm_counter.h"
  77              		.file 6 "Generated_Source\\PSoC6\\pdl\\drivers/peripheral/tcpwm/cy_tcpwm_pwm.h"
  78              		.file 7 "Generated_Source\\PSoC6\\pdl\\drivers/peripheral/scb/cy_scb_spi.h"
  79              		.file 8 "Generated_Source\\PSoC6\\pdl\\drivers/peripheral/scb/cy_scb_uart.h"
  80              		.file 9 "Generated_Source\\PSoC6\\pdl\\drivers/peripheral/sar/cy_sar.h"
  81              		.file 10 "Generated_Source\\PSoC6\\pdl\\middleware/ble/cy_ble_stack.h"
  82              		.file 11 "Generated_Source\\PSoC6/ADC_1.h"
  83              		.file 12 "Generated_Source\\PSoC6/UART.h"
  84              		.file 13 "Generated_Source\\PSoC6/PWM.h"
  85              		.file 14 "Generated_Source\\PSoC6/WS_SPI.h"
  86              		.file 15 "Generated_Source\\PSoC6/Timer.h"
  87              		.file 16 "Generated_Source\\PSoC6/BLE.h"
  88              		.file 17 "./system_psoc63.h"
  89              		.section	.debug_info,"",%progbits
  90              	.Ldebug_info0:
  91 0000 10080000 		.4byte	0x810
  92 0004 0400     		.2byte	0x4
  93 0006 00000000 		.4byte	.Ldebug_abbrev0
  94 000a 04       		.byte	0x4
  95 000b 01       		.uleb128 0x1
  96 000c 08080000 		.4byte	.LASF142
  97 0010 0C       		.byte	0xc
  98 0011 3D000000 		.4byte	.LASF143
  99 0015 68040000 		.4byte	.LASF144
 100 0019 00000000 		.4byte	.Ldebug_ranges0+0
 101 001d 00000000 		.4byte	0
 102 0021 00000000 		.4byte	.Ldebug_line0
 103 0025 02       		.uleb128 0x2
 104 0026 02       		.byte	0x2
 105 0027 05       		.byte	0x5
 106 0028 21050000 		.4byte	.LASF0
 107 002c 02       		.uleb128 0x2
 108 002d 01       		.byte	0x1
 109 002e 08       		.byte	0x8
ARM GAS  C:\Users\43479\AppData\Local\Temp\ccjZ2Kz5.s 			page 6


 110 002f BB060000 		.4byte	.LASF1
 111 0033 02       		.uleb128 0x2
 112 0034 01       		.byte	0x1
 113 0035 06       		.byte	0x6
 114 0036 56000000 		.4byte	.LASF2
 115 003a 02       		.uleb128 0x2
 116 003b 02       		.byte	0x2
 117 003c 07       		.byte	0x7
 118 003d 02040000 		.4byte	.LASF3
 119 0041 02       		.uleb128 0x2
 120 0042 04       		.byte	0x4
 121 0043 05       		.byte	0x5
 122 0044 A3020000 		.4byte	.LASF4
 123 0048 03       		.uleb128 0x3
 124 0049 51030000 		.4byte	.LASF9
 125 004d 03       		.byte	0x3
 126 004e 41       		.byte	0x41
 127 004f 53000000 		.4byte	0x53
 128 0053 02       		.uleb128 0x2
 129 0054 04       		.byte	0x4
 130 0055 07       		.byte	0x7
 131 0056 D5030000 		.4byte	.LASF5
 132 005a 02       		.uleb128 0x2
 133 005b 08       		.byte	0x8
 134 005c 05       		.byte	0x5
 135 005d B4010000 		.4byte	.LASF6
 136 0061 02       		.uleb128 0x2
 137 0062 08       		.byte	0x8
 138 0063 07       		.byte	0x7
 139 0064 0D010000 		.4byte	.LASF7
 140 0068 04       		.uleb128 0x4
 141 0069 04       		.byte	0x4
 142 006a 05       		.byte	0x5
 143 006b 696E7400 		.ascii	"int\000"
 144 006f 02       		.uleb128 0x2
 145 0070 04       		.byte	0x4
 146 0071 07       		.byte	0x7
 147 0072 BA030000 		.4byte	.LASF8
 148 0076 03       		.uleb128 0x3
 149 0077 8C070000 		.4byte	.LASF10
 150 007b 04       		.byte	0x4
 151 007c 30       		.byte	0x30
 152 007d 48000000 		.4byte	0x48
 153 0081 02       		.uleb128 0x2
 154 0082 04       		.byte	0x4
 155 0083 07       		.byte	0x7
 156 0084 8B050000 		.4byte	.LASF11
 157 0088 05       		.uleb128 0x5
 158 0089 76000000 		.4byte	0x76
 159 008d 02       		.uleb128 0x2
 160 008e 08       		.byte	0x8
 161 008f 04       		.byte	0x4
 162 0090 94050000 		.4byte	.LASF12
 163 0094 02       		.uleb128 0x2
 164 0095 01       		.byte	0x1
 165 0096 08       		.byte	0x8
 166 0097 B7080000 		.4byte	.LASF13
ARM GAS  C:\Users\43479\AppData\Local\Temp\ccjZ2Kz5.s 			page 7


 167 009b 02       		.uleb128 0x2
 168 009c 04       		.byte	0x4
 169 009d 04       		.byte	0x4
 170 009e 41060000 		.4byte	.LASF14
 171 00a2 02       		.uleb128 0x2
 172 00a3 08       		.byte	0x8
 173 00a4 04       		.byte	0x4
 174 00a5 2C030000 		.4byte	.LASF15
 175 00a9 06       		.uleb128 0x6
 176 00aa 04       		.byte	0x4
 177 00ab 02       		.uleb128 0x2
 178 00ac 01       		.byte	0x1
 179 00ad 02       		.byte	0x2
 180 00ae 8E090000 		.4byte	.LASF16
 181 00b2 07       		.uleb128 0x7
 182 00b3 6F050000 		.4byte	.LASF37
 183 00b7 4C       		.byte	0x4c
 184 00b8 05       		.byte	0x5
 185 00b9 2B       		.byte	0x2b
 186 00ba A3010000 		.4byte	0x1a3
 187 00be 08       		.uleb128 0x8
 188 00bf F5080000 		.4byte	.LASF17
 189 00c3 05       		.byte	0x5
 190 00c4 2D       		.byte	0x2d
 191 00c5 76000000 		.4byte	0x76
 192 00c9 00       		.byte	0
 193 00ca 08       		.uleb128 0x8
 194 00cb 24010000 		.4byte	.LASF18
 195 00cf 05       		.byte	0x5
 196 00d0 2F       		.byte	0x2f
 197 00d1 76000000 		.4byte	0x76
 198 00d5 04       		.byte	0x4
 199 00d6 08       		.uleb128 0x8
 200 00d7 00000000 		.4byte	.LASF19
 201 00db 05       		.byte	0x5
 202 00dc 30       		.byte	0x30
 203 00dd 76000000 		.4byte	0x76
 204 00e1 08       		.byte	0x8
 205 00e2 08       		.uleb128 0x8
 206 00e3 81000000 		.4byte	.LASF20
 207 00e7 05       		.byte	0x5
 208 00e8 31       		.byte	0x31
 209 00e9 76000000 		.4byte	0x76
 210 00ed 0C       		.byte	0xc
 211 00ee 08       		.uleb128 0x8
 212 00ef 63070000 		.4byte	.LASF21
 213 00f3 05       		.byte	0x5
 214 00f4 33       		.byte	0x33
 215 00f5 76000000 		.4byte	0x76
 216 00f9 10       		.byte	0x10
 217 00fa 08       		.uleb128 0x8
 218 00fb 9A080000 		.4byte	.LASF22
 219 00ff 05       		.byte	0x5
 220 0100 34       		.byte	0x34
 221 0101 76000000 		.4byte	0x76
 222 0105 14       		.byte	0x14
 223 0106 08       		.uleb128 0x8
ARM GAS  C:\Users\43479\AppData\Local\Temp\ccjZ2Kz5.s 			page 8


 224 0107 A3080000 		.4byte	.LASF23
 225 010b 05       		.byte	0x5
 226 010c 35       		.byte	0x35
 227 010d 76000000 		.4byte	0x76
 228 0111 18       		.byte	0x18
 229 0112 08       		.uleb128 0x8
 230 0113 05070000 		.4byte	.LASF24
 231 0117 05       		.byte	0x5
 232 0118 36       		.byte	0x36
 233 0119 AB000000 		.4byte	0xab
 234 011d 1C       		.byte	0x1c
 235 011e 08       		.uleb128 0x8
 236 011f 01090000 		.4byte	.LASF25
 237 0123 05       		.byte	0x5
 238 0124 38       		.byte	0x38
 239 0125 76000000 		.4byte	0x76
 240 0129 20       		.byte	0x20
 241 012a 08       		.uleb128 0x8
 242 012b 33030000 		.4byte	.LASF26
 243 012f 05       		.byte	0x5
 244 0130 39       		.byte	0x39
 245 0131 76000000 		.4byte	0x76
 246 0135 24       		.byte	0x24
 247 0136 08       		.uleb128 0x8
 248 0137 00010000 		.4byte	.LASF27
 249 013b 05       		.byte	0x5
 250 013c 3B       		.byte	0x3b
 251 013d 76000000 		.4byte	0x76
 252 0141 28       		.byte	0x28
 253 0142 08       		.uleb128 0x8
 254 0143 3C0A0000 		.4byte	.LASF28
 255 0147 05       		.byte	0x5
 256 0148 3C       		.byte	0x3c
 257 0149 76000000 		.4byte	0x76
 258 014d 2C       		.byte	0x2c
 259 014e 08       		.uleb128 0x8
 260 014f 12090000 		.4byte	.LASF29
 261 0153 05       		.byte	0x5
 262 0154 3E       		.byte	0x3e
 263 0155 76000000 		.4byte	0x76
 264 0159 30       		.byte	0x30
 265 015a 08       		.uleb128 0x8
 266 015b AC060000 		.4byte	.LASF30
 267 015f 05       		.byte	0x5
 268 0160 3F       		.byte	0x3f
 269 0161 76000000 		.4byte	0x76
 270 0165 34       		.byte	0x34
 271 0166 08       		.uleb128 0x8
 272 0167 64050000 		.4byte	.LASF31
 273 016b 05       		.byte	0x5
 274 016c 41       		.byte	0x41
 275 016d 76000000 		.4byte	0x76
 276 0171 38       		.byte	0x38
 277 0172 08       		.uleb128 0x8
 278 0173 D30A0000 		.4byte	.LASF32
 279 0177 05       		.byte	0x5
 280 0178 42       		.byte	0x42
ARM GAS  C:\Users\43479\AppData\Local\Temp\ccjZ2Kz5.s 			page 9


 281 0179 76000000 		.4byte	0x76
 282 017d 3C       		.byte	0x3c
 283 017e 08       		.uleb128 0x8
 284 017f 66090000 		.4byte	.LASF33
 285 0183 05       		.byte	0x5
 286 0184 44       		.byte	0x44
 287 0185 76000000 		.4byte	0x76
 288 0189 40       		.byte	0x40
 289 018a 08       		.uleb128 0x8
 290 018b 55050000 		.4byte	.LASF34
 291 018f 05       		.byte	0x5
 292 0190 45       		.byte	0x45
 293 0191 76000000 		.4byte	0x76
 294 0195 44       		.byte	0x44
 295 0196 08       		.uleb128 0x8
 296 0197 AC080000 		.4byte	.LASF35
 297 019b 05       		.byte	0x5
 298 019c 47       		.byte	0x47
 299 019d 76000000 		.4byte	0x76
 300 01a1 48       		.byte	0x48
 301 01a2 00       		.byte	0
 302 01a3 03       		.uleb128 0x3
 303 01a4 C2010000 		.4byte	.LASF36
 304 01a8 05       		.byte	0x5
 305 01a9 48       		.byte	0x48
 306 01aa B2000000 		.4byte	0xb2
 307 01ae 07       		.uleb128 0x7
 308 01af 74070000 		.4byte	.LASF38
 309 01b3 64       		.byte	0x64
 310 01b4 06       		.byte	0x6
 311 01b5 2B       		.byte	0x2b
 312 01b6 E7020000 		.4byte	0x2e7
 313 01ba 08       		.uleb128 0x8
 314 01bb 39060000 		.4byte	.LASF39
 315 01bf 06       		.byte	0x6
 316 01c0 2D       		.byte	0x2d
 317 01c1 76000000 		.4byte	0x76
 318 01c5 00       		.byte	0
 319 01c6 08       		.uleb128 0x8
 320 01c7 24010000 		.4byte	.LASF18
 321 01cb 06       		.byte	0x6
 322 01cc 2F       		.byte	0x2f
 323 01cd 76000000 		.4byte	0x76
 324 01d1 04       		.byte	0x4
 325 01d2 08       		.uleb128 0x8
 326 01d3 49000000 		.4byte	.LASF40
 327 01d7 06       		.byte	0x6
 328 01d8 30       		.byte	0x30
 329 01d9 76000000 		.4byte	0x76
 330 01dd 08       		.byte	0x8
 331 01de 08       		.uleb128 0x8
 332 01df 38050000 		.4byte	.LASF41
 333 01e3 06       		.byte	0x6
 334 01e4 31       		.byte	0x31
 335 01e5 76000000 		.4byte	0x76
 336 01e9 0C       		.byte	0xc
 337 01ea 08       		.uleb128 0x8
ARM GAS  C:\Users\43479\AppData\Local\Temp\ccjZ2Kz5.s 			page 10


 338 01eb 00000000 		.4byte	.LASF19
 339 01ef 06       		.byte	0x6
 340 01f0 32       		.byte	0x32
 341 01f1 76000000 		.4byte	0x76
 342 01f5 10       		.byte	0x10
 343 01f6 08       		.uleb128 0x8
 344 01f7 70090000 		.4byte	.LASF42
 345 01fb 06       		.byte	0x6
 346 01fc 33       		.byte	0x33
 347 01fd 76000000 		.4byte	0x76
 348 0201 14       		.byte	0x14
 349 0202 08       		.uleb128 0x8
 350 0203 78090000 		.4byte	.LASF43
 351 0207 06       		.byte	0x6
 352 0208 34       		.byte	0x34
 353 0209 76000000 		.4byte	0x76
 354 020d 18       		.byte	0x18
 355 020e 08       		.uleb128 0x8
 356 020f 52070000 		.4byte	.LASF44
 357 0213 06       		.byte	0x6
 358 0214 35       		.byte	0x35
 359 0215 AB000000 		.4byte	0xab
 360 0219 1C       		.byte	0x1c
 361 021a 08       		.uleb128 0x8
 362 021b 9A080000 		.4byte	.LASF22
 363 021f 06       		.byte	0x6
 364 0220 36       		.byte	0x36
 365 0221 76000000 		.4byte	0x76
 366 0225 20       		.byte	0x20
 367 0226 08       		.uleb128 0x8
 368 0227 A3080000 		.4byte	.LASF23
 369 022b 06       		.byte	0x6
 370 022c 37       		.byte	0x37
 371 022d 76000000 		.4byte	0x76
 372 0231 24       		.byte	0x24
 373 0232 08       		.uleb128 0x8
 374 0233 05070000 		.4byte	.LASF24
 375 0237 06       		.byte	0x6
 376 0238 38       		.byte	0x38
 377 0239 AB000000 		.4byte	0xab
 378 023d 28       		.byte	0x28
 379 023e 08       		.uleb128 0x8
 380 023f 01090000 		.4byte	.LASF25
 381 0243 06       		.byte	0x6
 382 0244 3A       		.byte	0x3a
 383 0245 76000000 		.4byte	0x76
 384 0249 2C       		.byte	0x2c
 385 024a 08       		.uleb128 0x8
 386 024b 2B050000 		.4byte	.LASF45
 387 024f 06       		.byte	0x6
 388 0250 3B       		.byte	0x3b
 389 0251 76000000 		.4byte	0x76
 390 0255 30       		.byte	0x30
 391 0256 08       		.uleb128 0x8
 392 0257 BC090000 		.4byte	.LASF46
 393 025b 06       		.byte	0x6
 394 025c 3C       		.byte	0x3c
ARM GAS  C:\Users\43479\AppData\Local\Temp\ccjZ2Kz5.s 			page 11


 395 025d 76000000 		.4byte	0x76
 396 0261 34       		.byte	0x34
 397 0262 08       		.uleb128 0x8
 398 0263 E9090000 		.4byte	.LASF47
 399 0267 06       		.byte	0x6
 400 0268 3D       		.byte	0x3d
 401 0269 76000000 		.4byte	0x76
 402 026d 38       		.byte	0x38
 403 026e 08       		.uleb128 0x8
 404 026f F4030000 		.4byte	.LASF48
 405 0273 06       		.byte	0x6
 406 0274 3E       		.byte	0x3e
 407 0275 76000000 		.4byte	0x76
 408 0279 3C       		.byte	0x3c
 409 027a 08       		.uleb128 0x8
 410 027b F2090000 		.4byte	.LASF49
 411 027f 06       		.byte	0x6
 412 0280 40       		.byte	0x40
 413 0281 76000000 		.4byte	0x76
 414 0285 40       		.byte	0x40
 415 0286 08       		.uleb128 0x8
 416 0287 3C0A0000 		.4byte	.LASF28
 417 028b 06       		.byte	0x6
 418 028c 41       		.byte	0x41
 419 028d 76000000 		.4byte	0x76
 420 0291 44       		.byte	0x44
 421 0292 08       		.uleb128 0x8
 422 0293 12090000 		.4byte	.LASF29
 423 0297 06       		.byte	0x6
 424 0298 43       		.byte	0x43
 425 0299 76000000 		.4byte	0x76
 426 029d 48       		.byte	0x48
 427 029e 08       		.uleb128 0x8
 428 029f AC060000 		.4byte	.LASF30
 429 02a3 06       		.byte	0x6
 430 02a4 44       		.byte	0x44
 431 02a5 76000000 		.4byte	0x76
 432 02a9 4C       		.byte	0x4c
 433 02aa 08       		.uleb128 0x8
 434 02ab 64050000 		.4byte	.LASF31
 435 02af 06       		.byte	0x6
 436 02b0 46       		.byte	0x46
 437 02b1 76000000 		.4byte	0x76
 438 02b5 50       		.byte	0x50
 439 02b6 08       		.uleb128 0x8
 440 02b7 5A040000 		.4byte	.LASF50
 441 02bb 06       		.byte	0x6
 442 02bc 47       		.byte	0x47
 443 02bd 76000000 		.4byte	0x76
 444 02c1 54       		.byte	0x54
 445 02c2 08       		.uleb128 0x8
 446 02c3 27000000 		.4byte	.LASF51
 447 02c7 06       		.byte	0x6
 448 02c8 49       		.byte	0x49
 449 02c9 76000000 		.4byte	0x76
 450 02cd 58       		.byte	0x58
 451 02ce 08       		.uleb128 0x8
ARM GAS  C:\Users\43479\AppData\Local\Temp\ccjZ2Kz5.s 			page 12


 452 02cf 55050000 		.4byte	.LASF34
 453 02d3 06       		.byte	0x6
 454 02d4 4A       		.byte	0x4a
 455 02d5 76000000 		.4byte	0x76
 456 02d9 5C       		.byte	0x5c
 457 02da 08       		.uleb128 0x8
 458 02db AC080000 		.4byte	.LASF35
 459 02df 06       		.byte	0x6
 460 02e0 4C       		.byte	0x4c
 461 02e1 76000000 		.4byte	0x76
 462 02e5 60       		.byte	0x60
 463 02e6 00       		.byte	0
 464 02e7 03       		.uleb128 0x3
 465 02e8 220A0000 		.4byte	.LASF52
 466 02ec 06       		.byte	0x6
 467 02ed 4D       		.byte	0x4d
 468 02ee AE010000 		.4byte	0x1ae
 469 02f2 09       		.uleb128 0x9
 470 02f3 04       		.byte	0x4
 471 02f4 F8020000 		.4byte	0x2f8
 472 02f8 0A       		.uleb128 0xa
 473 02f9 03030000 		.4byte	0x303
 474 02fd 0B       		.uleb128 0xb
 475 02fe 76000000 		.4byte	0x76
 476 0302 00       		.byte	0
 477 0303 0C       		.uleb128 0xc
 478 0304 4E020000 		.4byte	.LASF53
 479 0308 07       		.byte	0x7
 480 0309 BF01     		.2byte	0x1bf
 481 030b F2020000 		.4byte	0x2f2
 482 030f 0D       		.uleb128 0xd
 483 0310 F6020000 		.4byte	.LASF54
 484 0314 24       		.byte	0x24
 485 0315 07       		.byte	0x7
 486 0316 4102     		.2byte	0x241
 487 0318 92030000 		.4byte	0x392
 488 031c 0E       		.uleb128 0xe
 489 031d 0D030000 		.4byte	.LASF55
 490 0321 07       		.byte	0x7
 491 0322 4402     		.2byte	0x244
 492 0324 88000000 		.4byte	0x88
 493 0328 00       		.byte	0
 494 0329 0E       		.uleb128 0xe
 495 032a 88090000 		.4byte	.LASF56
 496 032e 07       		.byte	0x7
 497 032f 4602     		.2byte	0x246
 498 0331 A9000000 		.4byte	0xa9
 499 0335 04       		.byte	0x4
 500 0336 0E       		.uleb128 0xe
 501 0337 1D000000 		.4byte	.LASF57
 502 033b 07       		.byte	0x7
 503 033c 4702     		.2byte	0x247
 504 033e 76000000 		.4byte	0x76
 505 0342 08       		.byte	0x8
 506 0343 0E       		.uleb128 0xe
 507 0344 68030000 		.4byte	.LASF58
 508 0348 07       		.byte	0x7
ARM GAS  C:\Users\43479\AppData\Local\Temp\ccjZ2Kz5.s 			page 13


 509 0349 4802     		.2byte	0x248
 510 034b 88000000 		.4byte	0x88
 511 034f 0C       		.byte	0xc
 512 0350 0E       		.uleb128 0xe
 513 0351 3D010000 		.4byte	.LASF59
 514 0355 07       		.byte	0x7
 515 0356 4A02     		.2byte	0x24a
 516 0358 A9000000 		.4byte	0xa9
 517 035c 10       		.byte	0x10
 518 035d 0E       		.uleb128 0xe
 519 035e 8C030000 		.4byte	.LASF60
 520 0362 07       		.byte	0x7
 521 0363 4B02     		.2byte	0x24b
 522 0365 76000000 		.4byte	0x76
 523 0369 14       		.byte	0x14
 524 036a 0E       		.uleb128 0xe
 525 036b E10A0000 		.4byte	.LASF61
 526 036f 07       		.byte	0x7
 527 0370 4C02     		.2byte	0x24c
 528 0372 88000000 		.4byte	0x88
 529 0376 18       		.byte	0x18
 530 0377 0E       		.uleb128 0xe
 531 0378 9F040000 		.4byte	.LASF62
 532 037c 07       		.byte	0x7
 533 037d 5202     		.2byte	0x252
 534 037f 03030000 		.4byte	0x303
 535 0383 1C       		.byte	0x1c
 536 0384 0E       		.uleb128 0xe
 537 0385 80090000 		.4byte	.LASF63
 538 0389 07       		.byte	0x7
 539 038a 5502     		.2byte	0x255
 540 038c 76000000 		.4byte	0x76
 541 0390 20       		.byte	0x20
 542 0391 00       		.byte	0
 543 0392 0C       		.uleb128 0xc
 544 0393 08050000 		.4byte	.LASF64
 545 0397 07       		.byte	0x7
 546 0398 5802     		.2byte	0x258
 547 039a 0F030000 		.4byte	0x30f
 548 039e 0C       		.uleb128 0xc
 549 039f 29090000 		.4byte	.LASF65
 550 03a3 08       		.byte	0x8
 551 03a4 AB01     		.2byte	0x1ab
 552 03a6 F2020000 		.4byte	0x2f2
 553 03aa 0D       		.uleb128 0xd
 554 03ab BB0A0000 		.4byte	.LASF66
 555 03af 38       		.byte	0x38
 556 03b0 08       		.byte	0x8
 557 03b1 4702     		.2byte	0x247
 558 03b3 6E040000 		.4byte	0x46e
 559 03b7 0E       		.uleb128 0xe
 560 03b8 800A0000 		.4byte	.LASF67
 561 03bc 08       		.byte	0x8
 562 03bd 4A02     		.2byte	0x24a
 563 03bf 88000000 		.4byte	0x88
 564 03c3 00       		.byte	0
 565 03c4 0E       		.uleb128 0xe
ARM GAS  C:\Users\43479\AppData\Local\Temp\ccjZ2Kz5.s 			page 14


 566 03c5 C5050000 		.4byte	.LASF68
 567 03c9 08       		.byte	0x8
 568 03ca 4B02     		.2byte	0x24b
 569 03cc 88000000 		.4byte	0x88
 570 03d0 04       		.byte	0x4
 571 03d1 0E       		.uleb128 0xe
 572 03d2 33010000 		.4byte	.LASF69
 573 03d6 08       		.byte	0x8
 574 03d7 4D02     		.2byte	0x24d
 575 03d9 A9000000 		.4byte	0xa9
 576 03dd 08       		.byte	0x8
 577 03de 0E       		.uleb128 0xe
 578 03df C7030000 		.4byte	.LASF70
 579 03e3 08       		.byte	0x8
 580 03e4 4E02     		.2byte	0x24e
 581 03e6 76000000 		.4byte	0x76
 582 03ea 0C       		.byte	0xc
 583 03eb 0E       		.uleb128 0xe
 584 03ec 47050000 		.4byte	.LASF71
 585 03f0 08       		.byte	0x8
 586 03f1 4F02     		.2byte	0x24f
 587 03f3 88000000 		.4byte	0x88
 588 03f7 10       		.byte	0x10
 589 03f8 0E       		.uleb128 0xe
 590 03f9 660A0000 		.4byte	.LASF72
 591 03fd 08       		.byte	0x8
 592 03fe 5002     		.2byte	0x250
 593 0400 88000000 		.4byte	0x88
 594 0404 14       		.byte	0x14
 595 0405 0E       		.uleb128 0xe
 596 0406 88090000 		.4byte	.LASF56
 597 040a 08       		.byte	0x8
 598 040b 5202     		.2byte	0x252
 599 040d A9000000 		.4byte	0xa9
 600 0411 18       		.byte	0x18
 601 0412 0E       		.uleb128 0xe
 602 0413 1D000000 		.4byte	.LASF57
 603 0417 08       		.byte	0x8
 604 0418 5302     		.2byte	0x253
 605 041a 76000000 		.4byte	0x76
 606 041e 1C       		.byte	0x1c
 607 041f 0E       		.uleb128 0xe
 608 0420 68030000 		.4byte	.LASF58
 609 0424 08       		.byte	0x8
 610 0425 5402     		.2byte	0x254
 611 0427 88000000 		.4byte	0x88
 612 042b 20       		.byte	0x20
 613 042c 0E       		.uleb128 0xe
 614 042d 3D010000 		.4byte	.LASF59
 615 0431 08       		.byte	0x8
 616 0432 5602     		.2byte	0x256
 617 0434 A9000000 		.4byte	0xa9
 618 0438 24       		.byte	0x24
 619 0439 0E       		.uleb128 0xe
 620 043a 8C030000 		.4byte	.LASF60
 621 043e 08       		.byte	0x8
 622 043f 5702     		.2byte	0x257
ARM GAS  C:\Users\43479\AppData\Local\Temp\ccjZ2Kz5.s 			page 15


 623 0441 76000000 		.4byte	0x76
 624 0445 28       		.byte	0x28
 625 0446 0E       		.uleb128 0xe
 626 0447 7B060000 		.4byte	.LASF73
 627 044b 08       		.byte	0x8
 628 044c 5802     		.2byte	0x258
 629 044e 88000000 		.4byte	0x88
 630 0452 2C       		.byte	0x2c
 631 0453 0E       		.uleb128 0xe
 632 0454 9F040000 		.4byte	.LASF62
 633 0458 08       		.byte	0x8
 634 0459 5D02     		.2byte	0x25d
 635 045b 9E030000 		.4byte	0x39e
 636 045f 30       		.byte	0x30
 637 0460 0E       		.uleb128 0xe
 638 0461 80090000 		.4byte	.LASF63
 639 0465 08       		.byte	0x8
 640 0466 6002     		.2byte	0x260
 641 0468 76000000 		.4byte	0x76
 642 046c 34       		.byte	0x34
 643 046d 00       		.byte	0
 644 046e 0C       		.uleb128 0xc
 645 046f 06020000 		.4byte	.LASF74
 646 0473 08       		.byte	0x8
 647 0474 6302     		.2byte	0x263
 648 0476 AA030000 		.4byte	0x3aa
 649 047a 0F       		.uleb128 0xf
 650 047b 01       		.byte	0x1
 651 047c 2C000000 		.4byte	0x2c
 652 0480 09       		.byte	0x9
 653 0481 0504     		.2byte	0x405
 654 0483 A0040000 		.4byte	0x4a0
 655 0487 10       		.uleb128 0x10
 656 0488 6C020000 		.4byte	.LASF75
 657 048c 00       		.byte	0
 658 048d 10       		.uleb128 0x10
 659 048e 93060000 		.4byte	.LASF76
 660 0492 01       		.byte	0x1
 661 0493 10       		.uleb128 0x10
 662 0494 14030000 		.4byte	.LASF77
 663 0498 02       		.byte	0x2
 664 0499 10       		.uleb128 0x10
 665 049a 4C0A0000 		.4byte	.LASF78
 666 049e 03       		.byte	0x3
 667 049f 00       		.byte	0
 668 04a0 0C       		.uleb128 0xc
 669 04a1 20020000 		.4byte	.LASF79
 670 04a5 09       		.byte	0x9
 671 04a6 0A04     		.2byte	0x40a
 672 04a8 7A040000 		.4byte	0x47a
 673 04ac 11       		.uleb128 0x11
 674 04ad 78       		.byte	0x78
 675 04ae 09       		.byte	0x9
 676 04af F404     		.2byte	0x4f4
 677 04b1 79050000 		.4byte	0x579
 678 04b5 0E       		.uleb128 0xe
 679 04b6 FC080000 		.4byte	.LASF80
ARM GAS  C:\Users\43479\AppData\Local\Temp\ccjZ2Kz5.s 			page 16


 680 04ba 09       		.byte	0x9
 681 04bb F604     		.2byte	0x4f6
 682 04bd 76000000 		.4byte	0x76
 683 04c1 00       		.byte	0
 684 04c2 0E       		.uleb128 0xe
 685 04c3 CA090000 		.4byte	.LASF81
 686 04c7 09       		.byte	0x9
 687 04c8 F704     		.2byte	0x4f7
 688 04ca 76000000 		.4byte	0x76
 689 04ce 04       		.byte	0x4
 690 04cf 0E       		.uleb128 0xe
 691 04d0 44030000 		.4byte	.LASF82
 692 04d4 09       		.byte	0x9
 693 04d5 F804     		.2byte	0x4f8
 694 04d7 76000000 		.4byte	0x76
 695 04db 08       		.byte	0x8
 696 04dc 0E       		.uleb128 0xe
 697 04dd A0050000 		.4byte	.LASF83
 698 04e1 09       		.byte	0x9
 699 04e2 F904     		.2byte	0x4f9
 700 04e4 76000000 		.4byte	0x76
 701 04e8 0C       		.byte	0xc
 702 04e9 0E       		.uleb128 0xe
 703 04ea 35040000 		.4byte	.LASF84
 704 04ee 09       		.byte	0x9
 705 04ef FA04     		.2byte	0x4fa
 706 04f1 76000000 		.4byte	0x76
 707 04f5 10       		.byte	0x10
 708 04f6 0E       		.uleb128 0xe
 709 04f7 94090000 		.4byte	.LASF85
 710 04fb 09       		.byte	0x9
 711 04fc FB04     		.2byte	0x4fb
 712 04fe A0040000 		.4byte	0x4a0
 713 0502 14       		.byte	0x14
 714 0503 0E       		.uleb128 0xe
 715 0504 8C060000 		.4byte	.LASF86
 716 0508 09       		.byte	0x9
 717 0509 FC04     		.2byte	0x4fc
 718 050b 76000000 		.4byte	0x76
 719 050f 18       		.byte	0x18
 720 0510 0E       		.uleb128 0xe
 721 0511 FD040000 		.4byte	.LASF87
 722 0515 09       		.byte	0x9
 723 0516 FD04     		.2byte	0x4fd
 724 0518 79050000 		.4byte	0x579
 725 051c 1C       		.byte	0x1c
 726 051d 0E       		.uleb128 0xe
 727 051e 21070000 		.4byte	.LASF88
 728 0522 09       		.byte	0x9
 729 0523 FE04     		.2byte	0x4fe
 730 0525 76000000 		.4byte	0x76
 731 0529 5C       		.byte	0x5c
 732 052a 0E       		.uleb128 0xe
 733 052b 31000000 		.4byte	.LASF89
 734 052f 09       		.byte	0x9
 735 0530 FF04     		.2byte	0x4ff
 736 0532 76000000 		.4byte	0x76
ARM GAS  C:\Users\43479\AppData\Local\Temp\ccjZ2Kz5.s 			page 17


 737 0536 60       		.byte	0x60
 738 0537 0E       		.uleb128 0xe
 739 0538 FA050000 		.4byte	.LASF90
 740 053c 09       		.byte	0x9
 741 053d 0005     		.2byte	0x500
 742 053f 76000000 		.4byte	0x76
 743 0543 64       		.byte	0x64
 744 0544 0E       		.uleb128 0xe
 745 0545 17070000 		.4byte	.LASF91
 746 0549 09       		.byte	0x9
 747 054a 0105     		.2byte	0x501
 748 054c 76000000 		.4byte	0x76
 749 0550 68       		.byte	0x68
 750 0551 0E       		.uleb128 0xe
 751 0552 890A0000 		.4byte	.LASF92
 752 0556 09       		.byte	0x9
 753 0557 0205     		.2byte	0x502
 754 0559 76000000 		.4byte	0x76
 755 055d 6C       		.byte	0x6c
 756 055e 0E       		.uleb128 0xe
 757 055f AD050000 		.4byte	.LASF93
 758 0563 09       		.byte	0x9
 759 0564 0305     		.2byte	0x503
 760 0566 AB000000 		.4byte	0xab
 761 056a 70       		.byte	0x70
 762 056b 0E       		.uleb128 0xe
 763 056c FC070000 		.4byte	.LASF94
 764 0570 09       		.byte	0x9
 765 0571 0405     		.2byte	0x504
 766 0573 76000000 		.4byte	0x76
 767 0577 74       		.byte	0x74
 768 0578 00       		.byte	0
 769 0579 12       		.uleb128 0x12
 770 057a 76000000 		.4byte	0x76
 771 057e 89050000 		.4byte	0x589
 772 0582 13       		.uleb128 0x13
 773 0583 81000000 		.4byte	0x81
 774 0587 0F       		.byte	0xf
 775 0588 00       		.byte	0
 776 0589 0C       		.uleb128 0xc
 777 058a A0010000 		.4byte	.LASF95
 778 058e 09       		.byte	0x9
 779 058f 0505     		.2byte	0x505
 780 0591 AC040000 		.4byte	0x4ac
 781 0595 0F       		.uleb128 0xf
 782 0596 04       		.byte	0x4
 783 0597 6F000000 		.4byte	0x6f
 784 059b 0A       		.byte	0xa
 785 059c B204     		.2byte	0x4b2
 786 059e AE060000 		.4byte	0x6ae
 787 05a2 10       		.uleb128 0x10
 788 05a3 15040000 		.4byte	.LASF96
 789 05a7 00       		.byte	0
 790 05a8 14       		.uleb128 0x14
 791 05a9 90000000 		.4byte	.LASF97
 792 05ad 01001400 		.4byte	0x140001
 793 05b1 14       		.uleb128 0x14
ARM GAS  C:\Users\43479\AppData\Local\Temp\ccjZ2Kz5.s 			page 18


 794 05b2 DB050000 		.4byte	.LASF98
 795 05b6 01001600 		.4byte	0x160001
 796 05ba 14       		.uleb128 0x14
 797 05bb 84020000 		.4byte	.LASF99
 798 05bf 02001600 		.4byte	0x160002
 799 05c3 14       		.uleb128 0x14
 800 05c4 7A010000 		.4byte	.LASF100
 801 05c8 03001600 		.4byte	0x160003
 802 05cc 14       		.uleb128 0x14
 803 05cd D2020000 		.4byte	.LASF101
 804 05d1 04001600 		.4byte	0x160004
 805 05d5 14       		.uleb128 0x14
 806 05d6 E6060000 		.4byte	.LASF102
 807 05da 05001600 		.4byte	0x160005
 808 05de 14       		.uleb128 0x14
 809 05df 71030000 		.4byte	.LASF103
 810 05e3 06001600 		.4byte	0x160006
 811 05e7 14       		.uleb128 0x14
 812 05e8 D3040000 		.4byte	.LASF104
 813 05ec 07001600 		.4byte	0x160007
 814 05f0 14       		.uleb128 0x14
 815 05f1 DD000000 		.4byte	.LASF105
 816 05f5 08001600 		.4byte	0x160008
 817 05f9 14       		.uleb128 0x14
 818 05fa 62000000 		.4byte	.LASF106
 819 05fe 09001600 		.4byte	0x160009
 820 0602 14       		.uleb128 0x14
 821 0603 DF080000 		.4byte	.LASF107
 822 0607 0A001600 		.4byte	0x16000a
 823 060b 14       		.uleb128 0x14
 824 060c C7080000 		.4byte	.LASF108
 825 0610 0B001600 		.4byte	0x16000b
 826 0614 14       		.uleb128 0x14
 827 0615 AC020000 		.4byte	.LASF109
 828 0619 0C001600 		.4byte	0x16000c
 829 061d 14       		.uleb128 0x14
 830 061e 43010000 		.4byte	.LASF110
 831 0622 0D001600 		.4byte	0x16000d
 832 0626 14       		.uleb128 0x14
 833 0627 E0010000 		.4byte	.LASF111
 834 062b 0E001600 		.4byte	0x16000e
 835 062f 14       		.uleb128 0x14
 836 0630 A9070000 		.4byte	.LASF112
 837 0634 0F001600 		.4byte	0x16000f
 838 0638 14       		.uleb128 0x14
 839 0639 96030000 		.4byte	.LASF113
 840 063d 10001600 		.4byte	0x160010
 841 0641 14       		.uleb128 0x14
 842 0642 47060000 		.4byte	.LASF114
 843 0646 11001600 		.4byte	0x160011
 844 064a 14       		.uleb128 0x14
 845 064b FC090000 		.4byte	.LASF115
 846 064f 12001600 		.4byte	0x160012
 847 0653 14       		.uleb128 0x14
 848 0654 39070000 		.4byte	.LASF116
 849 0658 13001600 		.4byte	0x160013
 850 065c 14       		.uleb128 0x14
ARM GAS  C:\Users\43479\AppData\Local\Temp\ccjZ2Kz5.s 			page 19


 851 065d 990A0000 		.4byte	.LASF117
 852 0661 14001600 		.4byte	0x160014
 853 0665 14       		.uleb128 0x14
 854 0666 48090000 		.4byte	.LASF118
 855 066a 15001600 		.4byte	0x160015
 856 066e 14       		.uleb128 0x14
 857 066f B4000000 		.4byte	.LASF119
 858 0673 16001600 		.4byte	0x160016
 859 0677 14       		.uleb128 0x14
 860 0678 40040000 		.4byte	.LASF120
 861 067c 17001600 		.4byte	0x160017
 862 0680 14       		.uleb128 0x14
 863 0681 08060000 		.4byte	.LASF121
 864 0685 18001600 		.4byte	0x160018
 865 0689 14       		.uleb128 0x14
 866 068a D8070000 		.4byte	.LASF122
 867 068e 19001600 		.4byte	0x160019
 868 0692 14       		.uleb128 0x14
 869 0693 C9060000 		.4byte	.LASF123
 870 0697 FE001600 		.4byte	0x1600fe
 871 069b 14       		.uleb128 0x14
 872 069c B8040000 		.4byte	.LASF124
 873 06a0 FF001600 		.4byte	0x1600ff
 874 06a4 14       		.uleb128 0x14
 875 06a5 AB090000 		.4byte	.LASF125
 876 06a9 FFFF1600 		.4byte	0x16ffff
 877 06ad 00       		.byte	0
 878 06ae 0C       		.uleb128 0xc
 879 06af 22060000 		.4byte	.LASF126
 880 06b3 0A       		.byte	0xa
 881 06b4 1505     		.2byte	0x515
 882 06b6 95050000 		.4byte	0x595
 883 06ba 15       		.uleb128 0x15
 884 06bb 14       		.byte	0x14
 885 06bc 0B       		.byte	0xb
 886 06bd 3B       		.byte	0x3b
 887 06be FF060000 		.4byte	0x6ff
 888 06c2 08       		.uleb128 0x8
 889 06c3 740A0000 		.4byte	.LASF127
 890 06c7 0B       		.byte	0xb
 891 06c8 3D       		.byte	0x3d
 892 06c9 76000000 		.4byte	0x76
 893 06cd 00       		.byte	0
 894 06ce 08       		.uleb128 0x8
 895 06cf F1040000 		.4byte	.LASF128
 896 06d3 0B       		.byte	0xb
 897 06d4 3E       		.byte	0x3e
 898 06d5 76000000 		.4byte	0x76
 899 06d9 04       		.byte	0x4
 900 06da 08       		.uleb128 0x8
 901 06db 5C030000 		.4byte	.LASF129
 902 06df 0B       		.byte	0xb
 903 06e0 3F       		.byte	0x3f
 904 06e1 FF060000 		.4byte	0x6ff
 905 06e5 08       		.byte	0x8
 906 06e6 08       		.uleb128 0x8
 907 06e7 1E090000 		.4byte	.LASF130
ARM GAS  C:\Users\43479\AppData\Local\Temp\ccjZ2Kz5.s 			page 20


 908 06eb 0B       		.byte	0xb
 909 06ec 40       		.byte	0x40
 910 06ed 76000000 		.4byte	0x76
 911 06f1 0C       		.byte	0xc
 912 06f2 08       		.uleb128 0x8
 913 06f3 43020000 		.4byte	.LASF131
 914 06f7 0B       		.byte	0xb
 915 06f8 45       		.byte	0x45
 916 06f9 76000000 		.4byte	0x76
 917 06fd 10       		.byte	0x10
 918 06fe 00       		.byte	0
 919 06ff 09       		.uleb128 0x9
 920 0700 04       		.byte	0x4
 921 0701 05070000 		.4byte	0x705
 922 0705 16       		.uleb128 0x16
 923 0706 89050000 		.4byte	0x589
 924 070a 03       		.uleb128 0x3
 925 070b D5090000 		.4byte	.LASF132
 926 070f 0B       		.byte	0xb
 927 0710 48       		.byte	0x48
 928 0711 BA060000 		.4byte	0x6ba
 929 0715 17       		.uleb128 0x17
 930 0716 CE050000 		.4byte	.LASF145
 931 071a 02       		.byte	0x2
 932 071b 53       		.byte	0x53
 933 071c 03       		.byte	0x3
 934 071d 18       		.uleb128 0x18
 935 071e B60A0000 		.4byte	.LASF146
 936 0722 01       		.byte	0x1
 937 0723 42       		.byte	0x42
 938 0724 68000000 		.4byte	0x68
 939 0728 00000000 		.4byte	.LFB656
 940 072c 20000000 		.4byte	.LFE656-.LFB656
 941 0730 01       		.uleb128 0x1
 942 0731 9C       		.byte	0x9c
 943 0732 88070000 		.4byte	0x788
 944 0736 19       		.uleb128 0x19
 945 0737 BB050000 		.4byte	.LASF147
 946 073b 01       		.byte	0x1
 947 073c 44       		.byte	0x44
 948 073d AE060000 		.4byte	0x6ae
 949 0741 00000000 		.4byte	.LLST0
 950 0745 1A       		.uleb128 0x1a
 951 0746 15070000 		.4byte	0x715
 952 074a 02000000 		.4byte	.LBB4
 953 074e 02000000 		.4byte	.LBE4-.LBB4
 954 0752 01       		.byte	0x1
 955 0753 45       		.byte	0x45
 956 0754 1B       		.uleb128 0x1b
 957 0755 0A000000 		.4byte	.LVL0
 958 0759 F0070000 		.4byte	0x7f0
 959 075d 67070000 		.4byte	0x767
 960 0761 1C       		.uleb128 0x1c
 961 0762 01       		.uleb128 0x1
 962 0763 50       		.byte	0x50
 963 0764 01       		.uleb128 0x1
 964 0765 30       		.byte	0x30
ARM GAS  C:\Users\43479\AppData\Local\Temp\ccjZ2Kz5.s 			page 21


 965 0766 00       		.byte	0
 966 0767 1B       		.uleb128 0x1b
 967 0768 14000000 		.4byte	.LVL2
 968 076c FB070000 		.4byte	0x7fb
 969 0770 7E070000 		.4byte	0x77e
 970 0774 1C       		.uleb128 0x1c
 971 0775 01       		.uleb128 0x1
 972 0776 50       		.byte	0x50
 973 0777 05       		.uleb128 0x5
 974 0778 0C       		.byte	0xc
 975 0779 00000810 		.4byte	0x10080000
 976 077d 00       		.byte	0
 977 077e 1D       		.uleb128 0x1d
 978 077f 18000000 		.4byte	.LVL3
 979 0783 07080000 		.4byte	0x807
 980 0787 00       		.byte	0
 981 0788 1E       		.uleb128 0x1e
 982 0789 E7030000 		.4byte	.LASF133
 983 078d 0C       		.byte	0xc
 984 078e 87       		.byte	0x87
 985 078f 6E040000 		.4byte	0x46e
 986 0793 1E       		.uleb128 0x1e
 987 0794 BC080000 		.4byte	.LASF134
 988 0798 0D       		.byte	0xd
 989 0799 1F       		.byte	0x1f
 990 079a 9E070000 		.4byte	0x79e
 991 079e 16       		.uleb128 0x16
 992 079f E7020000 		.4byte	0x2e7
 993 07a3 1E       		.uleb128 0x1e
 994 07a4 2A070000 		.4byte	.LASF135
 995 07a8 0E       		.byte	0xe
 996 07a9 5E       		.byte	0x5e
 997 07aa 92030000 		.4byte	0x392
 998 07ae 1F       		.uleb128 0x1f
 999 07af 95070000 		.4byte	.LASF136
 1000 07b3 0B       		.byte	0xb
 1001 07b4 6001     		.2byte	0x160
 1002 07b6 76000000 		.4byte	0x76
 1003 07ba 12       		.uleb128 0x12
 1004 07bb CA070000 		.4byte	0x7ca
 1005 07bf CA070000 		.4byte	0x7ca
 1006 07c3 13       		.uleb128 0x13
 1007 07c4 81000000 		.4byte	0x81
 1008 07c8 00       		.byte	0
 1009 07c9 00       		.byte	0
 1010 07ca 16       		.uleb128 0x16
 1011 07cb 0A070000 		.4byte	0x70a
 1012 07cf 1F       		.uleb128 0x1f
 1013 07d0 24040000 		.4byte	.LASF137
 1014 07d4 0B       		.byte	0xb
 1015 07d5 6401     		.2byte	0x164
 1016 07d7 DB070000 		.4byte	0x7db
 1017 07db 16       		.uleb128 0x16
 1018 07dc BA070000 		.4byte	0x7ba
 1019 07e0 1E       		.uleb128 0x1e
 1020 07e1 6D010000 		.4byte	.LASF138
 1021 07e5 0F       		.byte	0xf
ARM GAS  C:\Users\43479\AppData\Local\Temp\ccjZ2Kz5.s 			page 22


 1022 07e6 1F       		.byte	0x1f
 1023 07e7 EB070000 		.4byte	0x7eb
 1024 07eb 16       		.uleb128 0x16
 1025 07ec A3010000 		.4byte	0x1a3
 1026 07f0 20       		.uleb128 0x20
 1027 07f1 9E090000 		.4byte	.LASF139
 1028 07f5 9E090000 		.4byte	.LASF139
 1029 07f9 10       		.byte	0x10
 1030 07fa 24       		.byte	0x24
 1031 07fb 21       		.uleb128 0x21
 1032 07fc A8040000 		.4byte	.LASF140
 1033 0800 A8040000 		.4byte	.LASF140
 1034 0804 11       		.byte	0x11
 1035 0805 FE01     		.2byte	0x1fe
 1036 0807 21       		.uleb128 0x21
 1037 0808 08000000 		.4byte	.LASF141
 1038 080c 08000000 		.4byte	.LASF141
 1039 0810 0A       		.byte	0xa
 1040 0811 A407     		.2byte	0x7a4
 1041 0813 00       		.byte	0
 1042              		.section	.debug_abbrev,"",%progbits
 1043              	.Ldebug_abbrev0:
 1044 0000 01       		.uleb128 0x1
 1045 0001 11       		.uleb128 0x11
 1046 0002 01       		.byte	0x1
 1047 0003 25       		.uleb128 0x25
 1048 0004 0E       		.uleb128 0xe
 1049 0005 13       		.uleb128 0x13
 1050 0006 0B       		.uleb128 0xb
 1051 0007 03       		.uleb128 0x3
 1052 0008 0E       		.uleb128 0xe
 1053 0009 1B       		.uleb128 0x1b
 1054 000a 0E       		.uleb128 0xe
 1055 000b 55       		.uleb128 0x55
 1056 000c 17       		.uleb128 0x17
 1057 000d 11       		.uleb128 0x11
 1058 000e 01       		.uleb128 0x1
 1059 000f 10       		.uleb128 0x10
 1060 0010 17       		.uleb128 0x17
 1061 0011 00       		.byte	0
 1062 0012 00       		.byte	0
 1063 0013 02       		.uleb128 0x2
 1064 0014 24       		.uleb128 0x24
 1065 0015 00       		.byte	0
 1066 0016 0B       		.uleb128 0xb
 1067 0017 0B       		.uleb128 0xb
 1068 0018 3E       		.uleb128 0x3e
 1069 0019 0B       		.uleb128 0xb
 1070 001a 03       		.uleb128 0x3
 1071 001b 0E       		.uleb128 0xe
 1072 001c 00       		.byte	0
 1073 001d 00       		.byte	0
 1074 001e 03       		.uleb128 0x3
 1075 001f 16       		.uleb128 0x16
 1076 0020 00       		.byte	0
 1077 0021 03       		.uleb128 0x3
 1078 0022 0E       		.uleb128 0xe
ARM GAS  C:\Users\43479\AppData\Local\Temp\ccjZ2Kz5.s 			page 23


 1079 0023 3A       		.uleb128 0x3a
 1080 0024 0B       		.uleb128 0xb
 1081 0025 3B       		.uleb128 0x3b
 1082 0026 0B       		.uleb128 0xb
 1083 0027 49       		.uleb128 0x49
 1084 0028 13       		.uleb128 0x13
 1085 0029 00       		.byte	0
 1086 002a 00       		.byte	0
 1087 002b 04       		.uleb128 0x4
 1088 002c 24       		.uleb128 0x24
 1089 002d 00       		.byte	0
 1090 002e 0B       		.uleb128 0xb
 1091 002f 0B       		.uleb128 0xb
 1092 0030 3E       		.uleb128 0x3e
 1093 0031 0B       		.uleb128 0xb
 1094 0032 03       		.uleb128 0x3
 1095 0033 08       		.uleb128 0x8
 1096 0034 00       		.byte	0
 1097 0035 00       		.byte	0
 1098 0036 05       		.uleb128 0x5
 1099 0037 35       		.uleb128 0x35
 1100 0038 00       		.byte	0
 1101 0039 49       		.uleb128 0x49
 1102 003a 13       		.uleb128 0x13
 1103 003b 00       		.byte	0
 1104 003c 00       		.byte	0
 1105 003d 06       		.uleb128 0x6
 1106 003e 0F       		.uleb128 0xf
 1107 003f 00       		.byte	0
 1108 0040 0B       		.uleb128 0xb
 1109 0041 0B       		.uleb128 0xb
 1110 0042 00       		.byte	0
 1111 0043 00       		.byte	0
 1112 0044 07       		.uleb128 0x7
 1113 0045 13       		.uleb128 0x13
 1114 0046 01       		.byte	0x1
 1115 0047 03       		.uleb128 0x3
 1116 0048 0E       		.uleb128 0xe
 1117 0049 0B       		.uleb128 0xb
 1118 004a 0B       		.uleb128 0xb
 1119 004b 3A       		.uleb128 0x3a
 1120 004c 0B       		.uleb128 0xb
 1121 004d 3B       		.uleb128 0x3b
 1122 004e 0B       		.uleb128 0xb
 1123 004f 01       		.uleb128 0x1
 1124 0050 13       		.uleb128 0x13
 1125 0051 00       		.byte	0
 1126 0052 00       		.byte	0
 1127 0053 08       		.uleb128 0x8
 1128 0054 0D       		.uleb128 0xd
 1129 0055 00       		.byte	0
 1130 0056 03       		.uleb128 0x3
 1131 0057 0E       		.uleb128 0xe
 1132 0058 3A       		.uleb128 0x3a
 1133 0059 0B       		.uleb128 0xb
 1134 005a 3B       		.uleb128 0x3b
 1135 005b 0B       		.uleb128 0xb
ARM GAS  C:\Users\43479\AppData\Local\Temp\ccjZ2Kz5.s 			page 24


 1136 005c 49       		.uleb128 0x49
 1137 005d 13       		.uleb128 0x13
 1138 005e 38       		.uleb128 0x38
 1139 005f 0B       		.uleb128 0xb
 1140 0060 00       		.byte	0
 1141 0061 00       		.byte	0
 1142 0062 09       		.uleb128 0x9
 1143 0063 0F       		.uleb128 0xf
 1144 0064 00       		.byte	0
 1145 0065 0B       		.uleb128 0xb
 1146 0066 0B       		.uleb128 0xb
 1147 0067 49       		.uleb128 0x49
 1148 0068 13       		.uleb128 0x13
 1149 0069 00       		.byte	0
 1150 006a 00       		.byte	0
 1151 006b 0A       		.uleb128 0xa
 1152 006c 15       		.uleb128 0x15
 1153 006d 01       		.byte	0x1
 1154 006e 27       		.uleb128 0x27
 1155 006f 19       		.uleb128 0x19
 1156 0070 01       		.uleb128 0x1
 1157 0071 13       		.uleb128 0x13
 1158 0072 00       		.byte	0
 1159 0073 00       		.byte	0
 1160 0074 0B       		.uleb128 0xb
 1161 0075 05       		.uleb128 0x5
 1162 0076 00       		.byte	0
 1163 0077 49       		.uleb128 0x49
 1164 0078 13       		.uleb128 0x13
 1165 0079 00       		.byte	0
 1166 007a 00       		.byte	0
 1167 007b 0C       		.uleb128 0xc
 1168 007c 16       		.uleb128 0x16
 1169 007d 00       		.byte	0
 1170 007e 03       		.uleb128 0x3
 1171 007f 0E       		.uleb128 0xe
 1172 0080 3A       		.uleb128 0x3a
 1173 0081 0B       		.uleb128 0xb
 1174 0082 3B       		.uleb128 0x3b
 1175 0083 05       		.uleb128 0x5
 1176 0084 49       		.uleb128 0x49
 1177 0085 13       		.uleb128 0x13
 1178 0086 00       		.byte	0
 1179 0087 00       		.byte	0
 1180 0088 0D       		.uleb128 0xd
 1181 0089 13       		.uleb128 0x13
 1182 008a 01       		.byte	0x1
 1183 008b 03       		.uleb128 0x3
 1184 008c 0E       		.uleb128 0xe
 1185 008d 0B       		.uleb128 0xb
 1186 008e 0B       		.uleb128 0xb
 1187 008f 3A       		.uleb128 0x3a
 1188 0090 0B       		.uleb128 0xb
 1189 0091 3B       		.uleb128 0x3b
 1190 0092 05       		.uleb128 0x5
 1191 0093 01       		.uleb128 0x1
 1192 0094 13       		.uleb128 0x13
ARM GAS  C:\Users\43479\AppData\Local\Temp\ccjZ2Kz5.s 			page 25


 1193 0095 00       		.byte	0
 1194 0096 00       		.byte	0
 1195 0097 0E       		.uleb128 0xe
 1196 0098 0D       		.uleb128 0xd
 1197 0099 00       		.byte	0
 1198 009a 03       		.uleb128 0x3
 1199 009b 0E       		.uleb128 0xe
 1200 009c 3A       		.uleb128 0x3a
 1201 009d 0B       		.uleb128 0xb
 1202 009e 3B       		.uleb128 0x3b
 1203 009f 05       		.uleb128 0x5
 1204 00a0 49       		.uleb128 0x49
 1205 00a1 13       		.uleb128 0x13
 1206 00a2 38       		.uleb128 0x38
 1207 00a3 0B       		.uleb128 0xb
 1208 00a4 00       		.byte	0
 1209 00a5 00       		.byte	0
 1210 00a6 0F       		.uleb128 0xf
 1211 00a7 04       		.uleb128 0x4
 1212 00a8 01       		.byte	0x1
 1213 00a9 0B       		.uleb128 0xb
 1214 00aa 0B       		.uleb128 0xb
 1215 00ab 49       		.uleb128 0x49
 1216 00ac 13       		.uleb128 0x13
 1217 00ad 3A       		.uleb128 0x3a
 1218 00ae 0B       		.uleb128 0xb
 1219 00af 3B       		.uleb128 0x3b
 1220 00b0 05       		.uleb128 0x5
 1221 00b1 01       		.uleb128 0x1
 1222 00b2 13       		.uleb128 0x13
 1223 00b3 00       		.byte	0
 1224 00b4 00       		.byte	0
 1225 00b5 10       		.uleb128 0x10
 1226 00b6 28       		.uleb128 0x28
 1227 00b7 00       		.byte	0
 1228 00b8 03       		.uleb128 0x3
 1229 00b9 0E       		.uleb128 0xe
 1230 00ba 1C       		.uleb128 0x1c
 1231 00bb 0B       		.uleb128 0xb
 1232 00bc 00       		.byte	0
 1233 00bd 00       		.byte	0
 1234 00be 11       		.uleb128 0x11
 1235 00bf 13       		.uleb128 0x13
 1236 00c0 01       		.byte	0x1
 1237 00c1 0B       		.uleb128 0xb
 1238 00c2 0B       		.uleb128 0xb
 1239 00c3 3A       		.uleb128 0x3a
 1240 00c4 0B       		.uleb128 0xb
 1241 00c5 3B       		.uleb128 0x3b
 1242 00c6 05       		.uleb128 0x5
 1243 00c7 01       		.uleb128 0x1
 1244 00c8 13       		.uleb128 0x13
 1245 00c9 00       		.byte	0
 1246 00ca 00       		.byte	0
 1247 00cb 12       		.uleb128 0x12
 1248 00cc 01       		.uleb128 0x1
 1249 00cd 01       		.byte	0x1
ARM GAS  C:\Users\43479\AppData\Local\Temp\ccjZ2Kz5.s 			page 26


 1250 00ce 49       		.uleb128 0x49
 1251 00cf 13       		.uleb128 0x13
 1252 00d0 01       		.uleb128 0x1
 1253 00d1 13       		.uleb128 0x13
 1254 00d2 00       		.byte	0
 1255 00d3 00       		.byte	0
 1256 00d4 13       		.uleb128 0x13
 1257 00d5 21       		.uleb128 0x21
 1258 00d6 00       		.byte	0
 1259 00d7 49       		.uleb128 0x49
 1260 00d8 13       		.uleb128 0x13
 1261 00d9 2F       		.uleb128 0x2f
 1262 00da 0B       		.uleb128 0xb
 1263 00db 00       		.byte	0
 1264 00dc 00       		.byte	0
 1265 00dd 14       		.uleb128 0x14
 1266 00de 28       		.uleb128 0x28
 1267 00df 00       		.byte	0
 1268 00e0 03       		.uleb128 0x3
 1269 00e1 0E       		.uleb128 0xe
 1270 00e2 1C       		.uleb128 0x1c
 1271 00e3 06       		.uleb128 0x6
 1272 00e4 00       		.byte	0
 1273 00e5 00       		.byte	0
 1274 00e6 15       		.uleb128 0x15
 1275 00e7 13       		.uleb128 0x13
 1276 00e8 01       		.byte	0x1
 1277 00e9 0B       		.uleb128 0xb
 1278 00ea 0B       		.uleb128 0xb
 1279 00eb 3A       		.uleb128 0x3a
 1280 00ec 0B       		.uleb128 0xb
 1281 00ed 3B       		.uleb128 0x3b
 1282 00ee 0B       		.uleb128 0xb
 1283 00ef 01       		.uleb128 0x1
 1284 00f0 13       		.uleb128 0x13
 1285 00f1 00       		.byte	0
 1286 00f2 00       		.byte	0
 1287 00f3 16       		.uleb128 0x16
 1288 00f4 26       		.uleb128 0x26
 1289 00f5 00       		.byte	0
 1290 00f6 49       		.uleb128 0x49
 1291 00f7 13       		.uleb128 0x13
 1292 00f8 00       		.byte	0
 1293 00f9 00       		.byte	0
 1294 00fa 17       		.uleb128 0x17
 1295 00fb 2E       		.uleb128 0x2e
 1296 00fc 00       		.byte	0
 1297 00fd 03       		.uleb128 0x3
 1298 00fe 0E       		.uleb128 0xe
 1299 00ff 3A       		.uleb128 0x3a
 1300 0100 0B       		.uleb128 0xb
 1301 0101 3B       		.uleb128 0x3b
 1302 0102 0B       		.uleb128 0xb
 1303 0103 27       		.uleb128 0x27
 1304 0104 19       		.uleb128 0x19
 1305 0105 20       		.uleb128 0x20
 1306 0106 0B       		.uleb128 0xb
ARM GAS  C:\Users\43479\AppData\Local\Temp\ccjZ2Kz5.s 			page 27


 1307 0107 00       		.byte	0
 1308 0108 00       		.byte	0
 1309 0109 18       		.uleb128 0x18
 1310 010a 2E       		.uleb128 0x2e
 1311 010b 01       		.byte	0x1
 1312 010c 3F       		.uleb128 0x3f
 1313 010d 19       		.uleb128 0x19
 1314 010e 03       		.uleb128 0x3
 1315 010f 0E       		.uleb128 0xe
 1316 0110 3A       		.uleb128 0x3a
 1317 0111 0B       		.uleb128 0xb
 1318 0112 3B       		.uleb128 0x3b
 1319 0113 0B       		.uleb128 0xb
 1320 0114 27       		.uleb128 0x27
 1321 0115 19       		.uleb128 0x19
 1322 0116 49       		.uleb128 0x49
 1323 0117 13       		.uleb128 0x13
 1324 0118 8701     		.uleb128 0x87
 1325 011a 19       		.uleb128 0x19
 1326 011b 11       		.uleb128 0x11
 1327 011c 01       		.uleb128 0x1
 1328 011d 12       		.uleb128 0x12
 1329 011e 06       		.uleb128 0x6
 1330 011f 40       		.uleb128 0x40
 1331 0120 18       		.uleb128 0x18
 1332 0121 9742     		.uleb128 0x2117
 1333 0123 19       		.uleb128 0x19
 1334 0124 01       		.uleb128 0x1
 1335 0125 13       		.uleb128 0x13
 1336 0126 00       		.byte	0
 1337 0127 00       		.byte	0
 1338 0128 19       		.uleb128 0x19
 1339 0129 34       		.uleb128 0x34
 1340 012a 00       		.byte	0
 1341 012b 03       		.uleb128 0x3
 1342 012c 0E       		.uleb128 0xe
 1343 012d 3A       		.uleb128 0x3a
 1344 012e 0B       		.uleb128 0xb
 1345 012f 3B       		.uleb128 0x3b
 1346 0130 0B       		.uleb128 0xb
 1347 0131 49       		.uleb128 0x49
 1348 0132 13       		.uleb128 0x13
 1349 0133 02       		.uleb128 0x2
 1350 0134 17       		.uleb128 0x17
 1351 0135 00       		.byte	0
 1352 0136 00       		.byte	0
 1353 0137 1A       		.uleb128 0x1a
 1354 0138 1D       		.uleb128 0x1d
 1355 0139 00       		.byte	0
 1356 013a 31       		.uleb128 0x31
 1357 013b 13       		.uleb128 0x13
 1358 013c 11       		.uleb128 0x11
 1359 013d 01       		.uleb128 0x1
 1360 013e 12       		.uleb128 0x12
 1361 013f 06       		.uleb128 0x6
 1362 0140 58       		.uleb128 0x58
 1363 0141 0B       		.uleb128 0xb
ARM GAS  C:\Users\43479\AppData\Local\Temp\ccjZ2Kz5.s 			page 28


 1364 0142 59       		.uleb128 0x59
 1365 0143 0B       		.uleb128 0xb
 1366 0144 00       		.byte	0
 1367 0145 00       		.byte	0
 1368 0146 1B       		.uleb128 0x1b
 1369 0147 898201   		.uleb128 0x4109
 1370 014a 01       		.byte	0x1
 1371 014b 11       		.uleb128 0x11
 1372 014c 01       		.uleb128 0x1
 1373 014d 31       		.uleb128 0x31
 1374 014e 13       		.uleb128 0x13
 1375 014f 01       		.uleb128 0x1
 1376 0150 13       		.uleb128 0x13
 1377 0151 00       		.byte	0
 1378 0152 00       		.byte	0
 1379 0153 1C       		.uleb128 0x1c
 1380 0154 8A8201   		.uleb128 0x410a
 1381 0157 00       		.byte	0
 1382 0158 02       		.uleb128 0x2
 1383 0159 18       		.uleb128 0x18
 1384 015a 9142     		.uleb128 0x2111
 1385 015c 18       		.uleb128 0x18
 1386 015d 00       		.byte	0
 1387 015e 00       		.byte	0
 1388 015f 1D       		.uleb128 0x1d
 1389 0160 898201   		.uleb128 0x4109
 1390 0163 00       		.byte	0
 1391 0164 11       		.uleb128 0x11
 1392 0165 01       		.uleb128 0x1
 1393 0166 31       		.uleb128 0x31
 1394 0167 13       		.uleb128 0x13
 1395 0168 00       		.byte	0
 1396 0169 00       		.byte	0
 1397 016a 1E       		.uleb128 0x1e
 1398 016b 34       		.uleb128 0x34
 1399 016c 00       		.byte	0
 1400 016d 03       		.uleb128 0x3
 1401 016e 0E       		.uleb128 0xe
 1402 016f 3A       		.uleb128 0x3a
 1403 0170 0B       		.uleb128 0xb
 1404 0171 3B       		.uleb128 0x3b
 1405 0172 0B       		.uleb128 0xb
 1406 0173 49       		.uleb128 0x49
 1407 0174 13       		.uleb128 0x13
 1408 0175 3F       		.uleb128 0x3f
 1409 0176 19       		.uleb128 0x19
 1410 0177 3C       		.uleb128 0x3c
 1411 0178 19       		.uleb128 0x19
 1412 0179 00       		.byte	0
 1413 017a 00       		.byte	0
 1414 017b 1F       		.uleb128 0x1f
 1415 017c 34       		.uleb128 0x34
 1416 017d 00       		.byte	0
 1417 017e 03       		.uleb128 0x3
 1418 017f 0E       		.uleb128 0xe
 1419 0180 3A       		.uleb128 0x3a
 1420 0181 0B       		.uleb128 0xb
ARM GAS  C:\Users\43479\AppData\Local\Temp\ccjZ2Kz5.s 			page 29


 1421 0182 3B       		.uleb128 0x3b
 1422 0183 05       		.uleb128 0x5
 1423 0184 49       		.uleb128 0x49
 1424 0185 13       		.uleb128 0x13
 1425 0186 3F       		.uleb128 0x3f
 1426 0187 19       		.uleb128 0x19
 1427 0188 3C       		.uleb128 0x3c
 1428 0189 19       		.uleb128 0x19
 1429 018a 00       		.byte	0
 1430 018b 00       		.byte	0
 1431 018c 20       		.uleb128 0x20
 1432 018d 2E       		.uleb128 0x2e
 1433 018e 00       		.byte	0
 1434 018f 3F       		.uleb128 0x3f
 1435 0190 19       		.uleb128 0x19
 1436 0191 3C       		.uleb128 0x3c
 1437 0192 19       		.uleb128 0x19
 1438 0193 6E       		.uleb128 0x6e
 1439 0194 0E       		.uleb128 0xe
 1440 0195 03       		.uleb128 0x3
 1441 0196 0E       		.uleb128 0xe
 1442 0197 3A       		.uleb128 0x3a
 1443 0198 0B       		.uleb128 0xb
 1444 0199 3B       		.uleb128 0x3b
 1445 019a 0B       		.uleb128 0xb
 1446 019b 00       		.byte	0
 1447 019c 00       		.byte	0
 1448 019d 21       		.uleb128 0x21
 1449 019e 2E       		.uleb128 0x2e
 1450 019f 00       		.byte	0
 1451 01a0 3F       		.uleb128 0x3f
 1452 01a1 19       		.uleb128 0x19
 1453 01a2 3C       		.uleb128 0x3c
 1454 01a3 19       		.uleb128 0x19
 1455 01a4 6E       		.uleb128 0x6e
 1456 01a5 0E       		.uleb128 0xe
 1457 01a6 03       		.uleb128 0x3
 1458 01a7 0E       		.uleb128 0xe
 1459 01a8 3A       		.uleb128 0x3a
 1460 01a9 0B       		.uleb128 0xb
 1461 01aa 3B       		.uleb128 0x3b
 1462 01ab 05       		.uleb128 0x5
 1463 01ac 00       		.byte	0
 1464 01ad 00       		.byte	0
 1465 01ae 00       		.byte	0
 1466              		.section	.debug_loc,"",%progbits
 1467              	.Ldebug_loc0:
 1468              	.LLST0:
 1469 0000 0A000000 		.4byte	.LVL0
 1470 0004 10000000 		.4byte	.LVL1
 1471 0008 0100     		.2byte	0x1
 1472 000a 50       		.byte	0x50
 1473 000b 00000000 		.4byte	0
 1474 000f 00000000 		.4byte	0
 1475              		.section	.debug_aranges,"",%progbits
 1476 0000 1C000000 		.4byte	0x1c
 1477 0004 0200     		.2byte	0x2
ARM GAS  C:\Users\43479\AppData\Local\Temp\ccjZ2Kz5.s 			page 30


 1478 0006 00000000 		.4byte	.Ldebug_info0
 1479 000a 04       		.byte	0x4
 1480 000b 00       		.byte	0
 1481 000c 0000     		.2byte	0
 1482 000e 0000     		.2byte	0
 1483 0010 00000000 		.4byte	.LFB656
 1484 0014 20000000 		.4byte	.LFE656-.LFB656
 1485 0018 00000000 		.4byte	0
 1486 001c 00000000 		.4byte	0
 1487              		.section	.debug_ranges,"",%progbits
 1488              	.Ldebug_ranges0:
 1489 0000 00000000 		.4byte	.LFB656
 1490 0004 20000000 		.4byte	.LFE656
 1491 0008 00000000 		.4byte	0
 1492 000c 00000000 		.4byte	0
 1493              		.section	.debug_line,"",%progbits
 1494              	.Ldebug_line0:
 1495 0000 11030000 		.section	.debug_str,"MS",%progbits,1
 1495      0200EA02 
 1495      00000201 
 1495      FB0E0D00 
 1495      01010101 
 1496              	.LASF19:
 1497 0000 72756E4D 		.ascii	"runMode\000"
 1497      6F646500 
 1498              	.LASF141:
 1499 0008 43795F42 		.ascii	"Cy_BLE_ProcessEvents\000"
 1499      4C455F50 
 1499      726F6365 
 1499      73734576 
 1499      656E7473 
 1500              	.LASF57:
 1501 001d 72784275 		.ascii	"rxBufSize\000"
 1501      6653697A 
 1501      6500
 1502              	.LASF51:
 1503 0027 6B696C6C 		.ascii	"killInput\000"
 1503      496E7075 
 1503      7400
 1504              	.LASF89:
 1505 0031 73617449 		.ascii	"satIntrMask\000"
 1505      6E74724D 
 1505      61736B00 
 1506              	.LASF143:
 1507 003d 6D61696E 		.ascii	"main_cm0p.c\000"
 1507      5F636D30 
 1507      702E6300 
 1508              	.LASF40:
 1509 0049 70776D41 		.ascii	"pwmAlignment\000"
 1509      6C69676E 
 1509      6D656E74 
 1509      00
 1510              	.LASF2:
 1511 0056 7369676E 		.ascii	"signed char\000"
 1511      65642063 
 1511      68617200 
 1512              	.LASF106:
ARM GAS  C:\Users\43479\AppData\Local\Temp\ccjZ2Kz5.s 			page 31


 1513 0062 43595F42 		.ascii	"CY_BLE_ERROR_REPEATED_ATTEMPTS\000"
 1513      4C455F45 
 1513      52524F52 
 1513      5F524550 
 1513      45415445 
 1514              	.LASF20:
 1515 0081 636F756E 		.ascii	"countDirection\000"
 1515      74446972 
 1515      65637469 
 1515      6F6E00
 1516              	.LASF97:
 1517 0090 43595F42 		.ascii	"CY_BLE_INFO_FLASH_WRITE_IN_PROGRESS\000"
 1517      4C455F49 
 1517      4E464F5F 
 1517      464C4153 
 1517      485F5752 
 1518              	.LASF119:
 1519 00b4 43595F42 		.ascii	"CY_BLE_ERROR_GATT_DB_INVALID_ATTR_HANDLE\000"
 1519      4C455F45 
 1519      52524F52 
 1519      5F474154 
 1519      545F4442 
 1520              	.LASF105:
 1521 00dd 43595F42 		.ascii	"CY_BLE_ERROR_DEVICE_ALREADY_EXISTS\000"
 1521      4C455F45 
 1521      52524F52 
 1521      5F444556 
 1521      4943455F 
 1522              	.LASF27:
 1523 0100 63617074 		.ascii	"captureInput\000"
 1523      75726549 
 1523      6E707574 
 1523      00
 1524              	.LASF7:
 1525 010d 6C6F6E67 		.ascii	"long long unsigned int\000"
 1525      206C6F6E 
 1525      6720756E 
 1525      7369676E 
 1525      65642069 
 1526              	.LASF18:
 1527 0124 636C6F63 		.ascii	"clockPrescaler\000"
 1527      6B507265 
 1527      7363616C 
 1527      657200
 1528              	.LASF69:
 1529 0133 72785269 		.ascii	"rxRingBuf\000"
 1529      6E674275 
 1529      6600
 1530              	.LASF59:
 1531 013d 74784275 		.ascii	"txBuf\000"
 1531      6600
 1532              	.LASF110:
 1533 0143 43595F42 		.ascii	"CY_BLE_ERROR_L2CAP_PSM_ALREADY_REGISTERED\000"
 1533      4C455F45 
 1533      52524F52 
 1533      5F4C3243 
 1533      41505F50 
ARM GAS  C:\Users\43479\AppData\Local\Temp\ccjZ2Kz5.s 			page 32


 1534              	.LASF138:
 1535 016d 54696D65 		.ascii	"Timer_config\000"
 1535      725F636F 
 1535      6E666967 
 1535      00
 1536              	.LASF100:
 1537 017a 43595F42 		.ascii	"CY_BLE_ERROR_MEMORY_ALLOCATION_FAILED\000"
 1537      4C455F45 
 1537      52524F52 
 1537      5F4D454D 
 1537      4F52595F 
 1538              	.LASF95:
 1539 01a0 63795F73 		.ascii	"cy_stc_sar_config_t\000"
 1539      74635F73 
 1539      61725F63 
 1539      6F6E6669 
 1539      675F7400 
 1540              	.LASF6:
 1541 01b4 6C6F6E67 		.ascii	"long long int\000"
 1541      206C6F6E 
 1541      6720696E 
 1541      7400
 1542              	.LASF36:
 1543 01c2 63795F73 		.ascii	"cy_stc_tcpwm_counter_config_t\000"
 1543      74635F74 
 1543      6370776D 
 1543      5F636F75 
 1543      6E746572 
 1544              	.LASF111:
 1545 01e0 43595F42 		.ascii	"CY_BLE_ERROR_L2CAP_PSM_NOT_REGISTERED\000"
 1545      4C455F45 
 1545      52524F52 
 1545      5F4C3243 
 1545      41505F50 
 1546              	.LASF74:
 1547 0206 63795F73 		.ascii	"cy_stc_scb_uart_context_t\000"
 1547      74635F73 
 1547      63625F75 
 1547      6172745F 
 1547      636F6E74 
 1548              	.LASF79:
 1549 0220 63795F65 		.ascii	"cy_en_sar_range_detect_condition_t\000"
 1549      6E5F7361 
 1549      725F7261 
 1549      6E67655F 
 1549      64657465 
 1550              	.LASF131:
 1551 0243 636C6B44 		.ascii	"clkDivider\000"
 1551      69766964 
 1551      657200
 1552              	.LASF53:
 1553 024e 63795F63 		.ascii	"cy_cb_scb_spi_handle_events_t\000"
 1553      625F7363 
 1553      625F7370 
 1553      695F6861 
 1553      6E646C65 
 1554              	.LASF75:
ARM GAS  C:\Users\43479\AppData\Local\Temp\ccjZ2Kz5.s 			page 33


 1555 026c 43595F53 		.ascii	"CY_SAR_RANGE_COND_BELOW\000"
 1555      41525F52 
 1555      414E4745 
 1555      5F434F4E 
 1555      445F4245 
 1556              	.LASF99:
 1557 0284 43595F42 		.ascii	"CY_BLE_ERROR_INVALID_OPERATION\000"
 1557      4C455F45 
 1557      52524F52 
 1557      5F494E56 
 1557      414C4944 
 1558              	.LASF4:
 1559 02a3 6C6F6E67 		.ascii	"long int\000"
 1559      20696E74 
 1559      00
 1560              	.LASF109:
 1561 02ac 43595F42 		.ascii	"CY_BLE_ERROR_L2CAP_PSM_WRONG_ENCODING\000"
 1561      4C455F45 
 1561      52524F52 
 1561      5F4C3243 
 1561      41505F50 
 1562              	.LASF101:
 1563 02d2 43595F42 		.ascii	"CY_BLE_ERROR_INSUFFICIENT_RESOURCES\000"
 1563      4C455F45 
 1563      52524F52 
 1563      5F494E53 
 1563      55464649 
 1564              	.LASF54:
 1565 02f6 63795F73 		.ascii	"cy_stc_scb_spi_context\000"
 1565      74635F73 
 1565      63625F73 
 1565      70695F63 
 1565      6F6E7465 
 1566              	.LASF55:
 1567 030d 73746174 		.ascii	"status\000"
 1567      757300
 1568              	.LASF77:
 1569 0314 43595F53 		.ascii	"CY_SAR_RANGE_COND_ABOVE\000"
 1569      41525F52 
 1569      414E4745 
 1569      5F434F4E 
 1569      445F4142 
 1570              	.LASF15:
 1571 032c 646F7562 		.ascii	"double\000"
 1571      6C6500
 1572              	.LASF26:
 1573 0333 63617074 		.ascii	"captureInputMode\000"
 1573      75726549 
 1573      6E707574 
 1573      4D6F6465 
 1573      00
 1574              	.LASF82:
 1575 0344 73616D70 		.ascii	"sampleTime01\000"
 1575      6C655469 
 1575      6D653031 
 1575      00
 1576              	.LASF9:
ARM GAS  C:\Users\43479\AppData\Local\Temp\ccjZ2Kz5.s 			page 34


 1577 0351 5F5F7569 		.ascii	"__uint32_t\000"
 1577      6E743332 
 1577      5F7400
 1578              	.LASF129:
 1579 035c 6877436F 		.ascii	"hwConfigStc\000"
 1579      6E666967 
 1579      53746300 
 1580              	.LASF58:
 1581 0368 72784275 		.ascii	"rxBufIdx\000"
 1581      66496478 
 1581      00
 1582              	.LASF103:
 1583 0371 43595F42 		.ascii	"CY_BLE_ERROR_NO_CONNECTION\000"
 1583      4C455F45 
 1583      52524F52 
 1583      5F4E4F5F 
 1583      434F4E4E 
 1584              	.LASF60:
 1585 038c 74784275 		.ascii	"txBufSize\000"
 1585      6653697A 
 1585      6500
 1586              	.LASF113:
 1587 0396 43595F42 		.ascii	"CY_BLE_ERROR_L2CAP_PSM_NOT_IN_RANGE\000"
 1587      4C455F45 
 1587      52524F52 
 1587      5F4C3243 
 1587      41505F50 
 1588              	.LASF8:
 1589 03ba 756E7369 		.ascii	"unsigned int\000"
 1589      676E6564 
 1589      20696E74 
 1589      00
 1590              	.LASF70:
 1591 03c7 72785269 		.ascii	"rxRingBufSize\000"
 1591      6E674275 
 1591      6653697A 
 1591      6500
 1592              	.LASF5:
 1593 03d5 6C6F6E67 		.ascii	"long unsigned int\000"
 1593      20756E73 
 1593      69676E65 
 1593      6420696E 
 1593      7400
 1594              	.LASF133:
 1595 03e7 55415254 		.ascii	"UART_context\000"
 1595      5F636F6E 
 1595      74657874 
 1595      00
 1596              	.LASF48:
 1597 03f4 73776170 		.ascii	"swapInputMode\000"
 1597      496E7075 
 1597      744D6F64 
 1597      6500
 1598              	.LASF3:
 1599 0402 73686F72 		.ascii	"short unsigned int\000"
 1599      7420756E 
 1599      7369676E 
ARM GAS  C:\Users\43479\AppData\Local\Temp\ccjZ2Kz5.s 			page 35


 1599      65642069 
 1599      6E7400
 1600              	.LASF96:
 1601 0415 43595F42 		.ascii	"CY_BLE_SUCCESS\000"
 1601      4C455F53 
 1601      55434345 
 1601      535300
 1602              	.LASF137:
 1603 0424 4144435F 		.ascii	"ADC_1_allConfigs\000"
 1603      315F616C 
 1603      6C436F6E 
 1603      66696773 
 1603      00
 1604              	.LASF84:
 1605 0435 72616E67 		.ascii	"rangeThres\000"
 1605      65546872 
 1605      657300
 1606              	.LASF120:
 1607 0440 43595F42 		.ascii	"CY_BLE_ERROR_NTF_DISABLED\000"
 1607      4C455F45 
 1607      52524F52 
 1607      5F4E5446 
 1607      5F444953 
 1608              	.LASF50:
 1609 045a 6B696C6C 		.ascii	"killInputMode\000"
 1609      496E7075 
 1609      744D6F64 
 1609      6500
 1610              	.LASF144:
 1611 0468 483A5C47 		.ascii	"H:\\Githubrepo\\Intern\\PSoC\\Final_project01_20Byt"
 1611      69746875 
 1611      62726570 
 1611      6F5C496E 
 1611      7465726E 
 1612 0497 652E6379 		.ascii	"e.cydsn\000"
 1612      64736E00 
 1613              	.LASF62:
 1614 049f 63624576 		.ascii	"cbEvents\000"
 1614      656E7473 
 1614      00
 1615              	.LASF140:
 1616 04a8 43795F53 		.ascii	"Cy_SysEnableCM4\000"
 1616      7973456E 
 1616      61626C65 
 1616      434D3400 
 1617              	.LASF124:
 1618 04b8 43595F42 		.ascii	"CY_BLE_ERROR_INVALID_STATE\000"
 1618      4C455F45 
 1618      52524F52 
 1618      5F494E56 
 1618      414C4944 
 1619              	.LASF104:
 1620 04d3 43595F42 		.ascii	"CY_BLE_ERROR_NO_DEVICE_ENTITY\000"
 1620      4C455F45 
 1620      52524F52 
 1620      5F4E4F5F 
 1620      44455649 
ARM GAS  C:\Users\43479\AppData\Local\Temp\ccjZ2Kz5.s 			page 36


 1621              	.LASF128:
 1622 04f1 6E756D43 		.ascii	"numChannels\000"
 1622      68616E6E 
 1622      656C7300 
 1623              	.LASF87:
 1624 04fd 6368616E 		.ascii	"chanConfig\000"
 1624      436F6E66 
 1624      696700
 1625              	.LASF64:
 1626 0508 63795F73 		.ascii	"cy_stc_scb_spi_context_t\000"
 1626      74635F73 
 1626      63625F73 
 1626      70695F63 
 1626      6F6E7465 
 1627              	.LASF0:
 1628 0521 73686F72 		.ascii	"short int\000"
 1628      7420696E 
 1628      7400
 1629              	.LASF45:
 1630 052b 696E7665 		.ascii	"invertPWMOut\000"
 1630      72745057 
 1630      4D4F7574 
 1630      00
 1631              	.LASF41:
 1632 0538 64656164 		.ascii	"deadTimeClocks\000"
 1632      54696D65 
 1632      436C6F63 
 1632      6B7300
 1633              	.LASF71:
 1634 0547 72785269 		.ascii	"rxRingBufHead\000"
 1634      6E674275 
 1634      66486561 
 1634      6400
 1635              	.LASF34:
 1636 0555 636F756E 		.ascii	"countInputMode\000"
 1636      74496E70 
 1636      75744D6F 
 1636      646500
 1637              	.LASF31:
 1638 0564 73746172 		.ascii	"startInput\000"
 1638      74496E70 
 1638      757400
 1639              	.LASF37:
 1640 056f 63795F73 		.ascii	"cy_stc_tcpwm_counter_config\000"
 1640      74635F74 
 1640      6370776D 
 1640      5F636F75 
 1640      6E746572 
 1641              	.LASF11:
 1642 058b 73697A65 		.ascii	"sizetype\000"
 1642      74797065 
 1642      00
 1643              	.LASF12:
 1644 0594 6C6F6E67 		.ascii	"long double\000"
 1644      20646F75 
 1644      626C6500 
 1645              	.LASF83:
ARM GAS  C:\Users\43479\AppData\Local\Temp\ccjZ2Kz5.s 			page 37


 1646 05a0 73616D70 		.ascii	"sampleTime23\000"
 1646      6C655469 
 1646      6D653233 
 1646      00
 1647              	.LASF93:
 1648 05ad 636F6E66 		.ascii	"configRouting\000"
 1648      6967526F 
 1648      7574696E 
 1648      6700
 1649              	.LASF147:
 1650 05bb 61706952 		.ascii	"apiResult\000"
 1650      6573756C 
 1650      7400
 1651              	.LASF68:
 1652 05c5 72785374 		.ascii	"rxStatus\000"
 1652      61747573 
 1652      00
 1653              	.LASF145:
 1654 05ce 5F5F656E 		.ascii	"__enable_irq\000"
 1654      61626C65 
 1654      5F697271 
 1654      00
 1655              	.LASF98:
 1656 05db 43595F42 		.ascii	"CY_BLE_ERROR_INVALID_PARAMETER\000"
 1656      4C455F45 
 1656      52524F52 
 1656      5F494E56 
 1656      414C4944 
 1657              	.LASF90:
 1658 05fa 72616E67 		.ascii	"rangeIntrMask\000"
 1658      65496E74 
 1658      724D6173 
 1658      6B00
 1659              	.LASF121:
 1660 0608 43595F42 		.ascii	"CY_BLE_ERROR_IND_DISABLED\000"
 1660      4C455F45 
 1660      52524F52 
 1660      5F494E44 
 1660      5F444953 
 1661              	.LASF126:
 1662 0622 63795F65 		.ascii	"cy_en_ble_api_result_t\000"
 1662      6E5F626C 
 1662      655F6170 
 1662      695F7265 
 1662      73756C74 
 1663              	.LASF39:
 1664 0639 70776D4D 		.ascii	"pwmMode\000"
 1664      6F646500 
 1665              	.LASF14:
 1666 0641 666C6F61 		.ascii	"float\000"
 1666      7400
 1667              	.LASF114:
 1668 0647 43595F42 		.ascii	"CY_BLE_ERROR_UNSUPPORTED_FEATURE_OR_PARAMETER_VALUE"
 1668      4C455F45 
 1668      52524F52 
 1668      5F554E53 
 1668      5550504F 
ARM GAS  C:\Users\43479\AppData\Local\Temp\ccjZ2Kz5.s 			page 38


 1669 067a 00       		.ascii	"\000"
 1670              	.LASF73:
 1671 067b 74784C65 		.ascii	"txLeftToTransmit\000"
 1671      6674546F 
 1671      5472616E 
 1671      736D6974 
 1671      00
 1672              	.LASF86:
 1673 068c 6368616E 		.ascii	"chanEn\000"
 1673      456E00
 1674              	.LASF76:
 1675 0693 43595F53 		.ascii	"CY_SAR_RANGE_COND_INSIDE\000"
 1675      41525F52 
 1675      414E4745 
 1675      5F434F4E 
 1675      445F494E 
 1676              	.LASF30:
 1677 06ac 73746172 		.ascii	"startInputMode\000"
 1677      74496E70 
 1677      75744D6F 
 1677      646500
 1678              	.LASF1:
 1679 06bb 756E7369 		.ascii	"unsigned char\000"
 1679      676E6564 
 1679      20636861 
 1679      7200
 1680              	.LASF123:
 1681 06c9 43595F42 		.ascii	"CY_BLE_ERROR_CONTROLLER_BUSY\000"
 1681      4C455F45 
 1681      52524F52 
 1681      5F434F4E 
 1681      54524F4C 
 1682              	.LASF102:
 1683 06e6 43595F42 		.ascii	"CY_BLE_ERROR_OOB_NOT_AVAILABLE\000"
 1683      4C455F45 
 1683      52524F52 
 1683      5F4F4F42 
 1683      5F4E4F54 
 1684              	.LASF24:
 1685 0705 656E6162 		.ascii	"enableCompareSwap\000"
 1685      6C65436F 
 1685      6D706172 
 1685      65537761 
 1685      7000
 1686              	.LASF91:
 1687 0717 6D757853 		.ascii	"muxSwitch\000"
 1687      77697463 
 1687      6800
 1688              	.LASF88:
 1689 0721 696E7472 		.ascii	"intrMask\000"
 1689      4D61736B 
 1689      00
 1690              	.LASF135:
 1691 072a 57535F53 		.ascii	"WS_SPI_context\000"
 1691      50495F63 
 1691      6F6E7465 
 1691      787400
ARM GAS  C:\Users\43479\AppData\Local\Temp\ccjZ2Kz5.s 			page 39


 1692              	.LASF116:
 1693 0739 43595F42 		.ascii	"CY_BLE_ERROR_FLASH_WRITE\000"
 1693      4C455F45 
 1693      52524F52 
 1693      5F464C41 
 1693      53485F57 
 1694              	.LASF44:
 1695 0752 656E6162 		.ascii	"enablePeriodSwap\000"
 1695      6C655065 
 1695      72696F64 
 1695      53776170 
 1695      00
 1696              	.LASF21:
 1697 0763 636F6D70 		.ascii	"compareOrCapture\000"
 1697      6172654F 
 1697      72436170 
 1697      74757265 
 1697      00
 1698              	.LASF38:
 1699 0774 63795F73 		.ascii	"cy_stc_tcpwm_pwm_config\000"
 1699      74635F74 
 1699      6370776D 
 1699      5F70776D 
 1699      5F636F6E 
 1700              	.LASF10:
 1701 078c 75696E74 		.ascii	"uint32_t\000"
 1701      33325F74 
 1701      00
 1702              	.LASF136:
 1703 0795 4144435F 		.ascii	"ADC_1_currentConfig\000"
 1703      315F6375 
 1703      7272656E 
 1703      74436F6E 
 1703      66696700 
 1704              	.LASF112:
 1705 07a9 43595F42 		.ascii	"CY_BLE_ERROR_L2CAP_CONNECTION_ENTITY_NOT_FOUND\000"
 1705      4C455F45 
 1705      52524F52 
 1705      5F4C3243 
 1705      41505F43 
 1706              	.LASF122:
 1707 07d8 43595F42 		.ascii	"CY_BLE_ERROR_CHAR_IS_NOT_DISCOVERED\000"
 1707      4C455F45 
 1707      52524F52 
 1707      5F434841 
 1707      525F4953 
 1708              	.LASF94:
 1709 07fc 76726566 		.ascii	"vrefMvValue\000"
 1709      4D765661 
 1709      6C756500 
 1710              	.LASF142:
 1711 0808 474E5520 		.ascii	"GNU C11 5.4.1 20160609 (release) [ARM/embedded-5-br"
 1711      43313120 
 1711      352E342E 
 1711      31203230 
 1711      31363036 
 1712 083b 616E6368 		.ascii	"anch revision 237715] -mcpu=cortex-m0plus -mthumb -"
ARM GAS  C:\Users\43479\AppData\Local\Temp\ccjZ2Kz5.s 			page 40


 1712      20726576 
 1712      6973696F 
 1712      6E203233 
 1712      37373135 
 1713 086e 67202D4F 		.ascii	"g -Og -ffunction-sections -ffat-lto-objects\000"
 1713      67202D66 
 1713      66756E63 
 1713      74696F6E 
 1713      2D736563 
 1714              	.LASF22:
 1715 089a 636F6D70 		.ascii	"compare0\000"
 1715      61726530 
 1715      00
 1716              	.LASF23:
 1717 08a3 636F6D70 		.ascii	"compare1\000"
 1717      61726531 
 1717      00
 1718              	.LASF35:
 1719 08ac 636F756E 		.ascii	"countInput\000"
 1719      74496E70 
 1719      757400
 1720              	.LASF13:
 1721 08b7 63686172 		.ascii	"char\000"
 1721      00
 1722              	.LASF134:
 1723 08bc 50574D5F 		.ascii	"PWM_config\000"
 1723      636F6E66 
 1723      696700
 1724              	.LASF108:
 1725 08c7 43595F42 		.ascii	"CY_BLE_ERROR_SEC_FAILED\000"
 1725      4C455F45 
 1725      52524F52 
 1725      5F534543 
 1725      5F464149 
 1726              	.LASF107:
 1727 08df 43595F42 		.ascii	"CY_BLE_ERROR_GAP_ROLE\000"
 1727      4C455F45 
 1727      52524F52 
 1727      5F474150 
 1727      5F524F4C 
 1728              	.LASF17:
 1729 08f5 70657269 		.ascii	"period\000"
 1729      6F6400
 1730              	.LASF80:
 1731 08fc 6374726C 		.ascii	"ctrl\000"
 1731      00
 1732              	.LASF25:
 1733 0901 696E7465 		.ascii	"interruptSources\000"
 1733      72727570 
 1733      74536F75 
 1733      72636573 
 1733      00
 1734              	.LASF29:
 1735 0912 72656C6F 		.ascii	"reloadInput\000"
 1735      6164496E 
 1735      70757400 
 1736              	.LASF130:
ARM GAS  C:\Users\43479\AppData\Local\Temp\ccjZ2Kz5.s 			page 41


 1737 091e 6D697363 		.ascii	"miscConfig\000"
 1737      436F6E66 
 1737      696700
 1738              	.LASF65:
 1739 0929 63795F63 		.ascii	"cy_cb_scb_uart_handle_events_t\000"
 1739      625F7363 
 1739      625F7561 
 1739      72745F68 
 1739      616E646C 
 1740              	.LASF118:
 1741 0948 43595F42 		.ascii	"CY_BLE_ERROR_HARDWARE_FAILURE\000"
 1741      4C455F45 
 1741      52524F52 
 1741      5F484152 
 1741      44574152 
 1742              	.LASF33:
 1743 0966 73746F70 		.ascii	"stopInput\000"
 1743      496E7075 
 1743      7400
 1744              	.LASF42:
 1745 0970 70657269 		.ascii	"period0\000"
 1745      6F643000 
 1746              	.LASF43:
 1747 0978 70657269 		.ascii	"period1\000"
 1747      6F643100 
 1748              	.LASF63:
 1749 0980 696E6974 		.ascii	"initKey\000"
 1749      4B657900 
 1750              	.LASF56:
 1751 0988 72784275 		.ascii	"rxBuf\000"
 1751      6600
 1752              	.LASF16:
 1753 098e 5F426F6F 		.ascii	"_Bool\000"
 1753      6C00
 1754              	.LASF85:
 1755 0994 72616E67 		.ascii	"rangeCond\000"
 1755      65436F6E 
 1755      6400
 1756              	.LASF139:
 1757 099e 43795F42 		.ascii	"Cy_BLE_Start\000"
 1757      4C455F53 
 1757      74617274 
 1757      00
 1758              	.LASF125:
 1759 09ab 43595F42 		.ascii	"CY_BLE_ERROR_MAX\000"
 1759      4C455F45 
 1759      52524F52 
 1759      5F4D4158 
 1759      00
 1760              	.LASF46:
 1761 09bc 696E7665 		.ascii	"invertPWMOutN\000"
 1761      72745057 
 1761      4D4F7574 
 1761      4E00
 1762              	.LASF81:
 1763 09ca 73616D70 		.ascii	"sampleCtrl\000"
 1763      6C654374 
ARM GAS  C:\Users\43479\AppData\Local\Temp\ccjZ2Kz5.s 			page 42


 1763      726C00
 1764              	.LASF132:
 1765 09d5 4144435F 		.ascii	"ADC_1_CONFIG_STRUCT\000"
 1765      315F434F 
 1765      4E464947 
 1765      5F535452 
 1765      55435400 
 1766              	.LASF47:
 1767 09e9 6B696C6C 		.ascii	"killMode\000"
 1767      4D6F6465 
 1767      00
 1768              	.LASF49:
 1769 09f2 73776170 		.ascii	"swapInput\000"
 1769      496E7075 
 1769      7400
 1770              	.LASF115:
 1771 09fc 43595F42 		.ascii	"CY_BLE_ERROR_FLASH_WRITE_NOT_PERMITED\000"
 1771      4C455F45 
 1771      52524F52 
 1771      5F464C41 
 1771      53485F57 
 1772              	.LASF52:
 1773 0a22 63795F73 		.ascii	"cy_stc_tcpwm_pwm_config_t\000"
 1773      74635F74 
 1773      6370776D 
 1773      5F70776D 
 1773      5F636F6E 
 1774              	.LASF28:
 1775 0a3c 72656C6F 		.ascii	"reloadInputMode\000"
 1775      6164496E 
 1775      7075744D 
 1775      6F646500 
 1776              	.LASF78:
 1777 0a4c 43595F53 		.ascii	"CY_SAR_RANGE_COND_OUTSIDE\000"
 1777      41525F52 
 1777      414E4745 
 1777      5F434F4E 
 1777      445F4F55 
 1778              	.LASF72:
 1779 0a66 72785269 		.ascii	"rxRingBufTail\000"
 1779      6E674275 
 1779      66546169 
 1779      6C00
 1780              	.LASF127:
 1781 0a74 6368616E 		.ascii	"channelBase\000"
 1781      6E656C42 
 1781      61736500 
 1782              	.LASF67:
 1783 0a80 74785374 		.ascii	"txStatus\000"
 1783      61747573 
 1783      00
 1784              	.LASF92:
 1785 0a89 6D757853 		.ascii	"muxSwitchSqCtrl\000"
 1785      77697463 
 1785      68537143 
 1785      74726C00 
 1786              	.LASF117:
ARM GAS  C:\Users\43479\AppData\Local\Temp\ccjZ2Kz5.s 			page 43


 1787 0a99 43595F42 		.ascii	"CY_BLE_ERROR_MIC_AUTH_FAILED\000"
 1787      4C455F45 
 1787      52524F52 
 1787      5F4D4943 
 1787      5F415554 
 1788              	.LASF146:
 1789 0ab6 6D61696E 		.ascii	"main\000"
 1789      00
 1790              	.LASF66:
 1791 0abb 63795F73 		.ascii	"cy_stc_scb_uart_context\000"
 1791      74635F73 
 1791      63625F75 
 1791      6172745F 
 1791      636F6E74 
 1792              	.LASF32:
 1793 0ad3 73746F70 		.ascii	"stopInputMode\000"
 1793      496E7075 
 1793      744D6F64 
 1793      6500
 1794              	.LASF61:
 1795 0ae1 74784275 		.ascii	"txBufIdx\000"
 1795      66496478 
 1795      00
 1796              		.ident	"GCC: (GNU Tools for ARM Embedded Processors) 5.4.1 20160609 (release) [ARM/embedded-5-bran
