ARM GAS  C:\Users\43479\AppData\Local\Temp\ccVjJMSj.s 			page 1


   1              		.syntax unified
   2              		.cpu cortex-m4
   3              		.eabi_attribute 27, 1
   4              		.fpu fpv4-sp-d16
   5              		.eabi_attribute 20, 1
   6              		.eabi_attribute 21, 1
   7              		.eabi_attribute 23, 3
   8              		.eabi_attribute 24, 1
   9              		.eabi_attribute 25, 1
  10              		.eabi_attribute 26, 1
  11              		.eabi_attribute 30, 1
  12              		.eabi_attribute 34, 1
  13              		.eabi_attribute 18, 4
  14              		.thumb
  15              		.syntax unified
  16              		.file	"AMux_2.c"
  17              		.text
  18              	.Ltext0:
  19              		.cfi_sections	.debug_frame
  20              		.section	.text.AMux_2_Start,"ax",%progbits
  21              		.align	2
  22              		.global	AMux_2_Start
  23              		.thumb
  24              		.thumb_func
  25              		.type	AMux_2_Start, %function
  26              	AMux_2_Start:
  27              	.LFB125:
  28              		.file 1 "Generated_Source\\PSoC6\\AMux_2.c"
   1:Generated_Source\PSoC6/AMux_2.c **** /*******************************************************************************
   2:Generated_Source\PSoC6/AMux_2.c **** * File Name: AMux_2.c
   3:Generated_Source\PSoC6/AMux_2.c **** * Version 1.80
   4:Generated_Source\PSoC6/AMux_2.c **** *
   5:Generated_Source\PSoC6/AMux_2.c **** *  Description:
   6:Generated_Source\PSoC6/AMux_2.c **** *    This file contains all functions required for the analog multiplexer
   7:Generated_Source\PSoC6/AMux_2.c **** *    AMux User Module.
   8:Generated_Source\PSoC6/AMux_2.c **** *
   9:Generated_Source\PSoC6/AMux_2.c **** *   Note:
  10:Generated_Source\PSoC6/AMux_2.c **** *
  11:Generated_Source\PSoC6/AMux_2.c **** *******************************************************************************
  12:Generated_Source\PSoC6/AMux_2.c **** * Copyright 2008-2010, Cypress Semiconductor Corporation.  All rights reserved.
  13:Generated_Source\PSoC6/AMux_2.c **** * You may use this file only in accordance with the license, terms, conditions, 
  14:Generated_Source\PSoC6/AMux_2.c **** * disclaimers, and limitations in the end user license agreement accompanying 
  15:Generated_Source\PSoC6/AMux_2.c **** * the software package with which this file was provided.
  16:Generated_Source\PSoC6/AMux_2.c **** ********************************************************************************/
  17:Generated_Source\PSoC6/AMux_2.c **** 
  18:Generated_Source\PSoC6/AMux_2.c **** #include "AMux_2.h"
  19:Generated_Source\PSoC6/AMux_2.c **** 
  20:Generated_Source\PSoC6/AMux_2.c **** static uint8 AMux_2_lastChannel = AMux_2_NULL_CHANNEL;
  21:Generated_Source\PSoC6/AMux_2.c **** 
  22:Generated_Source\PSoC6/AMux_2.c **** 
  23:Generated_Source\PSoC6/AMux_2.c **** /*******************************************************************************
  24:Generated_Source\PSoC6/AMux_2.c **** * Function Name: AMux_2_Start
  25:Generated_Source\PSoC6/AMux_2.c **** ********************************************************************************
  26:Generated_Source\PSoC6/AMux_2.c **** * Summary:
  27:Generated_Source\PSoC6/AMux_2.c **** *  Disconnect all channels.
  28:Generated_Source\PSoC6/AMux_2.c **** *
  29:Generated_Source\PSoC6/AMux_2.c **** * Parameters:
ARM GAS  C:\Users\43479\AppData\Local\Temp\ccVjJMSj.s 			page 2


  30:Generated_Source\PSoC6/AMux_2.c **** *  void
  31:Generated_Source\PSoC6/AMux_2.c **** *
  32:Generated_Source\PSoC6/AMux_2.c **** * Return:
  33:Generated_Source\PSoC6/AMux_2.c **** *  void
  34:Generated_Source\PSoC6/AMux_2.c **** *
  35:Generated_Source\PSoC6/AMux_2.c **** *******************************************************************************/
  36:Generated_Source\PSoC6/AMux_2.c **** void AMux_2_Start(void) 
  37:Generated_Source\PSoC6/AMux_2.c **** {
  29              		.loc 1 37 0
  30              		.cfi_startproc
  31              		@ args = 0, pretend = 0, frame = 0
  32              		@ frame_needed = 0, uses_anonymous_args = 0
  33 0000 10B5     		push	{r4, lr}
  34              		.cfi_def_cfa_offset 8
  35              		.cfi_offset 4, -8
  36              		.cfi_offset 14, -4
  37              	.LVL0:
  38:Generated_Source\PSoC6/AMux_2.c ****     uint8 chan;
  39:Generated_Source\PSoC6/AMux_2.c **** 
  40:Generated_Source\PSoC6/AMux_2.c ****     for(chan = 0u; chan < AMux_2_CHANNELS ; chan++)
  38              		.loc 1 40 0
  39 0002 0024     		movs	r4, #0
  40 0004 04E0     		b	.L2
  41              	.LVL1:
  42              	.L3:
  41:Generated_Source\PSoC6/AMux_2.c ****     {
  42:Generated_Source\PSoC6/AMux_2.c **** #if (AMux_2_MUXTYPE == AMux_2_MUX_SINGLE)
  43:Generated_Source\PSoC6/AMux_2.c ****         AMux_2_Unset(chan);
  43              		.loc 1 43 0 discriminator 3
  44 0006 2046     		mov	r0, r4
  45 0008 FFF7FEFF 		bl	AMux_2_Unset
  46              	.LVL2:
  40:Generated_Source\PSoC6/AMux_2.c ****     {
  47              		.loc 1 40 0 discriminator 3
  48 000c 0134     		adds	r4, r4, #1
  49              	.LVL3:
  50 000e E4B2     		uxtb	r4, r4
  51              	.LVL4:
  52              	.L2:
  40:Generated_Source\PSoC6/AMux_2.c ****     {
  53              		.loc 1 40 0 is_stmt 0 discriminator 1
  54 0010 052C     		cmp	r4, #5
  55 0012 F8D9     		bls	.L3
  44:Generated_Source\PSoC6/AMux_2.c **** #else
  45:Generated_Source\PSoC6/AMux_2.c ****         AMux_2_CYAMUXSIDE_A_Unset(chan);
  46:Generated_Source\PSoC6/AMux_2.c ****         AMux_2_CYAMUXSIDE_B_Unset(chan);
  47:Generated_Source\PSoC6/AMux_2.c **** #endif
  48:Generated_Source\PSoC6/AMux_2.c ****     }
  49:Generated_Source\PSoC6/AMux_2.c **** 
  50:Generated_Source\PSoC6/AMux_2.c ****     AMux_2_lastChannel = AMux_2_NULL_CHANNEL;
  56              		.loc 1 50 0 is_stmt 1
  57 0014 FF22     		movs	r2, #255
  58 0016 014B     		ldr	r3, .L5
  59 0018 1A70     		strb	r2, [r3]
  60 001a 10BD     		pop	{r4, pc}
  61              	.LVL5:
  62              	.L6:
ARM GAS  C:\Users\43479\AppData\Local\Temp\ccVjJMSj.s 			page 3


  63              		.align	2
  64              	.L5:
  65 001c 00000000 		.word	.LANCHOR0
  66              		.cfi_endproc
  67              	.LFE125:
  68              		.size	AMux_2_Start, .-AMux_2_Start
  69              		.section	.text.AMux_2_Select,"ax",%progbits
  70              		.align	2
  71              		.global	AMux_2_Select
  72              		.thumb
  73              		.thumb_func
  74              		.type	AMux_2_Select, %function
  75              	AMux_2_Select:
  76              	.LFB126:
  51:Generated_Source\PSoC6/AMux_2.c **** }
  52:Generated_Source\PSoC6/AMux_2.c **** 
  53:Generated_Source\PSoC6/AMux_2.c **** 
  54:Generated_Source\PSoC6/AMux_2.c **** #if (!AMux_2_ATMOSTONE)
  55:Generated_Source\PSoC6/AMux_2.c **** /*******************************************************************************
  56:Generated_Source\PSoC6/AMux_2.c **** * Function Name: AMux_2_Select
  57:Generated_Source\PSoC6/AMux_2.c **** ********************************************************************************
  58:Generated_Source\PSoC6/AMux_2.c **** * Summary:
  59:Generated_Source\PSoC6/AMux_2.c **** *  This functions first disconnects all channels then connects the given
  60:Generated_Source\PSoC6/AMux_2.c **** *  channel.
  61:Generated_Source\PSoC6/AMux_2.c **** *
  62:Generated_Source\PSoC6/AMux_2.c **** * Parameters:
  63:Generated_Source\PSoC6/AMux_2.c **** *  channel:  The channel to connect to the common terminal.
  64:Generated_Source\PSoC6/AMux_2.c **** *
  65:Generated_Source\PSoC6/AMux_2.c **** * Return:
  66:Generated_Source\PSoC6/AMux_2.c **** *  void
  67:Generated_Source\PSoC6/AMux_2.c **** *
  68:Generated_Source\PSoC6/AMux_2.c **** *******************************************************************************/
  69:Generated_Source\PSoC6/AMux_2.c **** void AMux_2_Select(uint8 channel) 
  70:Generated_Source\PSoC6/AMux_2.c **** {
  77              		.loc 1 70 0
  78              		.cfi_startproc
  79              		@ args = 0, pretend = 0, frame = 0
  80              		@ frame_needed = 0, uses_anonymous_args = 0
  81              	.LVL6:
  82 0000 10B5     		push	{r4, lr}
  83              		.cfi_def_cfa_offset 8
  84              		.cfi_offset 4, -8
  85              		.cfi_offset 14, -4
  86 0002 0446     		mov	r4, r0
  71:Generated_Source\PSoC6/AMux_2.c ****     AMux_2_DisconnectAll();        /* Disconnect all previous connections */
  87              		.loc 1 71 0
  88 0004 FFF7FEFF 		bl	AMux_2_Start
  89              	.LVL7:
  72:Generated_Source\PSoC6/AMux_2.c ****     AMux_2_Connect(channel);       /* Make the given selection */
  90              		.loc 1 72 0
  91 0008 2046     		mov	r0, r4
  92 000a FFF7FEFF 		bl	AMux_2_Set
  93              	.LVL8:
  73:Generated_Source\PSoC6/AMux_2.c ****     AMux_2_lastChannel = channel;  /* Update last channel */
  94              		.loc 1 73 0
  95 000e 014B     		ldr	r3, .L9
  96 0010 1C70     		strb	r4, [r3]
ARM GAS  C:\Users\43479\AppData\Local\Temp\ccVjJMSj.s 			page 4


  97 0012 10BD     		pop	{r4, pc}
  98              	.L10:
  99              		.align	2
 100              	.L9:
 101 0014 00000000 		.word	.LANCHOR0
 102              		.cfi_endproc
 103              	.LFE126:
 104              		.size	AMux_2_Select, .-AMux_2_Select
 105              		.section	.text.AMux_2_FastSelect,"ax",%progbits
 106              		.align	2
 107              		.global	AMux_2_FastSelect
 108              		.thumb
 109              		.thumb_func
 110              		.type	AMux_2_FastSelect, %function
 111              	AMux_2_FastSelect:
 112              	.LFB127:
  74:Generated_Source\PSoC6/AMux_2.c **** }
  75:Generated_Source\PSoC6/AMux_2.c **** #endif
  76:Generated_Source\PSoC6/AMux_2.c **** 
  77:Generated_Source\PSoC6/AMux_2.c **** 
  78:Generated_Source\PSoC6/AMux_2.c **** /*******************************************************************************
  79:Generated_Source\PSoC6/AMux_2.c **** * Function Name: AMux_2_FastSelect
  80:Generated_Source\PSoC6/AMux_2.c **** ********************************************************************************
  81:Generated_Source\PSoC6/AMux_2.c **** * Summary:
  82:Generated_Source\PSoC6/AMux_2.c **** *  This function first disconnects the last connection made with FastSelect or
  83:Generated_Source\PSoC6/AMux_2.c **** *  Select, then connects the given channel. The FastSelect function is similar
  84:Generated_Source\PSoC6/AMux_2.c **** *  to the Select function, except it is faster since it only disconnects the
  85:Generated_Source\PSoC6/AMux_2.c **** *  last channel selected rather than all channels.
  86:Generated_Source\PSoC6/AMux_2.c **** *
  87:Generated_Source\PSoC6/AMux_2.c **** * Parameters:
  88:Generated_Source\PSoC6/AMux_2.c **** *  channel:  The channel to connect to the common terminal.
  89:Generated_Source\PSoC6/AMux_2.c **** *
  90:Generated_Source\PSoC6/AMux_2.c **** * Return:
  91:Generated_Source\PSoC6/AMux_2.c **** *  void
  92:Generated_Source\PSoC6/AMux_2.c **** *
  93:Generated_Source\PSoC6/AMux_2.c **** *******************************************************************************/
  94:Generated_Source\PSoC6/AMux_2.c **** void AMux_2_FastSelect(uint8 channel) 
  95:Generated_Source\PSoC6/AMux_2.c **** {
 113              		.loc 1 95 0
 114              		.cfi_startproc
 115              		@ args = 0, pretend = 0, frame = 0
 116              		@ frame_needed = 0, uses_anonymous_args = 0
 117              	.LVL9:
 118 0000 10B5     		push	{r4, lr}
 119              		.cfi_def_cfa_offset 8
 120              		.cfi_offset 4, -8
 121              		.cfi_offset 14, -4
 122 0002 0446     		mov	r4, r0
  96:Generated_Source\PSoC6/AMux_2.c ****     /* Disconnect the last valid channel */
  97:Generated_Source\PSoC6/AMux_2.c ****     if( AMux_2_lastChannel != AMux_2_NULL_CHANNEL)
 123              		.loc 1 97 0
 124 0004 054B     		ldr	r3, .L14
 125 0006 1878     		ldrb	r0, [r3]	@ zero_extendqisi2
 126              	.LVL10:
 127 0008 FF28     		cmp	r0, #255
 128 000a 01D0     		beq	.L12
  98:Generated_Source\PSoC6/AMux_2.c ****     {
ARM GAS  C:\Users\43479\AppData\Local\Temp\ccVjJMSj.s 			page 5


  99:Generated_Source\PSoC6/AMux_2.c ****         AMux_2_Disconnect(AMux_2_lastChannel);
 129              		.loc 1 99 0
 130 000c FFF7FEFF 		bl	AMux_2_Unset
 131              	.LVL11:
 132              	.L12:
 100:Generated_Source\PSoC6/AMux_2.c ****     }
 101:Generated_Source\PSoC6/AMux_2.c **** 
 102:Generated_Source\PSoC6/AMux_2.c ****     /* Make the new channel connection */
 103:Generated_Source\PSoC6/AMux_2.c **** #if (AMux_2_MUXTYPE == AMux_2_MUX_SINGLE)
 104:Generated_Source\PSoC6/AMux_2.c ****     AMux_2_Set(channel);
 133              		.loc 1 104 0
 134 0010 2046     		mov	r0, r4
 135 0012 FFF7FEFF 		bl	AMux_2_Set
 136              	.LVL12:
 105:Generated_Source\PSoC6/AMux_2.c **** #else
 106:Generated_Source\PSoC6/AMux_2.c ****     AMux_2_CYAMUXSIDE_A_Set(channel);
 107:Generated_Source\PSoC6/AMux_2.c ****     AMux_2_CYAMUXSIDE_B_Set(channel);
 108:Generated_Source\PSoC6/AMux_2.c **** #endif
 109:Generated_Source\PSoC6/AMux_2.c **** 
 110:Generated_Source\PSoC6/AMux_2.c **** 
 111:Generated_Source\PSoC6/AMux_2.c ****     AMux_2_lastChannel = channel;   /* Update last channel */
 137              		.loc 1 111 0
 138 0016 014B     		ldr	r3, .L14
 139 0018 1C70     		strb	r4, [r3]
 140 001a 10BD     		pop	{r4, pc}
 141              	.L15:
 142              		.align	2
 143              	.L14:
 144 001c 00000000 		.word	.LANCHOR0
 145              		.cfi_endproc
 146              	.LFE127:
 147              		.size	AMux_2_FastSelect, .-AMux_2_FastSelect
 148              		.data
 149              		.set	.LANCHOR0,. + 0
 150              		.type	AMux_2_lastChannel, %object
 151              		.size	AMux_2_lastChannel, 1
 152              	AMux_2_lastChannel:
 153 0000 FF       		.byte	-1
 154              		.text
 155              	.Letext0:
 156              		.file 2 "d:\\mysoftware\\cypress\\psoc creator\\4.4\\psoc creator\\import\\gnu\\arm\\5.4.1\\arm-no
 157              		.file 3 "d:\\mysoftware\\cypress\\psoc creator\\4.4\\psoc creator\\import\\gnu\\arm\\5.4.1\\arm-no
 158              		.file 4 "Generated_Source\\PSoC6\\pdl\\drivers/peripheral/syslib/cy_syslib.h"
 159              		.file 5 "Generated_Source\\PSoC6\\cyfitter_cfg.h"
 160              		.file 6 "Generated_Source\\PSoC6\\pdl\\cmsis/include/core_cm4.h"
 161              		.section	.debug_info,"",%progbits
 162              	.Ldebug_info0:
 163 0000 BB010000 		.4byte	0x1bb
 164 0004 0400     		.2byte	0x4
 165 0006 00000000 		.4byte	.Ldebug_abbrev0
 166 000a 04       		.byte	0x4
 167 000b 01       		.uleb128 0x1
 168 000c E3000000 		.4byte	.LASF28
 169 0010 0C       		.byte	0xc
 170 0011 4D000000 		.4byte	.LASF29
 171 0015 22020000 		.4byte	.LASF30
 172 0019 00000000 		.4byte	.Ldebug_ranges0+0
ARM GAS  C:\Users\43479\AppData\Local\Temp\ccVjJMSj.s 			page 6


 173 001d 00000000 		.4byte	0
 174 0021 00000000 		.4byte	.Ldebug_line0
 175 0025 02       		.uleb128 0x2
 176 0026 02       		.byte	0x2
 177 0027 05       		.byte	0x5
 178 0028 F5010000 		.4byte	.LASF0
 179 002c 02       		.uleb128 0x2
 180 002d 01       		.byte	0x1
 181 002e 06       		.byte	0x6
 182 002f 16020000 		.4byte	.LASF1
 183 0033 03       		.uleb128 0x3
 184 0034 00000000 		.4byte	.LASF4
 185 0038 02       		.byte	0x2
 186 0039 1D       		.byte	0x1d
 187 003a 3E000000 		.4byte	0x3e
 188 003e 02       		.uleb128 0x2
 189 003f 01       		.byte	0x1
 190 0040 08       		.byte	0x8
 191 0041 6D000000 		.4byte	.LASF2
 192 0045 02       		.uleb128 0x2
 193 0046 02       		.byte	0x2
 194 0047 07       		.byte	0x7
 195 0048 27000000 		.4byte	.LASF3
 196 004c 03       		.uleb128 0x3
 197 004d 1D000000 		.4byte	.LASF5
 198 0051 02       		.byte	0x2
 199 0052 3F       		.byte	0x3f
 200 0053 57000000 		.4byte	0x57
 201 0057 02       		.uleb128 0x2
 202 0058 04       		.byte	0x4
 203 0059 05       		.byte	0x5
 204 005a 08020000 		.4byte	.LASF6
 205 005e 03       		.uleb128 0x3
 206 005f A7000000 		.4byte	.LASF7
 207 0063 02       		.byte	0x2
 208 0064 41       		.byte	0x41
 209 0065 69000000 		.4byte	0x69
 210 0069 02       		.uleb128 0x2
 211 006a 04       		.byte	0x4
 212 006b 07       		.byte	0x7
 213 006c 7B000000 		.4byte	.LASF8
 214 0070 02       		.uleb128 0x2
 215 0071 08       		.byte	0x8
 216 0072 05       		.byte	0x5
 217 0073 BA010000 		.4byte	.LASF9
 218 0077 02       		.uleb128 0x2
 219 0078 08       		.byte	0x8
 220 0079 07       		.byte	0x7
 221 007a C4000000 		.4byte	.LASF10
 222 007e 04       		.uleb128 0x4
 223 007f 04       		.byte	0x4
 224 0080 05       		.byte	0x5
 225 0081 696E7400 		.ascii	"int\000"
 226 0085 02       		.uleb128 0x2
 227 0086 04       		.byte	0x4
 228 0087 07       		.byte	0x7
 229 0088 E8010000 		.4byte	.LASF11
ARM GAS  C:\Users\43479\AppData\Local\Temp\ccVjJMSj.s 			page 7


 230 008c 03       		.uleb128 0x3
 231 008d DB000000 		.4byte	.LASF12
 232 0091 03       		.byte	0x3
 233 0092 18       		.byte	0x18
 234 0093 33000000 		.4byte	0x33
 235 0097 03       		.uleb128 0x3
 236 0098 96010000 		.4byte	.LASF13
 237 009c 03       		.byte	0x3
 238 009d 2C       		.byte	0x2c
 239 009e 4C000000 		.4byte	0x4c
 240 00a2 03       		.uleb128 0x3
 241 00a3 FF010000 		.4byte	.LASF14
 242 00a7 03       		.byte	0x3
 243 00a8 30       		.byte	0x30
 244 00a9 5E000000 		.4byte	0x5e
 245 00ad 02       		.uleb128 0x2
 246 00ae 04       		.byte	0x4
 247 00af 07       		.byte	0x7
 248 00b0 B1010000 		.4byte	.LASF15
 249 00b4 02       		.uleb128 0x2
 250 00b5 01       		.byte	0x1
 251 00b6 08       		.byte	0x8
 252 00b7 11020000 		.4byte	.LASF16
 253 00bb 02       		.uleb128 0x2
 254 00bc 04       		.byte	0x4
 255 00bd 04       		.byte	0x4
 256 00be 47000000 		.4byte	.LASF17
 257 00c2 02       		.uleb128 0x2
 258 00c3 08       		.byte	0x8
 259 00c4 04       		.byte	0x4
 260 00c5 A0000000 		.4byte	.LASF18
 261 00c9 05       		.uleb128 0x5
 262 00ca 8D000000 		.4byte	.LASF19
 263 00ce 04       		.byte	0x4
 264 00cf 8503     		.2byte	0x385
 265 00d1 8C000000 		.4byte	0x8c
 266 00d5 06       		.uleb128 0x6
 267 00d6 B7000000 		.4byte	.LASF20
 268 00da 01       		.byte	0x1
 269 00db 24       		.byte	0x24
 270 00dc 00000000 		.4byte	.LFB125
 271 00e0 20000000 		.4byte	.LFE125-.LFB125
 272 00e4 01       		.uleb128 0x1
 273 00e5 9C       		.byte	0x9c
 274 00e6 0A010000 		.4byte	0x10a
 275 00ea 07       		.uleb128 0x7
 276 00eb B2000000 		.4byte	.LASF24
 277 00ef 01       		.byte	0x1
 278 00f0 26       		.byte	0x26
 279 00f1 C9000000 		.4byte	0xc9
 280 00f5 00000000 		.4byte	.LLST0
 281 00f9 08       		.uleb128 0x8
 282 00fa 0C000000 		.4byte	.LVL2
 283 00fe A8010000 		.4byte	0x1a8
 284 0102 09       		.uleb128 0x9
 285 0103 01       		.uleb128 0x1
 286 0104 50       		.byte	0x50
ARM GAS  C:\Users\43479\AppData\Local\Temp\ccVjJMSj.s 			page 8


 287 0105 02       		.uleb128 0x2
 288 0106 74       		.byte	0x74
 289 0107 00       		.sleb128 0
 290 0108 00       		.byte	0
 291 0109 00       		.byte	0
 292 010a 06       		.uleb128 0x6
 293 010b C8010000 		.4byte	.LASF21
 294 010f 01       		.byte	0x1
 295 0110 45       		.byte	0x45
 296 0111 00000000 		.4byte	.LFB126
 297 0115 18000000 		.4byte	.LFE126-.LFB126
 298 0119 01       		.uleb128 0x1
 299 011a 9C       		.byte	0x9c
 300 011b 48010000 		.4byte	0x148
 301 011f 0A       		.uleb128 0xa
 302 0120 0A000000 		.4byte	.LASF23
 303 0124 01       		.byte	0x1
 304 0125 45       		.byte	0x45
 305 0126 C9000000 		.4byte	0xc9
 306 012a 2A000000 		.4byte	.LLST1
 307 012e 0B       		.uleb128 0xb
 308 012f 08000000 		.4byte	.LVL7
 309 0133 D5000000 		.4byte	0xd5
 310 0137 08       		.uleb128 0x8
 311 0138 0E000000 		.4byte	.LVL8
 312 013c B3010000 		.4byte	0x1b3
 313 0140 09       		.uleb128 0x9
 314 0141 01       		.uleb128 0x1
 315 0142 50       		.byte	0x50
 316 0143 02       		.uleb128 0x2
 317 0144 74       		.byte	0x74
 318 0145 00       		.sleb128 0
 319 0146 00       		.byte	0
 320 0147 00       		.byte	0
 321 0148 06       		.uleb128 0x6
 322 0149 D6010000 		.4byte	.LASF22
 323 014d 01       		.byte	0x1
 324 014e 5E       		.byte	0x5e
 325 014f 00000000 		.4byte	.LFB127
 326 0153 20000000 		.4byte	.LFE127-.LFB127
 327 0157 01       		.uleb128 0x1
 328 0158 9C       		.byte	0x9c
 329 0159 86010000 		.4byte	0x186
 330 015d 0A       		.uleb128 0xa
 331 015e 0A000000 		.4byte	.LASF23
 332 0162 01       		.byte	0x1
 333 0163 5E       		.byte	0x5e
 334 0164 C9000000 		.4byte	0xc9
 335 0168 4B000000 		.4byte	.LLST2
 336 016c 0B       		.uleb128 0xb
 337 016d 10000000 		.4byte	.LVL11
 338 0171 A8010000 		.4byte	0x1a8
 339 0175 08       		.uleb128 0x8
 340 0176 16000000 		.4byte	.LVL12
 341 017a B3010000 		.4byte	0x1b3
 342 017e 09       		.uleb128 0x9
 343 017f 01       		.uleb128 0x1
ARM GAS  C:\Users\43479\AppData\Local\Temp\ccVjJMSj.s 			page 9


 344 0180 50       		.byte	0x50
 345 0181 02       		.uleb128 0x2
 346 0182 74       		.byte	0x74
 347 0183 00       		.sleb128 0
 348 0184 00       		.byte	0
 349 0185 00       		.byte	0
 350 0186 0C       		.uleb128 0xc
 351 0187 9E010000 		.4byte	.LASF25
 352 018b 01       		.byte	0x1
 353 018c 14       		.byte	0x14
 354 018d C9000000 		.4byte	0xc9
 355 0191 05       		.uleb128 0x5
 356 0192 03       		.byte	0x3
 357 0193 00000000 		.4byte	AMux_2_lastChannel
 358 0197 0D       		.uleb128 0xd
 359 0198 93000000 		.4byte	.LASF31
 360 019c 06       		.byte	0x6
 361 019d EA07     		.2byte	0x7ea
 362 019f A3010000 		.4byte	0x1a3
 363 01a3 0E       		.uleb128 0xe
 364 01a4 97000000 		.4byte	0x97
 365 01a8 0F       		.uleb128 0xf
 366 01a9 3A000000 		.4byte	.LASF26
 367 01ad 3A000000 		.4byte	.LASF26
 368 01b1 05       		.byte	0x5
 369 01b2 1A       		.byte	0x1a
 370 01b3 0F       		.uleb128 0xf
 371 01b4 12000000 		.4byte	.LASF27
 372 01b8 12000000 		.4byte	.LASF27
 373 01bc 05       		.byte	0x5
 374 01bd 19       		.byte	0x19
 375 01be 00       		.byte	0
 376              		.section	.debug_abbrev,"",%progbits
 377              	.Ldebug_abbrev0:
 378 0000 01       		.uleb128 0x1
 379 0001 11       		.uleb128 0x11
 380 0002 01       		.byte	0x1
 381 0003 25       		.uleb128 0x25
 382 0004 0E       		.uleb128 0xe
 383 0005 13       		.uleb128 0x13
 384 0006 0B       		.uleb128 0xb
 385 0007 03       		.uleb128 0x3
 386 0008 0E       		.uleb128 0xe
 387 0009 1B       		.uleb128 0x1b
 388 000a 0E       		.uleb128 0xe
 389 000b 55       		.uleb128 0x55
 390 000c 17       		.uleb128 0x17
 391 000d 11       		.uleb128 0x11
 392 000e 01       		.uleb128 0x1
 393 000f 10       		.uleb128 0x10
 394 0010 17       		.uleb128 0x17
 395 0011 00       		.byte	0
 396 0012 00       		.byte	0
 397 0013 02       		.uleb128 0x2
 398 0014 24       		.uleb128 0x24
 399 0015 00       		.byte	0
 400 0016 0B       		.uleb128 0xb
ARM GAS  C:\Users\43479\AppData\Local\Temp\ccVjJMSj.s 			page 10


 401 0017 0B       		.uleb128 0xb
 402 0018 3E       		.uleb128 0x3e
 403 0019 0B       		.uleb128 0xb
 404 001a 03       		.uleb128 0x3
 405 001b 0E       		.uleb128 0xe
 406 001c 00       		.byte	0
 407 001d 00       		.byte	0
 408 001e 03       		.uleb128 0x3
 409 001f 16       		.uleb128 0x16
 410 0020 00       		.byte	0
 411 0021 03       		.uleb128 0x3
 412 0022 0E       		.uleb128 0xe
 413 0023 3A       		.uleb128 0x3a
 414 0024 0B       		.uleb128 0xb
 415 0025 3B       		.uleb128 0x3b
 416 0026 0B       		.uleb128 0xb
 417 0027 49       		.uleb128 0x49
 418 0028 13       		.uleb128 0x13
 419 0029 00       		.byte	0
 420 002a 00       		.byte	0
 421 002b 04       		.uleb128 0x4
 422 002c 24       		.uleb128 0x24
 423 002d 00       		.byte	0
 424 002e 0B       		.uleb128 0xb
 425 002f 0B       		.uleb128 0xb
 426 0030 3E       		.uleb128 0x3e
 427 0031 0B       		.uleb128 0xb
 428 0032 03       		.uleb128 0x3
 429 0033 08       		.uleb128 0x8
 430 0034 00       		.byte	0
 431 0035 00       		.byte	0
 432 0036 05       		.uleb128 0x5
 433 0037 16       		.uleb128 0x16
 434 0038 00       		.byte	0
 435 0039 03       		.uleb128 0x3
 436 003a 0E       		.uleb128 0xe
 437 003b 3A       		.uleb128 0x3a
 438 003c 0B       		.uleb128 0xb
 439 003d 3B       		.uleb128 0x3b
 440 003e 05       		.uleb128 0x5
 441 003f 49       		.uleb128 0x49
 442 0040 13       		.uleb128 0x13
 443 0041 00       		.byte	0
 444 0042 00       		.byte	0
 445 0043 06       		.uleb128 0x6
 446 0044 2E       		.uleb128 0x2e
 447 0045 01       		.byte	0x1
 448 0046 3F       		.uleb128 0x3f
 449 0047 19       		.uleb128 0x19
 450 0048 03       		.uleb128 0x3
 451 0049 0E       		.uleb128 0xe
 452 004a 3A       		.uleb128 0x3a
 453 004b 0B       		.uleb128 0xb
 454 004c 3B       		.uleb128 0x3b
 455 004d 0B       		.uleb128 0xb
 456 004e 27       		.uleb128 0x27
 457 004f 19       		.uleb128 0x19
ARM GAS  C:\Users\43479\AppData\Local\Temp\ccVjJMSj.s 			page 11


 458 0050 11       		.uleb128 0x11
 459 0051 01       		.uleb128 0x1
 460 0052 12       		.uleb128 0x12
 461 0053 06       		.uleb128 0x6
 462 0054 40       		.uleb128 0x40
 463 0055 18       		.uleb128 0x18
 464 0056 9742     		.uleb128 0x2117
 465 0058 19       		.uleb128 0x19
 466 0059 01       		.uleb128 0x1
 467 005a 13       		.uleb128 0x13
 468 005b 00       		.byte	0
 469 005c 00       		.byte	0
 470 005d 07       		.uleb128 0x7
 471 005e 34       		.uleb128 0x34
 472 005f 00       		.byte	0
 473 0060 03       		.uleb128 0x3
 474 0061 0E       		.uleb128 0xe
 475 0062 3A       		.uleb128 0x3a
 476 0063 0B       		.uleb128 0xb
 477 0064 3B       		.uleb128 0x3b
 478 0065 0B       		.uleb128 0xb
 479 0066 49       		.uleb128 0x49
 480 0067 13       		.uleb128 0x13
 481 0068 02       		.uleb128 0x2
 482 0069 17       		.uleb128 0x17
 483 006a 00       		.byte	0
 484 006b 00       		.byte	0
 485 006c 08       		.uleb128 0x8
 486 006d 898201   		.uleb128 0x4109
 487 0070 01       		.byte	0x1
 488 0071 11       		.uleb128 0x11
 489 0072 01       		.uleb128 0x1
 490 0073 31       		.uleb128 0x31
 491 0074 13       		.uleb128 0x13
 492 0075 00       		.byte	0
 493 0076 00       		.byte	0
 494 0077 09       		.uleb128 0x9
 495 0078 8A8201   		.uleb128 0x410a
 496 007b 00       		.byte	0
 497 007c 02       		.uleb128 0x2
 498 007d 18       		.uleb128 0x18
 499 007e 9142     		.uleb128 0x2111
 500 0080 18       		.uleb128 0x18
 501 0081 00       		.byte	0
 502 0082 00       		.byte	0
 503 0083 0A       		.uleb128 0xa
 504 0084 05       		.uleb128 0x5
 505 0085 00       		.byte	0
 506 0086 03       		.uleb128 0x3
 507 0087 0E       		.uleb128 0xe
 508 0088 3A       		.uleb128 0x3a
 509 0089 0B       		.uleb128 0xb
 510 008a 3B       		.uleb128 0x3b
 511 008b 0B       		.uleb128 0xb
 512 008c 49       		.uleb128 0x49
 513 008d 13       		.uleb128 0x13
 514 008e 02       		.uleb128 0x2
ARM GAS  C:\Users\43479\AppData\Local\Temp\ccVjJMSj.s 			page 12


 515 008f 17       		.uleb128 0x17
 516 0090 00       		.byte	0
 517 0091 00       		.byte	0
 518 0092 0B       		.uleb128 0xb
 519 0093 898201   		.uleb128 0x4109
 520 0096 00       		.byte	0
 521 0097 11       		.uleb128 0x11
 522 0098 01       		.uleb128 0x1
 523 0099 31       		.uleb128 0x31
 524 009a 13       		.uleb128 0x13
 525 009b 00       		.byte	0
 526 009c 00       		.byte	0
 527 009d 0C       		.uleb128 0xc
 528 009e 34       		.uleb128 0x34
 529 009f 00       		.byte	0
 530 00a0 03       		.uleb128 0x3
 531 00a1 0E       		.uleb128 0xe
 532 00a2 3A       		.uleb128 0x3a
 533 00a3 0B       		.uleb128 0xb
 534 00a4 3B       		.uleb128 0x3b
 535 00a5 0B       		.uleb128 0xb
 536 00a6 49       		.uleb128 0x49
 537 00a7 13       		.uleb128 0x13
 538 00a8 02       		.uleb128 0x2
 539 00a9 18       		.uleb128 0x18
 540 00aa 00       		.byte	0
 541 00ab 00       		.byte	0
 542 00ac 0D       		.uleb128 0xd
 543 00ad 34       		.uleb128 0x34
 544 00ae 00       		.byte	0
 545 00af 03       		.uleb128 0x3
 546 00b0 0E       		.uleb128 0xe
 547 00b1 3A       		.uleb128 0x3a
 548 00b2 0B       		.uleb128 0xb
 549 00b3 3B       		.uleb128 0x3b
 550 00b4 05       		.uleb128 0x5
 551 00b5 49       		.uleb128 0x49
 552 00b6 13       		.uleb128 0x13
 553 00b7 3F       		.uleb128 0x3f
 554 00b8 19       		.uleb128 0x19
 555 00b9 3C       		.uleb128 0x3c
 556 00ba 19       		.uleb128 0x19
 557 00bb 00       		.byte	0
 558 00bc 00       		.byte	0
 559 00bd 0E       		.uleb128 0xe
 560 00be 35       		.uleb128 0x35
 561 00bf 00       		.byte	0
 562 00c0 49       		.uleb128 0x49
 563 00c1 13       		.uleb128 0x13
 564 00c2 00       		.byte	0
 565 00c3 00       		.byte	0
 566 00c4 0F       		.uleb128 0xf
 567 00c5 2E       		.uleb128 0x2e
 568 00c6 00       		.byte	0
 569 00c7 3F       		.uleb128 0x3f
 570 00c8 19       		.uleb128 0x19
 571 00c9 3C       		.uleb128 0x3c
ARM GAS  C:\Users\43479\AppData\Local\Temp\ccVjJMSj.s 			page 13


 572 00ca 19       		.uleb128 0x19
 573 00cb 6E       		.uleb128 0x6e
 574 00cc 0E       		.uleb128 0xe
 575 00cd 03       		.uleb128 0x3
 576 00ce 0E       		.uleb128 0xe
 577 00cf 3A       		.uleb128 0x3a
 578 00d0 0B       		.uleb128 0xb
 579 00d1 3B       		.uleb128 0x3b
 580 00d2 0B       		.uleb128 0xb
 581 00d3 00       		.byte	0
 582 00d4 00       		.byte	0
 583 00d5 00       		.byte	0
 584              		.section	.debug_loc,"",%progbits
 585              	.Ldebug_loc0:
 586              	.LLST0:
 587 0000 02000000 		.4byte	.LVL0
 588 0004 06000000 		.4byte	.LVL1
 589 0008 0200     		.2byte	0x2
 590 000a 30       		.byte	0x30
 591 000b 9F       		.byte	0x9f
 592 000c 06000000 		.4byte	.LVL1
 593 0010 0E000000 		.4byte	.LVL3
 594 0014 0100     		.2byte	0x1
 595 0016 54       		.byte	0x54
 596 0017 10000000 		.4byte	.LVL4
 597 001b 1C000000 		.4byte	.LVL5
 598 001f 0100     		.2byte	0x1
 599 0021 54       		.byte	0x54
 600 0022 00000000 		.4byte	0
 601 0026 00000000 		.4byte	0
 602              	.LLST1:
 603 002a 00000000 		.4byte	.LVL6
 604 002e 07000000 		.4byte	.LVL7-1
 605 0032 0100     		.2byte	0x1
 606 0034 50       		.byte	0x50
 607 0035 07000000 		.4byte	.LVL7-1
 608 0039 18000000 		.4byte	.LFE126
 609 003d 0400     		.2byte	0x4
 610 003f F3       		.byte	0xf3
 611 0040 01       		.uleb128 0x1
 612 0041 50       		.byte	0x50
 613 0042 9F       		.byte	0x9f
 614 0043 00000000 		.4byte	0
 615 0047 00000000 		.4byte	0
 616              	.LLST2:
 617 004b 00000000 		.4byte	.LVL9
 618 004f 08000000 		.4byte	.LVL10
 619 0053 0100     		.2byte	0x1
 620 0055 50       		.byte	0x50
 621 0056 08000000 		.4byte	.LVL10
 622 005a 20000000 		.4byte	.LFE127
 623 005e 0400     		.2byte	0x4
 624 0060 F3       		.byte	0xf3
 625 0061 01       		.uleb128 0x1
 626 0062 50       		.byte	0x50
 627 0063 9F       		.byte	0x9f
 628 0064 00000000 		.4byte	0
ARM GAS  C:\Users\43479\AppData\Local\Temp\ccVjJMSj.s 			page 14


 629 0068 00000000 		.4byte	0
 630              		.section	.debug_aranges,"",%progbits
 631 0000 2C000000 		.4byte	0x2c
 632 0004 0200     		.2byte	0x2
 633 0006 00000000 		.4byte	.Ldebug_info0
 634 000a 04       		.byte	0x4
 635 000b 00       		.byte	0
 636 000c 0000     		.2byte	0
 637 000e 0000     		.2byte	0
 638 0010 00000000 		.4byte	.LFB125
 639 0014 20000000 		.4byte	.LFE125-.LFB125
 640 0018 00000000 		.4byte	.LFB126
 641 001c 18000000 		.4byte	.LFE126-.LFB126
 642 0020 00000000 		.4byte	.LFB127
 643 0024 20000000 		.4byte	.LFE127-.LFB127
 644 0028 00000000 		.4byte	0
 645 002c 00000000 		.4byte	0
 646              		.section	.debug_ranges,"",%progbits
 647              	.Ldebug_ranges0:
 648 0000 00000000 		.4byte	.LFB125
 649 0004 20000000 		.4byte	.LFE125
 650 0008 00000000 		.4byte	.LFB126
 651 000c 18000000 		.4byte	.LFE126
 652 0010 00000000 		.4byte	.LFB127
 653 0014 20000000 		.4byte	.LFE127
 654 0018 00000000 		.4byte	0
 655 001c 00000000 		.4byte	0
 656              		.section	.debug_line,"",%progbits
 657              	.Ldebug_line0:
 658 0000 FF010000 		.section	.debug_str,"MS",%progbits,1
 658      0200AE01 
 658      00000201 
 658      FB0E0D00 
 658      01010101 
 659              	.LASF4:
 660 0000 5F5F7569 		.ascii	"__uint8_t\000"
 660      6E74385F 
 660      7400
 661              	.LASF23:
 662 000a 6368616E 		.ascii	"channel\000"
 662      6E656C00 
 663              	.LASF27:
 664 0012 414D7578 		.ascii	"AMux_2_Set\000"
 664      5F325F53 
 664      657400
 665              	.LASF5:
 666 001d 5F5F696E 		.ascii	"__int32_t\000"
 666      7433325F 
 666      7400
 667              	.LASF3:
 668 0027 73686F72 		.ascii	"short unsigned int\000"
 668      7420756E 
 668      7369676E 
 668      65642069 
 668      6E7400
 669              	.LASF26:
 670 003a 414D7578 		.ascii	"AMux_2_Unset\000"
ARM GAS  C:\Users\43479\AppData\Local\Temp\ccVjJMSj.s 			page 15


 670      5F325F55 
 670      6E736574 
 670      00
 671              	.LASF17:
 672 0047 666C6F61 		.ascii	"float\000"
 672      7400
 673              	.LASF29:
 674 004d 47656E65 		.ascii	"Generated_Source\\PSoC6\\AMux_2.c\000"
 674      72617465 
 674      645F536F 
 674      75726365 
 674      5C50536F 
 675              	.LASF2:
 676 006d 756E7369 		.ascii	"unsigned char\000"
 676      676E6564 
 676      20636861 
 676      7200
 677              	.LASF8:
 678 007b 6C6F6E67 		.ascii	"long unsigned int\000"
 678      20756E73 
 678      69676E65 
 678      6420696E 
 678      7400
 679              	.LASF19:
 680 008d 75696E74 		.ascii	"uint8\000"
 680      3800
 681              	.LASF31:
 682 0093 49544D5F 		.ascii	"ITM_RxBuffer\000"
 682      52784275 
 682      66666572 
 682      00
 683              	.LASF18:
 684 00a0 646F7562 		.ascii	"double\000"
 684      6C6500
 685              	.LASF7:
 686 00a7 5F5F7569 		.ascii	"__uint32_t\000"
 686      6E743332 
 686      5F7400
 687              	.LASF24:
 688 00b2 6368616E 		.ascii	"chan\000"
 688      00
 689              	.LASF20:
 690 00b7 414D7578 		.ascii	"AMux_2_Start\000"
 690      5F325F53 
 690      74617274 
 690      00
 691              	.LASF10:
 692 00c4 6C6F6E67 		.ascii	"long long unsigned int\000"
 692      206C6F6E 
 692      6720756E 
 692      7369676E 
 692      65642069 
 693              	.LASF12:
 694 00db 75696E74 		.ascii	"uint8_t\000"
 694      385F7400 
 695              	.LASF28:
 696 00e3 474E5520 		.ascii	"GNU C11 5.4.1 20160609 (release) [ARM/embedded-5-br"
ARM GAS  C:\Users\43479\AppData\Local\Temp\ccVjJMSj.s 			page 16


 696      43313120 
 696      352E342E 
 696      31203230 
 696      31363036 
 697 0116 616E6368 		.ascii	"anch revision 237715] -mcpu=cortex-m4 -mfloat-abi=s"
 697      20726576 
 697      6973696F 
 697      6E203233 
 697      37373135 
 698 0149 6F667466 		.ascii	"oftfp -mfpu=fpv4-sp-d16 -mthumb -g -Og -ffunction-s"
 698      70202D6D 
 698      6670753D 
 698      66707634 
 698      2D73702D 
 699 017c 65637469 		.ascii	"ections -ffat-lto-objects\000"
 699      6F6E7320 
 699      2D666661 
 699      742D6C74 
 699      6F2D6F62 
 700              	.LASF13:
 701 0196 696E7433 		.ascii	"int32_t\000"
 701      325F7400 
 702              	.LASF25:
 703 019e 414D7578 		.ascii	"AMux_2_lastChannel\000"
 703      5F325F6C 
 703      61737443 
 703      68616E6E 
 703      656C00
 704              	.LASF15:
 705 01b1 73697A65 		.ascii	"sizetype\000"
 705      74797065 
 705      00
 706              	.LASF9:
 707 01ba 6C6F6E67 		.ascii	"long long int\000"
 707      206C6F6E 
 707      6720696E 
 707      7400
 708              	.LASF21:
 709 01c8 414D7578 		.ascii	"AMux_2_Select\000"
 709      5F325F53 
 709      656C6563 
 709      7400
 710              	.LASF22:
 711 01d6 414D7578 		.ascii	"AMux_2_FastSelect\000"
 711      5F325F46 
 711      61737453 
 711      656C6563 
 711      7400
 712              	.LASF11:
 713 01e8 756E7369 		.ascii	"unsigned int\000"
 713      676E6564 
 713      20696E74 
 713      00
 714              	.LASF0:
 715 01f5 73686F72 		.ascii	"short int\000"
 715      7420696E 
 715      7400
ARM GAS  C:\Users\43479\AppData\Local\Temp\ccVjJMSj.s 			page 17


 716              	.LASF14:
 717 01ff 75696E74 		.ascii	"uint32_t\000"
 717      33325F74 
 717      00
 718              	.LASF6:
 719 0208 6C6F6E67 		.ascii	"long int\000"
 719      20696E74 
 719      00
 720              	.LASF16:
 721 0211 63686172 		.ascii	"char\000"
 721      00
 722              	.LASF1:
 723 0216 7369676E 		.ascii	"signed char\000"
 723      65642063 
 723      68617200 
 724              	.LASF30:
 725 0222 483A5C47 		.ascii	"H:\\Githubrepo\\Intern_hiwi\\April_BLE\\Final_proje"
 725      69746875 
 725      62726570 
 725      6F5C496E 
 725      7465726E 
 726 0251 63743031 		.ascii	"ct01_20Byte.cydsn\000"
 726      5F323042 
 726      7974652E 
 726      63796473 
 726      6E00
 727              		.ident	"GCC: (GNU Tools for ARM Embedded Processors) 5.4.1 20160609 (release) [ARM/embedded-5-bran
