ARM GAS  C:\Users\ADMINI~1\AppData\Local\Temp\ccxzoq6Y.s 			page 1


   1              		.syntax unified
   2              		.cpu cortex-m4
   3              		.eabi_attribute 27, 1
   4              		.fpu fpv4-sp-d16
   5              		.eabi_attribute 20, 1
   6              		.eabi_attribute 21, 1
   7              		.eabi_attribute 23, 3
   8              		.eabi_attribute 24, 1
   9              		.eabi_attribute 25, 1
  10              		.eabi_attribute 26, 1
  11              		.eabi_attribute 30, 1
  12              		.eabi_attribute 34, 1
  13              		.eabi_attribute 18, 4
  14              		.thumb
  15              		.syntax unified
  16              		.file	"BLE_custom_config.c"
  17              		.text
  18              	.Ltext0:
  19              		.cfi_sections	.debug_frame
  20              		.global	cy_ble_customConfig
  21              		.section	.rodata
  22              		.align	2
  23              		.type	cy_ble_customs, %object
  24              		.size	cy_ble_customs, 8
  25              	cy_ble_customs:
  26 0000 1900     		.short	25
  27 0002 1B00     		.short	27
  28 0004 1C00     		.short	28
  29 0006 1D00     		.short	29
  30              		.data
  31              		.align	2
  32              		.type	cy_ble_customConfig, %object
  33              		.size	cy_ble_customConfig, 4
  34              	cy_ble_customConfig:
  35 0000 00000000 		.word	cy_ble_customs
  36              		.text
  37              	.Letext0:
  38              		.file 1 "c:\\program files (x86)\\cypress\\psoc creator\\4.4\\psoc creator\\import\\gnu\\arm\\5.4.
  39              		.file 2 "c:\\program files (x86)\\cypress\\psoc creator\\4.4\\psoc creator\\import\\gnu\\arm\\5.4.
  40              		.file 3 "Generated_Source\\PSoC6\\pdl\\middleware/ble/cy_ble_stack_host_main.h"
  41              		.file 4 "Generated_Source\\PSoC6\\pdl\\middleware/ble/cy_ble_stack_gatt.h"
  42              		.file 5 "Generated_Source\\PSoC6\\pdl\\middleware/ble/cy_ble_gap.h"
  43              		.file 6 "Generated_Source\\PSoC6\\pdl\\middleware/ble/cy_ble_custom.h"
  44              		.file 7 "Generated_Source\\PSoC6\\pdl\\cmsis/include/core_cm4.h"
  45              		.file 8 "Generated_Source\\PSoC6\\BLE_custom_config.c"
  46              		.section	.debug_info,"",%progbits
  47              	.Ldebug_info0:
  48 0000 D1020000 		.4byte	0x2d1
  49 0004 0400     		.2byte	0x4
  50 0006 00000000 		.4byte	.Ldebug_abbrev0
  51 000a 04       		.byte	0x4
  52 000b 01       		.uleb128 0x1
  53 000c 1D030000 		.4byte	.LASF55
  54 0010 0C       		.byte	0xc
  55 0011 6E000000 		.4byte	.LASF56
  56 0015 4B010000 		.4byte	.LASF57
  57 0019 00000000 		.4byte	.Ldebug_line0
ARM GAS  C:\Users\ADMINI~1\AppData\Local\Temp\ccxzoq6Y.s 			page 2


  58 001d 02       		.uleb128 0x2
  59 001e 04       		.byte	0x4
  60 001f 05       		.byte	0x5
  61 0020 696E7400 		.ascii	"int\000"
  62 0024 03       		.uleb128 0x3
  63 0025 04       		.byte	0x4
  64 0026 07       		.byte	0x7
  65 0027 8C020000 		.4byte	.LASF0
  66 002b 03       		.uleb128 0x3
  67 002c 08       		.byte	0x8
  68 002d 05       		.byte	0x5
  69 002e FC030000 		.4byte	.LASF1
  70 0032 03       		.uleb128 0x3
  71 0033 08       		.byte	0x8
  72 0034 04       		.byte	0x4
  73 0035 DA040000 		.4byte	.LASF2
  74 0039 03       		.uleb128 0x3
  75 003a 01       		.byte	0x1
  76 003b 06       		.byte	0x6
  77 003c E6040000 		.4byte	.LASF3
  78 0040 04       		.uleb128 0x4
  79 0041 1B000000 		.4byte	.LASF6
  80 0045 01       		.byte	0x1
  81 0046 1D       		.byte	0x1d
  82 0047 4B000000 		.4byte	0x4b
  83 004b 03       		.uleb128 0x3
  84 004c 01       		.byte	0x1
  85 004d 08       		.byte	0x8
  86 004e 61020000 		.4byte	.LASF4
  87 0052 03       		.uleb128 0x3
  88 0053 02       		.byte	0x2
  89 0054 05       		.byte	0x5
  90 0055 62040000 		.4byte	.LASF5
  91 0059 04       		.uleb128 0x4
  92 005a 6F020000 		.4byte	.LASF7
  93 005e 01       		.byte	0x1
  94 005f 2B       		.byte	0x2b
  95 0060 64000000 		.4byte	0x64
  96 0064 03       		.uleb128 0x3
  97 0065 02       		.byte	0x2
  98 0066 07       		.byte	0x7
  99 0067 00020000 		.4byte	.LASF8
 100 006b 04       		.uleb128 0x4
 101 006c FB000000 		.4byte	.LASF9
 102 0070 01       		.byte	0x1
 103 0071 3F       		.byte	0x3f
 104 0072 76000000 		.4byte	0x76
 105 0076 03       		.uleb128 0x3
 106 0077 04       		.byte	0x4
 107 0078 05       		.byte	0x5
 108 0079 CC040000 		.4byte	.LASF10
 109 007d 04       		.uleb128 0x4
 110 007e 81020000 		.4byte	.LASF11
 111 0082 01       		.byte	0x1
 112 0083 41       		.byte	0x41
 113 0084 88000000 		.4byte	0x88
 114 0088 03       		.uleb128 0x3
ARM GAS  C:\Users\ADMINI~1\AppData\Local\Temp\ccxzoq6Y.s 			page 3


 115 0089 04       		.byte	0x4
 116 008a 07       		.byte	0x7
 117 008b EE010000 		.4byte	.LASF12
 118 008f 03       		.uleb128 0x3
 119 0090 08       		.byte	0x8
 120 0091 07       		.byte	0x7
 121 0092 BD020000 		.4byte	.LASF13
 122 0096 03       		.uleb128 0x3
 123 0097 04       		.byte	0x4
 124 0098 07       		.byte	0x7
 125 0099 F3030000 		.4byte	.LASF14
 126 009d 03       		.uleb128 0x3
 127 009e 01       		.byte	0x1
 128 009f 08       		.byte	0x8
 129 00a0 D5040000 		.4byte	.LASF15
 130 00a4 04       		.uleb128 0x4
 131 00a5 F3000000 		.4byte	.LASF16
 132 00a9 02       		.byte	0x2
 133 00aa 18       		.byte	0x18
 134 00ab 40000000 		.4byte	0x40
 135 00af 04       		.uleb128 0x4
 136 00b0 6C040000 		.4byte	.LASF17
 137 00b4 02       		.byte	0x2
 138 00b5 24       		.byte	0x24
 139 00b6 59000000 		.4byte	0x59
 140 00ba 04       		.uleb128 0x4
 141 00bb E5030000 		.4byte	.LASF18
 142 00bf 02       		.byte	0x2
 143 00c0 2C       		.byte	0x2c
 144 00c1 6B000000 		.4byte	0x6b
 145 00c5 04       		.uleb128 0x4
 146 00c6 C3040000 		.4byte	.LASF19
 147 00ca 02       		.byte	0x2
 148 00cb 30       		.byte	0x30
 149 00cc 7D000000 		.4byte	0x7d
 150 00d0 03       		.uleb128 0x3
 151 00d1 04       		.byte	0x4
 152 00d2 04       		.byte	0x4
 153 00d3 45010000 		.4byte	.LASF20
 154 00d7 03       		.uleb128 0x3
 155 00d8 08       		.byte	0x8
 156 00d9 04       		.byte	0x4
 157 00da 7A020000 		.4byte	.LASF21
 158 00de 05       		.uleb128 0x5
 159 00df 02       		.byte	0x2
 160 00e0 03       		.byte	0x3
 161 00e1 5B01     		.2byte	0x15b
 162 00e3 02010000 		.4byte	0x102
 163 00e7 06       		.uleb128 0x6
 164 00e8 3A000000 		.4byte	.LASF22
 165 00ec 03       		.byte	0x3
 166 00ed 6501     		.2byte	0x165
 167 00ef A4000000 		.4byte	0xa4
 168 00f3 00       		.byte	0
 169 00f4 06       		.uleb128 0x6
 170 00f5 ED030000 		.4byte	.LASF23
 171 00f9 03       		.byte	0x3
ARM GAS  C:\Users\ADMINI~1\AppData\Local\Temp\ccxzoq6Y.s 			page 4


 172 00fa 6901     		.2byte	0x169
 173 00fc A4000000 		.4byte	0xa4
 174 0100 01       		.byte	0x1
 175 0101 00       		.byte	0
 176 0102 07       		.uleb128 0x7
 177 0103 99000000 		.4byte	.LASF24
 178 0107 03       		.byte	0x3
 179 0108 6B01     		.2byte	0x16b
 180 010a DE000000 		.4byte	0xde
 181 010e 07       		.uleb128 0x7
 182 010f D1010000 		.4byte	.LASF25
 183 0113 04       		.byte	0x4
 184 0114 7F01     		.2byte	0x17f
 185 0116 AF000000 		.4byte	0xaf
 186 011a 08       		.uleb128 0x8
 187 011b 01       		.byte	0x1
 188 011c 4B000000 		.4byte	0x4b
 189 0120 05       		.byte	0x5
 190 0121 7E       		.byte	0x7e
 191 0122 3F010000 		.4byte	0x13f
 192 0126 09       		.uleb128 0x9
 193 0127 F2040000 		.4byte	.LASF26
 194 012b 00       		.byte	0
 195 012c 09       		.uleb128 0x9
 196 012d FE020000 		.4byte	.LASF27
 197 0131 01       		.byte	0x1
 198 0132 09       		.uleb128 0x9
 199 0133 75040000 		.4byte	.LASF28
 200 0137 02       		.byte	0x2
 201 0138 09       		.uleb128 0x9
 202 0139 8C010000 		.4byte	.LASF29
 203 013d 03       		.byte	0x3
 204 013e 00       		.byte	0
 205 013f 04       		.uleb128 0x4
 206 0140 2F010000 		.4byte	.LASF30
 207 0144 05       		.byte	0x5
 208 0145 83       		.byte	0x83
 209 0146 1A010000 		.4byte	0x11a
 210 014a 08       		.uleb128 0x8
 211 014b 01       		.byte	0x1
 212 014c 4B000000 		.4byte	0x4b
 213 0150 05       		.byte	0x5
 214 0151 87       		.byte	0x87
 215 0152 87010000 		.4byte	0x187
 216 0156 09       		.uleb128 0x9
 217 0157 24040000 		.4byte	.LASF31
 218 015b 00       		.byte	0
 219 015c 09       		.uleb128 0x9
 220 015d 92040000 		.4byte	.LASF32
 221 0161 01       		.byte	0x1
 222 0162 09       		.uleb128 0x9
 223 0163 B2000000 		.4byte	.LASF33
 224 0167 02       		.byte	0x2
 225 0168 09       		.uleb128 0x9
 226 0169 05010000 		.4byte	.LASF34
 227 016d 03       		.byte	0x3
 228 016e 09       		.uleb128 0x9
ARM GAS  C:\Users\ADMINI~1\AppData\Local\Temp\ccxzoq6Y.s 			page 5


 229 016f D4020000 		.4byte	.LASF35
 230 0173 04       		.byte	0x4
 231 0174 09       		.uleb128 0x9
 232 0175 1B020000 		.4byte	.LASF36
 233 0179 05       		.byte	0x5
 234 017a 09       		.uleb128 0x9
 235 017b 43000000 		.4byte	.LASF37
 236 017f 06       		.byte	0x6
 237 0180 09       		.uleb128 0x9
 238 0181 99020000 		.4byte	.LASF38
 239 0185 07       		.byte	0x7
 240 0186 00       		.byte	0
 241 0187 04       		.uleb128 0x4
 242 0188 3B050000 		.4byte	.LASF39
 243 018c 05       		.byte	0x5
 244 018d 90       		.byte	0x90
 245 018e 4A010000 		.4byte	0x14a
 246 0192 03       		.uleb128 0x3
 247 0193 01       		.byte	0x1
 248 0194 02       		.byte	0x2
 249 0195 0B050000 		.4byte	.LASF40
 250 0199 0A       		.uleb128 0xa
 251 019a 06       		.byte	0x6
 252 019b 06       		.byte	0x6
 253 019c 3B       		.byte	0x3b
 254 019d BA010000 		.4byte	0x1ba
 255 01a1 0B       		.uleb128 0xb
 256 01a2 25000000 		.4byte	.LASF41
 257 01a6 06       		.byte	0x6
 258 01a7 3E       		.byte	0x3e
 259 01a8 0E010000 		.4byte	0x10e
 260 01ac 00       		.byte	0
 261 01ad 0B       		.uleb128 0xb
 262 01ae CE000000 		.4byte	.LASF42
 263 01b2 06       		.byte	0x6
 264 01b3 41       		.byte	0x41
 265 01b4 BA010000 		.4byte	0x1ba
 266 01b8 02       		.byte	0x2
 267 01b9 00       		.byte	0
 268 01ba 0C       		.uleb128 0xc
 269 01bb 0E010000 		.4byte	0x10e
 270 01bf CA010000 		.4byte	0x1ca
 271 01c3 0D       		.uleb128 0xd
 272 01c4 96000000 		.4byte	0x96
 273 01c8 01       		.byte	0x1
 274 01c9 00       		.byte	0
 275 01ca 04       		.uleb128 0x4
 276 01cb 0A040000 		.4byte	.LASF43
 277 01cf 06       		.byte	0x6
 278 01d0 43       		.byte	0x43
 279 01d1 99010000 		.4byte	0x199
 280 01d5 0A       		.uleb128 0xa
 281 01d6 08       		.byte	0x8
 282 01d7 06       		.byte	0x6
 283 01d8 46       		.byte	0x46
 284 01d9 F6010000 		.4byte	0x1f6
 285 01dd 0B       		.uleb128 0xb
ARM GAS  C:\Users\ADMINI~1\AppData\Local\Temp\ccxzoq6Y.s 			page 6


 286 01de C0010000 		.4byte	.LASF44
 287 01e2 06       		.byte	0x6
 288 01e3 49       		.byte	0x49
 289 01e4 0E010000 		.4byte	0x10e
 290 01e8 00       		.byte	0
 291 01e9 0B       		.uleb128 0xb
 292 01ea 53040000 		.4byte	.LASF45
 293 01ee 06       		.byte	0x6
 294 01ef 4C       		.byte	0x4c
 295 01f0 F6010000 		.4byte	0x1f6
 296 01f4 02       		.byte	0x2
 297 01f5 00       		.byte	0
 298 01f6 0C       		.uleb128 0xc
 299 01f7 CA010000 		.4byte	0x1ca
 300 01fb 06020000 		.4byte	0x206
 301 01ff 0D       		.uleb128 0xd
 302 0200 96000000 		.4byte	0x96
 303 0204 00       		.byte	0
 304 0205 00       		.byte	0
 305 0206 04       		.uleb128 0x4
 306 0207 D0030000 		.4byte	.LASF46
 307 020b 06       		.byte	0x6
 308 020c 4E       		.byte	0x4e
 309 020d D5010000 		.4byte	0x1d5
 310 0211 0A       		.uleb128 0xa
 311 0212 04       		.byte	0x4
 312 0213 06       		.byte	0x6
 313 0214 90       		.byte	0x90
 314 0215 26020000 		.4byte	0x226
 315 0219 0B       		.uleb128 0xb
 316 021a 13020000 		.4byte	.LASF47
 317 021e 06       		.byte	0x6
 318 021f 94       		.byte	0x94
 319 0220 26020000 		.4byte	0x226
 320 0224 00       		.byte	0
 321 0225 00       		.byte	0
 322 0226 0E       		.uleb128 0xe
 323 0227 04       		.byte	0x4
 324 0228 2C020000 		.4byte	0x22c
 325 022c 0F       		.uleb128 0xf
 326 022d 06020000 		.4byte	0x206
 327 0231 04       		.uleb128 0x4
 328 0232 00000000 		.4byte	.LASF48
 329 0236 06       		.byte	0x6
 330 0237 9B       		.byte	0x9b
 331 0238 11020000 		.4byte	0x211
 332 023c 0C       		.uleb128 0xc
 333 023d 2C020000 		.4byte	0x22c
 334 0241 4C020000 		.4byte	0x24c
 335 0245 0D       		.uleb128 0xd
 336 0246 96000000 		.4byte	0x96
 337 024a 00       		.byte	0
 338 024b 00       		.byte	0
 339 024c 10       		.uleb128 0x10
 340 024d 52020000 		.4byte	.LASF58
 341 0251 08       		.byte	0x8
 342 0252 1C       		.byte	0x1c
ARM GAS  C:\Users\ADMINI~1\AppData\Local\Temp\ccxzoq6Y.s 			page 7


 343 0253 5D020000 		.4byte	0x25d
 344 0257 05       		.uleb128 0x5
 345 0258 03       		.byte	0x3
 346 0259 00000000 		.4byte	cy_ble_customs
 347 025d 0F       		.uleb128 0xf
 348 025e 3C020000 		.4byte	0x23c
 349 0262 11       		.uleb128 0x11
 350 0263 45020000 		.4byte	.LASF49
 351 0267 07       		.byte	0x7
 352 0268 EA07     		.2byte	0x7ea
 353 026a 6E020000 		.4byte	0x26e
 354 026e 12       		.uleb128 0x12
 355 026f BA000000 		.4byte	0xba
 356 0273 11       		.uleb128 0x11
 357 0274 43040000 		.4byte	.LASF50
 358 0278 05       		.byte	0x5
 359 0279 2202     		.2byte	0x222
 360 027b 3F010000 		.4byte	0x13f
 361 027f 0C       		.uleb128 0xc
 362 0280 02010000 		.4byte	0x102
 363 0284 8F020000 		.4byte	0x28f
 364 0288 0D       		.uleb128 0xd
 365 0289 96000000 		.4byte	0x96
 366 028d 00       		.byte	0
 367 028e 00       		.byte	0
 368 028f 11       		.uleb128 0x11
 369 0290 E1000000 		.4byte	.LASF51
 370 0294 05       		.byte	0x5
 371 0295 2C02     		.2byte	0x22c
 372 0297 7F020000 		.4byte	0x27f
 373 029b 0C       		.uleb128 0xc
 374 029c 87010000 		.4byte	0x187
 375 02a0 AB020000 		.4byte	0x2ab
 376 02a4 0D       		.uleb128 0xd
 377 02a5 96000000 		.4byte	0x96
 378 02a9 00       		.byte	0
 379 02aa 00       		.byte	0
 380 02ab 11       		.uleb128 0x11
 381 02ac 11050000 		.4byte	.LASF52
 382 02b0 05       		.byte	0x5
 383 02b1 2D02     		.2byte	0x22d
 384 02b3 9B020000 		.4byte	0x29b
 385 02b7 11       		.uleb128 0x11
 386 02b8 22050000 		.4byte	.LASF53
 387 02bc 05       		.byte	0x5
 388 02bd 5202     		.2byte	0x252
 389 02bf A4000000 		.4byte	0xa4
 390 02c3 13       		.uleb128 0x13
 391 02c4 AC010000 		.4byte	.LASF54
 392 02c8 08       		.byte	0x8
 393 02c9 3F       		.byte	0x3f
 394 02ca 31020000 		.4byte	0x231
 395 02ce 05       		.uleb128 0x5
 396 02cf 03       		.byte	0x3
 397 02d0 00000000 		.4byte	cy_ble_customConfig
 398 02d4 00       		.byte	0
 399              		.section	.debug_abbrev,"",%progbits
ARM GAS  C:\Users\ADMINI~1\AppData\Local\Temp\ccxzoq6Y.s 			page 8


 400              	.Ldebug_abbrev0:
 401 0000 01       		.uleb128 0x1
 402 0001 11       		.uleb128 0x11
 403 0002 01       		.byte	0x1
 404 0003 25       		.uleb128 0x25
 405 0004 0E       		.uleb128 0xe
 406 0005 13       		.uleb128 0x13
 407 0006 0B       		.uleb128 0xb
 408 0007 03       		.uleb128 0x3
 409 0008 0E       		.uleb128 0xe
 410 0009 1B       		.uleb128 0x1b
 411 000a 0E       		.uleb128 0xe
 412 000b 10       		.uleb128 0x10
 413 000c 17       		.uleb128 0x17
 414 000d 00       		.byte	0
 415 000e 00       		.byte	0
 416 000f 02       		.uleb128 0x2
 417 0010 24       		.uleb128 0x24
 418 0011 00       		.byte	0
 419 0012 0B       		.uleb128 0xb
 420 0013 0B       		.uleb128 0xb
 421 0014 3E       		.uleb128 0x3e
 422 0015 0B       		.uleb128 0xb
 423 0016 03       		.uleb128 0x3
 424 0017 08       		.uleb128 0x8
 425 0018 00       		.byte	0
 426 0019 00       		.byte	0
 427 001a 03       		.uleb128 0x3
 428 001b 24       		.uleb128 0x24
 429 001c 00       		.byte	0
 430 001d 0B       		.uleb128 0xb
 431 001e 0B       		.uleb128 0xb
 432 001f 3E       		.uleb128 0x3e
 433 0020 0B       		.uleb128 0xb
 434 0021 03       		.uleb128 0x3
 435 0022 0E       		.uleb128 0xe
 436 0023 00       		.byte	0
 437 0024 00       		.byte	0
 438 0025 04       		.uleb128 0x4
 439 0026 16       		.uleb128 0x16
 440 0027 00       		.byte	0
 441 0028 03       		.uleb128 0x3
 442 0029 0E       		.uleb128 0xe
 443 002a 3A       		.uleb128 0x3a
 444 002b 0B       		.uleb128 0xb
 445 002c 3B       		.uleb128 0x3b
 446 002d 0B       		.uleb128 0xb
 447 002e 49       		.uleb128 0x49
 448 002f 13       		.uleb128 0x13
 449 0030 00       		.byte	0
 450 0031 00       		.byte	0
 451 0032 05       		.uleb128 0x5
 452 0033 13       		.uleb128 0x13
 453 0034 01       		.byte	0x1
 454 0035 0B       		.uleb128 0xb
 455 0036 0B       		.uleb128 0xb
 456 0037 3A       		.uleb128 0x3a
ARM GAS  C:\Users\ADMINI~1\AppData\Local\Temp\ccxzoq6Y.s 			page 9


 457 0038 0B       		.uleb128 0xb
 458 0039 3B       		.uleb128 0x3b
 459 003a 05       		.uleb128 0x5
 460 003b 01       		.uleb128 0x1
 461 003c 13       		.uleb128 0x13
 462 003d 00       		.byte	0
 463 003e 00       		.byte	0
 464 003f 06       		.uleb128 0x6
 465 0040 0D       		.uleb128 0xd
 466 0041 00       		.byte	0
 467 0042 03       		.uleb128 0x3
 468 0043 0E       		.uleb128 0xe
 469 0044 3A       		.uleb128 0x3a
 470 0045 0B       		.uleb128 0xb
 471 0046 3B       		.uleb128 0x3b
 472 0047 05       		.uleb128 0x5
 473 0048 49       		.uleb128 0x49
 474 0049 13       		.uleb128 0x13
 475 004a 38       		.uleb128 0x38
 476 004b 0B       		.uleb128 0xb
 477 004c 00       		.byte	0
 478 004d 00       		.byte	0
 479 004e 07       		.uleb128 0x7
 480 004f 16       		.uleb128 0x16
 481 0050 00       		.byte	0
 482 0051 03       		.uleb128 0x3
 483 0052 0E       		.uleb128 0xe
 484 0053 3A       		.uleb128 0x3a
 485 0054 0B       		.uleb128 0xb
 486 0055 3B       		.uleb128 0x3b
 487 0056 05       		.uleb128 0x5
 488 0057 49       		.uleb128 0x49
 489 0058 13       		.uleb128 0x13
 490 0059 00       		.byte	0
 491 005a 00       		.byte	0
 492 005b 08       		.uleb128 0x8
 493 005c 04       		.uleb128 0x4
 494 005d 01       		.byte	0x1
 495 005e 0B       		.uleb128 0xb
 496 005f 0B       		.uleb128 0xb
 497 0060 49       		.uleb128 0x49
 498 0061 13       		.uleb128 0x13
 499 0062 3A       		.uleb128 0x3a
 500 0063 0B       		.uleb128 0xb
 501 0064 3B       		.uleb128 0x3b
 502 0065 0B       		.uleb128 0xb
 503 0066 01       		.uleb128 0x1
 504 0067 13       		.uleb128 0x13
 505 0068 00       		.byte	0
 506 0069 00       		.byte	0
 507 006a 09       		.uleb128 0x9
 508 006b 28       		.uleb128 0x28
 509 006c 00       		.byte	0
 510 006d 03       		.uleb128 0x3
 511 006e 0E       		.uleb128 0xe
 512 006f 1C       		.uleb128 0x1c
 513 0070 0B       		.uleb128 0xb
ARM GAS  C:\Users\ADMINI~1\AppData\Local\Temp\ccxzoq6Y.s 			page 10


 514 0071 00       		.byte	0
 515 0072 00       		.byte	0
 516 0073 0A       		.uleb128 0xa
 517 0074 13       		.uleb128 0x13
 518 0075 01       		.byte	0x1
 519 0076 0B       		.uleb128 0xb
 520 0077 0B       		.uleb128 0xb
 521 0078 3A       		.uleb128 0x3a
 522 0079 0B       		.uleb128 0xb
 523 007a 3B       		.uleb128 0x3b
 524 007b 0B       		.uleb128 0xb
 525 007c 01       		.uleb128 0x1
 526 007d 13       		.uleb128 0x13
 527 007e 00       		.byte	0
 528 007f 00       		.byte	0
 529 0080 0B       		.uleb128 0xb
 530 0081 0D       		.uleb128 0xd
 531 0082 00       		.byte	0
 532 0083 03       		.uleb128 0x3
 533 0084 0E       		.uleb128 0xe
 534 0085 3A       		.uleb128 0x3a
 535 0086 0B       		.uleb128 0xb
 536 0087 3B       		.uleb128 0x3b
 537 0088 0B       		.uleb128 0xb
 538 0089 49       		.uleb128 0x49
 539 008a 13       		.uleb128 0x13
 540 008b 38       		.uleb128 0x38
 541 008c 0B       		.uleb128 0xb
 542 008d 00       		.byte	0
 543 008e 00       		.byte	0
 544 008f 0C       		.uleb128 0xc
 545 0090 01       		.uleb128 0x1
 546 0091 01       		.byte	0x1
 547 0092 49       		.uleb128 0x49
 548 0093 13       		.uleb128 0x13
 549 0094 01       		.uleb128 0x1
 550 0095 13       		.uleb128 0x13
 551 0096 00       		.byte	0
 552 0097 00       		.byte	0
 553 0098 0D       		.uleb128 0xd
 554 0099 21       		.uleb128 0x21
 555 009a 00       		.byte	0
 556 009b 49       		.uleb128 0x49
 557 009c 13       		.uleb128 0x13
 558 009d 2F       		.uleb128 0x2f
 559 009e 0B       		.uleb128 0xb
 560 009f 00       		.byte	0
 561 00a0 00       		.byte	0
 562 00a1 0E       		.uleb128 0xe
 563 00a2 0F       		.uleb128 0xf
 564 00a3 00       		.byte	0
 565 00a4 0B       		.uleb128 0xb
 566 00a5 0B       		.uleb128 0xb
 567 00a6 49       		.uleb128 0x49
 568 00a7 13       		.uleb128 0x13
 569 00a8 00       		.byte	0
 570 00a9 00       		.byte	0
ARM GAS  C:\Users\ADMINI~1\AppData\Local\Temp\ccxzoq6Y.s 			page 11


 571 00aa 0F       		.uleb128 0xf
 572 00ab 26       		.uleb128 0x26
 573 00ac 00       		.byte	0
 574 00ad 49       		.uleb128 0x49
 575 00ae 13       		.uleb128 0x13
 576 00af 00       		.byte	0
 577 00b0 00       		.byte	0
 578 00b1 10       		.uleb128 0x10
 579 00b2 34       		.uleb128 0x34
 580 00b3 00       		.byte	0
 581 00b4 03       		.uleb128 0x3
 582 00b5 0E       		.uleb128 0xe
 583 00b6 3A       		.uleb128 0x3a
 584 00b7 0B       		.uleb128 0xb
 585 00b8 3B       		.uleb128 0x3b
 586 00b9 0B       		.uleb128 0xb
 587 00ba 49       		.uleb128 0x49
 588 00bb 13       		.uleb128 0x13
 589 00bc 02       		.uleb128 0x2
 590 00bd 18       		.uleb128 0x18
 591 00be 00       		.byte	0
 592 00bf 00       		.byte	0
 593 00c0 11       		.uleb128 0x11
 594 00c1 34       		.uleb128 0x34
 595 00c2 00       		.byte	0
 596 00c3 03       		.uleb128 0x3
 597 00c4 0E       		.uleb128 0xe
 598 00c5 3A       		.uleb128 0x3a
 599 00c6 0B       		.uleb128 0xb
 600 00c7 3B       		.uleb128 0x3b
 601 00c8 05       		.uleb128 0x5
 602 00c9 49       		.uleb128 0x49
 603 00ca 13       		.uleb128 0x13
 604 00cb 3F       		.uleb128 0x3f
 605 00cc 19       		.uleb128 0x19
 606 00cd 3C       		.uleb128 0x3c
 607 00ce 19       		.uleb128 0x19
 608 00cf 00       		.byte	0
 609 00d0 00       		.byte	0
 610 00d1 12       		.uleb128 0x12
 611 00d2 35       		.uleb128 0x35
 612 00d3 00       		.byte	0
 613 00d4 49       		.uleb128 0x49
 614 00d5 13       		.uleb128 0x13
 615 00d6 00       		.byte	0
 616 00d7 00       		.byte	0
 617 00d8 13       		.uleb128 0x13
 618 00d9 34       		.uleb128 0x34
 619 00da 00       		.byte	0
 620 00db 03       		.uleb128 0x3
 621 00dc 0E       		.uleb128 0xe
 622 00dd 3A       		.uleb128 0x3a
 623 00de 0B       		.uleb128 0xb
 624 00df 3B       		.uleb128 0x3b
 625 00e0 0B       		.uleb128 0xb
 626 00e1 49       		.uleb128 0x49
 627 00e2 13       		.uleb128 0x13
ARM GAS  C:\Users\ADMINI~1\AppData\Local\Temp\ccxzoq6Y.s 			page 12


 628 00e3 3F       		.uleb128 0x3f
 629 00e4 19       		.uleb128 0x19
 630 00e5 02       		.uleb128 0x2
 631 00e6 18       		.uleb128 0x18
 632 00e7 00       		.byte	0
 633 00e8 00       		.byte	0
 634 00e9 00       		.byte	0
 635              		.section	.debug_aranges,"",%progbits
 636 0000 14000000 		.4byte	0x14
 637 0004 0200     		.2byte	0x2
 638 0006 00000000 		.4byte	.Ldebug_info0
 639 000a 04       		.byte	0x4
 640 000b 00       		.byte	0
 641 000c 0000     		.2byte	0
 642 000e 0000     		.2byte	0
 643 0010 00000000 		.4byte	0
 644 0014 00000000 		.4byte	0
 645              		.section	.debug_line,"",%progbits
 646              	.Ldebug_line0:
 647 0000 FB010000 		.section	.debug_str,"MS",%progbits,1
 647      0200F501 
 647      00000201 
 647      FB0E0D00 
 647      01010101 
 648              	.LASF48:
 649 0000 63795F73 		.ascii	"cy_stc_ble_custom_config_t\000"
 649      74635F62 
 649      6C655F63 
 649      7573746F 
 649      6D5F636F 
 650              	.LASF6:
 651 001b 5F5F7569 		.ascii	"__uint8_t\000"
 651      6E74385F 
 651      7400
 652              	.LASF41:
 653 0025 63757374 		.ascii	"customServCharHandle\000"
 653      6F6D5365 
 653      72764368 
 653      61724861 
 653      6E646C65 
 654              	.LASF22:
 655 003a 62644861 		.ascii	"bdHandle\000"
 655      6E646C65 
 655      00
 656              	.LASF37:
 657 0043 43595F42 		.ascii	"CY_BLE_CONN_STATE_CLIENT_DESCR_DISCOVERING\000"
 657      4C455F43 
 657      4F4E4E5F 
 657      53544154 
 657      455F434C 
 658              	.LASF56:
 659 006e 47656E65 		.ascii	"Generated_Source\\PSoC6\\BLE_custom_config.c\000"
 659      72617465 
 659      645F536F 
 659      75726365 
 659      5C50536F 
 660              	.LASF24:
ARM GAS  C:\Users\ADMINI~1\AppData\Local\Temp\ccxzoq6Y.s 			page 13


 661 0099 63795F73 		.ascii	"cy_stc_ble_conn_handle_t\000"
 661      74635F62 
 661      6C655F63 
 661      6F6E6E5F 
 661      68616E64 
 662              	.LASF33:
 663 00b2 43595F42 		.ascii	"CY_BLE_CONN_STATE_CONNECTED\000"
 663      4C455F43 
 663      4F4E4E5F 
 663      53544154 
 663      455F434F 
 664              	.LASF42:
 665 00ce 63757374 		.ascii	"customServCharDesc\000"
 665      6F6D5365 
 665      72764368 
 665      61724465 
 665      736300
 666              	.LASF51:
 667 00e1 63795F62 		.ascii	"cy_ble_connHandle\000"
 667      6C655F63 
 667      6F6E6E48 
 667      616E646C 
 667      6500
 668              	.LASF16:
 669 00f3 75696E74 		.ascii	"uint8_t\000"
 669      385F7400 
 670              	.LASF9:
 671 00fb 5F5F696E 		.ascii	"__int32_t\000"
 671      7433325F 
 671      7400
 672              	.LASF34:
 673 0105 43595F42 		.ascii	"CY_BLE_CONN_STATE_CLIENT_SRVC_DISCOVERING\000"
 673      4C455F43 
 673      4F4E4E5F 
 673      53544154 
 673      455F434C 
 674              	.LASF30:
 675 012f 63795F65 		.ascii	"cy_en_ble_adv_state_t\000"
 675      6E5F626C 
 675      655F6164 
 675      765F7374 
 675      6174655F 
 676              	.LASF20:
 677 0145 666C6F61 		.ascii	"float\000"
 677      7400
 678              	.LASF57:
 679 014b 4D3A5C47 		.ascii	"M:\\Githubrepo\\Intern_hiwi\\April_BLE\\Final_proje"
 679      69746875 
 679      62726570 
 679      6F5C496E 
 679      7465726E 
 680 017a 63743031 		.ascii	"ct01_20Byte.cydsn\000"
 680      5F323042 
 680      7974652E 
 680      63796473 
 680      6E00
 681              	.LASF29:
ARM GAS  C:\Users\ADMINI~1\AppData\Local\Temp\ccxzoq6Y.s 			page 14


 682 018c 43595F42 		.ascii	"CY_BLE_ADV_STATE_STOP_INITIATED\000"
 682      4C455F41 
 682      44565F53 
 682      54415445 
 682      5F53544F 
 683              	.LASF54:
 684 01ac 63795F62 		.ascii	"cy_ble_customConfig\000"
 684      6C655F63 
 684      7573746F 
 684      6D436F6E 
 684      66696700 
 685              	.LASF44:
 686 01c0 63757374 		.ascii	"customServHandle\000"
 686      6F6D5365 
 686      72764861 
 686      6E646C65 
 686      00
 687              	.LASF25:
 688 01d1 63795F62 		.ascii	"cy_ble_gatt_db_attr_handle_t\000"
 688      6C655F67 
 688      6174745F 
 688      64625F61 
 688      7474725F 
 689              	.LASF12:
 690 01ee 6C6F6E67 		.ascii	"long unsigned int\000"
 690      20756E73 
 690      69676E65 
 690      6420696E 
 690      7400
 691              	.LASF8:
 692 0200 73686F72 		.ascii	"short unsigned int\000"
 692      7420756E 
 692      7369676E 
 692      65642069 
 692      6E7400
 693              	.LASF47:
 694 0213 63757374 		.ascii	"customs\000"
 694      6F6D7300 
 695              	.LASF36:
 696 021b 43595F42 		.ascii	"CY_BLE_CONN_STATE_CLIENT_CHAR_DISCOVERING\000"
 696      4C455F43 
 696      4F4E4E5F 
 696      53544154 
 696      455F434C 
 697              	.LASF49:
 698 0245 49544D5F 		.ascii	"ITM_RxBuffer\000"
 698      52784275 
 698      66666572 
 698      00
 699              	.LASF58:
 700 0252 63795F62 		.ascii	"cy_ble_customs\000"
 700      6C655F63 
 700      7573746F 
 700      6D7300
 701              	.LASF4:
 702 0261 756E7369 		.ascii	"unsigned char\000"
 702      676E6564 
ARM GAS  C:\Users\ADMINI~1\AppData\Local\Temp\ccxzoq6Y.s 			page 15


 702      20636861 
 702      7200
 703              	.LASF7:
 704 026f 5F5F7569 		.ascii	"__uint16_t\000"
 704      6E743136 
 704      5F7400
 705              	.LASF21:
 706 027a 646F7562 		.ascii	"double\000"
 706      6C6500
 707              	.LASF11:
 708 0281 5F5F7569 		.ascii	"__uint32_t\000"
 708      6E743332 
 708      5F7400
 709              	.LASF0:
 710 028c 756E7369 		.ascii	"unsigned int\000"
 710      676E6564 
 710      20696E74 
 710      00
 711              	.LASF38:
 712 0299 43595F42 		.ascii	"CY_BLE_CONN_STATE_CLIENT_DISCOVERED\000"
 712      4C455F43 
 712      4F4E4E5F 
 712      53544154 
 712      455F434C 
 713              	.LASF13:
 714 02bd 6C6F6E67 		.ascii	"long long unsigned int\000"
 714      206C6F6E 
 714      6720756E 
 714      7369676E 
 714      65642069 
 715              	.LASF35:
 716 02d4 43595F42 		.ascii	"CY_BLE_CONN_STATE_CLIENT_INCL_DISCOVERING\000"
 716      4C455F43 
 716      4F4E4E5F 
 716      53544154 
 716      455F434C 
 717              	.LASF27:
 718 02fe 43595F42 		.ascii	"CY_BLE_ADV_STATE_ADV_INITIATED\000"
 718      4C455F41 
 718      44565F53 
 718      54415445 
 718      5F414456 
 719              	.LASF55:
 720 031d 474E5520 		.ascii	"GNU C11 5.4.1 20160609 (release) [ARM/embedded-5-br"
 720      43313120 
 720      352E342E 
 720      31203230 
 720      31363036 
 721 0350 616E6368 		.ascii	"anch revision 237715] -mcpu=cortex-m4 -mfloat-abi=s"
 721      20726576 
 721      6973696F 
 721      6E203233 
 721      37373135 
 722 0383 6F667466 		.ascii	"oftfp -mfpu=fpv4-sp-d16 -mthumb -g -Og -ffunction-s"
 722      70202D6D 
 722      6670753D 
 722      66707634 
ARM GAS  C:\Users\ADMINI~1\AppData\Local\Temp\ccxzoq6Y.s 			page 16


 722      2D73702D 
 723 03b6 65637469 		.ascii	"ections -ffat-lto-objects\000"
 723      6F6E7320 
 723      2D666661 
 723      742D6C74 
 723      6F2D6F62 
 724              	.LASF46:
 725 03d0 63795F73 		.ascii	"cy_stc_ble_customs_t\000"
 725      74635F62 
 725      6C655F63 
 725      7573746F 
 725      6D735F74 
 726              	.LASF18:
 727 03e5 696E7433 		.ascii	"int32_t\000"
 727      325F7400 
 728              	.LASF23:
 729 03ed 61747449 		.ascii	"attId\000"
 729      6400
 730              	.LASF14:
 731 03f3 73697A65 		.ascii	"sizetype\000"
 731      74797065 
 731      00
 732              	.LASF1:
 733 03fc 6C6F6E67 		.ascii	"long long int\000"
 733      206C6F6E 
 733      6720696E 
 733      7400
 734              	.LASF43:
 735 040a 63795F73 		.ascii	"cy_stc_ble_customs_info_t\000"
 735      74635F62 
 735      6C655F63 
 735      7573746F 
 735      6D735F69 
 736              	.LASF31:
 737 0424 43595F42 		.ascii	"CY_BLE_CONN_STATE_DISCONNECTED\000"
 737      4C455F43 
 737      4F4E4E5F 
 737      53544154 
 737      455F4449 
 738              	.LASF50:
 739 0443 63795F62 		.ascii	"cy_ble_advState\000"
 739      6C655F61 
 739      64765374 
 739      61746500 
 740              	.LASF45:
 741 0453 63757374 		.ascii	"customServInfo\000"
 741      6F6D5365 
 741      7276496E 
 741      666F00
 742              	.LASF5:
 743 0462 73686F72 		.ascii	"short int\000"
 743      7420696E 
 743      7400
 744              	.LASF17:
 745 046c 75696E74 		.ascii	"uint16_t\000"
 745      31365F74 
 745      00
ARM GAS  C:\Users\ADMINI~1\AppData\Local\Temp\ccxzoq6Y.s 			page 17


 746              	.LASF28:
 747 0475 43595F42 		.ascii	"CY_BLE_ADV_STATE_ADVERTISING\000"
 747      4C455F41 
 747      44565F53 
 747      54415445 
 747      5F414456 
 748              	.LASF32:
 749 0492 43595F42 		.ascii	"CY_BLE_CONN_STATE_CLIENT_DISCONNECTED_DISCOVERED\000"
 749      4C455F43 
 749      4F4E4E5F 
 749      53544154 
 749      455F434C 
 750              	.LASF19:
 751 04c3 75696E74 		.ascii	"uint32_t\000"
 751      33325F74 
 751      00
 752              	.LASF10:
 753 04cc 6C6F6E67 		.ascii	"long int\000"
 753      20696E74 
 753      00
 754              	.LASF15:
 755 04d5 63686172 		.ascii	"char\000"
 755      00
 756              	.LASF2:
 757 04da 6C6F6E67 		.ascii	"long double\000"
 757      20646F75 
 757      626C6500 
 758              	.LASF3:
 759 04e6 7369676E 		.ascii	"signed char\000"
 759      65642063 
 759      68617200 
 760              	.LASF26:
 761 04f2 43595F42 		.ascii	"CY_BLE_ADV_STATE_STOPPED\000"
 761      4C455F41 
 761      44565F53 
 761      54415445 
 761      5F53544F 
 762              	.LASF40:
 763 050b 5F426F6F 		.ascii	"_Bool\000"
 763      6C00
 764              	.LASF52:
 765 0511 63795F62 		.ascii	"cy_ble_connState\000"
 765      6C655F63 
 765      6F6E6E53 
 765      74617465 
 765      00
 766              	.LASF53:
 767 0522 63795F62 		.ascii	"cy_ble_pendingFlashWrite\000"
 767      6C655F70 
 767      656E6469 
 767      6E67466C 
 767      61736857 
 768              	.LASF39:
 769 053b 63795F65 		.ascii	"cy_en_ble_conn_state_t\000"
 769      6E5F626C 
 769      655F636F 
 769      6E6E5F73 
ARM GAS  C:\Users\ADMINI~1\AppData\Local\Temp\ccxzoq6Y.s 			page 18


 769      74617465 
 770              		.ident	"GCC: (GNU Tools for ARM Embedded Processors) 5.4.1 20160609 (release) [ARM/embedded-5-bran
