ARM GAS  C:\Users\ADMINI~1\AppData\Local\Temp\cc8swVGr.s 			page 1


   1              		.syntax unified
   2              		.cpu cortex-m4
   3              		.eabi_attribute 27, 1
   4              		.fpu fpv4-sp-d16
   5              		.eabi_attribute 20, 1
   6              		.eabi_attribute 21, 1
   7              		.eabi_attribute 23, 3
   8              		.eabi_attribute 24, 1
   9              		.eabi_attribute 25, 1
  10              		.eabi_attribute 26, 1
  11              		.eabi_attribute 30, 1
  12              		.eabi_attribute 34, 1
  13              		.eabi_attribute 18, 4
  14              		.thumb
  15              		.syntax unified
  16              		.file	"cyfitter_sysint_cfg.c"
  17              		.text
  18              	.Ltext0:
  19              		.cfi_sections	.debug_frame
  20              		.global	ADC_1_IRQ_cfg
  21              		.global	WS_DMA_INT_cfg
  22              		.global	WS_SPI_SCB_IRQ_cfg
  23              		.global	UART_SCB_IRQ_cfg
  24              		.global	BLE_bless_isr_cfg
  25              		.section	.rodata
  26              		.align	2
  27              		.type	ADC_1_IRQ_cfg, %object
  28              		.size	ADC_1_IRQ_cfg, 8
  29              	ADC_1_IRQ_cfg:
  30 0000 8A00     		.short	138
  31 0002 0000     		.space	2
  32 0004 07000000 		.word	7
  33              		.type	WS_DMA_INT_cfg, %object
  34              		.size	WS_DMA_INT_cfg, 8
  35              	WS_DMA_INT_cfg:
  36 0008 3200     		.short	50
  37 000a 0000     		.space	2
  38 000c 07000000 		.word	7
  39              		.type	WS_SPI_SCB_IRQ_cfg, %object
  40              		.size	WS_SPI_SCB_IRQ_cfg, 8
  41              	WS_SPI_SCB_IRQ_cfg:
  42 0010 2F00     		.short	47
  43 0012 0000     		.space	2
  44 0014 07000000 		.word	7
  45              		.type	UART_SCB_IRQ_cfg, %object
  46              		.size	UART_SCB_IRQ_cfg, 8
  47              	UART_SCB_IRQ_cfg:
  48 0018 2E00     		.short	46
  49 001a 0000     		.space	2
  50 001c 07000000 		.word	7
  51              		.type	BLE_bless_isr_cfg, %object
  52              		.size	BLE_bless_isr_cfg, 8
  53              	BLE_bless_isr_cfg:
  54 0020 1800     		.short	24
  55 0022 0000     		.space	2
  56 0024 07000000 		.word	7
  57              		.text
ARM GAS  C:\Users\ADMINI~1\AppData\Local\Temp\cc8swVGr.s 			page 2


  58              	.Letext0:
  59              		.file 1 "Generated_Source\\PSoC6\\pdl\\devices/psoc6/psoc63/include/cy8c6347bzi_bld53.h"
  60              		.file 2 "c:\\program files (x86)\\cypress\\psoc creator\\4.4\\psoc creator\\import\\gnu\\arm\\5.4.
  61              		.file 3 "c:\\program files (x86)\\cypress\\psoc creator\\4.4\\psoc creator\\import\\gnu\\arm\\5.4.
  62              		.file 4 "Generated_Source\\PSoC6\\pdl\\drivers/peripheral/sysint/cy_sysint.h"
  63              		.file 5 "Generated_Source\\PSoC6\\pdl\\cmsis/include/core_cm4.h"
  64              		.file 6 "Generated_Source\\PSoC6\\cyfitter_sysint_cfg.c"
  65              		.section	.debug_info,"",%progbits
  66              	.Ldebug_info0:
  67 0000 12050000 		.4byte	0x512
  68 0004 0400     		.2byte	0x4
  69 0006 00000000 		.4byte	.Ldebug_abbrev0
  70 000a 04       		.byte	0x4
  71 000b 01       		.uleb128 0x1
  72 000c C3090000 		.4byte	.LASF186
  73 0010 0C       		.byte	0xc
  74 0011 EB0D0000 		.4byte	.LASF187
  75 0015 19090000 		.4byte	.LASF188
  76 0019 00000000 		.4byte	.Ldebug_line0
  77 001d 02       		.uleb128 0x2
  78 001e 02       		.byte	0x2
  79 001f DE030000 		.4byte	0x3de
  80 0023 01       		.byte	0x1
  81 0024 24       		.byte	0x24
  82 0025 DE030000 		.4byte	0x3de
  83 0029 03       		.uleb128 0x3
  84 002a 3A020000 		.4byte	.LASF0
  85 002e 71       		.sleb128 -15
  86 002f 03       		.uleb128 0x3
  87 0030 A00E0000 		.4byte	.LASF1
  88 0034 72       		.sleb128 -14
  89 0035 03       		.uleb128 0x3
  90 0036 0A0F0000 		.4byte	.LASF2
  91 003a 73       		.sleb128 -13
  92 003b 03       		.uleb128 0x3
  93 003c E80A0000 		.4byte	.LASF3
  94 0040 74       		.sleb128 -12
  95 0041 03       		.uleb128 0x3
  96 0042 EC040000 		.4byte	.LASF4
  97 0046 75       		.sleb128 -11
  98 0047 03       		.uleb128 0x3
  99 0048 5A0D0000 		.4byte	.LASF5
 100 004c 76       		.sleb128 -10
 101 004d 03       		.uleb128 0x3
 102 004e 91060000 		.4byte	.LASF6
 103 0052 7B       		.sleb128 -5
 104 0053 03       		.uleb128 0x3
 105 0054 350F0000 		.4byte	.LASF7
 106 0058 7C       		.sleb128 -4
 107 0059 03       		.uleb128 0x3
 108 005a 690E0000 		.4byte	.LASF8
 109 005e 7E       		.sleb128 -2
 110 005f 03       		.uleb128 0x3
 111 0060 94070000 		.4byte	.LASF9
 112 0064 7F       		.sleb128 -1
 113 0065 04       		.uleb128 0x4
 114 0066 B3010000 		.4byte	.LASF10
ARM GAS  C:\Users\ADMINI~1\AppData\Local\Temp\cc8swVGr.s 			page 3


 115 006a 00       		.byte	0
 116 006b 04       		.uleb128 0x4
 117 006c EE0E0000 		.4byte	.LASF11
 118 0070 01       		.byte	0x1
 119 0071 04       		.uleb128 0x4
 120 0072 1B000000 		.4byte	.LASF12
 121 0076 02       		.byte	0x2
 122 0077 04       		.uleb128 0x4
 123 0078 350E0000 		.4byte	.LASF13
 124 007c 03       		.byte	0x3
 125 007d 04       		.uleb128 0x4
 126 007e 31100000 		.4byte	.LASF14
 127 0082 04       		.byte	0x4
 128 0083 04       		.uleb128 0x4
 129 0084 71050000 		.4byte	.LASF15
 130 0088 05       		.byte	0x5
 131 0089 04       		.uleb128 0x4
 132 008a 45070000 		.4byte	.LASF16
 133 008e 06       		.byte	0x6
 134 008f 04       		.uleb128 0x4
 135 0090 8A090000 		.4byte	.LASF17
 136 0094 07       		.byte	0x7
 137 0095 04       		.uleb128 0x4
 138 0096 E0110000 		.4byte	.LASF18
 139 009a 08       		.byte	0x8
 140 009b 04       		.uleb128 0x4
 141 009c EF010000 		.4byte	.LASF19
 142 00a0 09       		.byte	0x9
 143 00a1 04       		.uleb128 0x4
 144 00a2 1F0C0000 		.4byte	.LASF20
 145 00a6 0A       		.byte	0xa
 146 00a7 04       		.uleb128 0x4
 147 00a8 CB0A0000 		.4byte	.LASF21
 148 00ac 0B       		.byte	0xb
 149 00ad 04       		.uleb128 0x4
 150 00ae 61100000 		.4byte	.LASF22
 151 00b2 0C       		.byte	0xc
 152 00b3 04       		.uleb128 0x4
 153 00b4 BF050000 		.4byte	.LASF23
 154 00b8 0D       		.byte	0xd
 155 00b9 04       		.uleb128 0x4
 156 00ba 77070000 		.4byte	.LASF24
 157 00be 0E       		.byte	0xe
 158 00bf 04       		.uleb128 0x4
 159 00c0 0E040000 		.4byte	.LASF25
 160 00c4 0F       		.byte	0xf
 161 00c5 04       		.uleb128 0x4
 162 00c6 CE100000 		.4byte	.LASF26
 163 00ca 10       		.byte	0x10
 164 00cb 04       		.uleb128 0x4
 165 00cc 15030000 		.4byte	.LASF27
 166 00d0 11       		.byte	0x11
 167 00d1 04       		.uleb128 0x4
 168 00d2 7A000000 		.4byte	.LASF28
 169 00d6 12       		.byte	0x12
 170 00d7 04       		.uleb128 0x4
 171 00d8 27040000 		.4byte	.LASF29
ARM GAS  C:\Users\ADMINI~1\AppData\Local\Temp\cc8swVGr.s 			page 4


 172 00dc 13       		.byte	0x13
 173 00dd 04       		.uleb128 0x4
 174 00de 26060000 		.4byte	.LASF30
 175 00e2 14       		.byte	0x14
 176 00e3 04       		.uleb128 0x4
 177 00e4 1D110000 		.4byte	.LASF31
 178 00e8 15       		.byte	0x15
 179 00e9 04       		.uleb128 0x4
 180 00ea 66000000 		.4byte	.LASF32
 181 00ee 16       		.byte	0x16
 182 00ef 04       		.uleb128 0x4
 183 00f0 26050000 		.4byte	.LASF33
 184 00f4 17       		.byte	0x17
 185 00f5 04       		.uleb128 0x4
 186 00f6 C2000000 		.4byte	.LASF34
 187 00fa 18       		.byte	0x18
 188 00fb 04       		.uleb128 0x4
 189 00fc 5A0F0000 		.4byte	.LASF35
 190 0100 19       		.byte	0x19
 191 0101 04       		.uleb128 0x4
 192 0102 CA060000 		.4byte	.LASF36
 193 0106 1A       		.byte	0x1a
 194 0107 04       		.uleb128 0x4
 195 0108 CB080000 		.4byte	.LASF37
 196 010c 1B       		.byte	0x1b
 197 010d 04       		.uleb128 0x4
 198 010e E90B0000 		.4byte	.LASF38
 199 0112 1C       		.byte	0x1c
 200 0113 04       		.uleb128 0x4
 201 0114 1C010000 		.4byte	.LASF39
 202 0118 1D       		.byte	0x1d
 203 0119 04       		.uleb128 0x4
 204 011a 68030000 		.4byte	.LASF40
 205 011e 1E       		.byte	0x1e
 206 011f 04       		.uleb128 0x4
 207 0120 8D050000 		.4byte	.LASF41
 208 0124 1F       		.byte	0x1f
 209 0125 04       		.uleb128 0x4
 210 0126 6A0D0000 		.4byte	.LASF42
 211 012a 20       		.byte	0x20
 212 012b 04       		.uleb128 0x4
 213 012c AB0F0000 		.4byte	.LASF43
 214 0130 21       		.byte	0x21
 215 0131 04       		.uleb128 0x4
 216 0132 FC110000 		.4byte	.LASF44
 217 0136 22       		.byte	0x22
 218 0137 04       		.uleb128 0x4
 219 0138 44110000 		.4byte	.LASF45
 220 013c 23       		.byte	0x23
 221 013d 04       		.uleb128 0x4
 222 013e 38010000 		.4byte	.LASF46
 223 0142 24       		.byte	0x24
 224 0143 04       		.uleb128 0x4
 225 0144 96030000 		.4byte	.LASF47
 226 0148 25       		.byte	0x25
 227 0149 04       		.uleb128 0x4
 228 014a 2E120000 		.4byte	.LASF48
ARM GAS  C:\Users\ADMINI~1\AppData\Local\Temp\cc8swVGr.s 			page 5


 229 014e 26       		.byte	0x26
 230 014f 04       		.uleb128 0x4
 231 0150 A20D0000 		.4byte	.LASF49
 232 0154 27       		.byte	0x27
 233 0155 04       		.uleb128 0x4
 234 0156 E30F0000 		.4byte	.LASF50
 235 015a 28       		.byte	0x28
 236 015b 04       		.uleb128 0x4
 237 015c ED000000 		.4byte	.LASF51
 238 0160 29       		.byte	0x29
 239 0161 04       		.uleb128 0x4
 240 0162 FA040000 		.4byte	.LASF52
 241 0166 2A       		.byte	0x2a
 242 0167 04       		.uleb128 0x4
 243 0168 3F050000 		.4byte	.LASF53
 244 016c 2B       		.byte	0x2b
 245 016d 04       		.uleb128 0x4
 246 016e 750E0000 		.4byte	.LASF54
 247 0172 2C       		.byte	0x2c
 248 0173 04       		.uleb128 0x4
 249 0174 75090000 		.4byte	.LASF55
 250 0178 2D       		.byte	0x2d
 251 0179 04       		.uleb128 0x4
 252 017a 37000000 		.4byte	.LASF56
 253 017e 2E       		.byte	0x2e
 254 017f 04       		.uleb128 0x4
 255 0180 D90E0000 		.4byte	.LASF57
 256 0184 2F       		.byte	0x2f
 257 0185 04       		.uleb128 0x4
 258 0186 B2040000 		.4byte	.LASF58
 259 018a 30       		.byte	0x30
 260 018b 04       		.uleb128 0x4
 261 018c 470F0000 		.4byte	.LASF59
 262 0190 31       		.byte	0x31
 263 0191 04       		.uleb128 0x4
 264 0192 B2100000 		.4byte	.LASF60
 265 0196 32       		.byte	0x32
 266 0197 04       		.uleb128 0x4
 267 0198 8F000000 		.4byte	.LASF61
 268 019c 33       		.byte	0x33
 269 019d 04       		.uleb128 0x4
 270 019e E2020000 		.4byte	.LASF62
 271 01a2 34       		.byte	0x34
 272 01a3 04       		.uleb128 0x4
 273 01a4 AF0A0000 		.4byte	.LASF63
 274 01a8 35       		.byte	0x35
 275 01a9 04       		.uleb128 0x4
 276 01aa F2030000 		.4byte	.LASF64
 277 01ae 36       		.byte	0x36
 278 01af 04       		.uleb128 0x4
 279 01b0 190F0000 		.4byte	.LASF65
 280 01b4 37       		.byte	0x37
 281 01b5 04       		.uleb128 0x4
 282 01b6 65040000 		.4byte	.LASF66
 283 01ba 38       		.byte	0x38
 284 01bb 04       		.uleb128 0x4
 285 01bc 7D110000 		.4byte	.LASF67
ARM GAS  C:\Users\ADMINI~1\AppData\Local\Temp\cc8swVGr.s 			page 6


 286 01c0 39       		.byte	0x39
 287 01c1 04       		.uleb128 0x4
 288 01c2 68080000 		.4byte	.LASF68
 289 01c6 3A       		.byte	0x3a
 290 01c7 04       		.uleb128 0x4
 291 01c8 800B0000 		.4byte	.LASF69
 292 01cc 3B       		.byte	0x3b
 293 01cd 04       		.uleb128 0x4
 294 01ce 94080000 		.4byte	.LASF70
 295 01d2 3C       		.byte	0x3c
 296 01d3 04       		.uleb128 0x4
 297 01d4 B20B0000 		.4byte	.LASF71
 298 01d8 3D       		.byte	0x3d
 299 01d9 04       		.uleb128 0x4
 300 01da 180E0000 		.4byte	.LASF72
 301 01de 3E       		.byte	0x3e
 302 01df 04       		.uleb128 0x4
 303 01e0 A6090000 		.4byte	.LASF73
 304 01e4 3F       		.byte	0x3f
 305 01e5 04       		.uleb128 0x4
 306 01e6 54050000 		.4byte	.LASF74
 307 01ea 40       		.byte	0x40
 308 01eb 04       		.uleb128 0x4
 309 01ec 28070000 		.4byte	.LASF75
 310 01f0 41       		.byte	0x41
 311 01f1 04       		.uleb128 0x4
 312 01f2 4D0B0000 		.4byte	.LASF76
 313 01f6 42       		.byte	0x42
 314 01f7 04       		.uleb128 0x4
 315 01f8 860D0000 		.4byte	.LASF77
 316 01fc 43       		.byte	0x43
 317 01fd 04       		.uleb128 0x4
 318 01fe C70F0000 		.4byte	.LASF78
 319 0202 44       		.byte	0x44
 320 0203 04       		.uleb128 0x4
 321 0204 A80C0000 		.4byte	.LASF79
 322 0208 45       		.byte	0x45
 323 0209 04       		.uleb128 0x4
 324 020a A1070000 		.4byte	.LASF80
 325 020e 46       		.byte	0x46
 326 020f 04       		.uleb128 0x4
 327 0210 E7080000 		.4byte	.LASF81
 328 0214 47       		.byte	0x47
 329 0215 04       		.uleb128 0x4
 330 0216 61110000 		.4byte	.LASF82
 331 021a 48       		.byte	0x48
 332 021b 04       		.uleb128 0x4
 333 021c 0C070000 		.4byte	.LASF83
 334 0220 49       		.byte	0x49
 335 0221 04       		.uleb128 0x4
 336 0222 B3030000 		.4byte	.LASF84
 337 0226 4A       		.byte	0x4a
 338 0227 04       		.uleb128 0x4
 339 0228 B3020000 		.4byte	.LASF85
 340 022c 4B       		.byte	0x4b
 341 022d 04       		.uleb128 0x4
 342 022e 00110000 		.4byte	.LASF86
ARM GAS  C:\Users\ADMINI~1\AppData\Local\Temp\cc8swVGr.s 			page 7


 343 0232 4C       		.byte	0x4c
 344 0233 04       		.uleb128 0x4
 345 0234 DE0C0000 		.4byte	.LASF87
 346 0238 4D       		.byte	0x4d
 347 0239 04       		.uleb128 0x4
 348 023a 95100000 		.4byte	.LASF88
 349 023e 4E       		.byte	0x4e
 350 023f 04       		.uleb128 0x4
 351 0240 F7050000 		.4byte	.LASF89
 352 0244 4F       		.byte	0x4f
 353 0245 04       		.uleb128 0x4
 354 0246 BD070000 		.4byte	.LASF90
 355 024a 50       		.byte	0x50
 356 024b 04       		.uleb128 0x4
 357 024c 760A0000 		.4byte	.LASF91
 358 0250 51       		.byte	0x51
 359 0251 04       		.uleb128 0x4
 360 0252 73060000 		.4byte	.LASF92
 361 0256 52       		.byte	0x52
 362 0257 04       		.uleb128 0x4
 363 0258 2A080000 		.4byte	.LASF93
 364 025c 53       		.byte	0x53
 365 025d 04       		.uleb128 0x4
 366 025e 60020000 		.4byte	.LASF94
 367 0262 54       		.byte	0x54
 368 0263 04       		.uleb128 0x4
 369 0264 F4060000 		.4byte	.LASF95
 370 0268 55       		.byte	0x55
 371 0269 04       		.uleb128 0x4
 372 026a C0110000 		.4byte	.LASF96
 373 026e 56       		.byte	0x56
 374 026f 04       		.uleb128 0x4
 375 0270 CF010000 		.4byte	.LASF97
 376 0274 57       		.byte	0x57
 377 0275 04       		.uleb128 0x4
 378 0276 6D0C0000 		.4byte	.LASF98
 379 027a 58       		.byte	0x58
 380 027b 04       		.uleb128 0x4
 381 027c 81040000 		.4byte	.LASF99
 382 0280 59       		.byte	0x59
 383 0281 04       		.uleb128 0x4
 384 0282 E6100000 		.4byte	.LASF100
 385 0286 5A       		.byte	0x5a
 386 0287 04       		.uleb128 0x4
 387 0288 42060000 		.4byte	.LASF101
 388 028c 5B       		.byte	0x5b
 389 028d 04       		.uleb128 0x4
 390 028e F5070000 		.4byte	.LASF102
 391 0292 5C       		.byte	0x5c
 392 0293 04       		.uleb128 0x4
 393 0294 FE0A0000 		.4byte	.LASF103
 394 0298 5D       		.byte	0x5d
 395 0299 04       		.uleb128 0x4
 396 029a 4C000000 		.4byte	.LASF104
 397 029e 5E       		.byte	0x5e
 398 029f 04       		.uleb128 0x4
 399 02a0 99020000 		.4byte	.LASF105
ARM GAS  C:\Users\ADMINI~1\AppData\Local\Temp\cc8swVGr.s 			page 8


 400 02a4 5F       		.byte	0x5f
 401 02a5 04       		.uleb128 0x4
 402 02a6 C7040000 		.4byte	.LASF106
 403 02aa 60       		.byte	0x60
 404 02ab 04       		.uleb128 0x4
 405 02ac C40C0000 		.4byte	.LASF107
 406 02b0 61       		.byte	0x61
 407 02b1 04       		.uleb128 0x4
 408 02b2 2B030000 		.4byte	.LASF108
 409 02b6 62       		.byte	0x62
 410 02b7 04       		.uleb128 0x4
 411 02b8 330B0000 		.4byte	.LASF109
 412 02bc 63       		.byte	0x63
 413 02bd 04       		.uleb128 0x4
 414 02be 400D0000 		.4byte	.LASF110
 415 02c2 64       		.byte	0x64
 416 02c3 04       		.uleb128 0x4
 417 02c4 910F0000 		.4byte	.LASF111
 418 02c8 65       		.byte	0x65
 419 02c9 04       		.uleb128 0x4
 420 02ca A6110000 		.4byte	.LASF112
 421 02ce 66       		.byte	0x66
 422 02cf 04       		.uleb128 0x4
 423 02d0 B0060000 		.4byte	.LASF113
 424 02d4 67       		.byte	0x67
 425 02d5 04       		.uleb128 0x4
 426 02d6 B1080000 		.4byte	.LASF114
 427 02da 68       		.byte	0x68
 428 02db 04       		.uleb128 0x4
 429 02dc CF0B0000 		.4byte	.LASF115
 430 02e0 69       		.byte	0x69
 431 02e1 04       		.uleb128 0x4
 432 02e2 02010000 		.4byte	.LASF116
 433 02e6 6A       		.byte	0x6a
 434 02e7 04       		.uleb128 0x4
 435 02e8 4E030000 		.4byte	.LASF117
 436 02ec 6B       		.byte	0x6b
 437 02ed 04       		.uleb128 0x4
 438 02ee 98010000 		.4byte	.LASF118
 439 02f2 6C       		.byte	0x6c
 440 02f3 04       		.uleb128 0x4
 441 02f4 D7030000 		.4byte	.LASF119
 442 02f8 6D       		.byte	0x6d
 443 02f9 04       		.uleb128 0x4
 444 02fa DC050000 		.4byte	.LASF120
 445 02fe 6E       		.byte	0x6e
 446 02ff 04       		.uleb128 0x4
 447 0300 0F080000 		.4byte	.LASF121
 448 0304 6F       		.byte	0x6f
 449 0305 04       		.uleb128 0x4
 450 0306 16100000 		.4byte	.LASF122
 451 030a 70       		.byte	0x70
 452 030b 04       		.uleb128 0x4
 453 030c 00000000 		.4byte	.LASF123
 454 0310 71       		.byte	0x71
 455 0311 04       		.uleb128 0x4
 456 0312 45020000 		.4byte	.LASF124
ARM GAS  C:\Users\ADMINI~1\AppData\Local\Temp\cc8swVGr.s 			page 9


 457 0316 72       		.byte	0x72
 458 0317 04       		.uleb128 0x4
 459 0318 5A090000 		.4byte	.LASF125
 460 031c 73       		.byte	0x73
 461 031d 04       		.uleb128 0x4
 462 031e 8D0C0000 		.4byte	.LASF126
 463 0322 74       		.byte	0x74
 464 0323 04       		.uleb128 0x4
 465 0324 BE0E0000 		.4byte	.LASF127
 466 0328 75       		.byte	0x75
 467 0329 04       		.uleb128 0x4
 468 032a 180B0000 		.4byte	.LASF128
 469 032e 76       		.byte	0x76
 470 032f 04       		.uleb128 0x4
 471 0330 1C0D0000 		.4byte	.LASF129
 472 0334 77       		.byte	0x77
 473 0335 04       		.uleb128 0x4
 474 0336 760F0000 		.4byte	.LASF130
 475 033a 78       		.byte	0x78
 476 033b 04       		.uleb128 0x4
 477 033c DA070000 		.4byte	.LASF131
 478 0340 79       		.byte	0x79
 479 0341 04       		.uleb128 0x4
 480 0342 55010000 		.4byte	.LASF132
 481 0346 7A       		.byte	0x7a
 482 0347 04       		.uleb128 0x4
 483 0348 D7000000 		.4byte	.LASF133
 484 034c 7B       		.byte	0x7b
 485 034d 04       		.uleb128 0x4
 486 034e A9050000 		.4byte	.LASF134
 487 0352 7C       		.byte	0x7c
 488 0353 04       		.uleb128 0x4
 489 0354 61070000 		.4byte	.LASF135
 490 0358 7D       		.byte	0x7d
 491 0359 04       		.uleb128 0x4
 492 035a 00100000 		.4byte	.LASF136
 493 035e 7E       		.byte	0x7e
 494 035f 04       		.uleb128 0x4
 495 0360 18120000 		.4byte	.LASF137
 496 0364 7F       		.byte	0x7f
 497 0365 04       		.uleb128 0x4
 498 0366 24020000 		.4byte	.LASF138
 499 036a 80       		.byte	0x80
 500 036b 04       		.uleb128 0x4
 501 036c 03090000 		.4byte	.LASF139
 502 0370 81       		.byte	0x81
 503 0371 04       		.uleb128 0x4
 504 0372 3C0C0000 		.4byte	.LASF140
 505 0376 82       		.byte	0x82
 506 0377 04       		.uleb128 0x4
 507 0378 8A0E0000 		.4byte	.LASF141
 508 037c 83       		.byte	0x83
 509 037d 04       		.uleb128 0x4
 510 037e 51080000 		.4byte	.LASF142
 511 0382 84       		.byte	0x84
 512 0383 04       		.uleb128 0x4
 513 0384 690B0000 		.4byte	.LASF143
ARM GAS  C:\Users\ADMINI~1\AppData\Local\Temp\cc8swVGr.s 			page 10


 514 0388 85       		.byte	0x85
 515 0389 04       		.uleb128 0x4
 516 038a AB000000 		.4byte	.LASF144
 517 038e 86       		.byte	0x86
 518 038f 04       		.uleb128 0x4
 519 0390 FE020000 		.4byte	.LASF145
 520 0394 87       		.byte	0x87
 521 0395 04       		.uleb128 0x4
 522 0396 0F050000 		.4byte	.LASF146
 523 039a 88       		.byte	0x88
 524 039b 04       		.uleb128 0x4
 525 039c FB0C0000 		.4byte	.LASF147
 526 03a0 89       		.byte	0x89
 527 03a1 04       		.uleb128 0x4
 528 03a2 510E0000 		.4byte	.LASF148
 529 03a6 8A       		.byte	0x8a
 530 03a7 04       		.uleb128 0x4
 531 03a8 4A040000 		.4byte	.LASF149
 532 03ac 8B       		.byte	0x8b
 533 03ad 04       		.uleb128 0x4
 534 03ae BF0D0000 		.4byte	.LASF150
 535 03b2 8C       		.byte	0x8c
 536 03b3 04       		.uleb128 0x4
 537 03b4 7E100000 		.4byte	.LASF151
 538 03b8 8D       		.byte	0x8d
 539 03b9 04       		.uleb128 0x4
 540 03ba 4D100000 		.4byte	.LASF152
 541 03be 8E       		.byte	0x8e
 542 03bf 04       		.uleb128 0x4
 543 03c0 930A0000 		.4byte	.LASF153
 544 03c4 8F       		.byte	0x8f
 545 03c5 04       		.uleb128 0x4
 546 03c6 5C060000 		.4byte	.LASF154
 547 03ca 90       		.byte	0x90
 548 03cb 04       		.uleb128 0x4
 549 03cc 82010000 		.4byte	.LASF155
 550 03d0 91       		.byte	0x91
 551 03d1 04       		.uleb128 0x4
 552 03d2 0B020000 		.4byte	.LASF156
 553 03d6 92       		.byte	0x92
 554 03d7 04       		.uleb128 0x4
 555 03d8 520C0000 		.4byte	.LASF157
 556 03dc F0       		.byte	0xf0
 557 03dd 00       		.byte	0
 558 03de 05       		.uleb128 0x5
 559 03df 02       		.byte	0x2
 560 03e0 05       		.byte	0x5
 561 03e1 630C0000 		.4byte	.LASF158
 562 03e5 06       		.uleb128 0x6
 563 03e6 120D0000 		.4byte	.LASF162
 564 03ea 01       		.byte	0x1
 565 03eb F4       		.byte	0xf4
 566 03ec 1D000000 		.4byte	0x1d
 567 03f0 05       		.uleb128 0x5
 568 03f1 01       		.byte	0x1
 569 03f2 06       		.byte	0x6
 570 03f3 38110000 		.4byte	.LASF159
ARM GAS  C:\Users\ADMINI~1\AppData\Local\Temp\cc8swVGr.s 			page 11


 571 03f7 05       		.uleb128 0x5
 572 03f8 01       		.byte	0x1
 573 03f9 08       		.byte	0x8
 574 03fa A40B0000 		.4byte	.LASF160
 575 03fe 05       		.uleb128 0x5
 576 03ff 02       		.byte	0x2
 577 0400 07       		.byte	0x7
 578 0401 9D060000 		.4byte	.LASF161
 579 0405 06       		.uleb128 0x6
 580 0406 B40E0000 		.4byte	.LASF163
 581 040a 02       		.byte	0x2
 582 040b 3F       		.byte	0x3f
 583 040c 10040000 		.4byte	0x410
 584 0410 05       		.uleb128 0x5
 585 0411 04       		.byte	0x4
 586 0412 05       		.byte	0x5
 587 0413 45030000 		.4byte	.LASF164
 588 0417 06       		.uleb128 0x6
 589 0418 E1040000 		.4byte	.LASF165
 590 041c 02       		.byte	0x2
 591 041d 41       		.byte	0x41
 592 041e 22040000 		.4byte	0x422
 593 0422 05       		.uleb128 0x5
 594 0423 04       		.byte	0x4
 595 0424 07       		.byte	0x7
 596 0425 14060000 		.4byte	.LASF166
 597 0429 05       		.uleb128 0x5
 598 042a 08       		.byte	0x8
 599 042b 05       		.byte	0x5
 600 042c 7C020000 		.4byte	.LASF167
 601 0430 05       		.uleb128 0x5
 602 0431 08       		.byte	0x8
 603 0432 07       		.byte	0x7
 604 0433 6B010000 		.4byte	.LASF168
 605 0437 07       		.uleb128 0x7
 606 0438 04       		.byte	0x4
 607 0439 05       		.byte	0x5
 608 043a 696E7400 		.ascii	"int\000"
 609 043e 05       		.uleb128 0x5
 610 043f 04       		.byte	0x4
 611 0440 07       		.byte	0x7
 612 0441 120C0000 		.4byte	.LASF169
 613 0445 06       		.uleb128 0x6
 614 0446 9C0B0000 		.4byte	.LASF170
 615 044a 03       		.byte	0x3
 616 044b 2C       		.byte	0x2c
 617 044c 05040000 		.4byte	0x405
 618 0450 06       		.uleb128 0x6
 619 0451 370D0000 		.4byte	.LASF171
 620 0455 03       		.byte	0x3
 621 0456 30       		.byte	0x30
 622 0457 17040000 		.4byte	0x417
 623 045b 05       		.uleb128 0x5
 624 045c 04       		.byte	0x4
 625 045d 07       		.byte	0x7
 626 045e 48080000 		.4byte	.LASF172
 627 0462 05       		.uleb128 0x5
ARM GAS  C:\Users\ADMINI~1\AppData\Local\Temp\cc8swVGr.s 			page 12


 628 0463 08       		.byte	0x8
 629 0464 04       		.byte	0x4
 630 0465 DA0D0000 		.4byte	.LASF173
 631 0469 05       		.uleb128 0x5
 632 046a 01       		.byte	0x1
 633 046b 08       		.byte	0x8
 634 046c E60D0000 		.4byte	.LASF174
 635 0470 05       		.uleb128 0x5
 636 0471 04       		.byte	0x4
 637 0472 04       		.byte	0x4
 638 0473 A90A0000 		.4byte	.LASF175
 639 0477 05       		.uleb128 0x5
 640 0478 08       		.byte	0x8
 641 0479 04       		.byte	0x4
 642 047a 43040000 		.4byte	.LASF176
 643 047e 08       		.uleb128 0x8
 644 047f 08       		.byte	0x8
 645 0480 04       		.byte	0x4
 646 0481 EB       		.byte	0xeb
 647 0482 9F040000 		.4byte	0x49f
 648 0486 09       		.uleb128 0x9
 649 0487 CF030000 		.4byte	.LASF177
 650 048b 04       		.byte	0x4
 651 048c EC       		.byte	0xec
 652 048d E5030000 		.4byte	0x3e5
 653 0491 00       		.byte	0
 654 0492 09       		.uleb128 0x9
 655 0493 99110000 		.4byte	.LASF178
 656 0497 04       		.byte	0x4
 657 0498 F0       		.byte	0xf0
 658 0499 50040000 		.4byte	0x450
 659 049d 04       		.byte	0x4
 660 049e 00       		.byte	0
 661 049f 06       		.uleb128 0x6
 662 04a0 84080000 		.4byte	.LASF179
 663 04a4 04       		.byte	0x4
 664 04a5 F1       		.byte	0xf1
 665 04a6 7E040000 		.4byte	0x47e
 666 04aa 0A       		.uleb128 0xa
 667 04ab 050C0000 		.4byte	.LASF180
 668 04af 05       		.byte	0x5
 669 04b0 EA07     		.2byte	0x7ea
 670 04b2 B6040000 		.4byte	0x4b6
 671 04b6 0B       		.uleb128 0xb
 672 04b7 45040000 		.4byte	0x445
 673 04bb 0C       		.uleb128 0xc
 674 04bc 84030000 		.4byte	.LASF181
 675 04c0 06       		.byte	0x6
 676 04c1 2B       		.byte	0x2b
 677 04c2 CC040000 		.4byte	0x4cc
 678 04c6 05       		.uleb128 0x5
 679 04c7 03       		.byte	0x3
 680 04c8 00000000 		.4byte	BLE_bless_isr_cfg
 681 04cc 0D       		.uleb128 0xd
 682 04cd 9F040000 		.4byte	0x49f
 683 04d1 0C       		.uleb128 0xc
 684 04d2 A1040000 		.4byte	.LASF182
ARM GAS  C:\Users\ADMINI~1\AppData\Local\Temp\cc8swVGr.s 			page 13


 685 04d6 06       		.byte	0x6
 686 04d7 31       		.byte	0x31
 687 04d8 CC040000 		.4byte	0x4cc
 688 04dc 05       		.uleb128 0x5
 689 04dd 03       		.byte	0x3
 690 04de 00000000 		.4byte	UART_SCB_IRQ_cfg
 691 04e2 0C       		.uleb128 0xc
 692 04e3 CF020000 		.4byte	.LASF183
 693 04e7 06       		.byte	0x6
 694 04e8 37       		.byte	0x37
 695 04e9 CC040000 		.4byte	0x4cc
 696 04ed 05       		.uleb128 0x5
 697 04ee 03       		.byte	0x3
 698 04ef 00000000 		.4byte	WS_SPI_SCB_IRQ_cfg
 699 04f3 0C       		.uleb128 0xc
 700 04f4 8A020000 		.4byte	.LASF184
 701 04f8 06       		.byte	0x6
 702 04f9 3D       		.byte	0x3d
 703 04fa CC040000 		.4byte	0x4cc
 704 04fe 05       		.uleb128 0x5
 705 04ff 03       		.byte	0x3
 706 0500 00000000 		.4byte	WS_DMA_INT_cfg
 707 0504 0C       		.uleb128 0xc
 708 0505 E6060000 		.4byte	.LASF185
 709 0509 06       		.byte	0x6
 710 050a 43       		.byte	0x43
 711 050b CC040000 		.4byte	0x4cc
 712 050f 05       		.uleb128 0x5
 713 0510 03       		.byte	0x3
 714 0511 00000000 		.4byte	ADC_1_IRQ_cfg
 715 0515 00       		.byte	0
 716              		.section	.debug_abbrev,"",%progbits
 717              	.Ldebug_abbrev0:
 718 0000 01       		.uleb128 0x1
 719 0001 11       		.uleb128 0x11
 720 0002 01       		.byte	0x1
 721 0003 25       		.uleb128 0x25
 722 0004 0E       		.uleb128 0xe
 723 0005 13       		.uleb128 0x13
 724 0006 0B       		.uleb128 0xb
 725 0007 03       		.uleb128 0x3
 726 0008 0E       		.uleb128 0xe
 727 0009 1B       		.uleb128 0x1b
 728 000a 0E       		.uleb128 0xe
 729 000b 10       		.uleb128 0x10
 730 000c 17       		.uleb128 0x17
 731 000d 00       		.byte	0
 732 000e 00       		.byte	0
 733 000f 02       		.uleb128 0x2
 734 0010 04       		.uleb128 0x4
 735 0011 01       		.byte	0x1
 736 0012 0B       		.uleb128 0xb
 737 0013 0B       		.uleb128 0xb
 738 0014 49       		.uleb128 0x49
 739 0015 13       		.uleb128 0x13
 740 0016 3A       		.uleb128 0x3a
 741 0017 0B       		.uleb128 0xb
ARM GAS  C:\Users\ADMINI~1\AppData\Local\Temp\cc8swVGr.s 			page 14


 742 0018 3B       		.uleb128 0x3b
 743 0019 0B       		.uleb128 0xb
 744 001a 01       		.uleb128 0x1
 745 001b 13       		.uleb128 0x13
 746 001c 00       		.byte	0
 747 001d 00       		.byte	0
 748 001e 03       		.uleb128 0x3
 749 001f 28       		.uleb128 0x28
 750 0020 00       		.byte	0
 751 0021 03       		.uleb128 0x3
 752 0022 0E       		.uleb128 0xe
 753 0023 1C       		.uleb128 0x1c
 754 0024 0D       		.uleb128 0xd
 755 0025 00       		.byte	0
 756 0026 00       		.byte	0
 757 0027 04       		.uleb128 0x4
 758 0028 28       		.uleb128 0x28
 759 0029 00       		.byte	0
 760 002a 03       		.uleb128 0x3
 761 002b 0E       		.uleb128 0xe
 762 002c 1C       		.uleb128 0x1c
 763 002d 0B       		.uleb128 0xb
 764 002e 00       		.byte	0
 765 002f 00       		.byte	0
 766 0030 05       		.uleb128 0x5
 767 0031 24       		.uleb128 0x24
 768 0032 00       		.byte	0
 769 0033 0B       		.uleb128 0xb
 770 0034 0B       		.uleb128 0xb
 771 0035 3E       		.uleb128 0x3e
 772 0036 0B       		.uleb128 0xb
 773 0037 03       		.uleb128 0x3
 774 0038 0E       		.uleb128 0xe
 775 0039 00       		.byte	0
 776 003a 00       		.byte	0
 777 003b 06       		.uleb128 0x6
 778 003c 16       		.uleb128 0x16
 779 003d 00       		.byte	0
 780 003e 03       		.uleb128 0x3
 781 003f 0E       		.uleb128 0xe
 782 0040 3A       		.uleb128 0x3a
 783 0041 0B       		.uleb128 0xb
 784 0042 3B       		.uleb128 0x3b
 785 0043 0B       		.uleb128 0xb
 786 0044 49       		.uleb128 0x49
 787 0045 13       		.uleb128 0x13
 788 0046 00       		.byte	0
 789 0047 00       		.byte	0
 790 0048 07       		.uleb128 0x7
 791 0049 24       		.uleb128 0x24
 792 004a 00       		.byte	0
 793 004b 0B       		.uleb128 0xb
 794 004c 0B       		.uleb128 0xb
 795 004d 3E       		.uleb128 0x3e
 796 004e 0B       		.uleb128 0xb
 797 004f 03       		.uleb128 0x3
 798 0050 08       		.uleb128 0x8
ARM GAS  C:\Users\ADMINI~1\AppData\Local\Temp\cc8swVGr.s 			page 15


 799 0051 00       		.byte	0
 800 0052 00       		.byte	0
 801 0053 08       		.uleb128 0x8
 802 0054 13       		.uleb128 0x13
 803 0055 01       		.byte	0x1
 804 0056 0B       		.uleb128 0xb
 805 0057 0B       		.uleb128 0xb
 806 0058 3A       		.uleb128 0x3a
 807 0059 0B       		.uleb128 0xb
 808 005a 3B       		.uleb128 0x3b
 809 005b 0B       		.uleb128 0xb
 810 005c 01       		.uleb128 0x1
 811 005d 13       		.uleb128 0x13
 812 005e 00       		.byte	0
 813 005f 00       		.byte	0
 814 0060 09       		.uleb128 0x9
 815 0061 0D       		.uleb128 0xd
 816 0062 00       		.byte	0
 817 0063 03       		.uleb128 0x3
 818 0064 0E       		.uleb128 0xe
 819 0065 3A       		.uleb128 0x3a
 820 0066 0B       		.uleb128 0xb
 821 0067 3B       		.uleb128 0x3b
 822 0068 0B       		.uleb128 0xb
 823 0069 49       		.uleb128 0x49
 824 006a 13       		.uleb128 0x13
 825 006b 38       		.uleb128 0x38
 826 006c 0B       		.uleb128 0xb
 827 006d 00       		.byte	0
 828 006e 00       		.byte	0
 829 006f 0A       		.uleb128 0xa
 830 0070 34       		.uleb128 0x34
 831 0071 00       		.byte	0
 832 0072 03       		.uleb128 0x3
 833 0073 0E       		.uleb128 0xe
 834 0074 3A       		.uleb128 0x3a
 835 0075 0B       		.uleb128 0xb
 836 0076 3B       		.uleb128 0x3b
 837 0077 05       		.uleb128 0x5
 838 0078 49       		.uleb128 0x49
 839 0079 13       		.uleb128 0x13
 840 007a 3F       		.uleb128 0x3f
 841 007b 19       		.uleb128 0x19
 842 007c 3C       		.uleb128 0x3c
 843 007d 19       		.uleb128 0x19
 844 007e 00       		.byte	0
 845 007f 00       		.byte	0
 846 0080 0B       		.uleb128 0xb
 847 0081 35       		.uleb128 0x35
 848 0082 00       		.byte	0
 849 0083 49       		.uleb128 0x49
 850 0084 13       		.uleb128 0x13
 851 0085 00       		.byte	0
 852 0086 00       		.byte	0
 853 0087 0C       		.uleb128 0xc
 854 0088 34       		.uleb128 0x34
 855 0089 00       		.byte	0
ARM GAS  C:\Users\ADMINI~1\AppData\Local\Temp\cc8swVGr.s 			page 16


 856 008a 03       		.uleb128 0x3
 857 008b 0E       		.uleb128 0xe
 858 008c 3A       		.uleb128 0x3a
 859 008d 0B       		.uleb128 0xb
 860 008e 3B       		.uleb128 0x3b
 861 008f 0B       		.uleb128 0xb
 862 0090 49       		.uleb128 0x49
 863 0091 13       		.uleb128 0x13
 864 0092 3F       		.uleb128 0x3f
 865 0093 19       		.uleb128 0x19
 866 0094 02       		.uleb128 0x2
 867 0095 18       		.uleb128 0x18
 868 0096 00       		.byte	0
 869 0097 00       		.byte	0
 870 0098 0D       		.uleb128 0xd
 871 0099 26       		.uleb128 0x26
 872 009a 00       		.byte	0
 873 009b 49       		.uleb128 0x49
 874 009c 13       		.uleb128 0x13
 875 009d 00       		.byte	0
 876 009e 00       		.byte	0
 877 009f 00       		.byte	0
 878              		.section	.debug_aranges,"",%progbits
 879 0000 14000000 		.4byte	0x14
 880 0004 0200     		.2byte	0x2
 881 0006 00000000 		.4byte	.Ldebug_info0
 882 000a 04       		.byte	0x4
 883 000b 00       		.byte	0
 884 000c 0000     		.2byte	0
 885 000e 0000     		.2byte	0
 886 0010 00000000 		.4byte	0
 887 0014 00000000 		.4byte	0
 888              		.section	.debug_line,"",%progbits
 889              	.Ldebug_line0:
 890 0000 10020000 		.section	.debug_str,"MS",%progbits,1
 890      02000A02 
 890      00000201 
 890      FB0E0D00 
 890      01010101 
 891              	.LASF123:
 892 0000 74637077 		.ascii	"tcpwm_1_interrupts_15_IRQn\000"
 892      6D5F315F 
 892      696E7465 
 892      72727570 
 892      74735F31 
 893              	.LASF12:
 894 001b 696F7373 		.ascii	"ioss_interrupts_gpio_2_IRQn\000"
 894      5F696E74 
 894      65727275 
 894      7074735F 
 894      6770696F 
 895              	.LASF56:
 896 0037 7363625F 		.ascii	"scb_5_interrupt_IRQn\000"
 896      355F696E 
 896      74657272 
 896      7570745F 
 896      4952516E 
ARM GAS  C:\Users\ADMINI~1\AppData\Local\Temp\cc8swVGr.s 			page 17


 897              	.LASF104:
 898 004c 74637077 		.ascii	"tcpwm_0_interrupts_4_IRQn\000"
 898      6D5F305F 
 898      696E7465 
 898      72727570 
 898      74735F34 
 899              	.LASF32:
 900 0066 73727373 		.ascii	"srss_interrupt_IRQn\000"
 900      5F696E74 
 900      65727275 
 900      70745F49 
 900      52516E00 
 901              	.LASF28:
 902 007a 7363625F 		.ascii	"scb_8_interrupt_IRQn\000"
 902      385F696E 
 902      74657272 
 902      7570745F 
 902      4952516E 
 903              	.LASF61:
 904 008f 63707573 		.ascii	"cpuss_interrupts_dw0_1_IRQn\000"
 904      735F696E 
 904      74657272 
 904      75707473 
 904      5F647730 
 905              	.LASF144:
 906 00ab 7564625F 		.ascii	"udb_interrupts_12_IRQn\000"
 906      696E7465 
 906      72727570 
 906      74735F31 
 906      325F4952 
 907              	.LASF34:
 908 00c2 626C6573 		.ascii	"bless_interrupt_IRQn\000"
 908      735F696E 
 908      74657272 
 908      7570745F 
 908      4952516E 
 909              	.LASF133:
 910 00d7 7564625F 		.ascii	"udb_interrupts_1_IRQn\000"
 910      696E7465 
 910      72727570 
 910      74735F31 
 910      5F495251 
 911              	.LASF51:
 912 00ed 7363625F 		.ascii	"scb_0_interrupt_IRQn\000"
 912      305F696E 
 912      74657272 
 912      7570745F 
 912      4952516E 
 913              	.LASF116:
 914 0102 74637077 		.ascii	"tcpwm_1_interrupts_8_IRQn\000"
 914      6D5F315F 
 914      696E7465 
 914      72727570 
 914      74735F38 
 915              	.LASF39:
 916 011c 63707573 		.ascii	"cpuss_interrupts_ipc_4_IRQn\000"
 916      735F696E 
ARM GAS  C:\Users\ADMINI~1\AppData\Local\Temp\cc8swVGr.s 			page 18


 916      74657272 
 916      75707473 
 916      5F697063 
 917              	.LASF46:
 918 0138 63707573 		.ascii	"cpuss_interrupts_ipc_11_IRQn\000"
 918      735F696E 
 918      74657272 
 918      75707473 
 918      5F697063 
 919              	.LASF132:
 920 0155 7564625F 		.ascii	"udb_interrupts_0_IRQn\000"
 920      696E7465 
 920      72727570 
 920      74735F30 
 920      5F495251 
 921              	.LASF168:
 922 016b 6C6F6E67 		.ascii	"long long unsigned int\000"
 922      206C6F6E 
 922      6720756E 
 922      7369676E 
 922      65642069 
 923              	.LASF155:
 924 0182 7573625F 		.ascii	"usb_interrupt_lo_IRQn\000"
 924      696E7465 
 924      72727570 
 924      745F6C6F 
 924      5F495251 
 925              	.LASF118:
 926 0198 74637077 		.ascii	"tcpwm_1_interrupts_10_IRQn\000"
 926      6D5F315F 
 926      696E7465 
 926      72727570 
 926      74735F31 
 927              	.LASF10:
 928 01b3 696F7373 		.ascii	"ioss_interrupts_gpio_0_IRQn\000"
 928      5F696E74 
 928      65727275 
 928      7074735F 
 928      6770696F 
 929              	.LASF97:
 930 01cf 63707573 		.ascii	"cpuss_interrupts_cm0_cti_1_IRQn\000"
 930      735F696E 
 930      74657272 
 930      75707473 
 930      5F636D30 
 931              	.LASF19:
 932 01ef 696F7373 		.ascii	"ioss_interrupts_gpio_9_IRQn\000"
 932      5F696E74 
 932      65727275 
 932      7074735F 
 932      6770696F 
 933              	.LASF156:
 934 020b 70617373 		.ascii	"pass_interrupt_dacs_IRQn\000"
 934      5F696E74 
 934      65727275 
 934      70745F64 
 934      6163735F 
ARM GAS  C:\Users\ADMINI~1\AppData\Local\Temp\cc8swVGr.s 			page 19


 935              	.LASF138:
 936 0224 7564625F 		.ascii	"udb_interrupts_6_IRQn\000"
 936      696E7465 
 936      72727570 
 936      74735F36 
 936      5F495251 
 937              	.LASF0:
 938 023a 52657365 		.ascii	"Reset_IRQn\000"
 938      745F4952 
 938      516E00
 939              	.LASF124:
 940 0245 74637077 		.ascii	"tcpwm_1_interrupts_16_IRQn\000"
 940      6D5F315F 
 940      696E7465 
 940      72727570 
 940      74735F31 
 941              	.LASF94:
 942 0260 63707573 		.ascii	"cpuss_interrupt_crypto_IRQn\000"
 942      735F696E 
 942      74657272 
 942      7570745F 
 942      63727970 
 943              	.LASF167:
 944 027c 6C6F6E67 		.ascii	"long long int\000"
 944      206C6F6E 
 944      6720696E 
 944      7400
 945              	.LASF184:
 946 028a 57535F44 		.ascii	"WS_DMA_INT_cfg\000"
 946      4D415F49 
 946      4E545F63 
 946      666700
 947              	.LASF105:
 948 0299 74637077 		.ascii	"tcpwm_0_interrupts_5_IRQn\000"
 948      6D5F305F 
 948      696E7465 
 948      72727570 
 948      74735F35 
 949              	.LASF85:
 950 02b3 63707573 		.ascii	"cpuss_interrupts_dw1_9_IRQn\000"
 950      735F696E 
 950      74657272 
 950      75707473 
 950      5F647731 
 951              	.LASF183:
 952 02cf 57535F53 		.ascii	"WS_SPI_SCB_IRQ_cfg\000"
 952      50495F53 
 952      43425F49 
 952      52515F63 
 952      666700
 953              	.LASF62:
 954 02e2 63707573 		.ascii	"cpuss_interrupts_dw0_2_IRQn\000"
 954      735F696E 
 954      74657272 
 954      75707473 
 954      5F647730 
 955              	.LASF145:
ARM GAS  C:\Users\ADMINI~1\AppData\Local\Temp\cc8swVGr.s 			page 20


 956 02fe 7564625F 		.ascii	"udb_interrupts_13_IRQn\000"
 956      696E7465 
 956      72727570 
 956      74735F31 
 956      335F4952 
 957              	.LASF27:
 958 0315 6C70636F 		.ascii	"lpcomp_interrupt_IRQn\000"
 958      6D705F69 
 958      6E746572 
 958      72757074 
 958      5F495251 
 959              	.LASF108:
 960 032b 74637077 		.ascii	"tcpwm_1_interrupts_0_IRQn\000"
 960      6D5F315F 
 960      696E7465 
 960      72727570 
 960      74735F30 
 961              	.LASF164:
 962 0345 6C6F6E67 		.ascii	"long int\000"
 962      20696E74 
 962      00
 963              	.LASF117:
 964 034e 74637077 		.ascii	"tcpwm_1_interrupts_9_IRQn\000"
 964      6D5F315F 
 964      696E7465 
 964      72727570 
 964      74735F39 
 965              	.LASF40:
 966 0368 63707573 		.ascii	"cpuss_interrupts_ipc_5_IRQn\000"
 966      735F696E 
 966      74657272 
 966      75707473 
 966      5F697063 
 967              	.LASF181:
 968 0384 424C455F 		.ascii	"BLE_bless_isr_cfg\000"
 968      626C6573 
 968      735F6973 
 968      725F6366 
 968      6700
 969              	.LASF47:
 970 0396 63707573 		.ascii	"cpuss_interrupts_ipc_12_IRQn\000"
 970      735F696E 
 970      74657272 
 970      75707473 
 970      5F697063 
 971              	.LASF84:
 972 03b3 63707573 		.ascii	"cpuss_interrupts_dw1_8_IRQn\000"
 972      735F696E 
 972      74657272 
 972      75707473 
 972      5F647731 
 973              	.LASF177:
 974 03cf 696E7472 		.ascii	"intrSrc\000"
 974      53726300 
 975              	.LASF119:
 976 03d7 74637077 		.ascii	"tcpwm_1_interrupts_11_IRQn\000"
 976      6D5F315F 
ARM GAS  C:\Users\ADMINI~1\AppData\Local\Temp\cc8swVGr.s 			page 21


 976      696E7465 
 976      72727570 
 976      74735F31 
 977              	.LASF64:
 978 03f2 63707573 		.ascii	"cpuss_interrupts_dw0_4_IRQn\000"
 978      735F696E 
 978      74657272 
 978      75707473 
 978      5F647730 
 979              	.LASF25:
 980 040e 696F7373 		.ascii	"ioss_interrupt_gpio_IRQn\000"
 980      5F696E74 
 980      65727275 
 980      70745F67 
 980      70696F5F 
 981              	.LASF29:
 982 0427 73727373 		.ascii	"srss_interrupt_mcwdt_0_IRQn\000"
 982      5F696E74 
 982      65727275 
 982      70745F6D 
 982      63776474 
 983              	.LASF176:
 984 0443 646F7562 		.ascii	"double\000"
 984      6C6500
 985              	.LASF149:
 986 044a 61756469 		.ascii	"audioss_interrupt_i2s_IRQn\000"
 986      6F73735F 
 986      696E7465 
 986      72727570 
 986      745F6932 
 987              	.LASF66:
 988 0465 63707573 		.ascii	"cpuss_interrupts_dw0_6_IRQn\000"
 988      735F696E 
 988      74657272 
 988      75707473 
 988      5F647730 
 989              	.LASF99:
 990 0481 63707573 		.ascii	"cpuss_interrupts_cm4_cti_1_IRQn\000"
 990      735F696E 
 990      74657272 
 990      75707473 
 990      5F636D34 
 991              	.LASF182:
 992 04a1 55415254 		.ascii	"UART_SCB_IRQ_cfg\000"
 992      5F534342 
 992      5F495251 
 992      5F636667 
 992      00
 993              	.LASF58:
 994 04b2 7363625F 		.ascii	"scb_7_interrupt_IRQn\000"
 994      375F696E 
 994      74657272 
 994      7570745F 
 994      4952516E 
 995              	.LASF106:
 996 04c7 74637077 		.ascii	"tcpwm_0_interrupts_6_IRQn\000"
 996      6D5F305F 
ARM GAS  C:\Users\ADMINI~1\AppData\Local\Temp\cc8swVGr.s 			page 22


 996      696E7465 
 996      72727570 
 996      74735F36 
 997              	.LASF165:
 998 04e1 5F5F7569 		.ascii	"__uint32_t\000"
 998      6E743332 
 998      5F7400
 999              	.LASF4:
 1000 04ec 42757346 		.ascii	"BusFault_IRQn\000"
 1000      61756C74 
 1000      5F495251 
 1000      6E00
 1001              	.LASF52:
 1002 04fa 7363625F 		.ascii	"scb_1_interrupt_IRQn\000"
 1002      315F696E 
 1002      74657272 
 1002      7570745F 
 1002      4952516E 
 1003              	.LASF146:
 1004 050f 7564625F 		.ascii	"udb_interrupts_14_IRQn\000"
 1004      696E7465 
 1004      72727570 
 1004      74735F31 
 1004      345F4952 
 1005              	.LASF33:
 1006 0526 70617373 		.ascii	"pass_interrupt_ctbs_IRQn\000"
 1006      5F696E74 
 1006      65727275 
 1006      70745F63 
 1006      7462735F 
 1007              	.LASF53:
 1008 053f 7363625F 		.ascii	"scb_2_interrupt_IRQn\000"
 1008      325F696E 
 1008      74657272 
 1008      7570745F 
 1008      4952516E 
 1009              	.LASF74:
 1010 0554 63707573 		.ascii	"cpuss_interrupts_dw0_14_IRQn\000"
 1010      735F696E 
 1010      74657272 
 1010      75707473 
 1010      5F647730 
 1011              	.LASF15:
 1012 0571 696F7373 		.ascii	"ioss_interrupts_gpio_5_IRQn\000"
 1012      5F696E74 
 1012      65727275 
 1012      7074735F 
 1012      6770696F 
 1013              	.LASF41:
 1014 058d 63707573 		.ascii	"cpuss_interrupts_ipc_6_IRQn\000"
 1014      735F696E 
 1014      74657272 
 1014      75707473 
 1014      5F697063 
 1015              	.LASF134:
 1016 05a9 7564625F 		.ascii	"udb_interrupts_2_IRQn\000"
 1016      696E7465 
ARM GAS  C:\Users\ADMINI~1\AppData\Local\Temp\cc8swVGr.s 			page 23


 1016      72727570 
 1016      74735F32 
 1016      5F495251 
 1017              	.LASF23:
 1018 05bf 696F7373 		.ascii	"ioss_interrupts_gpio_13_IRQn\000"
 1018      5F696E74 
 1018      65727275 
 1018      7074735F 
 1018      6770696F 
 1019              	.LASF120:
 1020 05dc 74637077 		.ascii	"tcpwm_1_interrupts_12_IRQn\000"
 1020      6D5F315F 
 1020      696E7465 
 1020      72727570 
 1020      74735F31 
 1021              	.LASF89:
 1022 05f7 63707573 		.ascii	"cpuss_interrupts_dw1_13_IRQn\000"
 1022      735F696E 
 1022      74657272 
 1022      75707473 
 1022      5F647731 
 1023              	.LASF166:
 1024 0614 6C6F6E67 		.ascii	"long unsigned int\000"
 1024      20756E73 
 1024      69676E65 
 1024      6420696E 
 1024      7400
 1025              	.LASF30:
 1026 0626 73727373 		.ascii	"srss_interrupt_mcwdt_1_IRQn\000"
 1026      5F696E74 
 1026      65727275 
 1026      70745F6D 
 1026      63776474 
 1027              	.LASF101:
 1028 0642 74637077 		.ascii	"tcpwm_0_interrupts_1_IRQn\000"
 1028      6D5F305F 
 1028      696E7465 
 1028      72727570 
 1028      74735F31 
 1029              	.LASF154:
 1030 065c 7573625F 		.ascii	"usb_interrupt_med_IRQn\000"
 1030      696E7465 
 1030      72727570 
 1030      745F6D65 
 1030      645F4952 
 1031              	.LASF92:
 1032 0673 63707573 		.ascii	"cpuss_interrupts_fault_0_IRQn\000"
 1032      735F696E 
 1032      74657272 
 1032      75707473 
 1032      5F666175 
 1033              	.LASF6:
 1034 0691 53564361 		.ascii	"SVCall_IRQn\000"
 1034      6C6C5F49 
 1034      52516E00 
 1035              	.LASF161:
 1036 069d 73686F72 		.ascii	"short unsigned int\000"
ARM GAS  C:\Users\ADMINI~1\AppData\Local\Temp\cc8swVGr.s 			page 24


 1036      7420756E 
 1036      7369676E 
 1036      65642069 
 1036      6E7400
 1037              	.LASF113:
 1038 06b0 74637077 		.ascii	"tcpwm_1_interrupts_5_IRQn\000"
 1038      6D5F315F 
 1038      696E7465 
 1038      72727570 
 1038      74735F35 
 1039              	.LASF36:
 1040 06ca 63707573 		.ascii	"cpuss_interrupts_ipc_1_IRQn\000"
 1040      735F696E 
 1040      74657272 
 1040      75707473 
 1040      5F697063 
 1041              	.LASF185:
 1042 06e6 4144435F 		.ascii	"ADC_1_IRQ_cfg\000"
 1042      315F4952 
 1042      515F6366 
 1042      6700
 1043              	.LASF95:
 1044 06f4 63707573 		.ascii	"cpuss_interrupt_fm_IRQn\000"
 1044      735F696E 
 1044      74657272 
 1044      7570745F 
 1044      666D5F49 
 1045              	.LASF83:
 1046 070c 63707573 		.ascii	"cpuss_interrupts_dw1_7_IRQn\000"
 1046      735F696E 
 1046      74657272 
 1046      75707473 
 1046      5F647731 
 1047              	.LASF75:
 1048 0728 63707573 		.ascii	"cpuss_interrupts_dw0_15_IRQn\000"
 1048      735F696E 
 1048      74657272 
 1048      75707473 
 1048      5F647730 
 1049              	.LASF16:
 1050 0745 696F7373 		.ascii	"ioss_interrupts_gpio_6_IRQn\000"
 1050      5F696E74 
 1050      65727275 
 1050      7074735F 
 1050      6770696F 
 1051              	.LASF135:
 1052 0761 7564625F 		.ascii	"udb_interrupts_3_IRQn\000"
 1052      696E7465 
 1052      72727570 
 1052      74735F33 
 1052      5F495251 
 1053              	.LASF24:
 1054 0777 696F7373 		.ascii	"ioss_interrupts_gpio_14_IRQn\000"
 1054      5F696E74 
 1054      65727275 
 1054      7074735F 
 1054      6770696F 
ARM GAS  C:\Users\ADMINI~1\AppData\Local\Temp\cc8swVGr.s 			page 25


 1055              	.LASF9:
 1056 0794 53797354 		.ascii	"SysTick_IRQn\000"
 1056      69636B5F 
 1056      4952516E 
 1056      00
 1057              	.LASF80:
 1058 07a1 63707573 		.ascii	"cpuss_interrupts_dw1_4_IRQn\000"
 1058      735F696E 
 1058      74657272 
 1058      75707473 
 1058      5F647731 
 1059              	.LASF90:
 1060 07bd 63707573 		.ascii	"cpuss_interrupts_dw1_14_IRQn\000"
 1060      735F696E 
 1060      74657272 
 1060      75707473 
 1060      5F647731 
 1061              	.LASF131:
 1062 07da 74637077 		.ascii	"tcpwm_1_interrupts_23_IRQn\000"
 1062      6D5F315F 
 1062      696E7465 
 1062      72727570 
 1062      74735F32 
 1063              	.LASF102:
 1064 07f5 74637077 		.ascii	"tcpwm_0_interrupts_2_IRQn\000"
 1064      6D5F305F 
 1064      696E7465 
 1064      72727570 
 1064      74735F32 
 1065              	.LASF121:
 1066 080f 74637077 		.ascii	"tcpwm_1_interrupts_13_IRQn\000"
 1066      6D5F315F 
 1066      696E7465 
 1066      72727570 
 1066      74735F31 
 1067              	.LASF93:
 1068 082a 63707573 		.ascii	"cpuss_interrupts_fault_1_IRQn\000"
 1068      735F696E 
 1068      74657272 
 1068      75707473 
 1068      5F666175 
 1069              	.LASF172:
 1070 0848 73697A65 		.ascii	"sizetype\000"
 1070      74797065 
 1070      00
 1071              	.LASF142:
 1072 0851 7564625F 		.ascii	"udb_interrupts_10_IRQn\000"
 1072      696E7465 
 1072      72727570 
 1072      74735F31 
 1072      305F4952 
 1073              	.LASF68:
 1074 0868 63707573 		.ascii	"cpuss_interrupts_dw0_8_IRQn\000"
 1074      735F696E 
 1074      74657272 
 1074      75707473 
 1074      5F647730 
ARM GAS  C:\Users\ADMINI~1\AppData\Local\Temp\cc8swVGr.s 			page 26


 1075              	.LASF179:
 1076 0884 63795F73 		.ascii	"cy_stc_sysint_t\000"
 1076      74635F73 
 1076      7973696E 
 1076      745F7400 
 1077              	.LASF70:
 1078 0894 63707573 		.ascii	"cpuss_interrupts_dw0_10_IRQn\000"
 1078      735F696E 
 1078      74657272 
 1078      75707473 
 1078      5F647730 
 1079              	.LASF114:
 1080 08b1 74637077 		.ascii	"tcpwm_1_interrupts_6_IRQn\000"
 1080      6D5F315F 
 1080      696E7465 
 1080      72727570 
 1080      74735F36 
 1081              	.LASF37:
 1082 08cb 63707573 		.ascii	"cpuss_interrupts_ipc_2_IRQn\000"
 1082      735F696E 
 1082      74657272 
 1082      75707473 
 1082      5F697063 
 1083              	.LASF81:
 1084 08e7 63707573 		.ascii	"cpuss_interrupts_dw1_5_IRQn\000"
 1084      735F696E 
 1084      74657272 
 1084      75707473 
 1084      5F647731 
 1085              	.LASF139:
 1086 0903 7564625F 		.ascii	"udb_interrupts_7_IRQn\000"
 1086      696E7465 
 1086      72727570 
 1086      74735F37 
 1086      5F495251 
 1087              	.LASF188:
 1088 0919 4D3A5C47 		.ascii	"M:\\Githubrepo\\Intern_hiwi\\April_BLE\\Final_proje"
 1088      69746875 
 1088      62726570 
 1088      6F5C496E 
 1088      7465726E 
 1089 0948 63743031 		.ascii	"ct01_20Byte.cydsn\000"
 1089      5F323042 
 1089      7974652E 
 1089      63796473 
 1089      6E00
 1090              	.LASF125:
 1091 095a 74637077 		.ascii	"tcpwm_1_interrupts_17_IRQn\000"
 1091      6D5F315F 
 1091      696E7465 
 1091      72727570 
 1091      74735F31 
 1092              	.LASF55:
 1093 0975 7363625F 		.ascii	"scb_4_interrupt_IRQn\000"
 1093      345F696E 
 1093      74657272 
 1093      7570745F 
ARM GAS  C:\Users\ADMINI~1\AppData\Local\Temp\cc8swVGr.s 			page 27


 1093      4952516E 
 1094              	.LASF17:
 1095 098a 696F7373 		.ascii	"ioss_interrupts_gpio_7_IRQn\000"
 1095      5F696E74 
 1095      65727275 
 1095      7074735F 
 1095      6770696F 
 1096              	.LASF73:
 1097 09a6 63707573 		.ascii	"cpuss_interrupts_dw0_13_IRQn\000"
 1097      735F696E 
 1097      74657272 
 1097      75707473 
 1097      5F647730 
 1098              	.LASF186:
 1099 09c3 474E5520 		.ascii	"GNU C11 5.4.1 20160609 (release) [ARM/embedded-5-br"
 1099      43313120 
 1099      352E342E 
 1099      31203230 
 1099      31363036 
 1100 09f6 616E6368 		.ascii	"anch revision 237715] -mcpu=cortex-m4 -mfloat-abi=s"
 1100      20726576 
 1100      6973696F 
 1100      6E203233 
 1100      37373135 
 1101 0a29 6F667466 		.ascii	"oftfp -mfpu=fpv4-sp-d16 -mthumb -g -Og -ffunction-s"
 1101      70202D6D 
 1101      6670753D 
 1101      66707634 
 1101      2D73702D 
 1102 0a5c 65637469 		.ascii	"ections -ffat-lto-objects\000"
 1102      6F6E7320 
 1102      2D666661 
 1102      742D6C74 
 1102      6F2D6F62 
 1103              	.LASF91:
 1104 0a76 63707573 		.ascii	"cpuss_interrupts_dw1_15_IRQn\000"
 1104      735F696E 
 1104      74657272 
 1104      75707473 
 1104      5F647731 
 1105              	.LASF153:
 1106 0a93 7573625F 		.ascii	"usb_interrupt_hi_IRQn\000"
 1106      696E7465 
 1106      72727570 
 1106      745F6869 
 1106      5F495251 
 1107              	.LASF175:
 1108 0aa9 666C6F61 		.ascii	"float\000"
 1108      7400
 1109              	.LASF63:
 1110 0aaf 63707573 		.ascii	"cpuss_interrupts_dw0_3_IRQn\000"
 1110      735F696E 
 1110      74657272 
 1110      75707473 
 1110      5F647730 
 1111              	.LASF21:
 1112 0acb 696F7373 		.ascii	"ioss_interrupts_gpio_11_IRQn\000"
ARM GAS  C:\Users\ADMINI~1\AppData\Local\Temp\cc8swVGr.s 			page 28


 1112      5F696E74 
 1112      65727275 
 1112      7074735F 
 1112      6770696F 
 1113              	.LASF3:
 1114 0ae8 4D656D6F 		.ascii	"MemoryManagement_IRQn\000"
 1114      72794D61 
 1114      6E616765 
 1114      6D656E74 
 1114      5F495251 
 1115              	.LASF103:
 1116 0afe 74637077 		.ascii	"tcpwm_0_interrupts_3_IRQn\000"
 1116      6D5F305F 
 1116      696E7465 
 1116      72727570 
 1116      74735F33 
 1117              	.LASF128:
 1118 0b18 74637077 		.ascii	"tcpwm_1_interrupts_20_IRQn\000"
 1118      6D5F315F 
 1118      696E7465 
 1118      72727570 
 1118      74735F32 
 1119              	.LASF109:
 1120 0b33 74637077 		.ascii	"tcpwm_1_interrupts_1_IRQn\000"
 1120      6D5F315F 
 1120      696E7465 
 1120      72727570 
 1120      74735F31 
 1121              	.LASF76:
 1122 0b4d 63707573 		.ascii	"cpuss_interrupts_dw1_0_IRQn\000"
 1122      735F696E 
 1122      74657272 
 1122      75707473 
 1122      5F647731 
 1123              	.LASF143:
 1124 0b69 7564625F 		.ascii	"udb_interrupts_11_IRQn\000"
 1124      696E7465 
 1124      72727570 
 1124      74735F31 
 1124      315F4952 
 1125              	.LASF69:
 1126 0b80 63707573 		.ascii	"cpuss_interrupts_dw0_9_IRQn\000"
 1126      735F696E 
 1126      74657272 
 1126      75707473 
 1126      5F647730 
 1127              	.LASF170:
 1128 0b9c 696E7433 		.ascii	"int32_t\000"
 1128      325F7400 
 1129              	.LASF160:
 1130 0ba4 756E7369 		.ascii	"unsigned char\000"
 1130      676E6564 
 1130      20636861 
 1130      7200
 1131              	.LASF71:
 1132 0bb2 63707573 		.ascii	"cpuss_interrupts_dw0_11_IRQn\000"
 1132      735F696E 
ARM GAS  C:\Users\ADMINI~1\AppData\Local\Temp\cc8swVGr.s 			page 29


 1132      74657272 
 1132      75707473 
 1132      5F647730 
 1133              	.LASF115:
 1134 0bcf 74637077 		.ascii	"tcpwm_1_interrupts_7_IRQn\000"
 1134      6D5F315F 
 1134      696E7465 
 1134      72727570 
 1134      74735F37 
 1135              	.LASF38:
 1136 0be9 63707573 		.ascii	"cpuss_interrupts_ipc_3_IRQn\000"
 1136      735F696E 
 1136      74657272 
 1136      75707473 
 1136      5F697063 
 1137              	.LASF180:
 1138 0c05 49544D5F 		.ascii	"ITM_RxBuffer\000"
 1138      52784275 
 1138      66666572 
 1138      00
 1139              	.LASF169:
 1140 0c12 756E7369 		.ascii	"unsigned int\000"
 1140      676E6564 
 1140      20696E74 
 1140      00
 1141              	.LASF20:
 1142 0c1f 696F7373 		.ascii	"ioss_interrupts_gpio_10_IRQn\000"
 1142      5F696E74 
 1142      65727275 
 1142      7074735F 
 1142      6770696F 
 1143              	.LASF140:
 1144 0c3c 7564625F 		.ascii	"udb_interrupts_8_IRQn\000"
 1144      696E7465 
 1144      72727570 
 1144      74735F38 
 1144      5F495251 
 1145              	.LASF157:
 1146 0c52 756E636F 		.ascii	"unconnected_IRQn\000"
 1146      6E6E6563 
 1146      7465645F 
 1146      4952516E 
 1146      00
 1147              	.LASF158:
 1148 0c63 73686F72 		.ascii	"short int\000"
 1148      7420696E 
 1148      7400
 1149              	.LASF98:
 1150 0c6d 63707573 		.ascii	"cpuss_interrupts_cm4_cti_0_IRQn\000"
 1150      735F696E 
 1150      74657272 
 1150      75707473 
 1150      5F636D34 
 1151              	.LASF126:
 1152 0c8d 74637077 		.ascii	"tcpwm_1_interrupts_18_IRQn\000"
 1152      6D5F315F 
 1152      696E7465 
ARM GAS  C:\Users\ADMINI~1\AppData\Local\Temp\cc8swVGr.s 			page 30


 1152      72727570 
 1152      74735F31 
 1153              	.LASF79:
 1154 0ca8 63707573 		.ascii	"cpuss_interrupts_dw1_3_IRQn\000"
 1154      735F696E 
 1154      74657272 
 1154      75707473 
 1154      5F647731 
 1155              	.LASF107:
 1156 0cc4 74637077 		.ascii	"tcpwm_0_interrupts_7_IRQn\000"
 1156      6D5F305F 
 1156      696E7465 
 1156      72727570 
 1156      74735F37 
 1157              	.LASF87:
 1158 0cde 63707573 		.ascii	"cpuss_interrupts_dw1_11_IRQn\000"
 1158      735F696E 
 1158      74657272 
 1158      75707473 
 1158      5F647731 
 1159              	.LASF147:
 1160 0cfb 7564625F 		.ascii	"udb_interrupts_15_IRQn\000"
 1160      696E7465 
 1160      72727570 
 1160      74735F31 
 1160      355F4952 
 1161              	.LASF162:
 1162 0d12 4952516E 		.ascii	"IRQn_Type\000"
 1162      5F547970 
 1162      6500
 1163              	.LASF129:
 1164 0d1c 74637077 		.ascii	"tcpwm_1_interrupts_21_IRQn\000"
 1164      6D5F315F 
 1164      696E7465 
 1164      72727570 
 1164      74735F32 
 1165              	.LASF171:
 1166 0d37 75696E74 		.ascii	"uint32_t\000"
 1166      33325F74 
 1166      00
 1167              	.LASF110:
 1168 0d40 74637077 		.ascii	"tcpwm_1_interrupts_2_IRQn\000"
 1168      6D5F315F 
 1168      696E7465 
 1168      72727570 
 1168      74735F32 
 1169              	.LASF5:
 1170 0d5a 55736167 		.ascii	"UsageFault_IRQn\000"
 1170      65466175 
 1170      6C745F49 
 1170      52516E00 
 1171              	.LASF42:
 1172 0d6a 63707573 		.ascii	"cpuss_interrupts_ipc_7_IRQn\000"
 1172      735F696E 
 1172      74657272 
 1172      75707473 
 1172      5F697063 
ARM GAS  C:\Users\ADMINI~1\AppData\Local\Temp\cc8swVGr.s 			page 31


 1173              	.LASF77:
 1174 0d86 63707573 		.ascii	"cpuss_interrupts_dw1_1_IRQn\000"
 1174      735F696E 
 1174      74657272 
 1174      75707473 
 1174      5F647731 
 1175              	.LASF49:
 1176 0da2 63707573 		.ascii	"cpuss_interrupts_ipc_14_IRQn\000"
 1176      735F696E 
 1176      74657272 
 1176      75707473 
 1176      5F697063 
 1177              	.LASF150:
 1178 0dbf 61756469 		.ascii	"audioss_interrupt_pdm_IRQn\000"
 1178      6F73735F 
 1178      696E7465 
 1178      72727570 
 1178      745F7064 
 1179              	.LASF173:
 1180 0dda 6C6F6E67 		.ascii	"long double\000"
 1180      20646F75 
 1180      626C6500 
 1181              	.LASF174:
 1182 0de6 63686172 		.ascii	"char\000"
 1182      00
 1183              	.LASF187:
 1184 0deb 47656E65 		.ascii	"Generated_Source\\PSoC6\\cyfitter_sysint_cfg.c\000"
 1184      72617465 
 1184      645F536F 
 1184      75726365 
 1184      5C50536F 
 1185              	.LASF72:
 1186 0e18 63707573 		.ascii	"cpuss_interrupts_dw0_12_IRQn\000"
 1186      735F696E 
 1186      74657272 
 1186      75707473 
 1186      5F647730 
 1187              	.LASF13:
 1188 0e35 696F7373 		.ascii	"ioss_interrupts_gpio_3_IRQn\000"
 1188      5F696E74 
 1188      65727275 
 1188      7074735F 
 1188      6770696F 
 1189              	.LASF148:
 1190 0e51 70617373 		.ascii	"pass_interrupt_sar_IRQn\000"
 1190      5F696E74 
 1190      65727275 
 1190      70745F73 
 1190      61725F49 
 1191              	.LASF8:
 1192 0e69 50656E64 		.ascii	"PendSV_IRQn\000"
 1192      53565F49 
 1192      52516E00 
 1193              	.LASF54:
 1194 0e75 7363625F 		.ascii	"scb_3_interrupt_IRQn\000"
 1194      335F696E 
 1194      74657272 
ARM GAS  C:\Users\ADMINI~1\AppData\Local\Temp\cc8swVGr.s 			page 32


 1194      7570745F 
 1194      4952516E 
 1195              	.LASF141:
 1196 0e8a 7564625F 		.ascii	"udb_interrupts_9_IRQn\000"
 1196      696E7465 
 1196      72727570 
 1196      74735F39 
 1196      5F495251 
 1197              	.LASF1:
 1198 0ea0 4E6F6E4D 		.ascii	"NonMaskableInt_IRQn\000"
 1198      61736B61 
 1198      626C6549 
 1198      6E745F49 
 1198      52516E00 
 1199              	.LASF163:
 1200 0eb4 5F5F696E 		.ascii	"__int32_t\000"
 1200      7433325F 
 1200      7400
 1201              	.LASF127:
 1202 0ebe 74637077 		.ascii	"tcpwm_1_interrupts_19_IRQn\000"
 1202      6D5F315F 
 1202      696E7465 
 1202      72727570 
 1202      74735F31 
 1203              	.LASF57:
 1204 0ed9 7363625F 		.ascii	"scb_6_interrupt_IRQn\000"
 1204      365F696E 
 1204      74657272 
 1204      7570745F 
 1204      4952516E 
 1205              	.LASF11:
 1206 0eee 696F7373 		.ascii	"ioss_interrupts_gpio_1_IRQn\000"
 1206      5F696E74 
 1206      65727275 
 1206      7074735F 
 1206      6770696F 
 1207              	.LASF2:
 1208 0f0a 48617264 		.ascii	"HardFault_IRQn\000"
 1208      4661756C 
 1208      745F4952 
 1208      516E00
 1209              	.LASF65:
 1210 0f19 63707573 		.ascii	"cpuss_interrupts_dw0_5_IRQn\000"
 1210      735F696E 
 1210      74657272 
 1210      75707473 
 1210      5F647730 
 1211              	.LASF7:
 1212 0f35 44656275 		.ascii	"DebugMonitor_IRQn\000"
 1212      674D6F6E 
 1212      69746F72 
 1212      5F495251 
 1212      6E00
 1213              	.LASF59:
 1214 0f47 6373645F 		.ascii	"csd_interrupt_IRQn\000"
 1214      696E7465 
 1214      72727570 
ARM GAS  C:\Users\ADMINI~1\AppData\Local\Temp\cc8swVGr.s 			page 33


 1214      745F4952 
 1214      516E00
 1215              	.LASF35:
 1216 0f5a 63707573 		.ascii	"cpuss_interrupts_ipc_0_IRQn\000"
 1216      735F696E 
 1216      74657272 
 1216      75707473 
 1216      5F697063 
 1217              	.LASF130:
 1218 0f76 74637077 		.ascii	"tcpwm_1_interrupts_22_IRQn\000"
 1218      6D5F315F 
 1218      696E7465 
 1218      72727570 
 1218      74735F32 
 1219              	.LASF111:
 1220 0f91 74637077 		.ascii	"tcpwm_1_interrupts_3_IRQn\000"
 1220      6D5F315F 
 1220      696E7465 
 1220      72727570 
 1220      74735F33 
 1221              	.LASF43:
 1222 0fab 63707573 		.ascii	"cpuss_interrupts_ipc_8_IRQn\000"
 1222      735F696E 
 1222      74657272 
 1222      75707473 
 1222      5F697063 
 1223              	.LASF78:
 1224 0fc7 63707573 		.ascii	"cpuss_interrupts_dw1_2_IRQn\000"
 1224      735F696E 
 1224      74657272 
 1224      75707473 
 1224      5F647731 
 1225              	.LASF50:
 1226 0fe3 63707573 		.ascii	"cpuss_interrupts_ipc_15_IRQn\000"
 1226      735F696E 
 1226      74657272 
 1226      75707473 
 1226      5F697063 
 1227              	.LASF136:
 1228 1000 7564625F 		.ascii	"udb_interrupts_4_IRQn\000"
 1228      696E7465 
 1228      72727570 
 1228      74735F34 
 1228      5F495251 
 1229              	.LASF122:
 1230 1016 74637077 		.ascii	"tcpwm_1_interrupts_14_IRQn\000"
 1230      6D5F315F 
 1230      696E7465 
 1230      72727570 
 1230      74735F31 
 1231              	.LASF14:
 1232 1031 696F7373 		.ascii	"ioss_interrupts_gpio_4_IRQn\000"
 1232      5F696E74 
 1232      65727275 
 1232      7074735F 
 1232      6770696F 
 1233              	.LASF152:
ARM GAS  C:\Users\ADMINI~1\AppData\Local\Temp\cc8swVGr.s 			page 34


 1234 104d 736D6966 		.ascii	"smif_interrupt_IRQn\000"
 1234      5F696E74 
 1234      65727275 
 1234      70745F49 
 1234      52516E00 
 1235              	.LASF22:
 1236 1061 696F7373 		.ascii	"ioss_interrupts_gpio_12_IRQn\000"
 1236      5F696E74 
 1236      65727275 
 1236      7074735F 
 1236      6770696F 
 1237              	.LASF151:
 1238 107e 70726F66 		.ascii	"profile_interrupt_IRQn\000"
 1238      696C655F 
 1238      696E7465 
 1238      72727570 
 1238      745F4952 
 1239              	.LASF88:
 1240 1095 63707573 		.ascii	"cpuss_interrupts_dw1_12_IRQn\000"
 1240      735F696E 
 1240      74657272 
 1240      75707473 
 1240      5F647731 
 1241              	.LASF60:
 1242 10b2 63707573 		.ascii	"cpuss_interrupts_dw0_0_IRQn\000"
 1242      735F696E 
 1242      74657272 
 1242      75707473 
 1242      5F647730 
 1243              	.LASF26:
 1244 10ce 696F7373 		.ascii	"ioss_interrupt_vdd_IRQn\000"
 1244      5F696E74 
 1244      65727275 
 1244      70745F76 
 1244      64645F49 
 1245              	.LASF100:
 1246 10e6 74637077 		.ascii	"tcpwm_0_interrupts_0_IRQn\000"
 1246      6D5F305F 
 1246      696E7465 
 1246      72727570 
 1246      74735F30 
 1247              	.LASF86:
 1248 1100 63707573 		.ascii	"cpuss_interrupts_dw1_10_IRQn\000"
 1248      735F696E 
 1248      74657272 
 1248      75707473 
 1248      5F647731 
 1249              	.LASF31:
 1250 111d 73727373 		.ascii	"srss_interrupt_backup_IRQn\000"
 1250      5F696E74 
 1250      65727275 
 1250      70745F62 
 1250      61636B75 
 1251              	.LASF159:
 1252 1138 7369676E 		.ascii	"signed char\000"
 1252      65642063 
 1252      68617200 
ARM GAS  C:\Users\ADMINI~1\AppData\Local\Temp\cc8swVGr.s 			page 35


 1253              	.LASF45:
 1254 1144 63707573 		.ascii	"cpuss_interrupts_ipc_10_IRQn\000"
 1254      735F696E 
 1254      74657272 
 1254      75707473 
 1254      5F697063 
 1255              	.LASF82:
 1256 1161 63707573 		.ascii	"cpuss_interrupts_dw1_6_IRQn\000"
 1256      735F696E 
 1256      74657272 
 1256      75707473 
 1256      5F647731 
 1257              	.LASF67:
 1258 117d 63707573 		.ascii	"cpuss_interrupts_dw0_7_IRQn\000"
 1258      735F696E 
 1258      74657272 
 1258      75707473 
 1258      5F647730 
 1259              	.LASF178:
 1260 1199 696E7472 		.ascii	"intrPriority\000"
 1260      5072696F 
 1260      72697479 
 1260      00
 1261              	.LASF112:
 1262 11a6 74637077 		.ascii	"tcpwm_1_interrupts_4_IRQn\000"
 1262      6D5F315F 
 1262      696E7465 
 1262      72727570 
 1262      74735F34 
 1263              	.LASF96:
 1264 11c0 63707573 		.ascii	"cpuss_interrupts_cm0_cti_0_IRQn\000"
 1264      735F696E 
 1264      74657272 
 1264      75707473 
 1264      5F636D30 
 1265              	.LASF18:
 1266 11e0 696F7373 		.ascii	"ioss_interrupts_gpio_8_IRQn\000"
 1266      5F696E74 
 1266      65727275 
 1266      7074735F 
 1266      6770696F 
 1267              	.LASF44:
 1268 11fc 63707573 		.ascii	"cpuss_interrupts_ipc_9_IRQn\000"
 1268      735F696E 
 1268      74657272 
 1268      75707473 
 1268      5F697063 
 1269              	.LASF137:
 1270 1218 7564625F 		.ascii	"udb_interrupts_5_IRQn\000"
 1270      696E7465 
 1270      72727570 
 1270      74735F35 
 1270      5F495251 
 1271              	.LASF48:
 1272 122e 63707573 		.ascii	"cpuss_interrupts_ipc_13_IRQn\000"
 1272      735F696E 
 1272      74657272 
ARM GAS  C:\Users\ADMINI~1\AppData\Local\Temp\cc8swVGr.s 			page 36


 1272      75707473 
 1272      5F697063 
 1273              		.ident	"GCC: (GNU Tools for ARM Embedded Processors) 5.4.1 20160609 (release) [ARM/embedded-5-bran
