ARM GAS  C:\Users\ADMINI~1\AppData\Local\Temp\ccNCWmtP.s 			page 1


   1              		.syntax unified
   2              		.cpu cortex-m4
   3              		.eabi_attribute 27, 1
   4              		.fpu fpv4-sp-d16
   5              		.eabi_attribute 20, 1
   6              		.eabi_attribute 21, 1
   7              		.eabi_attribute 23, 3
   8              		.eabi_attribute 24, 1
   9              		.eabi_attribute 25, 1
  10              		.eabi_attribute 26, 1
  11              		.eabi_attribute 30, 1
  12              		.eabi_attribute 34, 1
  13              		.eabi_attribute 18, 4
  14              		.thumb
  15              		.syntax unified
  16              		.file	"main_cm4.c"
  17              		.text
  18              	.Ltext0:
  19              		.cfi_sections	.debug_frame
  20              		.section	.text.main,"ax",%progbits
  21              		.align	2
  22              		.global	main
  23              		.thumb
  24              		.thumb_func
  25              		.type	main, %function
  26              	main:
  27              	.LFB729:
  28              		.file 1 "main_cm4.c"
   1:main_cm4.c    **** /*******************************************************************************
   2:main_cm4.c    **** * File Name: main_cm4.c
   3:main_cm4.c    **** *
   4:main_cm4.c    **** * Version: 1.10
   5:main_cm4.c    **** *
   6:main_cm4.c    **** * Description:
   7:main_cm4.c    **** *  This is the source code for CM4 core for the dual core BLE project.
   8:main_cm4.c    **** *
   9:main_cm4.c    **** * Related Document: CE222046_Throughput_Measurement.pdf
  10:main_cm4.c    **** *
  11:main_cm4.c    **** * Hardware Dependency: See CE222046_Throughput_Measurement.pdf
  12:main_cm4.c    **** *
  13:main_cm4.c    **** *******************************************************************************
  14:main_cm4.c    **** * Copyright (2018), Cypress Semiconductor Corporation. All rights reserved.
  15:main_cm4.c    **** *******************************************************************************
  16:main_cm4.c    **** * This software, including source code, documentation and related materials
  17:main_cm4.c    **** * (“Software”), is owned by Cypress Semiconductor Corporation or one of its
  18:main_cm4.c    **** * subsidiaries (“Cypress”) and is protected by and subject to worldwide patent
  19:main_cm4.c    **** * protection (United States and foreign), United States copyright laws and
  20:main_cm4.c    **** * international treaty provisions. Therefore, you may use this Software only
  21:main_cm4.c    **** * as provided in the license agreement accompanying the software package from
  22:main_cm4.c    **** * which you obtained this Software (“EULA”).
  23:main_cm4.c    **** *
  24:main_cm4.c    **** * If no EULA applies, Cypress hereby grants you a personal, nonexclusive,
  25:main_cm4.c    **** * non-transferable license to copy, modify, and compile the Software source
  26:main_cm4.c    **** * code solely for use in connection with Cypress’s integrated circuit products.
  27:main_cm4.c    **** * Any reproduction, modification, translation, compilation, or representation
  28:main_cm4.c    **** * of this Software except as specified above is prohibited without the express
  29:main_cm4.c    **** * written permission of Cypress.
ARM GAS  C:\Users\ADMINI~1\AppData\Local\Temp\ccNCWmtP.s 			page 2


  30:main_cm4.c    **** *
  31:main_cm4.c    **** * Disclaimer: THIS SOFTWARE IS PROVIDED AS-IS, WITH NO WARRANTY OF ANY KIND, 
  32:main_cm4.c    **** * EXPRESS OR IMPLIED, INCLUDING, BUT NOT LIMITED TO, NONINFRINGEMENT, IMPLIED 
  33:main_cm4.c    **** * WARRANTIES OF MERCHANTABILITY AND FITNESS FOR A PARTICULAR PURPOSE. Cypress 
  34:main_cm4.c    **** * reserves the right to make changes to the Software without notice. Cypress 
  35:main_cm4.c    **** * does not assume any liability arising out of the application or use of the 
  36:main_cm4.c    **** * Software or any product or circuit described in the Software. Cypress does 
  37:main_cm4.c    **** * not authorize its products for use in any products where a malfunction or 
  38:main_cm4.c    **** * failure of the Cypress product may reasonably be expected to result in 
  39:main_cm4.c    **** * significant property damage, injury or death (“High Risk Product”). By 
  40:main_cm4.c    **** * including Cypress’s product in a High Risk Product, the manufacturer of such 
  41:main_cm4.c    **** * system or application assumes all risk of such use and in doing so agrees to 
  42:main_cm4.c    **** * indemnify Cypress against all liability.
  43:main_cm4.c    **** *******************************************************************************/
  44:main_cm4.c    **** #include "project.h"
  45:main_cm4.c    **** 
  46:main_cm4.c    **** extern int HostMain(void);
  47:main_cm4.c    **** /*******************************************************************************
  48:main_cm4.c    **** * Function Name: main()
  49:main_cm4.c    **** ********************************************************************************
  50:main_cm4.c    **** * Summary:
  51:main_cm4.c    **** *  Main function for the CM4 core.
  52:main_cm4.c    **** *
  53:main_cm4.c    **** * Parameters:
  54:main_cm4.c    **** *  None
  55:main_cm4.c    **** *
  56:main_cm4.c    **** * Return:
  57:main_cm4.c    **** *  None
  58:main_cm4.c    **** *
  59:main_cm4.c    **** * Theory:
  60:main_cm4.c    **** *  The function starts BLE and UART components.
  61:main_cm4.c    **** *  This function processes all BLE events. See host_main.c for details. 
  62:main_cm4.c    **** *
  63:main_cm4.c    **** *******************************************************************************/
  64:main_cm4.c    **** int main()
  65:main_cm4.c    **** {
  29              		.loc 1 65 0
  30              		.cfi_startproc
  31              		@ args = 0, pretend = 0, frame = 0
  32              		@ frame_needed = 0, uses_anonymous_args = 0
  33 0000 08B5     		push	{r3, lr}
  34              		.cfi_def_cfa_offset 8
  35              		.cfi_offset 3, -8
  36              		.cfi_offset 14, -4
  37              	.LBB4:
  38              	.LBB5:
  39              		.file 2 "Generated_Source\\PSoC6\\pdl\\cmsis/include/cmsis_gcc.h"
   1:Generated_Source\PSoC6\pdl\cmsis/include/cmsis_gcc.h **** /**************************************************************************//**
   2:Generated_Source\PSoC6\pdl\cmsis/include/cmsis_gcc.h ****  * @file     cmsis_gcc.h
   3:Generated_Source\PSoC6\pdl\cmsis/include/cmsis_gcc.h ****  * @brief    CMSIS compiler GCC header file
   4:Generated_Source\PSoC6\pdl\cmsis/include/cmsis_gcc.h ****  * @version  V5.0.1
   5:Generated_Source\PSoC6\pdl\cmsis/include/cmsis_gcc.h ****  * @date     02. February 2017
   6:Generated_Source\PSoC6\pdl\cmsis/include/cmsis_gcc.h ****  ******************************************************************************/
   7:Generated_Source\PSoC6\pdl\cmsis/include/cmsis_gcc.h **** /*
   8:Generated_Source\PSoC6\pdl\cmsis/include/cmsis_gcc.h ****  * Copyright (c) 2009-2017 ARM Limited. All rights reserved.
   9:Generated_Source\PSoC6\pdl\cmsis/include/cmsis_gcc.h ****  *
  10:Generated_Source\PSoC6\pdl\cmsis/include/cmsis_gcc.h ****  * SPDX-License-Identifier: Apache-2.0
ARM GAS  C:\Users\ADMINI~1\AppData\Local\Temp\ccNCWmtP.s 			page 3


  11:Generated_Source\PSoC6\pdl\cmsis/include/cmsis_gcc.h ****  *
  12:Generated_Source\PSoC6\pdl\cmsis/include/cmsis_gcc.h ****  * Licensed under the Apache License, Version 2.0 (the License); you may
  13:Generated_Source\PSoC6\pdl\cmsis/include/cmsis_gcc.h ****  * not use this file except in compliance with the License.
  14:Generated_Source\PSoC6\pdl\cmsis/include/cmsis_gcc.h ****  * You may obtain a copy of the License at
  15:Generated_Source\PSoC6\pdl\cmsis/include/cmsis_gcc.h ****  *
  16:Generated_Source\PSoC6\pdl\cmsis/include/cmsis_gcc.h ****  * www.apache.org/licenses/LICENSE-2.0
  17:Generated_Source\PSoC6\pdl\cmsis/include/cmsis_gcc.h ****  *
  18:Generated_Source\PSoC6\pdl\cmsis/include/cmsis_gcc.h ****  * Unless required by applicable law or agreed to in writing, software
  19:Generated_Source\PSoC6\pdl\cmsis/include/cmsis_gcc.h ****  * distributed under the License is distributed on an AS IS BASIS, WITHOUT
  20:Generated_Source\PSoC6\pdl\cmsis/include/cmsis_gcc.h ****  * WARRANTIES OR CONDITIONS OF ANY KIND, either express or implied.
  21:Generated_Source\PSoC6\pdl\cmsis/include/cmsis_gcc.h ****  * See the License for the specific language governing permissions and
  22:Generated_Source\PSoC6\pdl\cmsis/include/cmsis_gcc.h ****  * limitations under the License.
  23:Generated_Source\PSoC6\pdl\cmsis/include/cmsis_gcc.h ****  */
  24:Generated_Source\PSoC6\pdl\cmsis/include/cmsis_gcc.h **** 
  25:Generated_Source\PSoC6\pdl\cmsis/include/cmsis_gcc.h **** #ifndef __CMSIS_GCC_H
  26:Generated_Source\PSoC6\pdl\cmsis/include/cmsis_gcc.h **** #define __CMSIS_GCC_H
  27:Generated_Source\PSoC6\pdl\cmsis/include/cmsis_gcc.h **** 
  28:Generated_Source\PSoC6\pdl\cmsis/include/cmsis_gcc.h **** /* ignore some GCC warnings */
  29:Generated_Source\PSoC6\pdl\cmsis/include/cmsis_gcc.h **** #pragma GCC diagnostic push
  30:Generated_Source\PSoC6\pdl\cmsis/include/cmsis_gcc.h **** #pragma GCC diagnostic ignored "-Wsign-conversion"
  31:Generated_Source\PSoC6\pdl\cmsis/include/cmsis_gcc.h **** #pragma GCC diagnostic ignored "-Wconversion"
  32:Generated_Source\PSoC6\pdl\cmsis/include/cmsis_gcc.h **** #pragma GCC diagnostic ignored "-Wunused-parameter"
  33:Generated_Source\PSoC6\pdl\cmsis/include/cmsis_gcc.h **** 
  34:Generated_Source\PSoC6\pdl\cmsis/include/cmsis_gcc.h **** /* CMSIS compiler specific defines */
  35:Generated_Source\PSoC6\pdl\cmsis/include/cmsis_gcc.h **** #ifndef   __ASM
  36:Generated_Source\PSoC6\pdl\cmsis/include/cmsis_gcc.h ****   #define __ASM                     __asm
  37:Generated_Source\PSoC6\pdl\cmsis/include/cmsis_gcc.h **** #endif
  38:Generated_Source\PSoC6\pdl\cmsis/include/cmsis_gcc.h **** #ifndef   __INLINE
  39:Generated_Source\PSoC6\pdl\cmsis/include/cmsis_gcc.h ****   #define __INLINE                  inline
  40:Generated_Source\PSoC6\pdl\cmsis/include/cmsis_gcc.h **** #endif
  41:Generated_Source\PSoC6\pdl\cmsis/include/cmsis_gcc.h **** #ifndef   __STATIC_INLINE
  42:Generated_Source\PSoC6\pdl\cmsis/include/cmsis_gcc.h ****   #define __STATIC_INLINE           static inline
  43:Generated_Source\PSoC6\pdl\cmsis/include/cmsis_gcc.h **** #endif
  44:Generated_Source\PSoC6\pdl\cmsis/include/cmsis_gcc.h **** #ifndef   __NO_RETURN
  45:Generated_Source\PSoC6\pdl\cmsis/include/cmsis_gcc.h ****   #define __NO_RETURN               __attribute__((noreturn))
  46:Generated_Source\PSoC6\pdl\cmsis/include/cmsis_gcc.h **** #endif
  47:Generated_Source\PSoC6\pdl\cmsis/include/cmsis_gcc.h **** #ifndef   __USED
  48:Generated_Source\PSoC6\pdl\cmsis/include/cmsis_gcc.h ****   #define __USED                    __attribute__((used))
  49:Generated_Source\PSoC6\pdl\cmsis/include/cmsis_gcc.h **** #endif
  50:Generated_Source\PSoC6\pdl\cmsis/include/cmsis_gcc.h **** #ifndef   __WEAK
  51:Generated_Source\PSoC6\pdl\cmsis/include/cmsis_gcc.h ****   #define __WEAK                    __attribute__((weak))
  52:Generated_Source\PSoC6\pdl\cmsis/include/cmsis_gcc.h **** #endif
  53:Generated_Source\PSoC6\pdl\cmsis/include/cmsis_gcc.h **** #ifndef   __UNALIGNED_UINT32
  54:Generated_Source\PSoC6\pdl\cmsis/include/cmsis_gcc.h **** #pragma GCC diagnostic push
  55:Generated_Source\PSoC6\pdl\cmsis/include/cmsis_gcc.h **** #pragma GCC diagnostic ignored "-Wpacked"
  56:Generated_Source\PSoC6\pdl\cmsis/include/cmsis_gcc.h **** #pragma GCC diagnostic ignored "-Wattributes"
  57:Generated_Source\PSoC6\pdl\cmsis/include/cmsis_gcc.h ****   struct __attribute__((packed)) T_UINT32 { uint32_t v; };
  58:Generated_Source\PSoC6\pdl\cmsis/include/cmsis_gcc.h **** #pragma GCC diagnostic pop
  59:Generated_Source\PSoC6\pdl\cmsis/include/cmsis_gcc.h ****   #define __UNALIGNED_UINT32(x)     (((struct T_UINT32 *)(x))->v)
  60:Generated_Source\PSoC6\pdl\cmsis/include/cmsis_gcc.h **** #endif
  61:Generated_Source\PSoC6\pdl\cmsis/include/cmsis_gcc.h **** #ifndef   __ALIGNED
  62:Generated_Source\PSoC6\pdl\cmsis/include/cmsis_gcc.h ****   #define __ALIGNED(x)              __attribute__((aligned(x)))
  63:Generated_Source\PSoC6\pdl\cmsis/include/cmsis_gcc.h **** #endif
  64:Generated_Source\PSoC6\pdl\cmsis/include/cmsis_gcc.h **** #ifndef   __PACKED
  65:Generated_Source\PSoC6\pdl\cmsis/include/cmsis_gcc.h ****   #define __PACKED                  __attribute__((packed, aligned(1)))
  66:Generated_Source\PSoC6\pdl\cmsis/include/cmsis_gcc.h **** #endif
  67:Generated_Source\PSoC6\pdl\cmsis/include/cmsis_gcc.h **** #ifndef   __PACKED_STRUCT
ARM GAS  C:\Users\ADMINI~1\AppData\Local\Temp\ccNCWmtP.s 			page 4


  68:Generated_Source\PSoC6\pdl\cmsis/include/cmsis_gcc.h ****   #define __PACKED_STRUCT           struct __attribute__((packed, aligned(1)))
  69:Generated_Source\PSoC6\pdl\cmsis/include/cmsis_gcc.h **** #endif
  70:Generated_Source\PSoC6\pdl\cmsis/include/cmsis_gcc.h **** 
  71:Generated_Source\PSoC6\pdl\cmsis/include/cmsis_gcc.h **** 
  72:Generated_Source\PSoC6\pdl\cmsis/include/cmsis_gcc.h **** /* ###########################  Core Function Access  ########################### */
  73:Generated_Source\PSoC6\pdl\cmsis/include/cmsis_gcc.h **** /** \ingroup  CMSIS_Core_FunctionInterface
  74:Generated_Source\PSoC6\pdl\cmsis/include/cmsis_gcc.h ****     \defgroup CMSIS_Core_RegAccFunctions CMSIS Core Register Access Functions
  75:Generated_Source\PSoC6\pdl\cmsis/include/cmsis_gcc.h ****   @{
  76:Generated_Source\PSoC6\pdl\cmsis/include/cmsis_gcc.h ****  */
  77:Generated_Source\PSoC6\pdl\cmsis/include/cmsis_gcc.h **** 
  78:Generated_Source\PSoC6\pdl\cmsis/include/cmsis_gcc.h **** /**
  79:Generated_Source\PSoC6\pdl\cmsis/include/cmsis_gcc.h ****   \brief   Enable IRQ Interrupts
  80:Generated_Source\PSoC6\pdl\cmsis/include/cmsis_gcc.h ****   \details Enables IRQ interrupts by clearing the I-bit in the CPSR.
  81:Generated_Source\PSoC6\pdl\cmsis/include/cmsis_gcc.h ****            Can only be executed in Privileged modes.
  82:Generated_Source\PSoC6\pdl\cmsis/include/cmsis_gcc.h ****  */
  83:Generated_Source\PSoC6\pdl\cmsis/include/cmsis_gcc.h **** __attribute__((always_inline)) __STATIC_INLINE void __enable_irq(void)
  84:Generated_Source\PSoC6\pdl\cmsis/include/cmsis_gcc.h **** {
  85:Generated_Source\PSoC6\pdl\cmsis/include/cmsis_gcc.h ****   __ASM volatile ("cpsie i" : : : "memory");
  40              		.loc 2 85 0
  41              		.syntax unified
  42              	@ 85 "Generated_Source\PSoC6\pdl\cmsis/include/cmsis_gcc.h" 1
  43 0002 62B6     		cpsie i
  44              	@ 0 "" 2
  45              		.thumb
  46              		.syntax unified
  47              	.LBE5:
  48              	.LBE4:
  66:main_cm4.c    ****     __enable_irq(); /* Enable global interrupts. */
  67:main_cm4.c    **** 
  68:main_cm4.c    ****     #if(CY_BLE_CONFIG_HOST_CORE == CY_BLE_CORE_CORTEX_M4)   
  69:main_cm4.c    ****     
  70:main_cm4.c    ****     /* Run Host main */
  71:main_cm4.c    ****     HostMain();
  49              		.loc 1 71 0
  50 0004 FFF7FEFF 		bl	HostMain
  51              	.LVL0:
  72:main_cm4.c    **** 
  73:main_cm4.c    ****     #else
  74:main_cm4.c    ****     
  75:main_cm4.c    ****         /* Start BLE Controller for dual core mode */
  76:main_cm4.c    **** 	    Cy_BLE_Start(NULL);
  77:main_cm4.c    ****        
  78:main_cm4.c    ****     for(;;)
  79:main_cm4.c    ****     {
  80:main_cm4.c    ****          /* Process BLE events continuously for controller in dual core mode */
  81:main_cm4.c    ****         Cy_BLE_ProcessEvents();
  82:main_cm4.c    ****     }
  83:main_cm4.c    ****     
  84:main_cm4.c    ****     #endif /* (CY_BLE_CONFIG_HOST_CORE == CY_BLE_CORE_CORTEX_M4) */
  85:main_cm4.c    **** }
  52              		.loc 1 85 0
  53 0008 0020     		movs	r0, #0
  54 000a 08BD     		pop	{r3, pc}
  55              		.cfi_endproc
  56              	.LFE729:
  57              		.size	main, .-main
  58              		.text
ARM GAS  C:\Users\ADMINI~1\AppData\Local\Temp\ccNCWmtP.s 			page 5


  59              	.Letext0:
  60              		.file 3 "c:\\program files (x86)\\cypress\\psoc creator\\4.4\\psoc creator\\import\\gnu\\arm\\5.4.
  61              		.file 4 "c:\\program files (x86)\\cypress\\psoc creator\\4.4\\psoc creator\\import\\gnu\\arm\\5.4.
  62              		.file 5 "Generated_Source\\PSoC6\\pdl\\drivers/peripheral/tcpwm/cy_tcpwm_pwm.h"
  63              		.file 6 "Generated_Source\\PSoC6\\pdl\\drivers/peripheral/scb/cy_scb_spi.h"
  64              		.file 7 "Generated_Source\\PSoC6\\pdl\\drivers/peripheral/scb/cy_scb_uart.h"
  65              		.file 8 "Generated_Source\\PSoC6\\pdl\\drivers/peripheral/sar/cy_sar.h"
  66              		.file 9 "Generated_Source\\PSoC6\\pdl\\middleware/ble/cy_ble_stack_host_main.h"
  67              		.file 10 "Generated_Source\\PSoC6\\pdl\\middleware/ble/cy_ble_gap.h"
  68              		.file 11 "Generated_Source\\PSoC6/ADC_1.h"
  69              		.file 12 "Generated_Source\\PSoC6\\pdl\\cmsis/include/core_cm4.h"
  70              		.file 13 "Generated_Source\\PSoC6/UART.h"
  71              		.file 14 "Generated_Source\\PSoC6/PWM.h"
  72              		.file 15 "Generated_Source\\PSoC6/WS_SPI.h"
  73              		.section	.debug_info,"",%progbits
  74              	.Ldebug_info0:
  75 0000 C3060000 		.4byte	0x6c3
  76 0004 0400     		.2byte	0x4
  77 0006 00000000 		.4byte	.Ldebug_abbrev0
  78 000a 04       		.byte	0x4
  79 000b 01       		.uleb128 0x1
  80 000c 58040000 		.4byte	.LASF124
  81 0010 0C       		.byte	0xc
  82 0011 9D080000 		.4byte	.LASF125
  83 0015 F3030000 		.4byte	.LASF126
  84 0019 00000000 		.4byte	.Ldebug_ranges0+0
  85 001d 00000000 		.4byte	0
  86 0021 00000000 		.4byte	.Ldebug_line0
  87 0025 02       		.uleb128 0x2
  88 0026 02       		.byte	0x2
  89 0027 05       		.byte	0x5
  90 0028 27030000 		.4byte	.LASF0
  91 002c 02       		.uleb128 0x2
  92 002d 01       		.byte	0x1
  93 002e 06       		.byte	0x6
  94 002f B0000000 		.4byte	.LASF1
  95 0033 03       		.uleb128 0x3
  96 0034 35000000 		.4byte	.LASF4
  97 0038 03       		.byte	0x3
  98 0039 1D       		.byte	0x1d
  99 003a 3E000000 		.4byte	0x3e
 100 003e 02       		.uleb128 0x2
 101 003f 01       		.byte	0x1
 102 0040 08       		.byte	0x8
 103 0041 8E050000 		.4byte	.LASF2
 104 0045 02       		.uleb128 0x2
 105 0046 02       		.byte	0x2
 106 0047 07       		.byte	0x7
 107 0048 87020000 		.4byte	.LASF3
 108 004c 03       		.uleb128 0x3
 109 004d 9B060000 		.4byte	.LASF5
 110 0051 03       		.byte	0x3
 111 0052 3F       		.byte	0x3f
 112 0053 57000000 		.4byte	0x57
 113 0057 02       		.uleb128 0x2
 114 0058 04       		.byte	0x4
 115 0059 05       		.byte	0x5
ARM GAS  C:\Users\ADMINI~1\AppData\Local\Temp\ccNCWmtP.s 			page 6


 116 005a 89010000 		.4byte	.LASF6
 117 005e 03       		.uleb128 0x3
 118 005f FE010000 		.4byte	.LASF7
 119 0063 03       		.byte	0x3
 120 0064 41       		.byte	0x41
 121 0065 69000000 		.4byte	0x69
 122 0069 02       		.uleb128 0x2
 123 006a 04       		.byte	0x4
 124 006b 07       		.byte	0x7
 125 006c 51020000 		.4byte	.LASF8
 126 0070 02       		.uleb128 0x2
 127 0071 08       		.byte	0x8
 128 0072 05       		.byte	0x5
 129 0073 A2000000 		.4byte	.LASF9
 130 0077 02       		.uleb128 0x2
 131 0078 08       		.byte	0x8
 132 0079 07       		.byte	0x7
 133 007a 58000000 		.4byte	.LASF10
 134 007e 04       		.uleb128 0x4
 135 007f 04       		.byte	0x4
 136 0080 05       		.byte	0x5
 137 0081 696E7400 		.ascii	"int\000"
 138 0085 02       		.uleb128 0x2
 139 0086 04       		.byte	0x4
 140 0087 07       		.byte	0x7
 141 0088 28020000 		.4byte	.LASF11
 142 008c 03       		.uleb128 0x3
 143 008d E3070000 		.4byte	.LASF12
 144 0091 04       		.byte	0x4
 145 0092 18       		.byte	0x18
 146 0093 33000000 		.4byte	0x33
 147 0097 03       		.uleb128 0x3
 148 0098 86050000 		.4byte	.LASF13
 149 009c 04       		.byte	0x4
 150 009d 2C       		.byte	0x2c
 151 009e 4C000000 		.4byte	0x4c
 152 00a2 03       		.uleb128 0x3
 153 00a3 23060000 		.4byte	.LASF14
 154 00a7 04       		.byte	0x4
 155 00a8 30       		.byte	0x30
 156 00a9 5E000000 		.4byte	0x5e
 157 00ad 02       		.uleb128 0x2
 158 00ae 04       		.byte	0x4
 159 00af 07       		.byte	0x7
 160 00b0 7B030000 		.4byte	.LASF15
 161 00b4 05       		.uleb128 0x5
 162 00b5 A2000000 		.4byte	0xa2
 163 00b9 02       		.uleb128 0x2
 164 00ba 08       		.byte	0x8
 165 00bb 04       		.byte	0x4
 166 00bc 8F030000 		.4byte	.LASF16
 167 00c0 02       		.uleb128 0x2
 168 00c1 01       		.byte	0x1
 169 00c2 08       		.byte	0x8
 170 00c3 69060000 		.4byte	.LASF17
 171 00c7 02       		.uleb128 0x2
 172 00c8 04       		.byte	0x4
ARM GAS  C:\Users\ADMINI~1\AppData\Local\Temp\ccNCWmtP.s 			page 7


 173 00c9 04       		.byte	0x4
 174 00ca 2F050000 		.4byte	.LASF18
 175 00ce 02       		.uleb128 0x2
 176 00cf 08       		.byte	0x8
 177 00d0 04       		.byte	0x4
 178 00d1 C0010000 		.4byte	.LASF19
 179 00d5 06       		.uleb128 0x6
 180 00d6 04       		.byte	0x4
 181 00d7 02       		.uleb128 0x2
 182 00d8 01       		.byte	0x1
 183 00d9 02       		.byte	0x2
 184 00da 4C070000 		.4byte	.LASF20
 185 00de 07       		.uleb128 0x7
 186 00df 59010000 		.4byte	.LASF48
 187 00e3 64       		.byte	0x64
 188 00e4 05       		.byte	0x5
 189 00e5 2B       		.byte	0x2b
 190 00e6 17020000 		.4byte	0x217
 191 00ea 08       		.uleb128 0x8
 192 00eb 68080000 		.4byte	.LASF21
 193 00ef 05       		.byte	0x5
 194 00f0 2D       		.byte	0x2d
 195 00f1 A2000000 		.4byte	0xa2
 196 00f5 00       		.byte	0
 197 00f6 08       		.uleb128 0x8
 198 00f7 6F000000 		.4byte	.LASF22
 199 00fb 05       		.byte	0x5
 200 00fc 2F       		.byte	0x2f
 201 00fd A2000000 		.4byte	0xa2
 202 0101 04       		.byte	0x4
 203 0102 08       		.uleb128 0x8
 204 0103 28000000 		.4byte	.LASF23
 205 0107 05       		.byte	0x5
 206 0108 30       		.byte	0x30
 207 0109 A2000000 		.4byte	0xa2
 208 010d 08       		.byte	0x8
 209 010e 08       		.uleb128 0x8
 210 010f 3E030000 		.4byte	.LASF24
 211 0113 05       		.byte	0x5
 212 0114 31       		.byte	0x31
 213 0115 A2000000 		.4byte	0xa2
 214 0119 0C       		.byte	0xc
 215 011a 08       		.uleb128 0x8
 216 011b 00000000 		.4byte	.LASF25
 217 011f 05       		.byte	0x5
 218 0120 32       		.byte	0x32
 219 0121 A2000000 		.4byte	0xa2
 220 0125 10       		.byte	0x10
 221 0126 08       		.uleb128 0x8
 222 0127 2E070000 		.4byte	.LASF26
 223 012b 05       		.byte	0x5
 224 012c 33       		.byte	0x33
 225 012d A2000000 		.4byte	0xa2
 226 0131 14       		.byte	0x14
 227 0132 08       		.uleb128 0x8
 228 0133 36070000 		.4byte	.LASF27
 229 0137 05       		.byte	0x5
ARM GAS  C:\Users\ADMINI~1\AppData\Local\Temp\ccNCWmtP.s 			page 8


 230 0138 34       		.byte	0x34
 231 0139 A2000000 		.4byte	0xa2
 232 013d 18       		.byte	0x18
 233 013e 08       		.uleb128 0x8
 234 013f DD050000 		.4byte	.LASF28
 235 0143 05       		.byte	0x5
 236 0144 35       		.byte	0x35
 237 0145 D7000000 		.4byte	0xd7
 238 0149 1C       		.byte	0x1c
 239 014a 08       		.uleb128 0x8
 240 014b 4C060000 		.4byte	.LASF29
 241 014f 05       		.byte	0x5
 242 0150 36       		.byte	0x36
 243 0151 A2000000 		.4byte	0xa2
 244 0155 20       		.byte	0x20
 245 0156 08       		.uleb128 0x8
 246 0157 55060000 		.4byte	.LASF30
 247 015b 05       		.byte	0x5
 248 015c 37       		.byte	0x37
 249 015d A2000000 		.4byte	0xa2
 250 0161 24       		.byte	0x24
 251 0162 08       		.uleb128 0x8
 252 0163 A9050000 		.4byte	.LASF31
 253 0167 05       		.byte	0x5
 254 0168 38       		.byte	0x38
 255 0169 D7000000 		.4byte	0xd7
 256 016d 28       		.byte	0x28
 257 016e 08       		.uleb128 0x8
 258 016f BA060000 		.4byte	.LASF32
 259 0173 05       		.byte	0x5
 260 0174 3A       		.byte	0x3a
 261 0175 A2000000 		.4byte	0xa2
 262 0179 2C       		.byte	0x2c
 263 017a 08       		.uleb128 0x8
 264 017b 31030000 		.4byte	.LASF33
 265 017f 05       		.byte	0x5
 266 0180 3B       		.byte	0x3b
 267 0181 A2000000 		.4byte	0xa2
 268 0185 30       		.byte	0x30
 269 0186 08       		.uleb128 0x8
 270 0187 94070000 		.4byte	.LASF34
 271 018b 05       		.byte	0x5
 272 018c 3C       		.byte	0x3c
 273 018d A2000000 		.4byte	0xa2
 274 0191 34       		.byte	0x34
 275 0192 08       		.uleb128 0x8
 276 0193 EB070000 		.4byte	.LASF35
 277 0197 05       		.byte	0x5
 278 0198 3D       		.byte	0x3d
 279 0199 A2000000 		.4byte	0xa2
 280 019d 38       		.byte	0x38
 281 019e 08       		.uleb128 0x8
 282 019f 79020000 		.4byte	.LASF36
 283 01a3 05       		.byte	0x5
 284 01a4 3E       		.byte	0x3e
 285 01a5 A2000000 		.4byte	0xa2
 286 01a9 3C       		.byte	0x3c
ARM GAS  C:\Users\ADMINI~1\AppData\Local\Temp\ccNCWmtP.s 			page 9


 287 01aa 08       		.uleb128 0x8
 288 01ab EE050000 		.4byte	.LASF37
 289 01af 05       		.byte	0x5
 290 01b0 40       		.byte	0x40
 291 01b1 A2000000 		.4byte	0xa2
 292 01b5 40       		.byte	0x40
 293 01b6 08       		.uleb128 0x8
 294 01b7 1B080000 		.4byte	.LASF38
 295 01bb 05       		.byte	0x5
 296 01bc 41       		.byte	0x41
 297 01bd A2000000 		.4byte	0xa2
 298 01c1 44       		.byte	0x44
 299 01c2 08       		.uleb128 0x8
 300 01c3 CB060000 		.4byte	.LASF39
 301 01c7 05       		.byte	0x5
 302 01c8 43       		.byte	0x43
 303 01c9 A2000000 		.4byte	0xa2
 304 01cd 48       		.byte	0x48
 305 01ce 08       		.uleb128 0x8
 306 01cf 77050000 		.4byte	.LASF40
 307 01d3 05       		.byte	0x5
 308 01d4 44       		.byte	0x44
 309 01d5 A2000000 		.4byte	0xa2
 310 01d9 4C       		.byte	0x4c
 311 01da 08       		.uleb128 0x8
 312 01db 6A030000 		.4byte	.LASF41
 313 01df 05       		.byte	0x5
 314 01e0 46       		.byte	0x46
 315 01e1 A2000000 		.4byte	0xa2
 316 01e5 50       		.byte	0x50
 317 01e6 08       		.uleb128 0x8
 318 01e7 C7020000 		.4byte	.LASF42
 319 01eb 05       		.byte	0x5
 320 01ec 47       		.byte	0x47
 321 01ed A2000000 		.4byte	0xa2
 322 01f1 54       		.byte	0x54
 323 01f2 08       		.uleb128 0x8
 324 01f3 12000000 		.4byte	.LASF43
 325 01f7 05       		.byte	0x5
 326 01f8 49       		.byte	0x49
 327 01f9 A2000000 		.4byte	0xa2
 328 01fd 58       		.byte	0x58
 329 01fe 08       		.uleb128 0x8
 330 01ff 5B030000 		.4byte	.LASF44
 331 0203 05       		.byte	0x5
 332 0204 4A       		.byte	0x4a
 333 0205 A2000000 		.4byte	0xa2
 334 0209 5C       		.byte	0x5c
 335 020a 08       		.uleb128 0x8
 336 020b 5E060000 		.4byte	.LASF45
 337 020f 05       		.byte	0x5
 338 0210 4C       		.byte	0x4c
 339 0211 A2000000 		.4byte	0xa2
 340 0215 60       		.byte	0x60
 341 0216 00       		.byte	0
 342 0217 03       		.uleb128 0x3
 343 0218 F4070000 		.4byte	.LASF46
ARM GAS  C:\Users\ADMINI~1\AppData\Local\Temp\ccNCWmtP.s 			page 10


 344 021c 05       		.byte	0x5
 345 021d 4D       		.byte	0x4d
 346 021e DE000000 		.4byte	0xde
 347 0222 09       		.uleb128 0x9
 348 0223 04       		.byte	0x4
 349 0224 28020000 		.4byte	0x228
 350 0228 0A       		.uleb128 0xa
 351 0229 33020000 		.4byte	0x233
 352 022d 0B       		.uleb128 0xb
 353 022e A2000000 		.4byte	0xa2
 354 0232 00       		.byte	0
 355 0233 0C       		.uleb128 0xc
 356 0234 3B010000 		.4byte	.LASF47
 357 0238 06       		.byte	0x6
 358 0239 BF01     		.2byte	0x1bf
 359 023b 22020000 		.4byte	0x222
 360 023f 0D       		.uleb128 0xd
 361 0240 BC000000 		.4byte	.LASF49
 362 0244 24       		.byte	0x24
 363 0245 06       		.byte	0x6
 364 0246 4102     		.2byte	0x241
 365 0248 C2020000 		.4byte	0x2c2
 366 024c 0E       		.uleb128 0xe
 367 024d 8D070000 		.4byte	.LASF50
 368 0251 06       		.byte	0x6
 369 0252 4402     		.2byte	0x244
 370 0254 B4000000 		.4byte	0xb4
 371 0258 00       		.byte	0
 372 0259 0E       		.uleb128 0xe
 373 025a 46070000 		.4byte	.LASF51
 374 025e 06       		.byte	0x6
 375 025f 4602     		.2byte	0x246
 376 0261 D5000000 		.4byte	0xd5
 377 0265 04       		.byte	0x4
 378 0266 0E       		.uleb128 0xe
 379 0267 08000000 		.4byte	.LASF52
 380 026b 06       		.byte	0x6
 381 026c 4702     		.2byte	0x247
 382 026e A2000000 		.4byte	0xa2
 383 0272 08       		.byte	0x8
 384 0273 0E       		.uleb128 0xe
 385 0274 15020000 		.4byte	.LASF53
 386 0278 06       		.byte	0x6
 387 0279 4802     		.2byte	0x248
 388 027b B4000000 		.4byte	0xb4
 389 027f 0C       		.byte	0xc
 390 0280 0E       		.uleb128 0xe
 391 0281 88000000 		.4byte	.LASF54
 392 0285 06       		.byte	0x6
 393 0286 4A02     		.2byte	0x24a
 394 0288 D5000000 		.4byte	0xd5
 395 028c 10       		.byte	0x10
 396 028d 0E       		.uleb128 0xe
 397 028e 1E020000 		.4byte	.LASF55
 398 0292 06       		.byte	0x6
 399 0293 4B02     		.2byte	0x24b
 400 0295 A2000000 		.4byte	0xa2
ARM GAS  C:\Users\ADMINI~1\AppData\Local\Temp\ccNCWmtP.s 			page 11


 401 0299 14       		.byte	0x14
 402 029a 0E       		.uleb128 0xe
 403 029b D9080000 		.4byte	.LASF56
 404 029f 06       		.byte	0x6
 405 02a0 4C02     		.2byte	0x24c
 406 02a2 B4000000 		.4byte	0xb4
 407 02a6 18       		.byte	0x18
 408 02a7 0E       		.uleb128 0xe
 409 02a8 D5020000 		.4byte	.LASF57
 410 02ac 06       		.byte	0x6
 411 02ad 5202     		.2byte	0x252
 412 02af 33020000 		.4byte	0x233
 413 02b3 1C       		.byte	0x1c
 414 02b4 0E       		.uleb128 0xe
 415 02b5 3E070000 		.4byte	.LASF58
 416 02b9 06       		.byte	0x6
 417 02ba 5502     		.2byte	0x255
 418 02bc A2000000 		.4byte	0xa2
 419 02c0 20       		.byte	0x20
 420 02c1 00       		.byte	0
 421 02c2 0C       		.uleb128 0xc
 422 02c3 0E030000 		.4byte	.LASF59
 423 02c7 06       		.byte	0x6
 424 02c8 5802     		.2byte	0x258
 425 02ca 3F020000 		.4byte	0x23f
 426 02ce 0C       		.uleb128 0xc
 427 02cf 01070000 		.4byte	.LASF60
 428 02d3 07       		.byte	0x7
 429 02d4 AB01     		.2byte	0x1ab
 430 02d6 22020000 		.4byte	0x222
 431 02da 0D       		.uleb128 0xd
 432 02db 85080000 		.4byte	.LASF61
 433 02df 38       		.byte	0x38
 434 02e0 07       		.byte	0x7
 435 02e1 4702     		.2byte	0x247
 436 02e3 9E030000 		.4byte	0x39e
 437 02e7 0E       		.uleb128 0xe
 438 02e8 70020000 		.4byte	.LASF62
 439 02ec 07       		.byte	0x7
 440 02ed 4A02     		.2byte	0x24a
 441 02ef B4000000 		.4byte	0xb4
 442 02f3 00       		.byte	0
 443 02f4 0E       		.uleb128 0xe
 444 02f5 34040000 		.4byte	.LASF63
 445 02f9 07       		.byte	0x7
 446 02fa 4B02     		.2byte	0x24b
 447 02fc B4000000 		.4byte	0xb4
 448 0300 04       		.byte	0x4
 449 0301 0E       		.uleb128 0xe
 450 0302 7E000000 		.4byte	.LASF64
 451 0306 07       		.byte	0x7
 452 0307 4D02     		.2byte	0x24d
 453 0309 D5000000 		.4byte	0xd5
 454 030d 08       		.byte	0x8
 455 030e 0E       		.uleb128 0xe
 456 030f 20070000 		.4byte	.LASF65
 457 0313 07       		.byte	0x7
ARM GAS  C:\Users\ADMINI~1\AppData\Local\Temp\ccNCWmtP.s 			page 12


 458 0314 4E02     		.2byte	0x24e
 459 0316 A2000000 		.4byte	0xa2
 460 031a 0C       		.byte	0xc
 461 031b 0E       		.uleb128 0xe
 462 031c 4D030000 		.4byte	.LASF66
 463 0320 07       		.byte	0x7
 464 0321 4F02     		.2byte	0x24f
 465 0323 B4000000 		.4byte	0xb4
 466 0327 10       		.byte	0x10
 467 0328 0E       		.uleb128 0xe
 468 0329 45080000 		.4byte	.LASF67
 469 032d 07       		.byte	0x7
 470 032e 5002     		.2byte	0x250
 471 0330 B4000000 		.4byte	0xb4
 472 0334 14       		.byte	0x14
 473 0335 0E       		.uleb128 0xe
 474 0336 46070000 		.4byte	.LASF51
 475 033a 07       		.byte	0x7
 476 033b 5202     		.2byte	0x252
 477 033d D5000000 		.4byte	0xd5
 478 0341 18       		.byte	0x18
 479 0342 0E       		.uleb128 0xe
 480 0343 08000000 		.4byte	.LASF52
 481 0347 07       		.byte	0x7
 482 0348 5302     		.2byte	0x253
 483 034a A2000000 		.4byte	0xa2
 484 034e 1C       		.byte	0x1c
 485 034f 0E       		.uleb128 0xe
 486 0350 15020000 		.4byte	.LASF53
 487 0354 07       		.byte	0x7
 488 0355 5402     		.2byte	0x254
 489 0357 B4000000 		.4byte	0xb4
 490 035b 20       		.byte	0x20
 491 035c 0E       		.uleb128 0xe
 492 035d 88000000 		.4byte	.LASF54
 493 0361 07       		.byte	0x7
 494 0362 5602     		.2byte	0x256
 495 0364 D5000000 		.4byte	0xd5
 496 0368 24       		.byte	0x24
 497 0369 0E       		.uleb128 0xe
 498 036a 1E020000 		.4byte	.LASF55
 499 036e 07       		.byte	0x7
 500 036f 5702     		.2byte	0x257
 501 0371 A2000000 		.4byte	0xa2
 502 0375 28       		.byte	0x28
 503 0376 0E       		.uleb128 0xe
 504 0377 35050000 		.4byte	.LASF68
 505 037b 07       		.byte	0x7
 506 037c 5802     		.2byte	0x258
 507 037e B4000000 		.4byte	0xb4
 508 0382 2C       		.byte	0x2c
 509 0383 0E       		.uleb128 0xe
 510 0384 D5020000 		.4byte	.LASF57
 511 0388 07       		.byte	0x7
 512 0389 5D02     		.2byte	0x25d
 513 038b CE020000 		.4byte	0x2ce
 514 038f 30       		.byte	0x30
ARM GAS  C:\Users\ADMINI~1\AppData\Local\Temp\ccNCWmtP.s 			page 13


 515 0390 0E       		.uleb128 0xe
 516 0391 3E070000 		.4byte	.LASF58
 517 0395 07       		.byte	0x7
 518 0396 6002     		.2byte	0x260
 519 0398 A2000000 		.4byte	0xa2
 520 039c 34       		.byte	0x34
 521 039d 00       		.byte	0
 522 039e 0C       		.uleb128 0xc
 523 039f D3000000 		.4byte	.LASF69
 524 03a3 07       		.byte	0x7
 525 03a4 6302     		.2byte	0x263
 526 03a6 DA020000 		.4byte	0x2da
 527 03aa 0F       		.uleb128 0xf
 528 03ab 01       		.byte	0x1
 529 03ac 3E000000 		.4byte	0x3e
 530 03b0 08       		.byte	0x8
 531 03b1 0504     		.2byte	0x405
 532 03b3 D0030000 		.4byte	0x3d0
 533 03b7 10       		.uleb128 0x10
 534 03b8 71010000 		.4byte	.LASF70
 535 03bc 00       		.byte	0
 536 03bd 10       		.uleb128 0x10
 537 03be DE020000 		.4byte	.LASF71
 538 03c2 01       		.byte	0x1
 539 03c3 10       		.uleb128 0x10
 540 03c4 A8010000 		.4byte	.LASF72
 541 03c8 02       		.byte	0x2
 542 03c9 10       		.uleb128 0x10
 543 03ca 2B080000 		.4byte	.LASF73
 544 03ce 03       		.byte	0x3
 545 03cf 00       		.byte	0
 546 03d0 0C       		.uleb128 0xc
 547 03d1 ED000000 		.4byte	.LASF74
 548 03d5 08       		.byte	0x8
 549 03d6 0A04     		.2byte	0x40a
 550 03d8 AA030000 		.4byte	0x3aa
 551 03dc 11       		.uleb128 0x11
 552 03dd 78       		.byte	0x78
 553 03de 08       		.byte	0x8
 554 03df F404     		.2byte	0x4f4
 555 03e1 A9040000 		.4byte	0x4a9
 556 03e5 0E       		.uleb128 0xe
 557 03e6 B5060000 		.4byte	.LASF75
 558 03ea 08       		.byte	0x8
 559 03eb F604     		.2byte	0x4f6
 560 03ed A2000000 		.4byte	0xa2
 561 03f1 00       		.byte	0
 562 03f2 0E       		.uleb128 0xe
 563 03f3 BF070000 		.4byte	.LASF76
 564 03f7 08       		.byte	0x8
 565 03f8 F704     		.2byte	0x4f7
 566 03fa A2000000 		.4byte	0xa2
 567 03fe 04       		.byte	0x4
 568 03ff 0E       		.uleb128 0xe
 569 0400 C7010000 		.4byte	.LASF77
 570 0404 08       		.byte	0x8
 571 0405 F804     		.2byte	0x4f8
ARM GAS  C:\Users\ADMINI~1\AppData\Local\Temp\ccNCWmtP.s 			page 14


 572 0407 A2000000 		.4byte	0xa2
 573 040b 08       		.byte	0x8
 574 040c 0E       		.uleb128 0xe
 575 040d 0E080000 		.4byte	.LASF78
 576 0411 08       		.byte	0x8
 577 0412 F904     		.2byte	0x4f9
 578 0414 A2000000 		.4byte	0xa2
 579 0418 0C       		.byte	0xc
 580 0419 0E       		.uleb128 0xe
 581 041a AB020000 		.4byte	.LASF79
 582 041e 08       		.byte	0x8
 583 041f FA04     		.2byte	0x4fa
 584 0421 A2000000 		.4byte	0xa2
 585 0425 10       		.byte	0x10
 586 0426 0E       		.uleb128 0xe
 587 0427 71070000 		.4byte	.LASF80
 588 042b 08       		.byte	0x8
 589 042c FB04     		.2byte	0x4fb
 590 042e D0030000 		.4byte	0x3d0
 591 0432 14       		.byte	0x14
 592 0433 0E       		.uleb128 0xe
 593 0434 46050000 		.4byte	.LASF81
 594 0438 08       		.byte	0x8
 595 0439 FC04     		.2byte	0x4fc
 596 043b A2000000 		.4byte	0xa2
 597 043f 18       		.byte	0x18
 598 0440 0E       		.uleb128 0xe
 599 0441 03030000 		.4byte	.LASF82
 600 0445 08       		.byte	0x8
 601 0446 FD04     		.2byte	0x4fd
 602 0448 A9040000 		.4byte	0x4a9
 603 044c 1C       		.byte	0x1c
 604 044d 0E       		.uleb128 0xe
 605 044e C5050000 		.4byte	.LASF83
 606 0452 08       		.byte	0x8
 607 0453 FE04     		.2byte	0x4fe
 608 0455 A2000000 		.4byte	0xa2
 609 0459 5C       		.byte	0x5c
 610 045a 0E       		.uleb128 0xe
 611 045b 1C000000 		.4byte	.LASF84
 612 045f 08       		.byte	0x8
 613 0460 FF04     		.2byte	0x4ff
 614 0462 A2000000 		.4byte	0xa2
 615 0466 60       		.byte	0x60
 616 0467 0E       		.uleb128 0xe
 617 0468 4A040000 		.4byte	.LASF85
 618 046c 08       		.byte	0x8
 619 046d 0005     		.2byte	0x500
 620 046f A2000000 		.4byte	0xa2
 621 0473 64       		.byte	0x64
 622 0474 0E       		.uleb128 0xe
 623 0475 BB050000 		.4byte	.LASF86
 624 0479 08       		.byte	0x8
 625 047a 0105     		.2byte	0x501
 626 047c A2000000 		.4byte	0xa2
 627 0480 68       		.byte	0x68
 628 0481 0E       		.uleb128 0xe
ARM GAS  C:\Users\ADMINI~1\AppData\Local\Temp\ccNCWmtP.s 			page 15


 629 0482 70080000 		.4byte	.LASF87
 630 0486 08       		.byte	0x8
 631 0487 0205     		.2byte	0x502
 632 0489 A2000000 		.4byte	0xa2
 633 048d 6C       		.byte	0x6c
 634 048e 0E       		.uleb128 0xe
 635 048f E5030000 		.4byte	.LASF88
 636 0493 08       		.byte	0x8
 637 0494 0305     		.2byte	0x503
 638 0496 D7000000 		.4byte	0xd7
 639 049a 70       		.byte	0x70
 640 049b 0E       		.uleb128 0xe
 641 049c 40060000 		.4byte	.LASF89
 642 04a0 08       		.byte	0x8
 643 04a1 0405     		.2byte	0x504
 644 04a3 A2000000 		.4byte	0xa2
 645 04a7 74       		.byte	0x74
 646 04a8 00       		.byte	0
 647 04a9 12       		.uleb128 0x12
 648 04aa A2000000 		.4byte	0xa2
 649 04ae B9040000 		.4byte	0x4b9
 650 04b2 13       		.uleb128 0x13
 651 04b3 AD000000 		.4byte	0xad
 652 04b7 0F       		.byte	0xf
 653 04b8 00       		.byte	0
 654 04b9 0C       		.uleb128 0xc
 655 04ba 8E000000 		.4byte	.LASF90
 656 04be 08       		.byte	0x8
 657 04bf 0505     		.2byte	0x505
 658 04c1 DC030000 		.4byte	0x3dc
 659 04c5 11       		.uleb128 0x11
 660 04c6 02       		.byte	0x2
 661 04c7 09       		.byte	0x9
 662 04c8 5B01     		.2byte	0x15b
 663 04ca E9040000 		.4byte	0x4e9
 664 04ce 0E       		.uleb128 0xe
 665 04cf 5F080000 		.4byte	.LASF91
 666 04d3 09       		.byte	0x9
 667 04d4 6501     		.2byte	0x165
 668 04d6 8C000000 		.4byte	0x8c
 669 04da 00       		.byte	0
 670 04db 0E       		.uleb128 0xe
 671 04dc 75030000 		.4byte	.LASF92
 672 04e0 09       		.byte	0x9
 673 04e1 6901     		.2byte	0x169
 674 04e3 8C000000 		.4byte	0x8c
 675 04e7 01       		.byte	0x1
 676 04e8 00       		.byte	0
 677 04e9 0C       		.uleb128 0xc
 678 04ea 3F000000 		.4byte	.LASF93
 679 04ee 09       		.byte	0x9
 680 04ef 6B01     		.2byte	0x16b
 681 04f1 C5040000 		.4byte	0x4c5
 682 04f5 14       		.uleb128 0x14
 683 04f6 01       		.byte	0x1
 684 04f7 3E000000 		.4byte	0x3e
 685 04fb 0A       		.byte	0xa
ARM GAS  C:\Users\ADMINI~1\AppData\Local\Temp\ccNCWmtP.s 			page 16


 686 04fc 7E       		.byte	0x7e
 687 04fd 1A050000 		.4byte	0x51a
 688 0501 10       		.uleb128 0x10
 689 0502 CA070000 		.4byte	.LASF94
 690 0506 00       		.byte	0
 691 0507 10       		.uleb128 0x10
 692 0508 B2030000 		.4byte	.LASF95
 693 050c 01       		.byte	0x1
 694 050d 10       		.uleb128 0x10
 695 050e A2070000 		.4byte	.LASF96
 696 0512 02       		.byte	0x2
 697 0513 10       		.uleb128 0x10
 698 0514 1B010000 		.4byte	.LASF97
 699 0518 03       		.byte	0x3
 700 0519 00       		.byte	0
 701 051a 03       		.uleb128 0x3
 702 051b 92010000 		.4byte	.LASF98
 703 051f 0A       		.byte	0xa
 704 0520 83       		.byte	0x83
 705 0521 F5040000 		.4byte	0x4f5
 706 0525 14       		.uleb128 0x14
 707 0526 01       		.byte	0x1
 708 0527 3E000000 		.4byte	0x3e
 709 052b 0A       		.byte	0xa
 710 052c 87       		.byte	0x87
 711 052d 62050000 		.4byte	0x562
 712 0531 10       		.uleb128 0x10
 713 0532 52070000 		.4byte	.LASF99
 714 0536 00       		.byte	0
 715 0537 10       		.uleb128 0x10
 716 0538 A8080000 		.4byte	.LASF100
 717 053c 01       		.byte	0x1
 718 053d 10       		.uleb128 0x10
 719 053e 35020000 		.4byte	.LASF101
 720 0542 02       		.byte	0x2
 721 0543 10       		.uleb128 0x10
 722 0544 D7060000 		.4byte	.LASF102
 723 0548 03       		.byte	0x3
 724 0549 10       		.uleb128 0x10
 725 054a D4010000 		.4byte	.LASF103
 726 054e 04       		.byte	0x4
 727 054f 10       		.uleb128 0x10
 728 0550 4D050000 		.4byte	.LASF104
 729 0554 05       		.byte	0x5
 730 0555 10       		.uleb128 0x10
 731 0556 F8050000 		.4byte	.LASF105
 732 055a 06       		.byte	0x6
 733 055b 10       		.uleb128 0x10
 734 055c 0B050000 		.4byte	.LASF106
 735 0560 07       		.byte	0x7
 736 0561 00       		.byte	0
 737 0562 03       		.uleb128 0x3
 738 0563 9B030000 		.4byte	.LASF107
 739 0567 0A       		.byte	0xa
 740 0568 90       		.byte	0x90
 741 0569 25050000 		.4byte	0x525
 742 056d 15       		.uleb128 0x15
ARM GAS  C:\Users\ADMINI~1\AppData\Local\Temp\ccNCWmtP.s 			page 17


 743 056e 14       		.byte	0x14
 744 056f 0B       		.byte	0xb
 745 0570 3B       		.byte	0x3b
 746 0571 B2050000 		.4byte	0x5b2
 747 0575 08       		.uleb128 0x8
 748 0576 53080000 		.4byte	.LASF108
 749 057a 0B       		.byte	0xb
 750 057b 3D       		.byte	0x3d
 751 057c A2000000 		.4byte	0xa2
 752 0580 00       		.byte	0
 753 0581 08       		.uleb128 0x8
 754 0582 F7020000 		.4byte	.LASF109
 755 0586 0B       		.byte	0xb
 756 0587 3E       		.byte	0x3e
 757 0588 A2000000 		.4byte	0xa2
 758 058c 04       		.byte	0x4
 759 058d 08       		.uleb128 0x8
 760 058e 09020000 		.4byte	.LASF110
 761 0592 0B       		.byte	0xb
 762 0593 3F       		.byte	0x3f
 763 0594 B2050000 		.4byte	0x5b2
 764 0598 08       		.byte	0x8
 765 0599 08       		.uleb128 0x8
 766 059a 84030000 		.4byte	.LASF111
 767 059e 0B       		.byte	0xb
 768 059f 40       		.byte	0x40
 769 05a0 A2000000 		.4byte	0xa2
 770 05a4 0C       		.byte	0xc
 771 05a5 08       		.uleb128 0x8
 772 05a6 10010000 		.4byte	.LASF112
 773 05aa 0B       		.byte	0xb
 774 05ab 45       		.byte	0x45
 775 05ac A2000000 		.4byte	0xa2
 776 05b0 10       		.byte	0x10
 777 05b1 00       		.byte	0
 778 05b2 09       		.uleb128 0x9
 779 05b3 04       		.byte	0x4
 780 05b4 B8050000 		.4byte	0x5b8
 781 05b8 16       		.uleb128 0x16
 782 05b9 B9040000 		.4byte	0x4b9
 783 05bd 03       		.uleb128 0x3
 784 05be D1030000 		.4byte	.LASF113
 785 05c2 0B       		.byte	0xb
 786 05c3 48       		.byte	0x48
 787 05c4 6D050000 		.4byte	0x56d
 788 05c8 17       		.uleb128 0x17
 789 05c9 3D040000 		.4byte	.LASF127
 790 05cd 02       		.byte	0x2
 791 05ce 53       		.byte	0x53
 792 05cf 03       		.byte	0x3
 793 05d0 18       		.uleb128 0x18
 794 05d1 80080000 		.4byte	.LASF128
 795 05d5 01       		.byte	0x1
 796 05d6 40       		.byte	0x40
 797 05d7 7E000000 		.4byte	0x7e
 798 05db 00000000 		.4byte	.LFB729
 799 05df 0C000000 		.4byte	.LFE729-.LFB729
ARM GAS  C:\Users\ADMINI~1\AppData\Local\Temp\ccNCWmtP.s 			page 18


 800 05e3 01       		.uleb128 0x1
 801 05e4 9C       		.byte	0x9c
 802 05e5 02060000 		.4byte	0x602
 803 05e9 19       		.uleb128 0x19
 804 05ea C8050000 		.4byte	0x5c8
 805 05ee 02000000 		.4byte	.LBB4
 806 05f2 02000000 		.4byte	.LBE4-.LBB4
 807 05f6 01       		.byte	0x1
 808 05f7 42       		.byte	0x42
 809 05f8 1A       		.uleb128 0x1a
 810 05f9 08000000 		.4byte	.LVL0
 811 05fd BB060000 		.4byte	0x6bb
 812 0601 00       		.byte	0
 813 0602 1B       		.uleb128 0x1b
 814 0603 9C050000 		.4byte	.LASF114
 815 0607 0C       		.byte	0xc
 816 0608 EA07     		.2byte	0x7ea
 817 060a 0E060000 		.4byte	0x60e
 818 060e 05       		.uleb128 0x5
 819 060f 97000000 		.4byte	0x97
 820 0613 1B       		.uleb128 0x1b
 821 0614 A5060000 		.4byte	.LASF115
 822 0618 0A       		.byte	0xa
 823 0619 2202     		.2byte	0x222
 824 061b 1A050000 		.4byte	0x51a
 825 061f 12       		.uleb128 0x12
 826 0620 E9040000 		.4byte	0x4e9
 827 0624 2F060000 		.4byte	0x62f
 828 0628 13       		.uleb128 0x13
 829 0629 AD000000 		.4byte	0xad
 830 062d 00       		.byte	0
 831 062e 00       		.byte	0
 832 062f 1B       		.uleb128 0x1b
 833 0630 7B070000 		.4byte	.LASF116
 834 0634 0A       		.byte	0xa
 835 0635 2C02     		.2byte	0x22c
 836 0637 1F060000 		.4byte	0x61f
 837 063b 12       		.uleb128 0x12
 838 063c 62050000 		.4byte	0x562
 839 0640 4B060000 		.4byte	0x64b
 840 0644 13       		.uleb128 0x13
 841 0645 AD000000 		.4byte	0xad
 842 0649 00       		.byte	0
 843 064a 00       		.byte	0
 844 064b 1B       		.uleb128 0x1b
 845 064c B6020000 		.4byte	.LASF117
 846 0650 0A       		.byte	0xa
 847 0651 2D02     		.2byte	0x22d
 848 0653 3B060000 		.4byte	0x63b
 849 0657 1B       		.uleb128 0x1b
 850 0658 79060000 		.4byte	.LASF118
 851 065c 0A       		.byte	0xa
 852 065d 5202     		.2byte	0x252
 853 065f 8C000000 		.4byte	0x8c
 854 0663 1C       		.uleb128 0x1c
 855 0664 63020000 		.4byte	.LASF119
 856 0668 0D       		.byte	0xd
ARM GAS  C:\Users\ADMINI~1\AppData\Local\Temp\ccNCWmtP.s 			page 19


 857 0669 87       		.byte	0x87
 858 066a 9E030000 		.4byte	0x39e
 859 066e 1C       		.uleb128 0x1c
 860 066f 6E060000 		.4byte	.LASF120
 861 0673 0E       		.byte	0xe
 862 0674 1F       		.byte	0x1f
 863 0675 79060000 		.4byte	0x679
 864 0679 16       		.uleb128 0x16
 865 067a 17020000 		.4byte	0x217
 866 067e 1C       		.uleb128 0x1c
 867 067f CE050000 		.4byte	.LASF121
 868 0683 0F       		.byte	0xf
 869 0684 5E       		.byte	0x5e
 870 0685 C2020000 		.4byte	0x2c2
 871 0689 1B       		.uleb128 0x1b
 872 068a 2C060000 		.4byte	.LASF122
 873 068e 0B       		.byte	0xb
 874 068f 6001     		.2byte	0x160
 875 0691 A2000000 		.4byte	0xa2
 876 0695 12       		.uleb128 0x12
 877 0696 A5060000 		.4byte	0x6a5
 878 069a A5060000 		.4byte	0x6a5
 879 069e 13       		.uleb128 0x13
 880 069f AD000000 		.4byte	0xad
 881 06a3 00       		.byte	0
 882 06a4 00       		.byte	0
 883 06a5 16       		.uleb128 0x16
 884 06a6 BD050000 		.4byte	0x5bd
 885 06aa 1B       		.uleb128 0x1b
 886 06ab 9A020000 		.4byte	.LASF123
 887 06af 0B       		.byte	0xb
 888 06b0 6401     		.2byte	0x164
 889 06b2 B6060000 		.4byte	0x6b6
 890 06b6 16       		.uleb128 0x16
 891 06b7 95060000 		.4byte	0x695
 892 06bb 1D       		.uleb128 0x1d
 893 06bc 92060000 		.4byte	.LASF129
 894 06c0 92060000 		.4byte	.LASF129
 895 06c4 01       		.byte	0x1
 896 06c5 2E       		.byte	0x2e
 897 06c6 00       		.byte	0
 898              		.section	.debug_abbrev,"",%progbits
 899              	.Ldebug_abbrev0:
 900 0000 01       		.uleb128 0x1
 901 0001 11       		.uleb128 0x11
 902 0002 01       		.byte	0x1
 903 0003 25       		.uleb128 0x25
 904 0004 0E       		.uleb128 0xe
 905 0005 13       		.uleb128 0x13
 906 0006 0B       		.uleb128 0xb
 907 0007 03       		.uleb128 0x3
 908 0008 0E       		.uleb128 0xe
 909 0009 1B       		.uleb128 0x1b
 910 000a 0E       		.uleb128 0xe
 911 000b 55       		.uleb128 0x55
 912 000c 17       		.uleb128 0x17
 913 000d 11       		.uleb128 0x11
ARM GAS  C:\Users\ADMINI~1\AppData\Local\Temp\ccNCWmtP.s 			page 20


 914 000e 01       		.uleb128 0x1
 915 000f 10       		.uleb128 0x10
 916 0010 17       		.uleb128 0x17
 917 0011 00       		.byte	0
 918 0012 00       		.byte	0
 919 0013 02       		.uleb128 0x2
 920 0014 24       		.uleb128 0x24
 921 0015 00       		.byte	0
 922 0016 0B       		.uleb128 0xb
 923 0017 0B       		.uleb128 0xb
 924 0018 3E       		.uleb128 0x3e
 925 0019 0B       		.uleb128 0xb
 926 001a 03       		.uleb128 0x3
 927 001b 0E       		.uleb128 0xe
 928 001c 00       		.byte	0
 929 001d 00       		.byte	0
 930 001e 03       		.uleb128 0x3
 931 001f 16       		.uleb128 0x16
 932 0020 00       		.byte	0
 933 0021 03       		.uleb128 0x3
 934 0022 0E       		.uleb128 0xe
 935 0023 3A       		.uleb128 0x3a
 936 0024 0B       		.uleb128 0xb
 937 0025 3B       		.uleb128 0x3b
 938 0026 0B       		.uleb128 0xb
 939 0027 49       		.uleb128 0x49
 940 0028 13       		.uleb128 0x13
 941 0029 00       		.byte	0
 942 002a 00       		.byte	0
 943 002b 04       		.uleb128 0x4
 944 002c 24       		.uleb128 0x24
 945 002d 00       		.byte	0
 946 002e 0B       		.uleb128 0xb
 947 002f 0B       		.uleb128 0xb
 948 0030 3E       		.uleb128 0x3e
 949 0031 0B       		.uleb128 0xb
 950 0032 03       		.uleb128 0x3
 951 0033 08       		.uleb128 0x8
 952 0034 00       		.byte	0
 953 0035 00       		.byte	0
 954 0036 05       		.uleb128 0x5
 955 0037 35       		.uleb128 0x35
 956 0038 00       		.byte	0
 957 0039 49       		.uleb128 0x49
 958 003a 13       		.uleb128 0x13
 959 003b 00       		.byte	0
 960 003c 00       		.byte	0
 961 003d 06       		.uleb128 0x6
 962 003e 0F       		.uleb128 0xf
 963 003f 00       		.byte	0
 964 0040 0B       		.uleb128 0xb
 965 0041 0B       		.uleb128 0xb
 966 0042 00       		.byte	0
 967 0043 00       		.byte	0
 968 0044 07       		.uleb128 0x7
 969 0045 13       		.uleb128 0x13
 970 0046 01       		.byte	0x1
ARM GAS  C:\Users\ADMINI~1\AppData\Local\Temp\ccNCWmtP.s 			page 21


 971 0047 03       		.uleb128 0x3
 972 0048 0E       		.uleb128 0xe
 973 0049 0B       		.uleb128 0xb
 974 004a 0B       		.uleb128 0xb
 975 004b 3A       		.uleb128 0x3a
 976 004c 0B       		.uleb128 0xb
 977 004d 3B       		.uleb128 0x3b
 978 004e 0B       		.uleb128 0xb
 979 004f 01       		.uleb128 0x1
 980 0050 13       		.uleb128 0x13
 981 0051 00       		.byte	0
 982 0052 00       		.byte	0
 983 0053 08       		.uleb128 0x8
 984 0054 0D       		.uleb128 0xd
 985 0055 00       		.byte	0
 986 0056 03       		.uleb128 0x3
 987 0057 0E       		.uleb128 0xe
 988 0058 3A       		.uleb128 0x3a
 989 0059 0B       		.uleb128 0xb
 990 005a 3B       		.uleb128 0x3b
 991 005b 0B       		.uleb128 0xb
 992 005c 49       		.uleb128 0x49
 993 005d 13       		.uleb128 0x13
 994 005e 38       		.uleb128 0x38
 995 005f 0B       		.uleb128 0xb
 996 0060 00       		.byte	0
 997 0061 00       		.byte	0
 998 0062 09       		.uleb128 0x9
 999 0063 0F       		.uleb128 0xf
 1000 0064 00       		.byte	0
 1001 0065 0B       		.uleb128 0xb
 1002 0066 0B       		.uleb128 0xb
 1003 0067 49       		.uleb128 0x49
 1004 0068 13       		.uleb128 0x13
 1005 0069 00       		.byte	0
 1006 006a 00       		.byte	0
 1007 006b 0A       		.uleb128 0xa
 1008 006c 15       		.uleb128 0x15
 1009 006d 01       		.byte	0x1
 1010 006e 27       		.uleb128 0x27
 1011 006f 19       		.uleb128 0x19
 1012 0070 01       		.uleb128 0x1
 1013 0071 13       		.uleb128 0x13
 1014 0072 00       		.byte	0
 1015 0073 00       		.byte	0
 1016 0074 0B       		.uleb128 0xb
 1017 0075 05       		.uleb128 0x5
 1018 0076 00       		.byte	0
 1019 0077 49       		.uleb128 0x49
 1020 0078 13       		.uleb128 0x13
 1021 0079 00       		.byte	0
 1022 007a 00       		.byte	0
 1023 007b 0C       		.uleb128 0xc
 1024 007c 16       		.uleb128 0x16
 1025 007d 00       		.byte	0
 1026 007e 03       		.uleb128 0x3
 1027 007f 0E       		.uleb128 0xe
ARM GAS  C:\Users\ADMINI~1\AppData\Local\Temp\ccNCWmtP.s 			page 22


 1028 0080 3A       		.uleb128 0x3a
 1029 0081 0B       		.uleb128 0xb
 1030 0082 3B       		.uleb128 0x3b
 1031 0083 05       		.uleb128 0x5
 1032 0084 49       		.uleb128 0x49
 1033 0085 13       		.uleb128 0x13
 1034 0086 00       		.byte	0
 1035 0087 00       		.byte	0
 1036 0088 0D       		.uleb128 0xd
 1037 0089 13       		.uleb128 0x13
 1038 008a 01       		.byte	0x1
 1039 008b 03       		.uleb128 0x3
 1040 008c 0E       		.uleb128 0xe
 1041 008d 0B       		.uleb128 0xb
 1042 008e 0B       		.uleb128 0xb
 1043 008f 3A       		.uleb128 0x3a
 1044 0090 0B       		.uleb128 0xb
 1045 0091 3B       		.uleb128 0x3b
 1046 0092 05       		.uleb128 0x5
 1047 0093 01       		.uleb128 0x1
 1048 0094 13       		.uleb128 0x13
 1049 0095 00       		.byte	0
 1050 0096 00       		.byte	0
 1051 0097 0E       		.uleb128 0xe
 1052 0098 0D       		.uleb128 0xd
 1053 0099 00       		.byte	0
 1054 009a 03       		.uleb128 0x3
 1055 009b 0E       		.uleb128 0xe
 1056 009c 3A       		.uleb128 0x3a
 1057 009d 0B       		.uleb128 0xb
 1058 009e 3B       		.uleb128 0x3b
 1059 009f 05       		.uleb128 0x5
 1060 00a0 49       		.uleb128 0x49
 1061 00a1 13       		.uleb128 0x13
 1062 00a2 38       		.uleb128 0x38
 1063 00a3 0B       		.uleb128 0xb
 1064 00a4 00       		.byte	0
 1065 00a5 00       		.byte	0
 1066 00a6 0F       		.uleb128 0xf
 1067 00a7 04       		.uleb128 0x4
 1068 00a8 01       		.byte	0x1
 1069 00a9 0B       		.uleb128 0xb
 1070 00aa 0B       		.uleb128 0xb
 1071 00ab 49       		.uleb128 0x49
 1072 00ac 13       		.uleb128 0x13
 1073 00ad 3A       		.uleb128 0x3a
 1074 00ae 0B       		.uleb128 0xb
 1075 00af 3B       		.uleb128 0x3b
 1076 00b0 05       		.uleb128 0x5
 1077 00b1 01       		.uleb128 0x1
 1078 00b2 13       		.uleb128 0x13
 1079 00b3 00       		.byte	0
 1080 00b4 00       		.byte	0
 1081 00b5 10       		.uleb128 0x10
 1082 00b6 28       		.uleb128 0x28
 1083 00b7 00       		.byte	0
 1084 00b8 03       		.uleb128 0x3
ARM GAS  C:\Users\ADMINI~1\AppData\Local\Temp\ccNCWmtP.s 			page 23


 1085 00b9 0E       		.uleb128 0xe
 1086 00ba 1C       		.uleb128 0x1c
 1087 00bb 0B       		.uleb128 0xb
 1088 00bc 00       		.byte	0
 1089 00bd 00       		.byte	0
 1090 00be 11       		.uleb128 0x11
 1091 00bf 13       		.uleb128 0x13
 1092 00c0 01       		.byte	0x1
 1093 00c1 0B       		.uleb128 0xb
 1094 00c2 0B       		.uleb128 0xb
 1095 00c3 3A       		.uleb128 0x3a
 1096 00c4 0B       		.uleb128 0xb
 1097 00c5 3B       		.uleb128 0x3b
 1098 00c6 05       		.uleb128 0x5
 1099 00c7 01       		.uleb128 0x1
 1100 00c8 13       		.uleb128 0x13
 1101 00c9 00       		.byte	0
 1102 00ca 00       		.byte	0
 1103 00cb 12       		.uleb128 0x12
 1104 00cc 01       		.uleb128 0x1
 1105 00cd 01       		.byte	0x1
 1106 00ce 49       		.uleb128 0x49
 1107 00cf 13       		.uleb128 0x13
 1108 00d0 01       		.uleb128 0x1
 1109 00d1 13       		.uleb128 0x13
 1110 00d2 00       		.byte	0
 1111 00d3 00       		.byte	0
 1112 00d4 13       		.uleb128 0x13
 1113 00d5 21       		.uleb128 0x21
 1114 00d6 00       		.byte	0
 1115 00d7 49       		.uleb128 0x49
 1116 00d8 13       		.uleb128 0x13
 1117 00d9 2F       		.uleb128 0x2f
 1118 00da 0B       		.uleb128 0xb
 1119 00db 00       		.byte	0
 1120 00dc 00       		.byte	0
 1121 00dd 14       		.uleb128 0x14
 1122 00de 04       		.uleb128 0x4
 1123 00df 01       		.byte	0x1
 1124 00e0 0B       		.uleb128 0xb
 1125 00e1 0B       		.uleb128 0xb
 1126 00e2 49       		.uleb128 0x49
 1127 00e3 13       		.uleb128 0x13
 1128 00e4 3A       		.uleb128 0x3a
 1129 00e5 0B       		.uleb128 0xb
 1130 00e6 3B       		.uleb128 0x3b
 1131 00e7 0B       		.uleb128 0xb
 1132 00e8 01       		.uleb128 0x1
 1133 00e9 13       		.uleb128 0x13
 1134 00ea 00       		.byte	0
 1135 00eb 00       		.byte	0
 1136 00ec 15       		.uleb128 0x15
 1137 00ed 13       		.uleb128 0x13
 1138 00ee 01       		.byte	0x1
 1139 00ef 0B       		.uleb128 0xb
 1140 00f0 0B       		.uleb128 0xb
 1141 00f1 3A       		.uleb128 0x3a
ARM GAS  C:\Users\ADMINI~1\AppData\Local\Temp\ccNCWmtP.s 			page 24


 1142 00f2 0B       		.uleb128 0xb
 1143 00f3 3B       		.uleb128 0x3b
 1144 00f4 0B       		.uleb128 0xb
 1145 00f5 01       		.uleb128 0x1
 1146 00f6 13       		.uleb128 0x13
 1147 00f7 00       		.byte	0
 1148 00f8 00       		.byte	0
 1149 00f9 16       		.uleb128 0x16
 1150 00fa 26       		.uleb128 0x26
 1151 00fb 00       		.byte	0
 1152 00fc 49       		.uleb128 0x49
 1153 00fd 13       		.uleb128 0x13
 1154 00fe 00       		.byte	0
 1155 00ff 00       		.byte	0
 1156 0100 17       		.uleb128 0x17
 1157 0101 2E       		.uleb128 0x2e
 1158 0102 00       		.byte	0
 1159 0103 03       		.uleb128 0x3
 1160 0104 0E       		.uleb128 0xe
 1161 0105 3A       		.uleb128 0x3a
 1162 0106 0B       		.uleb128 0xb
 1163 0107 3B       		.uleb128 0x3b
 1164 0108 0B       		.uleb128 0xb
 1165 0109 27       		.uleb128 0x27
 1166 010a 19       		.uleb128 0x19
 1167 010b 20       		.uleb128 0x20
 1168 010c 0B       		.uleb128 0xb
 1169 010d 00       		.byte	0
 1170 010e 00       		.byte	0
 1171 010f 18       		.uleb128 0x18
 1172 0110 2E       		.uleb128 0x2e
 1173 0111 01       		.byte	0x1
 1174 0112 3F       		.uleb128 0x3f
 1175 0113 19       		.uleb128 0x19
 1176 0114 03       		.uleb128 0x3
 1177 0115 0E       		.uleb128 0xe
 1178 0116 3A       		.uleb128 0x3a
 1179 0117 0B       		.uleb128 0xb
 1180 0118 3B       		.uleb128 0x3b
 1181 0119 0B       		.uleb128 0xb
 1182 011a 49       		.uleb128 0x49
 1183 011b 13       		.uleb128 0x13
 1184 011c 11       		.uleb128 0x11
 1185 011d 01       		.uleb128 0x1
 1186 011e 12       		.uleb128 0x12
 1187 011f 06       		.uleb128 0x6
 1188 0120 40       		.uleb128 0x40
 1189 0121 18       		.uleb128 0x18
 1190 0122 9742     		.uleb128 0x2117
 1191 0124 19       		.uleb128 0x19
 1192 0125 01       		.uleb128 0x1
 1193 0126 13       		.uleb128 0x13
 1194 0127 00       		.byte	0
 1195 0128 00       		.byte	0
 1196 0129 19       		.uleb128 0x19
 1197 012a 1D       		.uleb128 0x1d
 1198 012b 00       		.byte	0
ARM GAS  C:\Users\ADMINI~1\AppData\Local\Temp\ccNCWmtP.s 			page 25


 1199 012c 31       		.uleb128 0x31
 1200 012d 13       		.uleb128 0x13
 1201 012e 11       		.uleb128 0x11
 1202 012f 01       		.uleb128 0x1
 1203 0130 12       		.uleb128 0x12
 1204 0131 06       		.uleb128 0x6
 1205 0132 58       		.uleb128 0x58
 1206 0133 0B       		.uleb128 0xb
 1207 0134 59       		.uleb128 0x59
 1208 0135 0B       		.uleb128 0xb
 1209 0136 00       		.byte	0
 1210 0137 00       		.byte	0
 1211 0138 1A       		.uleb128 0x1a
 1212 0139 898201   		.uleb128 0x4109
 1213 013c 00       		.byte	0
 1214 013d 11       		.uleb128 0x11
 1215 013e 01       		.uleb128 0x1
 1216 013f 31       		.uleb128 0x31
 1217 0140 13       		.uleb128 0x13
 1218 0141 00       		.byte	0
 1219 0142 00       		.byte	0
 1220 0143 1B       		.uleb128 0x1b
 1221 0144 34       		.uleb128 0x34
 1222 0145 00       		.byte	0
 1223 0146 03       		.uleb128 0x3
 1224 0147 0E       		.uleb128 0xe
 1225 0148 3A       		.uleb128 0x3a
 1226 0149 0B       		.uleb128 0xb
 1227 014a 3B       		.uleb128 0x3b
 1228 014b 05       		.uleb128 0x5
 1229 014c 49       		.uleb128 0x49
 1230 014d 13       		.uleb128 0x13
 1231 014e 3F       		.uleb128 0x3f
 1232 014f 19       		.uleb128 0x19
 1233 0150 3C       		.uleb128 0x3c
 1234 0151 19       		.uleb128 0x19
 1235 0152 00       		.byte	0
 1236 0153 00       		.byte	0
 1237 0154 1C       		.uleb128 0x1c
 1238 0155 34       		.uleb128 0x34
 1239 0156 00       		.byte	0
 1240 0157 03       		.uleb128 0x3
 1241 0158 0E       		.uleb128 0xe
 1242 0159 3A       		.uleb128 0x3a
 1243 015a 0B       		.uleb128 0xb
 1244 015b 3B       		.uleb128 0x3b
 1245 015c 0B       		.uleb128 0xb
 1246 015d 49       		.uleb128 0x49
 1247 015e 13       		.uleb128 0x13
 1248 015f 3F       		.uleb128 0x3f
 1249 0160 19       		.uleb128 0x19
 1250 0161 3C       		.uleb128 0x3c
 1251 0162 19       		.uleb128 0x19
 1252 0163 00       		.byte	0
 1253 0164 00       		.byte	0
 1254 0165 1D       		.uleb128 0x1d
 1255 0166 2E       		.uleb128 0x2e
ARM GAS  C:\Users\ADMINI~1\AppData\Local\Temp\ccNCWmtP.s 			page 26


 1256 0167 00       		.byte	0
 1257 0168 3F       		.uleb128 0x3f
 1258 0169 19       		.uleb128 0x19
 1259 016a 3C       		.uleb128 0x3c
 1260 016b 19       		.uleb128 0x19
 1261 016c 6E       		.uleb128 0x6e
 1262 016d 0E       		.uleb128 0xe
 1263 016e 03       		.uleb128 0x3
 1264 016f 0E       		.uleb128 0xe
 1265 0170 3A       		.uleb128 0x3a
 1266 0171 0B       		.uleb128 0xb
 1267 0172 3B       		.uleb128 0x3b
 1268 0173 0B       		.uleb128 0xb
 1269 0174 00       		.byte	0
 1270 0175 00       		.byte	0
 1271 0176 00       		.byte	0
 1272              		.section	.debug_aranges,"",%progbits
 1273 0000 1C000000 		.4byte	0x1c
 1274 0004 0200     		.2byte	0x2
 1275 0006 00000000 		.4byte	.Ldebug_info0
 1276 000a 04       		.byte	0x4
 1277 000b 00       		.byte	0
 1278 000c 0000     		.2byte	0
 1279 000e 0000     		.2byte	0
 1280 0010 00000000 		.4byte	.LFB729
 1281 0014 0C000000 		.4byte	.LFE729-.LFB729
 1282 0018 00000000 		.4byte	0
 1283 001c 00000000 		.4byte	0
 1284              		.section	.debug_ranges,"",%progbits
 1285              	.Ldebug_ranges0:
 1286 0000 00000000 		.4byte	.LFB729
 1287 0004 0C000000 		.4byte	.LFE729
 1288 0008 00000000 		.4byte	0
 1289 000c 00000000 		.4byte	0
 1290              		.section	.debug_line,"",%progbits
 1291              	.Ldebug_line0:
 1292 0000 F5020000 		.section	.debug_str,"MS",%progbits,1
 1292      0200D202 
 1292      00000201 
 1292      FB0E0D00 
 1292      01010101 
 1293              	.LASF25:
 1294 0000 72756E4D 		.ascii	"runMode\000"
 1294      6F646500 
 1295              	.LASF52:
 1296 0008 72784275 		.ascii	"rxBufSize\000"
 1296      6653697A 
 1296      6500
 1297              	.LASF43:
 1298 0012 6B696C6C 		.ascii	"killInput\000"
 1298      496E7075 
 1298      7400
 1299              	.LASF84:
 1300 001c 73617449 		.ascii	"satIntrMask\000"
 1300      6E74724D 
 1300      61736B00 
 1301              	.LASF23:
ARM GAS  C:\Users\ADMINI~1\AppData\Local\Temp\ccNCWmtP.s 			page 27


 1302 0028 70776D41 		.ascii	"pwmAlignment\000"
 1302      6C69676E 
 1302      6D656E74 
 1302      00
 1303              	.LASF4:
 1304 0035 5F5F7569 		.ascii	"__uint8_t\000"
 1304      6E74385F 
 1304      7400
 1305              	.LASF93:
 1306 003f 63795F73 		.ascii	"cy_stc_ble_conn_handle_t\000"
 1306      74635F62 
 1306      6C655F63 
 1306      6F6E6E5F 
 1306      68616E64 
 1307              	.LASF10:
 1308 0058 6C6F6E67 		.ascii	"long long unsigned int\000"
 1308      206C6F6E 
 1308      6720756E 
 1308      7369676E 
 1308      65642069 
 1309              	.LASF22:
 1310 006f 636C6F63 		.ascii	"clockPrescaler\000"
 1310      6B507265 
 1310      7363616C 
 1310      657200
 1311              	.LASF64:
 1312 007e 72785269 		.ascii	"rxRingBuf\000"
 1312      6E674275 
 1312      6600
 1313              	.LASF54:
 1314 0088 74784275 		.ascii	"txBuf\000"
 1314      6600
 1315              	.LASF90:
 1316 008e 63795F73 		.ascii	"cy_stc_sar_config_t\000"
 1316      74635F73 
 1316      61725F63 
 1316      6F6E6669 
 1316      675F7400 
 1317              	.LASF9:
 1318 00a2 6C6F6E67 		.ascii	"long long int\000"
 1318      206C6F6E 
 1318      6720696E 
 1318      7400
 1319              	.LASF1:
 1320 00b0 7369676E 		.ascii	"signed char\000"
 1320      65642063 
 1320      68617200 
 1321              	.LASF49:
 1322 00bc 63795F73 		.ascii	"cy_stc_scb_spi_context\000"
 1322      74635F73 
 1322      63625F73 
 1322      70695F63 
 1322      6F6E7465 
 1323              	.LASF69:
 1324 00d3 63795F73 		.ascii	"cy_stc_scb_uart_context_t\000"
 1324      74635F73 
 1324      63625F75 
ARM GAS  C:\Users\ADMINI~1\AppData\Local\Temp\ccNCWmtP.s 			page 28


 1324      6172745F 
 1324      636F6E74 
 1325              	.LASF74:
 1326 00ed 63795F65 		.ascii	"cy_en_sar_range_detect_condition_t\000"
 1326      6E5F7361 
 1326      725F7261 
 1326      6E67655F 
 1326      64657465 
 1327              	.LASF112:
 1328 0110 636C6B44 		.ascii	"clkDivider\000"
 1328      69766964 
 1328      657200
 1329              	.LASF97:
 1330 011b 43595F42 		.ascii	"CY_BLE_ADV_STATE_STOP_INITIATED\000"
 1330      4C455F41 
 1330      44565F53 
 1330      54415445 
 1330      5F53544F 
 1331              	.LASF47:
 1332 013b 63795F63 		.ascii	"cy_cb_scb_spi_handle_events_t\000"
 1332      625F7363 
 1332      625F7370 
 1332      695F6861 
 1332      6E646C65 
 1333              	.LASF48:
 1334 0159 63795F73 		.ascii	"cy_stc_tcpwm_pwm_config\000"
 1334      74635F74 
 1334      6370776D 
 1334      5F70776D 
 1334      5F636F6E 
 1335              	.LASF70:
 1336 0171 43595F53 		.ascii	"CY_SAR_RANGE_COND_BELOW\000"
 1336      41525F52 
 1336      414E4745 
 1336      5F434F4E 
 1336      445F4245 
 1337              	.LASF6:
 1338 0189 6C6F6E67 		.ascii	"long int\000"
 1338      20696E74 
 1338      00
 1339              	.LASF98:
 1340 0192 63795F65 		.ascii	"cy_en_ble_adv_state_t\000"
 1340      6E5F626C 
 1340      655F6164 
 1340      765F7374 
 1340      6174655F 
 1341              	.LASF72:
 1342 01a8 43595F53 		.ascii	"CY_SAR_RANGE_COND_ABOVE\000"
 1342      41525F52 
 1342      414E4745 
 1342      5F434F4E 
 1342      445F4142 
 1343              	.LASF19:
 1344 01c0 646F7562 		.ascii	"double\000"
 1344      6C6500
 1345              	.LASF77:
 1346 01c7 73616D70 		.ascii	"sampleTime01\000"
ARM GAS  C:\Users\ADMINI~1\AppData\Local\Temp\ccNCWmtP.s 			page 29


 1346      6C655469 
 1346      6D653031 
 1346      00
 1347              	.LASF103:
 1348 01d4 43595F42 		.ascii	"CY_BLE_CONN_STATE_CLIENT_INCL_DISCOVERING\000"
 1348      4C455F43 
 1348      4F4E4E5F 
 1348      53544154 
 1348      455F434C 
 1349              	.LASF7:
 1350 01fe 5F5F7569 		.ascii	"__uint32_t\000"
 1350      6E743332 
 1350      5F7400
 1351              	.LASF110:
 1352 0209 6877436F 		.ascii	"hwConfigStc\000"
 1352      6E666967 
 1352      53746300 
 1353              	.LASF53:
 1354 0215 72784275 		.ascii	"rxBufIdx\000"
 1354      66496478 
 1354      00
 1355              	.LASF55:
 1356 021e 74784275 		.ascii	"txBufSize\000"
 1356      6653697A 
 1356      6500
 1357              	.LASF11:
 1358 0228 756E7369 		.ascii	"unsigned int\000"
 1358      676E6564 
 1358      20696E74 
 1358      00
 1359              	.LASF101:
 1360 0235 43595F42 		.ascii	"CY_BLE_CONN_STATE_CONNECTED\000"
 1360      4C455F43 
 1360      4F4E4E5F 
 1360      53544154 
 1360      455F434F 
 1361              	.LASF8:
 1362 0251 6C6F6E67 		.ascii	"long unsigned int\000"
 1362      20756E73 
 1362      69676E65 
 1362      6420696E 
 1362      7400
 1363              	.LASF119:
 1364 0263 55415254 		.ascii	"UART_context\000"
 1364      5F636F6E 
 1364      74657874 
 1364      00
 1365              	.LASF62:
 1366 0270 74785374 		.ascii	"txStatus\000"
 1366      61747573 
 1366      00
 1367              	.LASF36:
 1368 0279 73776170 		.ascii	"swapInputMode\000"
 1368      496E7075 
 1368      744D6F64 
 1368      6500
 1369              	.LASF3:
ARM GAS  C:\Users\ADMINI~1\AppData\Local\Temp\ccNCWmtP.s 			page 30


 1370 0287 73686F72 		.ascii	"short unsigned int\000"
 1370      7420756E 
 1370      7369676E 
 1370      65642069 
 1370      6E7400
 1371              	.LASF123:
 1372 029a 4144435F 		.ascii	"ADC_1_allConfigs\000"
 1372      315F616C 
 1372      6C436F6E 
 1372      66696773 
 1372      00
 1373              	.LASF79:
 1374 02ab 72616E67 		.ascii	"rangeThres\000"
 1374      65546872 
 1374      657300
 1375              	.LASF117:
 1376 02b6 63795F62 		.ascii	"cy_ble_connState\000"
 1376      6C655F63 
 1376      6F6E6E53 
 1376      74617465 
 1376      00
 1377              	.LASF42:
 1378 02c7 6B696C6C 		.ascii	"killInputMode\000"
 1378      496E7075 
 1378      744D6F64 
 1378      6500
 1379              	.LASF57:
 1380 02d5 63624576 		.ascii	"cbEvents\000"
 1380      656E7473 
 1380      00
 1381              	.LASF71:
 1382 02de 43595F53 		.ascii	"CY_SAR_RANGE_COND_INSIDE\000"
 1382      41525F52 
 1382      414E4745 
 1382      5F434F4E 
 1382      445F494E 
 1383              	.LASF109:
 1384 02f7 6E756D43 		.ascii	"numChannels\000"
 1384      68616E6E 
 1384      656C7300 
 1385              	.LASF82:
 1386 0303 6368616E 		.ascii	"chanConfig\000"
 1386      436F6E66 
 1386      696700
 1387              	.LASF59:
 1388 030e 63795F73 		.ascii	"cy_stc_scb_spi_context_t\000"
 1388      74635F73 
 1388      63625F73 
 1388      70695F63 
 1388      6F6E7465 
 1389              	.LASF0:
 1390 0327 73686F72 		.ascii	"short int\000"
 1390      7420696E 
 1390      7400
 1391              	.LASF33:
 1392 0331 696E7665 		.ascii	"invertPWMOut\000"
 1392      72745057 
ARM GAS  C:\Users\ADMINI~1\AppData\Local\Temp\ccNCWmtP.s 			page 31


 1392      4D4F7574 
 1392      00
 1393              	.LASF24:
 1394 033e 64656164 		.ascii	"deadTimeClocks\000"
 1394      54696D65 
 1394      436C6F63 
 1394      6B7300
 1395              	.LASF66:
 1396 034d 72785269 		.ascii	"rxRingBufHead\000"
 1396      6E674275 
 1396      66486561 
 1396      6400
 1397              	.LASF44:
 1398 035b 636F756E 		.ascii	"countInputMode\000"
 1398      74496E70 
 1398      75744D6F 
 1398      646500
 1399              	.LASF41:
 1400 036a 73746172 		.ascii	"startInput\000"
 1400      74496E70 
 1400      757400
 1401              	.LASF92:
 1402 0375 61747449 		.ascii	"attId\000"
 1402      6400
 1403              	.LASF15:
 1404 037b 73697A65 		.ascii	"sizetype\000"
 1404      74797065 
 1404      00
 1405              	.LASF111:
 1406 0384 6D697363 		.ascii	"miscConfig\000"
 1406      436F6E66 
 1406      696700
 1407              	.LASF16:
 1408 038f 6C6F6E67 		.ascii	"long double\000"
 1408      20646F75 
 1408      626C6500 
 1409              	.LASF107:
 1410 039b 63795F65 		.ascii	"cy_en_ble_conn_state_t\000"
 1410      6E5F626C 
 1410      655F636F 
 1410      6E6E5F73 
 1410      74617465 
 1411              	.LASF95:
 1412 03b2 43595F42 		.ascii	"CY_BLE_ADV_STATE_ADV_INITIATED\000"
 1412      4C455F41 
 1412      44565F53 
 1412      54415445 
 1412      5F414456 
 1413              	.LASF113:
 1414 03d1 4144435F 		.ascii	"ADC_1_CONFIG_STRUCT\000"
 1414      315F434F 
 1414      4E464947 
 1414      5F535452 
 1414      55435400 
 1415              	.LASF88:
 1416 03e5 636F6E66 		.ascii	"configRouting\000"
 1416      6967526F 
ARM GAS  C:\Users\ADMINI~1\AppData\Local\Temp\ccNCWmtP.s 			page 32


 1416      7574696E 
 1416      6700
 1417              	.LASF126:
 1418 03f3 4D3A5C47 		.ascii	"M:\\Githubrepo\\Intern_hiwi\\April_BLE\\Final_proje"
 1418      69746875 
 1418      62726570 
 1418      6F5C496E 
 1418      7465726E 
 1419 0422 63743031 		.ascii	"ct01_20Byte.cydsn\000"
 1419      5F323042 
 1419      7974652E 
 1419      63796473 
 1419      6E00
 1420              	.LASF63:
 1421 0434 72785374 		.ascii	"rxStatus\000"
 1421      61747573 
 1421      00
 1422              	.LASF127:
 1423 043d 5F5F656E 		.ascii	"__enable_irq\000"
 1423      61626C65 
 1423      5F697271 
 1423      00
 1424              	.LASF85:
 1425 044a 72616E67 		.ascii	"rangeIntrMask\000"
 1425      65496E74 
 1425      724D6173 
 1425      6B00
 1426              	.LASF124:
 1427 0458 474E5520 		.ascii	"GNU C11 5.4.1 20160609 (release) [ARM/embedded-5-br"
 1427      43313120 
 1427      352E342E 
 1427      31203230 
 1427      31363036 
 1428 048b 616E6368 		.ascii	"anch revision 237715] -mcpu=cortex-m4 -mfloat-abi=s"
 1428      20726576 
 1428      6973696F 
 1428      6E203233 
 1428      37373135 
 1429 04be 6F667466 		.ascii	"oftfp -mfpu=fpv4-sp-d16 -mthumb -g -Og -ffunction-s"
 1429      70202D6D 
 1429      6670753D 
 1429      66707634 
 1429      2D73702D 
 1430 04f1 65637469 		.ascii	"ections -ffat-lto-objects\000"
 1430      6F6E7320 
 1430      2D666661 
 1430      742D6C74 
 1430      6F2D6F62 
 1431              	.LASF106:
 1432 050b 43595F42 		.ascii	"CY_BLE_CONN_STATE_CLIENT_DISCOVERED\000"
 1432      4C455F43 
 1432      4F4E4E5F 
 1432      53544154 
 1432      455F434C 
 1433              	.LASF18:
 1434 052f 666C6F61 		.ascii	"float\000"
 1434      7400
ARM GAS  C:\Users\ADMINI~1\AppData\Local\Temp\ccNCWmtP.s 			page 33


 1435              	.LASF68:
 1436 0535 74784C65 		.ascii	"txLeftToTransmit\000"
 1436      6674546F 
 1436      5472616E 
 1436      736D6974 
 1436      00
 1437              	.LASF81:
 1438 0546 6368616E 		.ascii	"chanEn\000"
 1438      456E00
 1439              	.LASF104:
 1440 054d 43595F42 		.ascii	"CY_BLE_CONN_STATE_CLIENT_CHAR_DISCOVERING\000"
 1440      4C455F43 
 1440      4F4E4E5F 
 1440      53544154 
 1440      455F434C 
 1441              	.LASF40:
 1442 0577 73746172 		.ascii	"startInputMode\000"
 1442      74496E70 
 1442      75744D6F 
 1442      646500
 1443              	.LASF13:
 1444 0586 696E7433 		.ascii	"int32_t\000"
 1444      325F7400 
 1445              	.LASF2:
 1446 058e 756E7369 		.ascii	"unsigned char\000"
 1446      676E6564 
 1446      20636861 
 1446      7200
 1447              	.LASF114:
 1448 059c 49544D5F 		.ascii	"ITM_RxBuffer\000"
 1448      52784275 
 1448      66666572 
 1448      00
 1449              	.LASF31:
 1450 05a9 656E6162 		.ascii	"enableCompareSwap\000"
 1450      6C65436F 
 1450      6D706172 
 1450      65537761 
 1450      7000
 1451              	.LASF86:
 1452 05bb 6D757853 		.ascii	"muxSwitch\000"
 1452      77697463 
 1452      6800
 1453              	.LASF83:
 1454 05c5 696E7472 		.ascii	"intrMask\000"
 1454      4D61736B 
 1454      00
 1455              	.LASF121:
 1456 05ce 57535F53 		.ascii	"WS_SPI_context\000"
 1456      50495F63 
 1456      6F6E7465 
 1456      787400
 1457              	.LASF28:
 1458 05dd 656E6162 		.ascii	"enablePeriodSwap\000"
 1458      6C655065 
 1458      72696F64 
 1458      53776170 
ARM GAS  C:\Users\ADMINI~1\AppData\Local\Temp\ccNCWmtP.s 			page 34


 1458      00
 1459              	.LASF37:
 1460 05ee 73776170 		.ascii	"swapInput\000"
 1460      496E7075 
 1460      7400
 1461              	.LASF105:
 1462 05f8 43595F42 		.ascii	"CY_BLE_CONN_STATE_CLIENT_DESCR_DISCOVERING\000"
 1462      4C455F43 
 1462      4F4E4E5F 
 1462      53544154 
 1462      455F434C 
 1463              	.LASF14:
 1464 0623 75696E74 		.ascii	"uint32_t\000"
 1464      33325F74 
 1464      00
 1465              	.LASF122:
 1466 062c 4144435F 		.ascii	"ADC_1_currentConfig\000"
 1466      315F6375 
 1466      7272656E 
 1466      74436F6E 
 1466      66696700 
 1467              	.LASF89:
 1468 0640 76726566 		.ascii	"vrefMvValue\000"
 1468      4D765661 
 1468      6C756500 
 1469              	.LASF29:
 1470 064c 636F6D70 		.ascii	"compare0\000"
 1470      61726530 
 1470      00
 1471              	.LASF30:
 1472 0655 636F6D70 		.ascii	"compare1\000"
 1472      61726531 
 1472      00
 1473              	.LASF45:
 1474 065e 636F756E 		.ascii	"countInput\000"
 1474      74496E70 
 1474      757400
 1475              	.LASF17:
 1476 0669 63686172 		.ascii	"char\000"
 1476      00
 1477              	.LASF120:
 1478 066e 50574D5F 		.ascii	"PWM_config\000"
 1478      636F6E66 
 1478      696700
 1479              	.LASF118:
 1480 0679 63795F62 		.ascii	"cy_ble_pendingFlashWrite\000"
 1480      6C655F70 
 1480      656E6469 
 1480      6E67466C 
 1480      61736857 
 1481              	.LASF129:
 1482 0692 486F7374 		.ascii	"HostMain\000"
 1482      4D61696E 
 1482      00
 1483              	.LASF5:
 1484 069b 5F5F696E 		.ascii	"__int32_t\000"
 1484      7433325F 
ARM GAS  C:\Users\ADMINI~1\AppData\Local\Temp\ccNCWmtP.s 			page 35


 1484      7400
 1485              	.LASF115:
 1486 06a5 63795F62 		.ascii	"cy_ble_advState\000"
 1486      6C655F61 
 1486      64765374 
 1486      61746500 
 1487              	.LASF75:
 1488 06b5 6374726C 		.ascii	"ctrl\000"
 1488      00
 1489              	.LASF32:
 1490 06ba 696E7465 		.ascii	"interruptSources\000"
 1490      72727570 
 1490      74536F75 
 1490      72636573 
 1490      00
 1491              	.LASF39:
 1492 06cb 72656C6F 		.ascii	"reloadInput\000"
 1492      6164496E 
 1492      70757400 
 1493              	.LASF102:
 1494 06d7 43595F42 		.ascii	"CY_BLE_CONN_STATE_CLIENT_SRVC_DISCOVERING\000"
 1494      4C455F43 
 1494      4F4E4E5F 
 1494      53544154 
 1494      455F434C 
 1495              	.LASF60:
 1496 0701 63795F63 		.ascii	"cy_cb_scb_uart_handle_events_t\000"
 1496      625F7363 
 1496      625F7561 
 1496      72745F68 
 1496      616E646C 
 1497              	.LASF65:
 1498 0720 72785269 		.ascii	"rxRingBufSize\000"
 1498      6E674275 
 1498      6653697A 
 1498      6500
 1499              	.LASF26:
 1500 072e 70657269 		.ascii	"period0\000"
 1500      6F643000 
 1501              	.LASF27:
 1502 0736 70657269 		.ascii	"period1\000"
 1502      6F643100 
 1503              	.LASF58:
 1504 073e 696E6974 		.ascii	"initKey\000"
 1504      4B657900 
 1505              	.LASF51:
 1506 0746 72784275 		.ascii	"rxBuf\000"
 1506      6600
 1507              	.LASF20:
 1508 074c 5F426F6F 		.ascii	"_Bool\000"
 1508      6C00
 1509              	.LASF99:
 1510 0752 43595F42 		.ascii	"CY_BLE_CONN_STATE_DISCONNECTED\000"
 1510      4C455F43 
 1510      4F4E4E5F 
 1510      53544154 
 1510      455F4449 
ARM GAS  C:\Users\ADMINI~1\AppData\Local\Temp\ccNCWmtP.s 			page 36


 1511              	.LASF80:
 1512 0771 72616E67 		.ascii	"rangeCond\000"
 1512      65436F6E 
 1512      6400
 1513              	.LASF116:
 1514 077b 63795F62 		.ascii	"cy_ble_connHandle\000"
 1514      6C655F63 
 1514      6F6E6E48 
 1514      616E646C 
 1514      6500
 1515              	.LASF50:
 1516 078d 73746174 		.ascii	"status\000"
 1516      757300
 1517              	.LASF34:
 1518 0794 696E7665 		.ascii	"invertPWMOutN\000"
 1518      72745057 
 1518      4D4F7574 
 1518      4E00
 1519              	.LASF96:
 1520 07a2 43595F42 		.ascii	"CY_BLE_ADV_STATE_ADVERTISING\000"
 1520      4C455F41 
 1520      44565F53 
 1520      54415445 
 1520      5F414456 
 1521              	.LASF76:
 1522 07bf 73616D70 		.ascii	"sampleCtrl\000"
 1522      6C654374 
 1522      726C00
 1523              	.LASF94:
 1524 07ca 43595F42 		.ascii	"CY_BLE_ADV_STATE_STOPPED\000"
 1524      4C455F41 
 1524      44565F53 
 1524      54415445 
 1524      5F53544F 
 1525              	.LASF12:
 1526 07e3 75696E74 		.ascii	"uint8_t\000"
 1526      385F7400 
 1527              	.LASF35:
 1528 07eb 6B696C6C 		.ascii	"killMode\000"
 1528      4D6F6465 
 1528      00
 1529              	.LASF46:
 1530 07f4 63795F73 		.ascii	"cy_stc_tcpwm_pwm_config_t\000"
 1530      74635F74 
 1530      6370776D 
 1530      5F70776D 
 1530      5F636F6E 
 1531              	.LASF78:
 1532 080e 73616D70 		.ascii	"sampleTime23\000"
 1532      6C655469 
 1532      6D653233 
 1532      00
 1533              	.LASF38:
 1534 081b 72656C6F 		.ascii	"reloadInputMode\000"
 1534      6164496E 
 1534      7075744D 
 1534      6F646500 
ARM GAS  C:\Users\ADMINI~1\AppData\Local\Temp\ccNCWmtP.s 			page 37


 1535              	.LASF73:
 1536 082b 43595F53 		.ascii	"CY_SAR_RANGE_COND_OUTSIDE\000"
 1536      41525F52 
 1536      414E4745 
 1536      5F434F4E 
 1536      445F4F55 
 1537              	.LASF67:
 1538 0845 72785269 		.ascii	"rxRingBufTail\000"
 1538      6E674275 
 1538      66546169 
 1538      6C00
 1539              	.LASF108:
 1540 0853 6368616E 		.ascii	"channelBase\000"
 1540      6E656C42 
 1540      61736500 
 1541              	.LASF91:
 1542 085f 62644861 		.ascii	"bdHandle\000"
 1542      6E646C65 
 1542      00
 1543              	.LASF21:
 1544 0868 70776D4D 		.ascii	"pwmMode\000"
 1544      6F646500 
 1545              	.LASF87:
 1546 0870 6D757853 		.ascii	"muxSwitchSqCtrl\000"
 1546      77697463 
 1546      68537143 
 1546      74726C00 
 1547              	.LASF128:
 1548 0880 6D61696E 		.ascii	"main\000"
 1548      00
 1549              	.LASF61:
 1550 0885 63795F73 		.ascii	"cy_stc_scb_uart_context\000"
 1550      74635F73 
 1550      63625F75 
 1550      6172745F 
 1550      636F6E74 
 1551              	.LASF125:
 1552 089d 6D61696E 		.ascii	"main_cm4.c\000"
 1552      5F636D34 
 1552      2E6300
 1553              	.LASF100:
 1554 08a8 43595F42 		.ascii	"CY_BLE_CONN_STATE_CLIENT_DISCONNECTED_DISCOVERED\000"
 1554      4C455F43 
 1554      4F4E4E5F 
 1554      53544154 
 1554      455F434C 
 1555              	.LASF56:
 1556 08d9 74784275 		.ascii	"txBufIdx\000"
 1556      66496478 
 1556      00
 1557              		.ident	"GCC: (GNU Tools for ARM Embedded Processors) 5.4.1 20160609 (release) [ARM/embedded-5-bran
