ARM GAS  C:\Users\43479\AppData\Local\Temp\ccMshEZX.s 			page 1


   1              		.syntax unified
   2              		.cpu cortex-m0plus
   3              		.fpu softvfp
   4              		.eabi_attribute 20, 1
   5              		.eabi_attribute 21, 1
   6              		.eabi_attribute 23, 3
   7              		.eabi_attribute 24, 1
   8              		.eabi_attribute 25, 1
   9              		.eabi_attribute 26, 1
  10              		.eabi_attribute 30, 1
  11              		.eabi_attribute 34, 0
  12              		.eabi_attribute 18, 4
  13              		.thumb
  14              		.syntax unified
  15              		.file	"main_cm0p.c"
  16              		.text
  17              	.Ltext0:
  18              		.cfi_sections	.debug_frame
  19              		.section	.text.main,"ax",%progbits
  20              		.align	2
  21              		.global	main
  22              		.code	16
  23              		.thumb_func
  24              		.type	main, %function
  25              	main:
  26              	.LFB629:
  27              		.file 1 "main_cm0p.c"
   1:main_cm0p.c   **** /*******************************************************************************
   2:main_cm0p.c   **** * File Name: main_cm0p.c
   3:main_cm0p.c   **** *
   4:main_cm0p.c   **** * Version: 1.10
   5:main_cm0p.c   **** *
   6:main_cm0p.c   **** * Description:
   7:main_cm0p.c   **** *  This is the source code for CM0+ core for the dual core BLE project.
   8:main_cm0p.c   **** *
   9:main_cm0p.c   **** * Related Document: CE222046_Throughput_Measurement.pdf
  10:main_cm0p.c   **** *
  11:main_cm0p.c   **** * Hardware Dependency: See CE222046_Throughput_Measurement.pdf
  12:main_cm0p.c   **** *
  13:main_cm0p.c   **** *******************************************************************************
  14:main_cm0p.c   **** * Copyright (2018), Cypress Semiconductor Corporation. All rights reserved.
  15:main_cm0p.c   **** *******************************************************************************
  16:main_cm0p.c   **** * This software, including source code, documentation and related materials
  17:main_cm0p.c   **** * (“Software”), is owned by Cypress Semiconductor Corporation or one of its
  18:main_cm0p.c   **** * subsidiaries (“Cypress”) and is protected by and subject to worldwide patent
  19:main_cm0p.c   **** * protection (United States and foreign), United States copyright laws and
  20:main_cm0p.c   **** * international treaty provisions. Therefore, you may use this Software only
  21:main_cm0p.c   **** * as provided in the license agreement accompanying the software package from
  22:main_cm0p.c   **** * which you obtained this Software (“EULA”).
  23:main_cm0p.c   **** *
  24:main_cm0p.c   **** * If no EULA applies, Cypress hereby grants you a personal, nonexclusive,
  25:main_cm0p.c   **** * non-transferable license to copy, modify, and compile the Software source
  26:main_cm0p.c   **** * code solely for use in connection with Cypress’s integrated circuit products.
  27:main_cm0p.c   **** * Any reproduction, modification, translation, compilation, or representation
  28:main_cm0p.c   **** * of this Software except as specified above is prohibited without the express
  29:main_cm0p.c   **** * written permission of Cypress.
  30:main_cm0p.c   **** *
ARM GAS  C:\Users\43479\AppData\Local\Temp\ccMshEZX.s 			page 2


  31:main_cm0p.c   **** * Disclaimer: THIS SOFTWARE IS PROVIDED AS-IS, WITH NO WARRANTY OF ANY KIND, 
  32:main_cm0p.c   **** * EXPRESS OR IMPLIED, INCLUDING, BUT NOT LIMITED TO, NONINFRINGEMENT, IMPLIED 
  33:main_cm0p.c   **** * WARRANTIES OF MERCHANTABILITY AND FITNESS FOR A PARTICULAR PURPOSE. Cypress 
  34:main_cm0p.c   **** * reserves the right to make changes to the Software without notice. Cypress 
  35:main_cm0p.c   **** * does not assume any liability arising out of the application or use of the 
  36:main_cm0p.c   **** * Software or any product or circuit described in the Software. Cypress does 
  37:main_cm0p.c   **** * not authorize its products for use in any products where a malfunction or 
  38:main_cm0p.c   **** * failure of the Cypress product may reasonably be expected to result in 
  39:main_cm0p.c   **** * significant property damage, injury or death (“High Risk Product”). By 
  40:main_cm0p.c   **** * including Cypress’s product in a High Risk Product, the manufacturer of such 
  41:main_cm0p.c   **** * system or application assumes all risk of such use and in doing so agrees to 
  42:main_cm0p.c   **** * indemnify Cypress against all liability.
  43:main_cm0p.c   **** *******************************************************************************/
  44:main_cm0p.c   **** #include "project.h"
  45:main_cm0p.c   **** #include "stdio_user.h"
  46:main_cm0p.c   **** #include <stdio.h>
  47:main_cm0p.c   **** 
  48:main_cm0p.c   **** 
  49:main_cm0p.c   **** /*******************************************************************************
  50:main_cm0p.c   **** * Function Name: main()
  51:main_cm0p.c   **** ********************************************************************************
  52:main_cm0p.c   **** * Summary:
  53:main_cm0p.c   **** *  Main function for the CM0+ core.
  54:main_cm0p.c   **** *
  55:main_cm0p.c   **** * Parameters:
  56:main_cm0p.c   **** *  None
  57:main_cm0p.c   **** *
  58:main_cm0p.c   **** * Return:
  59:main_cm0p.c   **** *  None
  60:main_cm0p.c   **** *
  61:main_cm0p.c   **** * Theory:
  62:main_cm0p.c   **** *  The function starts BLE Controller and processes all BLE events.
  63:main_cm0p.c   **** *
  64:main_cm0p.c   **** *******************************************************************************/
  65:main_cm0p.c   **** extern int HostMain(void);
  66:main_cm0p.c   **** int main(void)
  67:main_cm0p.c   **** {
  28              		.loc 1 67 0
  29              		.cfi_startproc
  30              		@ args = 0, pretend = 0, frame = 0
  31              		@ frame_needed = 0, uses_anonymous_args = 0
  32 0000 10B5     		push	{r4, lr}
  33              		.cfi_def_cfa_offset 8
  34              		.cfi_offset 4, -8
  35              		.cfi_offset 14, -4
  36              	.LBB4:
  37              	.LBB5:
  38              		.file 2 "Generated_Source\\PSoC6\\pdl\\cmsis/include/cmsis_gcc.h"
   1:Generated_Source\PSoC6\pdl\cmsis/include/cmsis_gcc.h **** /**************************************************************************//**
   2:Generated_Source\PSoC6\pdl\cmsis/include/cmsis_gcc.h ****  * @file     cmsis_gcc.h
   3:Generated_Source\PSoC6\pdl\cmsis/include/cmsis_gcc.h ****  * @brief    CMSIS compiler GCC header file
   4:Generated_Source\PSoC6\pdl\cmsis/include/cmsis_gcc.h ****  * @version  V5.0.1
   5:Generated_Source\PSoC6\pdl\cmsis/include/cmsis_gcc.h ****  * @date     02. February 2017
   6:Generated_Source\PSoC6\pdl\cmsis/include/cmsis_gcc.h ****  ******************************************************************************/
   7:Generated_Source\PSoC6\pdl\cmsis/include/cmsis_gcc.h **** /*
   8:Generated_Source\PSoC6\pdl\cmsis/include/cmsis_gcc.h ****  * Copyright (c) 2009-2017 ARM Limited. All rights reserved.
   9:Generated_Source\PSoC6\pdl\cmsis/include/cmsis_gcc.h ****  *
ARM GAS  C:\Users\43479\AppData\Local\Temp\ccMshEZX.s 			page 3


  10:Generated_Source\PSoC6\pdl\cmsis/include/cmsis_gcc.h ****  * SPDX-License-Identifier: Apache-2.0
  11:Generated_Source\PSoC6\pdl\cmsis/include/cmsis_gcc.h ****  *
  12:Generated_Source\PSoC6\pdl\cmsis/include/cmsis_gcc.h ****  * Licensed under the Apache License, Version 2.0 (the License); you may
  13:Generated_Source\PSoC6\pdl\cmsis/include/cmsis_gcc.h ****  * not use this file except in compliance with the License.
  14:Generated_Source\PSoC6\pdl\cmsis/include/cmsis_gcc.h ****  * You may obtain a copy of the License at
  15:Generated_Source\PSoC6\pdl\cmsis/include/cmsis_gcc.h ****  *
  16:Generated_Source\PSoC6\pdl\cmsis/include/cmsis_gcc.h ****  * www.apache.org/licenses/LICENSE-2.0
  17:Generated_Source\PSoC6\pdl\cmsis/include/cmsis_gcc.h ****  *
  18:Generated_Source\PSoC6\pdl\cmsis/include/cmsis_gcc.h ****  * Unless required by applicable law or agreed to in writing, software
  19:Generated_Source\PSoC6\pdl\cmsis/include/cmsis_gcc.h ****  * distributed under the License is distributed on an AS IS BASIS, WITHOUT
  20:Generated_Source\PSoC6\pdl\cmsis/include/cmsis_gcc.h ****  * WARRANTIES OR CONDITIONS OF ANY KIND, either express or implied.
  21:Generated_Source\PSoC6\pdl\cmsis/include/cmsis_gcc.h ****  * See the License for the specific language governing permissions and
  22:Generated_Source\PSoC6\pdl\cmsis/include/cmsis_gcc.h ****  * limitations under the License.
  23:Generated_Source\PSoC6\pdl\cmsis/include/cmsis_gcc.h ****  */
  24:Generated_Source\PSoC6\pdl\cmsis/include/cmsis_gcc.h **** 
  25:Generated_Source\PSoC6\pdl\cmsis/include/cmsis_gcc.h **** #ifndef __CMSIS_GCC_H
  26:Generated_Source\PSoC6\pdl\cmsis/include/cmsis_gcc.h **** #define __CMSIS_GCC_H
  27:Generated_Source\PSoC6\pdl\cmsis/include/cmsis_gcc.h **** 
  28:Generated_Source\PSoC6\pdl\cmsis/include/cmsis_gcc.h **** /* ignore some GCC warnings */
  29:Generated_Source\PSoC6\pdl\cmsis/include/cmsis_gcc.h **** #pragma GCC diagnostic push
  30:Generated_Source\PSoC6\pdl\cmsis/include/cmsis_gcc.h **** #pragma GCC diagnostic ignored "-Wsign-conversion"
  31:Generated_Source\PSoC6\pdl\cmsis/include/cmsis_gcc.h **** #pragma GCC diagnostic ignored "-Wconversion"
  32:Generated_Source\PSoC6\pdl\cmsis/include/cmsis_gcc.h **** #pragma GCC diagnostic ignored "-Wunused-parameter"
  33:Generated_Source\PSoC6\pdl\cmsis/include/cmsis_gcc.h **** 
  34:Generated_Source\PSoC6\pdl\cmsis/include/cmsis_gcc.h **** /* CMSIS compiler specific defines */
  35:Generated_Source\PSoC6\pdl\cmsis/include/cmsis_gcc.h **** #ifndef   __ASM
  36:Generated_Source\PSoC6\pdl\cmsis/include/cmsis_gcc.h ****   #define __ASM                     __asm
  37:Generated_Source\PSoC6\pdl\cmsis/include/cmsis_gcc.h **** #endif
  38:Generated_Source\PSoC6\pdl\cmsis/include/cmsis_gcc.h **** #ifndef   __INLINE
  39:Generated_Source\PSoC6\pdl\cmsis/include/cmsis_gcc.h ****   #define __INLINE                  inline
  40:Generated_Source\PSoC6\pdl\cmsis/include/cmsis_gcc.h **** #endif
  41:Generated_Source\PSoC6\pdl\cmsis/include/cmsis_gcc.h **** #ifndef   __STATIC_INLINE
  42:Generated_Source\PSoC6\pdl\cmsis/include/cmsis_gcc.h ****   #define __STATIC_INLINE           static inline
  43:Generated_Source\PSoC6\pdl\cmsis/include/cmsis_gcc.h **** #endif
  44:Generated_Source\PSoC6\pdl\cmsis/include/cmsis_gcc.h **** #ifndef   __NO_RETURN
  45:Generated_Source\PSoC6\pdl\cmsis/include/cmsis_gcc.h ****   #define __NO_RETURN               __attribute__((noreturn))
  46:Generated_Source\PSoC6\pdl\cmsis/include/cmsis_gcc.h **** #endif
  47:Generated_Source\PSoC6\pdl\cmsis/include/cmsis_gcc.h **** #ifndef   __USED
  48:Generated_Source\PSoC6\pdl\cmsis/include/cmsis_gcc.h ****   #define __USED                    __attribute__((used))
  49:Generated_Source\PSoC6\pdl\cmsis/include/cmsis_gcc.h **** #endif
  50:Generated_Source\PSoC6\pdl\cmsis/include/cmsis_gcc.h **** #ifndef   __WEAK
  51:Generated_Source\PSoC6\pdl\cmsis/include/cmsis_gcc.h ****   #define __WEAK                    __attribute__((weak))
  52:Generated_Source\PSoC6\pdl\cmsis/include/cmsis_gcc.h **** #endif
  53:Generated_Source\PSoC6\pdl\cmsis/include/cmsis_gcc.h **** #ifndef   __UNALIGNED_UINT32
  54:Generated_Source\PSoC6\pdl\cmsis/include/cmsis_gcc.h **** #pragma GCC diagnostic push
  55:Generated_Source\PSoC6\pdl\cmsis/include/cmsis_gcc.h **** #pragma GCC diagnostic ignored "-Wpacked"
  56:Generated_Source\PSoC6\pdl\cmsis/include/cmsis_gcc.h **** #pragma GCC diagnostic ignored "-Wattributes"
  57:Generated_Source\PSoC6\pdl\cmsis/include/cmsis_gcc.h ****   struct __attribute__((packed)) T_UINT32 { uint32_t v; };
  58:Generated_Source\PSoC6\pdl\cmsis/include/cmsis_gcc.h **** #pragma GCC diagnostic pop
  59:Generated_Source\PSoC6\pdl\cmsis/include/cmsis_gcc.h ****   #define __UNALIGNED_UINT32(x)     (((struct T_UINT32 *)(x))->v)
  60:Generated_Source\PSoC6\pdl\cmsis/include/cmsis_gcc.h **** #endif
  61:Generated_Source\PSoC6\pdl\cmsis/include/cmsis_gcc.h **** #ifndef   __ALIGNED
  62:Generated_Source\PSoC6\pdl\cmsis/include/cmsis_gcc.h ****   #define __ALIGNED(x)              __attribute__((aligned(x)))
  63:Generated_Source\PSoC6\pdl\cmsis/include/cmsis_gcc.h **** #endif
  64:Generated_Source\PSoC6\pdl\cmsis/include/cmsis_gcc.h **** #ifndef   __PACKED
  65:Generated_Source\PSoC6\pdl\cmsis/include/cmsis_gcc.h ****   #define __PACKED                  __attribute__((packed, aligned(1)))
  66:Generated_Source\PSoC6\pdl\cmsis/include/cmsis_gcc.h **** #endif
ARM GAS  C:\Users\43479\AppData\Local\Temp\ccMshEZX.s 			page 4


  67:Generated_Source\PSoC6\pdl\cmsis/include/cmsis_gcc.h **** #ifndef   __PACKED_STRUCT
  68:Generated_Source\PSoC6\pdl\cmsis/include/cmsis_gcc.h ****   #define __PACKED_STRUCT           struct __attribute__((packed, aligned(1)))
  69:Generated_Source\PSoC6\pdl\cmsis/include/cmsis_gcc.h **** #endif
  70:Generated_Source\PSoC6\pdl\cmsis/include/cmsis_gcc.h **** 
  71:Generated_Source\PSoC6\pdl\cmsis/include/cmsis_gcc.h **** 
  72:Generated_Source\PSoC6\pdl\cmsis/include/cmsis_gcc.h **** /* ###########################  Core Function Access  ########################### */
  73:Generated_Source\PSoC6\pdl\cmsis/include/cmsis_gcc.h **** /** \ingroup  CMSIS_Core_FunctionInterface
  74:Generated_Source\PSoC6\pdl\cmsis/include/cmsis_gcc.h ****     \defgroup CMSIS_Core_RegAccFunctions CMSIS Core Register Access Functions
  75:Generated_Source\PSoC6\pdl\cmsis/include/cmsis_gcc.h ****   @{
  76:Generated_Source\PSoC6\pdl\cmsis/include/cmsis_gcc.h ****  */
  77:Generated_Source\PSoC6\pdl\cmsis/include/cmsis_gcc.h **** 
  78:Generated_Source\PSoC6\pdl\cmsis/include/cmsis_gcc.h **** /**
  79:Generated_Source\PSoC6\pdl\cmsis/include/cmsis_gcc.h ****   \brief   Enable IRQ Interrupts
  80:Generated_Source\PSoC6\pdl\cmsis/include/cmsis_gcc.h ****   \details Enables IRQ interrupts by clearing the I-bit in the CPSR.
  81:Generated_Source\PSoC6\pdl\cmsis/include/cmsis_gcc.h ****            Can only be executed in Privileged modes.
  82:Generated_Source\PSoC6\pdl\cmsis/include/cmsis_gcc.h ****  */
  83:Generated_Source\PSoC6\pdl\cmsis/include/cmsis_gcc.h **** __attribute__((always_inline)) __STATIC_INLINE void __enable_irq(void)
  84:Generated_Source\PSoC6\pdl\cmsis/include/cmsis_gcc.h **** {
  85:Generated_Source\PSoC6\pdl\cmsis/include/cmsis_gcc.h ****   __ASM volatile ("cpsie i" : : : "memory");
  39              		.loc 2 85 0
  40              		.syntax divided
  41              	@ 85 "Generated_Source\PSoC6\pdl\cmsis/include/cmsis_gcc.h" 1
  42 0002 62B6     		cpsie i
  43              	@ 0 "" 2
  44              		.thumb
  45              		.syntax unified
  46              	.LBE5:
  47              	.LBE4:
  68:main_cm0p.c   ****     cy_en_ble_api_result_t apiResult;
  69:main_cm0p.c   ****     __enable_irq(); /* Enable global interrupts. */
  70:main_cm0p.c   ****     
  71:main_cm0p.c   ****     #if(CY_BLE_CONFIG_HOST_CORE == CY_BLE_CORE_CORTEX_M0P)   
  72:main_cm0p.c   ****     
  73:main_cm0p.c   ****     /* Run Host main */
  74:main_cm0p.c   ****     HostMain();
  75:main_cm0p.c   **** 
  76:main_cm0p.c   ****     #else
  77:main_cm0p.c   ****     /* Start BLE Controller for dual core mode */
  78:main_cm0p.c   ****         apiResult = Cy_BLE_Start(NULL);
  48              		.loc 1 78 0
  49 0004 0020     		movs	r0, #0
  50 0006 FFF7FEFF 		bl	Cy_BLE_Start
  51              	.LVL0:
  79:main_cm0p.c   ****     
  80:main_cm0p.c   ****         if(apiResult == CY_BLE_SUCCESS)
  52              		.loc 1 80 0
  53 000a 0028     		cmp	r0, #0
  54 000c 02D1     		bne	.L3
  81:main_cm0p.c   ****         {
  82:main_cm0p.c   ****           /* Enable CM4 only if BLE Controller started successfully.
  83:main_cm0p.c   ****            * Enable CM4. CY_CORTEX_M4_APPL_ADDR must be updated if CM4 memory 
  84:main_cm0p.c   ****            * layout is changed. */
  85:main_cm0p.c   ****             Cy_SysEnableCM4(CY_CORTEX_M4_APPL_ADDR);
  55              		.loc 1 85 0
  56 000e 0348     		ldr	r0, .L4
  57              	.LVL1:
  58 0010 FFF7FEFF 		bl	Cy_SysEnableCM4
ARM GAS  C:\Users\43479\AppData\Local\Temp\ccMshEZX.s 			page 5


  59              	.LVL2:
  60              	.L3:
  86:main_cm0p.c   ****         }
  87:main_cm0p.c   **** 
  88:main_cm0p.c   ****         for(;;)
  89:main_cm0p.c   ****         {
  90:main_cm0p.c   ****             /* Process BLE events continuously for controller in dual core mode */
  91:main_cm0p.c   ****             Cy_BLE_ProcessEvents();
  61              		.loc 1 91 0 discriminator 1
  62 0014 FFF7FEFF 		bl	Cy_BLE_ProcessEvents
  63              	.LVL3:
  64 0018 FCE7     		b	.L3
  65              	.L5:
  66 001a C046     		.align	2
  67              	.L4:
  68 001c 00000810 		.word	268959744
  69              		.cfi_endproc
  70              	.LFE629:
  71              		.size	main, .-main
  72              		.text
  73              	.Letext0:
  74              		.file 3 "d:\\mysoftware\\cypress\\psoc creator\\4.4\\psoc creator\\import\\gnu\\arm\\5.4.1\\arm-no
  75              		.file 4 "d:\\mysoftware\\cypress\\psoc creator\\4.4\\psoc creator\\import\\gnu\\arm\\5.4.1\\arm-no
  76              		.file 5 "Generated_Source\\PSoC6\\pdl\\drivers/peripheral/tcpwm/cy_tcpwm_pwm.h"
  77              		.file 6 "Generated_Source\\PSoC6\\pdl\\drivers/peripheral/scb/cy_scb_spi.h"
  78              		.file 7 "Generated_Source\\PSoC6\\pdl\\drivers/peripheral/scb/cy_scb_uart.h"
  79              		.file 8 "Generated_Source\\PSoC6\\pdl\\drivers/peripheral/sar/cy_sar.h"
  80              		.file 9 "Generated_Source\\PSoC6\\pdl\\middleware/ble/cy_ble_stack.h"
  81              		.file 10 "Generated_Source\\PSoC6/ADC_1.h"
  82              		.file 11 "Generated_Source\\PSoC6/UART.h"
  83              		.file 12 "Generated_Source\\PSoC6/PWM.h"
  84              		.file 13 "Generated_Source\\PSoC6/WS_SPI.h"
  85              		.file 14 "Generated_Source\\PSoC6/BLE.h"
  86              		.file 15 "./system_psoc63.h"
  87              		.section	.debug_info,"",%progbits
  88              	.Ldebug_info0:
  89 0000 04070000 		.4byte	0x704
  90 0004 0400     		.2byte	0x4
  91 0006 00000000 		.4byte	.Ldebug_abbrev0
  92 000a 04       		.byte	0x4
  93 000b 01       		.uleb128 0x1
  94 000c 72070000 		.4byte	.LASF132
  95 0010 0C       		.byte	0xc
  96 0011 3D000000 		.4byte	.LASF133
  97 0015 81050000 		.4byte	.LASF134
  98 0019 00000000 		.4byte	.Ldebug_ranges0+0
  99 001d 00000000 		.4byte	0
 100 0021 00000000 		.4byte	.Ldebug_line0
 101 0025 02       		.uleb128 0x2
 102 0026 02       		.byte	0x2
 103 0027 05       		.byte	0x5
 104 0028 77040000 		.4byte	.LASF0
 105 002c 02       		.uleb128 0x2
 106 002d 01       		.byte	0x1
 107 002e 08       		.byte	0x8
 108 002f 2C060000 		.4byte	.LASF1
 109 0033 02       		.uleb128 0x2
ARM GAS  C:\Users\43479\AppData\Local\Temp\ccMshEZX.s 			page 6


 110 0034 01       		.byte	0x1
 111 0035 06       		.byte	0x6
 112 0036 8D010000 		.4byte	.LASF2
 113 003a 02       		.uleb128 0x2
 114 003b 02       		.byte	0x2
 115 003c 07       		.byte	0x7
 116 003d AA030000 		.4byte	.LASF3
 117 0041 02       		.uleb128 0x2
 118 0042 04       		.byte	0x4
 119 0043 05       		.byte	0x5
 120 0044 5C020000 		.4byte	.LASF4
 121 0048 03       		.uleb128 0x3
 122 0049 F9020000 		.4byte	.LASF9
 123 004d 03       		.byte	0x3
 124 004e 41       		.byte	0x41
 125 004f 53000000 		.4byte	0x53
 126 0053 02       		.uleb128 0x2
 127 0054 04       		.byte	0x4
 128 0055 07       		.byte	0x7
 129 0056 7D030000 		.4byte	.LASF5
 130 005a 02       		.uleb128 0x2
 131 005b 08       		.byte	0x8
 132 005c 05       		.byte	0x5
 133 005d 7F010000 		.4byte	.LASF6
 134 0061 02       		.uleb128 0x2
 135 0062 08       		.byte	0x8
 136 0063 07       		.byte	0x7
 137 0064 E5000000 		.4byte	.LASF7
 138 0068 04       		.uleb128 0x4
 139 0069 04       		.byte	0x4
 140 006a 05       		.byte	0x5
 141 006b 696E7400 		.ascii	"int\000"
 142 006f 02       		.uleb128 0x2
 143 0070 04       		.byte	0x4
 144 0071 07       		.byte	0x7
 145 0072 62030000 		.4byte	.LASF8
 146 0076 03       		.uleb128 0x3
 147 0077 F6060000 		.4byte	.LASF10
 148 007b 04       		.byte	0x4
 149 007c 30       		.byte	0x30
 150 007d 48000000 		.4byte	0x48
 151 0081 02       		.uleb128 0x2
 152 0082 04       		.byte	0x4
 153 0083 07       		.byte	0x7
 154 0084 C5040000 		.4byte	.LASF11
 155 0088 05       		.uleb128 0x5
 156 0089 76000000 		.4byte	0x76
 157 008d 02       		.uleb128 0x2
 158 008e 08       		.byte	0x8
 159 008f 04       		.byte	0x4
 160 0090 CE040000 		.4byte	.LASF12
 161 0094 02       		.uleb128 0x2
 162 0095 01       		.byte	0x1
 163 0096 08       		.byte	0x8
 164 0097 21080000 		.4byte	.LASF13
 165 009b 02       		.uleb128 0x2
 166 009c 04       		.byte	0x4
ARM GAS  C:\Users\43479\AppData\Local\Temp\ccMshEZX.s 			page 7


 167 009d 04       		.byte	0x4
 168 009e 7B050000 		.4byte	.LASF14
 169 00a2 02       		.uleb128 0x2
 170 00a3 08       		.byte	0x8
 171 00a4 04       		.byte	0x4
 172 00a5 E5020000 		.4byte	.LASF15
 173 00a9 06       		.uleb128 0x6
 174 00aa 04       		.byte	0x4
 175 00ab 02       		.uleb128 0x2
 176 00ac 01       		.byte	0x1
 177 00ad 02       		.byte	0x2
 178 00ae 02090000 		.4byte	.LASF16
 179 00b2 07       		.uleb128 0x7
 180 00b3 DE060000 		.4byte	.LASF44
 181 00b7 64       		.byte	0x64
 182 00b8 05       		.byte	0x5
 183 00b9 2B       		.byte	0x2b
 184 00ba EB010000 		.4byte	0x1eb
 185 00be 08       		.uleb128 0x8
 186 00bf 73050000 		.4byte	.LASF17
 187 00c3 05       		.byte	0x5
 188 00c4 2D       		.byte	0x2d
 189 00c5 76000000 		.4byte	0x76
 190 00c9 00       		.byte	0
 191 00ca 08       		.uleb128 0x8
 192 00cb FC000000 		.4byte	.LASF18
 193 00cf 05       		.byte	0x5
 194 00d0 2F       		.byte	0x2f
 195 00d1 76000000 		.4byte	0x76
 196 00d5 04       		.byte	0x4
 197 00d6 08       		.uleb128 0x8
 198 00d7 49000000 		.4byte	.LASF19
 199 00db 05       		.byte	0x5
 200 00dc 30       		.byte	0x30
 201 00dd 76000000 		.4byte	0x76
 202 00e1 08       		.byte	0x8
 203 00e2 08       		.uleb128 0x8
 204 00e3 8E040000 		.4byte	.LASF20
 205 00e7 05       		.byte	0x5
 206 00e8 31       		.byte	0x31
 207 00e9 76000000 		.4byte	0x76
 208 00ed 0C       		.byte	0xc
 209 00ee 08       		.uleb128 0x8
 210 00ef 00000000 		.4byte	.LASF21
 211 00f3 05       		.byte	0x5
 212 00f4 32       		.byte	0x32
 213 00f5 76000000 		.4byte	0x76
 214 00f9 10       		.byte	0x10
 215 00fa 08       		.uleb128 0x8
 216 00fb E4080000 		.4byte	.LASF22
 217 00ff 05       		.byte	0x5
 218 0100 33       		.byte	0x33
 219 0101 76000000 		.4byte	0x76
 220 0105 14       		.byte	0x14
 221 0106 08       		.uleb128 0x8
 222 0107 EC080000 		.4byte	.LASF23
 223 010b 05       		.byte	0x5
ARM GAS  C:\Users\43479\AppData\Local\Temp\ccMshEZX.s 			page 8


 224 010c 34       		.byte	0x34
 225 010d 76000000 		.4byte	0x76
 226 0111 18       		.byte	0x18
 227 0112 08       		.uleb128 0x8
 228 0113 C3060000 		.4byte	.LASF24
 229 0117 05       		.byte	0x5
 230 0118 35       		.byte	0x35
 231 0119 AB000000 		.4byte	0xab
 232 011d 1C       		.byte	0x1c
 233 011e 08       		.uleb128 0x8
 234 011f 04080000 		.4byte	.LASF25
 235 0123 05       		.byte	0x5
 236 0124 36       		.byte	0x36
 237 0125 76000000 		.4byte	0x76
 238 0129 20       		.byte	0x20
 239 012a 08       		.uleb128 0x8
 240 012b 0D080000 		.4byte	.LASF26
 241 012f 05       		.byte	0x5
 242 0130 37       		.byte	0x37
 243 0131 76000000 		.4byte	0x76
 244 0135 24       		.byte	0x24
 245 0136 08       		.uleb128 0x8
 246 0137 76060000 		.4byte	.LASF27
 247 013b 05       		.byte	0x5
 248 013c 38       		.byte	0x38
 249 013d AB000000 		.4byte	0xab
 250 0141 28       		.byte	0x28
 251 0142 08       		.uleb128 0x8
 252 0143 7F080000 		.4byte	.LASF28
 253 0147 05       		.byte	0x5
 254 0148 3A       		.byte	0x3a
 255 0149 76000000 		.4byte	0x76
 256 014d 2C       		.byte	0x2c
 257 014e 08       		.uleb128 0x8
 258 014f 81040000 		.4byte	.LASF29
 259 0153 05       		.byte	0x5
 260 0154 3B       		.byte	0x3b
 261 0155 76000000 		.4byte	0x76
 262 0159 30       		.byte	0x30
 263 015a 08       		.uleb128 0x8
 264 015b 30090000 		.4byte	.LASF30
 265 015f 05       		.byte	0x5
 266 0160 3C       		.byte	0x3c
 267 0161 76000000 		.4byte	0x76
 268 0165 34       		.byte	0x34
 269 0166 08       		.uleb128 0x8
 270 0167 5D090000 		.4byte	.LASF31
 271 016b 05       		.byte	0x5
 272 016c 3D       		.byte	0x3d
 273 016d 76000000 		.4byte	0x76
 274 0171 38       		.byte	0x38
 275 0172 08       		.uleb128 0x8
 276 0173 9C030000 		.4byte	.LASF32
 277 0177 05       		.byte	0x5
 278 0178 3E       		.byte	0x3e
 279 0179 76000000 		.4byte	0x76
 280 017d 3C       		.byte	0x3c
ARM GAS  C:\Users\43479\AppData\Local\Temp\ccMshEZX.s 			page 9


 281 017e 08       		.uleb128 0x8
 282 017f D4060000 		.4byte	.LASF33
 283 0183 05       		.byte	0x5
 284 0184 40       		.byte	0x40
 285 0185 76000000 		.4byte	0x76
 286 0189 40       		.byte	0x40
 287 018a 08       		.uleb128 0x8
 288 018b A6090000 		.4byte	.LASF34
 289 018f 05       		.byte	0x5
 290 0190 41       		.byte	0x41
 291 0191 76000000 		.4byte	0x76
 292 0195 44       		.byte	0x44
 293 0196 08       		.uleb128 0x8
 294 0197 90080000 		.4byte	.LASF35
 295 019b 05       		.byte	0x5
 296 019c 43       		.byte	0x43
 297 019d 76000000 		.4byte	0x76
 298 01a1 48       		.byte	0x48
 299 01a2 08       		.uleb128 0x8
 300 01a3 1D060000 		.4byte	.LASF36
 301 01a7 05       		.byte	0x5
 302 01a8 44       		.byte	0x44
 303 01a9 76000000 		.4byte	0x76
 304 01ad 4C       		.byte	0x4c
 305 01ae 08       		.uleb128 0x8
 306 01af BA040000 		.4byte	.LASF37
 307 01b3 05       		.byte	0x5
 308 01b4 46       		.byte	0x46
 309 01b5 76000000 		.4byte	0x76
 310 01b9 50       		.byte	0x50
 311 01ba 08       		.uleb128 0x8
 312 01bb 02040000 		.4byte	.LASF38
 313 01bf 05       		.byte	0x5
 314 01c0 47       		.byte	0x47
 315 01c1 76000000 		.4byte	0x76
 316 01c5 54       		.byte	0x54
 317 01c6 08       		.uleb128 0x8
 318 01c7 27000000 		.4byte	.LASF39
 319 01cb 05       		.byte	0x5
 320 01cc 49       		.byte	0x49
 321 01cd 76000000 		.4byte	0x76
 322 01d1 58       		.byte	0x58
 323 01d2 08       		.uleb128 0x8
 324 01d3 AB040000 		.4byte	.LASF40
 325 01d7 05       		.byte	0x5
 326 01d8 4A       		.byte	0x4a
 327 01d9 76000000 		.4byte	0x76
 328 01dd 5C       		.byte	0x5c
 329 01de 08       		.uleb128 0x8
 330 01df 16080000 		.4byte	.LASF41
 331 01e3 05       		.byte	0x5
 332 01e4 4C       		.byte	0x4c
 333 01e5 76000000 		.4byte	0x76
 334 01e9 60       		.byte	0x60
 335 01ea 00       		.byte	0
 336 01eb 03       		.uleb128 0x3
 337 01ec 8C090000 		.4byte	.LASF42
ARM GAS  C:\Users\43479\AppData\Local\Temp\ccMshEZX.s 			page 10


 338 01f0 05       		.byte	0x5
 339 01f1 4D       		.byte	0x4d
 340 01f2 B2000000 		.4byte	0xb2
 341 01f6 09       		.uleb128 0x9
 342 01f7 04       		.byte	0x4
 343 01f8 FC010000 		.4byte	0x1fc
 344 01fc 0A       		.uleb128 0xa
 345 01fd 07020000 		.4byte	0x207
 346 0201 0B       		.uleb128 0xb
 347 0202 76000000 		.4byte	0x76
 348 0206 00       		.byte	0
 349 0207 0C       		.uleb128 0xc
 350 0208 07020000 		.4byte	.LASF43
 351 020c 06       		.byte	0x6
 352 020d BF01     		.2byte	0x1bf
 353 020f F6010000 		.4byte	0x1f6
 354 0213 0D       		.uleb128 0xd
 355 0214 AF020000 		.4byte	.LASF45
 356 0218 24       		.byte	0x24
 357 0219 06       		.byte	0x6
 358 021a 4102     		.2byte	0x241
 359 021c 96020000 		.4byte	0x296
 360 0220 0E       		.uleb128 0xe
 361 0221 C6020000 		.4byte	.LASF46
 362 0225 06       		.byte	0x6
 363 0226 4402     		.2byte	0x244
 364 0228 88000000 		.4byte	0x88
 365 022c 00       		.byte	0
 366 022d 0E       		.uleb128 0xe
 367 022e FC080000 		.4byte	.LASF47
 368 0232 06       		.byte	0x6
 369 0233 4602     		.2byte	0x246
 370 0235 A9000000 		.4byte	0xa9
 371 0239 04       		.byte	0x4
 372 023a 0E       		.uleb128 0xe
 373 023b 1D000000 		.4byte	.LASF48
 374 023f 06       		.byte	0x6
 375 0240 4702     		.2byte	0x247
 376 0242 76000000 		.4byte	0x76
 377 0246 08       		.byte	0x8
 378 0247 0E       		.uleb128 0xe
 379 0248 10030000 		.4byte	.LASF49
 380 024c 06       		.byte	0x6
 381 024d 4802     		.2byte	0x248
 382 024f 88000000 		.4byte	0x88
 383 0253 0C       		.byte	0xc
 384 0254 0E       		.uleb128 0xe
 385 0255 15010000 		.4byte	.LASF50
 386 0259 06       		.byte	0x6
 387 025a 4A02     		.2byte	0x24a
 388 025c A9000000 		.4byte	0xa9
 389 0260 10       		.byte	0x10
 390 0261 0E       		.uleb128 0xe
 391 0262 34030000 		.4byte	.LASF51
 392 0266 06       		.byte	0x6
 393 0267 4B02     		.2byte	0x24b
 394 0269 76000000 		.4byte	0x76
ARM GAS  C:\Users\43479\AppData\Local\Temp\ccMshEZX.s 			page 11


 395 026d 14       		.byte	0x14
 396 026e 0E       		.uleb128 0xe
 397 026f 3D0A0000 		.4byte	.LASF52
 398 0273 06       		.byte	0x6
 399 0274 4C02     		.2byte	0x24c
 400 0276 88000000 		.4byte	0x88
 401 027a 18       		.byte	0x18
 402 027b 0E       		.uleb128 0xe
 403 027c 10040000 		.4byte	.LASF53
 404 0280 06       		.byte	0x6
 405 0281 5202     		.2byte	0x252
 406 0283 07020000 		.4byte	0x207
 407 0287 1C       		.byte	0x1c
 408 0288 0E       		.uleb128 0xe
 409 0289 F4080000 		.4byte	.LASF54
 410 028d 06       		.byte	0x6
 411 028e 5502     		.2byte	0x255
 412 0290 76000000 		.4byte	0x76
 413 0294 20       		.byte	0x20
 414 0295 00       		.byte	0
 415 0296 0C       		.uleb128 0xc
 416 0297 5E040000 		.4byte	.LASF55
 417 029b 06       		.byte	0x6
 418 029c 5802     		.2byte	0x258
 419 029e 13020000 		.4byte	0x213
 420 02a2 0C       		.uleb128 0xc
 421 02a3 A7080000 		.4byte	.LASF56
 422 02a7 07       		.byte	0x7
 423 02a8 AB01     		.2byte	0x1ab
 424 02aa F6010000 		.4byte	0x1f6
 425 02ae 0D       		.uleb128 0xd
 426 02af 250A0000 		.4byte	.LASF57
 427 02b3 38       		.byte	0x38
 428 02b4 07       		.byte	0x7
 429 02b5 4702     		.2byte	0x247
 430 02b7 72030000 		.4byte	0x372
 431 02bb 0E       		.uleb128 0xe
 432 02bc EA090000 		.4byte	.LASF58
 433 02c0 07       		.byte	0x7
 434 02c1 4A02     		.2byte	0x24a
 435 02c3 88000000 		.4byte	0x88
 436 02c7 00       		.byte	0
 437 02c8 0E       		.uleb128 0xe
 438 02c9 FF040000 		.4byte	.LASF59
 439 02cd 07       		.byte	0x7
 440 02ce 4B02     		.2byte	0x24b
 441 02d0 88000000 		.4byte	0x88
 442 02d4 04       		.byte	0x4
 443 02d5 0E       		.uleb128 0xe
 444 02d6 0B010000 		.4byte	.LASF60
 445 02da 07       		.byte	0x7
 446 02db 4D02     		.2byte	0x24d
 447 02dd A9000000 		.4byte	0xa9
 448 02e1 08       		.byte	0x8
 449 02e2 0E       		.uleb128 0xe
 450 02e3 6F030000 		.4byte	.LASF61
 451 02e7 07       		.byte	0x7
ARM GAS  C:\Users\43479\AppData\Local\Temp\ccMshEZX.s 			page 12


 452 02e8 4E02     		.2byte	0x24e
 453 02ea 76000000 		.4byte	0x76
 454 02ee 0C       		.byte	0xc
 455 02ef 0E       		.uleb128 0xe
 456 02f0 9D040000 		.4byte	.LASF62
 457 02f4 07       		.byte	0x7
 458 02f5 4F02     		.2byte	0x24f
 459 02f7 88000000 		.4byte	0x88
 460 02fb 10       		.byte	0x10
 461 02fc 0E       		.uleb128 0xe
 462 02fd D0090000 		.4byte	.LASF63
 463 0301 07       		.byte	0x7
 464 0302 5002     		.2byte	0x250
 465 0304 88000000 		.4byte	0x88
 466 0308 14       		.byte	0x14
 467 0309 0E       		.uleb128 0xe
 468 030a FC080000 		.4byte	.LASF47
 469 030e 07       		.byte	0x7
 470 030f 5202     		.2byte	0x252
 471 0311 A9000000 		.4byte	0xa9
 472 0315 18       		.byte	0x18
 473 0316 0E       		.uleb128 0xe
 474 0317 1D000000 		.4byte	.LASF48
 475 031b 07       		.byte	0x7
 476 031c 5302     		.2byte	0x253
 477 031e 76000000 		.4byte	0x76
 478 0322 1C       		.byte	0x1c
 479 0323 0E       		.uleb128 0xe
 480 0324 10030000 		.4byte	.LASF49
 481 0328 07       		.byte	0x7
 482 0329 5402     		.2byte	0x254
 483 032b 88000000 		.4byte	0x88
 484 032f 20       		.byte	0x20
 485 0330 0E       		.uleb128 0xe
 486 0331 15010000 		.4byte	.LASF50
 487 0335 07       		.byte	0x7
 488 0336 5602     		.2byte	0x256
 489 0338 A9000000 		.4byte	0xa9
 490 033c 24       		.byte	0x24
 491 033d 0E       		.uleb128 0xe
 492 033e 34030000 		.4byte	.LASF51
 493 0342 07       		.byte	0x7
 494 0343 5702     		.2byte	0x257
 495 0345 76000000 		.4byte	0x76
 496 0349 28       		.byte	0x28
 497 034a 0E       		.uleb128 0xe
 498 034b EC050000 		.4byte	.LASF64
 499 034f 07       		.byte	0x7
 500 0350 5802     		.2byte	0x258
 501 0352 88000000 		.4byte	0x88
 502 0356 2C       		.byte	0x2c
 503 0357 0E       		.uleb128 0xe
 504 0358 10040000 		.4byte	.LASF53
 505 035c 07       		.byte	0x7
 506 035d 5D02     		.2byte	0x25d
 507 035f A2020000 		.4byte	0x2a2
 508 0363 30       		.byte	0x30
ARM GAS  C:\Users\43479\AppData\Local\Temp\ccMshEZX.s 			page 13


 509 0364 0E       		.uleb128 0xe
 510 0365 F4080000 		.4byte	.LASF54
 511 0369 07       		.byte	0x7
 512 036a 6002     		.2byte	0x260
 513 036c 76000000 		.4byte	0x76
 514 0370 34       		.byte	0x34
 515 0371 00       		.byte	0
 516 0372 0C       		.uleb128 0xc
 517 0373 BF010000 		.4byte	.LASF65
 518 0377 07       		.byte	0x7
 519 0378 6302     		.2byte	0x263
 520 037a AE020000 		.4byte	0x2ae
 521 037e 0F       		.uleb128 0xf
 522 037f 01       		.byte	0x1
 523 0380 2C000000 		.4byte	0x2c
 524 0384 08       		.byte	0x8
 525 0385 0504     		.2byte	0x405
 526 0387 A4030000 		.4byte	0x3a4
 527 038b 10       		.uleb128 0x10
 528 038c 25020000 		.4byte	.LASF66
 529 0390 00       		.byte	0
 530 0391 10       		.uleb128 0x10
 531 0392 04060000 		.4byte	.LASF67
 532 0396 01       		.byte	0x1
 533 0397 10       		.uleb128 0x10
 534 0398 CD020000 		.4byte	.LASF68
 535 039c 02       		.byte	0x2
 536 039d 10       		.uleb128 0x10
 537 039e B6090000 		.4byte	.LASF69
 538 03a2 03       		.byte	0x3
 539 03a3 00       		.byte	0
 540 03a4 0C       		.uleb128 0xc
 541 03a5 D9010000 		.4byte	.LASF70
 542 03a9 08       		.byte	0x8
 543 03aa 0A04     		.2byte	0x40a
 544 03ac 7E030000 		.4byte	0x37e
 545 03b0 11       		.uleb128 0x11
 546 03b1 78       		.byte	0x78
 547 03b2 08       		.byte	0x8
 548 03b3 F404     		.2byte	0x4f4
 549 03b5 7D040000 		.4byte	0x47d
 550 03b9 0E       		.uleb128 0xe
 551 03ba 7A080000 		.4byte	.LASF71
 552 03be 08       		.byte	0x8
 553 03bf F604     		.2byte	0x4f6
 554 03c1 76000000 		.4byte	0x76
 555 03c5 00       		.byte	0
 556 03c6 0E       		.uleb128 0xe
 557 03c7 3E090000 		.4byte	.LASF72
 558 03cb 08       		.byte	0x8
 559 03cc F704     		.2byte	0x4f7
 560 03ce 76000000 		.4byte	0x76
 561 03d2 04       		.byte	0x4
 562 03d3 0E       		.uleb128 0xe
 563 03d4 EC020000 		.4byte	.LASF73
 564 03d8 08       		.byte	0x8
 565 03d9 F804     		.2byte	0x4f8
ARM GAS  C:\Users\43479\AppData\Local\Temp\ccMshEZX.s 			page 14


 566 03db 76000000 		.4byte	0x76
 567 03df 08       		.byte	0x8
 568 03e0 0E       		.uleb128 0xe
 569 03e1 DA040000 		.4byte	.LASF74
 570 03e5 08       		.byte	0x8
 571 03e6 F904     		.2byte	0x4f9
 572 03e8 76000000 		.4byte	0x76
 573 03ec 0C       		.byte	0xc
 574 03ed 0E       		.uleb128 0xe
 575 03ee DD030000 		.4byte	.LASF75
 576 03f2 08       		.byte	0x8
 577 03f3 FA04     		.2byte	0x4fa
 578 03f5 76000000 		.4byte	0x76
 579 03f9 10       		.byte	0x10
 580 03fa 0E       		.uleb128 0xe
 581 03fb 08090000 		.4byte	.LASF76
 582 03ff 08       		.byte	0x8
 583 0400 FB04     		.2byte	0x4fb
 584 0402 A4030000 		.4byte	0x3a4
 585 0406 14       		.byte	0x14
 586 0407 0E       		.uleb128 0xe
 587 0408 FD050000 		.4byte	.LASF77
 588 040c 08       		.byte	0x8
 589 040d FC04     		.2byte	0x4fc
 590 040f 76000000 		.4byte	0x76
 591 0413 18       		.byte	0x18
 592 0414 0E       		.uleb128 0xe
 593 0415 53040000 		.4byte	.LASF78
 594 0419 08       		.byte	0x8
 595 041a FD04     		.2byte	0x4fd
 596 041c 7D040000 		.4byte	0x47d
 597 0420 1C       		.byte	0x1c
 598 0421 0E       		.uleb128 0xe
 599 0422 92060000 		.4byte	.LASF79
 600 0426 08       		.byte	0x8
 601 0427 FE04     		.2byte	0x4fe
 602 0429 76000000 		.4byte	0x76
 603 042d 5C       		.byte	0x5c
 604 042e 0E       		.uleb128 0xe
 605 042f 31000000 		.4byte	.LASF80
 606 0433 08       		.byte	0x8
 607 0434 FF04     		.2byte	0x4ff
 608 0436 76000000 		.4byte	0x76
 609 043a 60       		.byte	0x60
 610 043b 0E       		.uleb128 0xe
 611 043c 34050000 		.4byte	.LASF81
 612 0440 08       		.byte	0x8
 613 0441 0005     		.2byte	0x500
 614 0443 76000000 		.4byte	0x76
 615 0447 64       		.byte	0x64
 616 0448 0E       		.uleb128 0xe
 617 0449 88060000 		.4byte	.LASF82
 618 044d 08       		.byte	0x8
 619 044e 0105     		.2byte	0x501
 620 0450 76000000 		.4byte	0x76
 621 0454 68       		.byte	0x68
 622 0455 0E       		.uleb128 0xe
ARM GAS  C:\Users\43479\AppData\Local\Temp\ccMshEZX.s 			page 15


 623 0456 F3090000 		.4byte	.LASF83
 624 045a 08       		.byte	0x8
 625 045b 0205     		.2byte	0x502
 626 045d 76000000 		.4byte	0x76
 627 0461 6C       		.byte	0x6c
 628 0462 0E       		.uleb128 0xe
 629 0463 E7040000 		.4byte	.LASF84
 630 0467 08       		.byte	0x8
 631 0468 0305     		.2byte	0x503
 632 046a AB000000 		.4byte	0xab
 633 046e 70       		.byte	0x70
 634 046f 0E       		.uleb128 0xe
 635 0470 66070000 		.4byte	.LASF85
 636 0474 08       		.byte	0x8
 637 0475 0405     		.2byte	0x504
 638 0477 76000000 		.4byte	0x76
 639 047b 74       		.byte	0x74
 640 047c 00       		.byte	0
 641 047d 12       		.uleb128 0x12
 642 047e 76000000 		.4byte	0x76
 643 0482 8D040000 		.4byte	0x48d
 644 0486 13       		.uleb128 0x13
 645 0487 81000000 		.4byte	0x81
 646 048b 0F       		.byte	0xf
 647 048c 00       		.byte	0
 648 048d 0C       		.uleb128 0xc
 649 048e 6B010000 		.4byte	.LASF86
 650 0492 08       		.byte	0x8
 651 0493 0505     		.2byte	0x505
 652 0495 B0030000 		.4byte	0x3b0
 653 0499 0F       		.uleb128 0xf
 654 049a 04       		.byte	0x4
 655 049b 6F000000 		.4byte	0x6f
 656 049f 09       		.byte	0x9
 657 04a0 B204     		.2byte	0x4b2
 658 04a2 B2050000 		.4byte	0x5b2
 659 04a6 10       		.uleb128 0x10
 660 04a7 BD030000 		.4byte	.LASF87
 661 04ab 00       		.byte	0
 662 04ac 14       		.uleb128 0x14
 663 04ad 75000000 		.4byte	.LASF88
 664 04b1 01001400 		.4byte	0x140001
 665 04b5 14       		.uleb128 0x14
 666 04b6 15050000 		.4byte	.LASF89
 667 04ba 01001600 		.4byte	0x160001
 668 04be 14       		.uleb128 0x14
 669 04bf 3D020000 		.4byte	.LASF90
 670 04c3 02001600 		.4byte	0x160002
 671 04c7 14       		.uleb128 0x14
 672 04c8 45010000 		.4byte	.LASF91
 673 04cc 03001600 		.4byte	0x160003
 674 04d0 14       		.uleb128 0x14
 675 04d1 8B020000 		.4byte	.LASF92
 676 04d5 04001600 		.4byte	0x160004
 677 04d9 14       		.uleb128 0x14
 678 04da 57060000 		.4byte	.LASF93
 679 04de 05001600 		.4byte	0x160005
ARM GAS  C:\Users\43479\AppData\Local\Temp\ccMshEZX.s 			page 16


 680 04e2 14       		.uleb128 0x14
 681 04e3 19030000 		.4byte	.LASF94
 682 04e7 06001600 		.4byte	0x160006
 683 04eb 14       		.uleb128 0x14
 684 04ec 29040000 		.4byte	.LASF95
 685 04f0 07001600 		.4byte	0x160007
 686 04f4 14       		.uleb128 0x14
 687 04f5 C2000000 		.4byte	.LASF96
 688 04f9 08001600 		.4byte	0x160008
 689 04fd 14       		.uleb128 0x14
 690 04fe 56000000 		.4byte	.LASF97
 691 0502 09001600 		.4byte	0x160009
 692 0506 14       		.uleb128 0x14
 693 0507 49080000 		.4byte	.LASF98
 694 050b 0A001600 		.4byte	0x16000a
 695 050f 14       		.uleb128 0x14
 696 0510 31080000 		.4byte	.LASF99
 697 0514 0B001600 		.4byte	0x16000b
 698 0518 14       		.uleb128 0x14
 699 0519 65020000 		.4byte	.LASF100
 700 051d 0C001600 		.4byte	0x16000c
 701 0521 14       		.uleb128 0x14
 702 0522 1B010000 		.4byte	.LASF101
 703 0526 0D001600 		.4byte	0x16000d
 704 052a 14       		.uleb128 0x14
 705 052b 99010000 		.4byte	.LASF102
 706 052f 0E001600 		.4byte	0x16000e
 707 0533 14       		.uleb128 0x14
 708 0534 13070000 		.4byte	.LASF103
 709 0538 0F001600 		.4byte	0x16000f
 710 053c 14       		.uleb128 0x14
 711 053d 3E030000 		.4byte	.LASF104
 712 0541 10001600 		.4byte	0x160010
 713 0545 14       		.uleb128 0x14
 714 0546 B8050000 		.4byte	.LASF105
 715 054a 11001600 		.4byte	0x160011
 716 054e 14       		.uleb128 0x14
 717 054f 66090000 		.4byte	.LASF106
 718 0553 12001600 		.4byte	0x160012
 719 0557 14       		.uleb128 0x14
 720 0558 AA060000 		.4byte	.LASF107
 721 055c 13001600 		.4byte	0x160013
 722 0560 14       		.uleb128 0x14
 723 0561 030A0000 		.4byte	.LASF108
 724 0565 14001600 		.4byte	0x160014
 725 0569 14       		.uleb128 0x14
 726 056a C6080000 		.4byte	.LASF109
 727 056e 15001600 		.4byte	0x160015
 728 0572 14       		.uleb128 0x14
 729 0573 99000000 		.4byte	.LASF110
 730 0577 16001600 		.4byte	0x160016
 731 057b 14       		.uleb128 0x14
 732 057c E8030000 		.4byte	.LASF111
 733 0580 17001600 		.4byte	0x160017
 734 0584 14       		.uleb128 0x14
 735 0585 42050000 		.4byte	.LASF112
 736 0589 18001600 		.4byte	0x160018
ARM GAS  C:\Users\43479\AppData\Local\Temp\ccMshEZX.s 			page 17


 737 058d 14       		.uleb128 0x14
 738 058e 42070000 		.4byte	.LASF113
 739 0592 19001600 		.4byte	0x160019
 740 0596 14       		.uleb128 0x14
 741 0597 3A060000 		.4byte	.LASF114
 742 059b FE001600 		.4byte	0x1600fe
 743 059f 14       		.uleb128 0x14
 744 05a0 5F080000 		.4byte	.LASF115
 745 05a4 FF001600 		.4byte	0x1600ff
 746 05a8 14       		.uleb128 0x14
 747 05a9 1F090000 		.4byte	.LASF116
 748 05ad FFFF1600 		.4byte	0x16ffff
 749 05b1 00       		.byte	0
 750 05b2 0C       		.uleb128 0xc
 751 05b3 5C050000 		.4byte	.LASF117
 752 05b7 09       		.byte	0x9
 753 05b8 1505     		.2byte	0x515
 754 05ba 99040000 		.4byte	0x499
 755 05be 15       		.uleb128 0x15
 756 05bf 14       		.byte	0x14
 757 05c0 0A       		.byte	0xa
 758 05c1 3B       		.byte	0x3b
 759 05c2 03060000 		.4byte	0x603
 760 05c6 08       		.uleb128 0x8
 761 05c7 DE090000 		.4byte	.LASF118
 762 05cb 0A       		.byte	0xa
 763 05cc 3D       		.byte	0x3d
 764 05cd 76000000 		.4byte	0x76
 765 05d1 00       		.byte	0
 766 05d2 08       		.uleb128 0x8
 767 05d3 47040000 		.4byte	.LASF119
 768 05d7 0A       		.byte	0xa
 769 05d8 3E       		.byte	0x3e
 770 05d9 76000000 		.4byte	0x76
 771 05dd 04       		.byte	0x4
 772 05de 08       		.uleb128 0x8
 773 05df 04030000 		.4byte	.LASF120
 774 05e3 0A       		.byte	0xa
 775 05e4 3F       		.byte	0x3f
 776 05e5 03060000 		.4byte	0x603
 777 05e9 08       		.byte	0x8
 778 05ea 08       		.uleb128 0x8
 779 05eb 9C080000 		.4byte	.LASF121
 780 05ef 0A       		.byte	0xa
 781 05f0 40       		.byte	0x40
 782 05f1 76000000 		.4byte	0x76
 783 05f5 0C       		.byte	0xc
 784 05f6 08       		.uleb128 0x8
 785 05f7 FC010000 		.4byte	.LASF122
 786 05fb 0A       		.byte	0xa
 787 05fc 45       		.byte	0x45
 788 05fd 76000000 		.4byte	0x76
 789 0601 10       		.byte	0x10
 790 0602 00       		.byte	0
 791 0603 09       		.uleb128 0x9
 792 0604 04       		.byte	0x4
 793 0605 09060000 		.4byte	0x609
ARM GAS  C:\Users\43479\AppData\Local\Temp\ccMshEZX.s 			page 18


 794 0609 16       		.uleb128 0x16
 795 060a 8D040000 		.4byte	0x48d
 796 060e 03       		.uleb128 0x3
 797 060f 49090000 		.4byte	.LASF123
 798 0613 0A       		.byte	0xa
 799 0614 48       		.byte	0x48
 800 0615 BE050000 		.4byte	0x5be
 801 0619 17       		.uleb128 0x17
 802 061a 08050000 		.4byte	.LASF135
 803 061e 02       		.byte	0x2
 804 061f 53       		.byte	0x53
 805 0620 03       		.byte	0x3
 806 0621 18       		.uleb128 0x18
 807 0622 200A0000 		.4byte	.LASF136
 808 0626 01       		.byte	0x1
 809 0627 42       		.byte	0x42
 810 0628 68000000 		.4byte	0x68
 811 062c 00000000 		.4byte	.LFB629
 812 0630 20000000 		.4byte	.LFE629-.LFB629
 813 0634 01       		.uleb128 0x1
 814 0635 9C       		.byte	0x9c
 815 0636 8C060000 		.4byte	0x68c
 816 063a 19       		.uleb128 0x19
 817 063b F5040000 		.4byte	.LASF137
 818 063f 01       		.byte	0x1
 819 0640 44       		.byte	0x44
 820 0641 B2050000 		.4byte	0x5b2
 821 0645 00000000 		.4byte	.LLST0
 822 0649 1A       		.uleb128 0x1a
 823 064a 19060000 		.4byte	0x619
 824 064e 02000000 		.4byte	.LBB4
 825 0652 02000000 		.4byte	.LBE4-.LBB4
 826 0656 01       		.byte	0x1
 827 0657 45       		.byte	0x45
 828 0658 1B       		.uleb128 0x1b
 829 0659 0A000000 		.4byte	.LVL0
 830 065d E4060000 		.4byte	0x6e4
 831 0661 6B060000 		.4byte	0x66b
 832 0665 1C       		.uleb128 0x1c
 833 0666 01       		.uleb128 0x1
 834 0667 50       		.byte	0x50
 835 0668 01       		.uleb128 0x1
 836 0669 30       		.byte	0x30
 837 066a 00       		.byte	0
 838 066b 1B       		.uleb128 0x1b
 839 066c 14000000 		.4byte	.LVL2
 840 0670 EF060000 		.4byte	0x6ef
 841 0674 82060000 		.4byte	0x682
 842 0678 1C       		.uleb128 0x1c
 843 0679 01       		.uleb128 0x1
 844 067a 50       		.byte	0x50
 845 067b 05       		.uleb128 0x5
 846 067c 0C       		.byte	0xc
 847 067d 00000810 		.4byte	0x10080000
 848 0681 00       		.byte	0
 849 0682 1D       		.uleb128 0x1d
 850 0683 18000000 		.4byte	.LVL3
ARM GAS  C:\Users\43479\AppData\Local\Temp\ccMshEZX.s 			page 19


 851 0687 FB060000 		.4byte	0x6fb
 852 068b 00       		.byte	0
 853 068c 1E       		.uleb128 0x1e
 854 068d 8F030000 		.4byte	.LASF124
 855 0691 0B       		.byte	0xb
 856 0692 87       		.byte	0x87
 857 0693 72030000 		.4byte	0x372
 858 0697 1E       		.uleb128 0x1e
 859 0698 26080000 		.4byte	.LASF125
 860 069c 0C       		.byte	0xc
 861 069d 1F       		.byte	0x1f
 862 069e A2060000 		.4byte	0x6a2
 863 06a2 16       		.uleb128 0x16
 864 06a3 EB010000 		.4byte	0x1eb
 865 06a7 1E       		.uleb128 0x1e
 866 06a8 9B060000 		.4byte	.LASF126
 867 06ac 0D       		.byte	0xd
 868 06ad 5E       		.byte	0x5e
 869 06ae 96020000 		.4byte	0x296
 870 06b2 1F       		.uleb128 0x1f
 871 06b3 FF060000 		.4byte	.LASF127
 872 06b7 0A       		.byte	0xa
 873 06b8 6001     		.2byte	0x160
 874 06ba 76000000 		.4byte	0x76
 875 06be 12       		.uleb128 0x12
 876 06bf CE060000 		.4byte	0x6ce
 877 06c3 CE060000 		.4byte	0x6ce
 878 06c7 13       		.uleb128 0x13
 879 06c8 81000000 		.4byte	0x81
 880 06cc 00       		.byte	0
 881 06cd 00       		.byte	0
 882 06ce 16       		.uleb128 0x16
 883 06cf 0E060000 		.4byte	0x60e
 884 06d3 1F       		.uleb128 0x1f
 885 06d4 CC030000 		.4byte	.LASF128
 886 06d8 0A       		.byte	0xa
 887 06d9 6401     		.2byte	0x164
 888 06db DF060000 		.4byte	0x6df
 889 06df 16       		.uleb128 0x16
 890 06e0 BE060000 		.4byte	0x6be
 891 06e4 20       		.uleb128 0x20
 892 06e5 12090000 		.4byte	.LASF129
 893 06e9 12090000 		.4byte	.LASF129
 894 06ed 0E       		.byte	0xe
 895 06ee 24       		.byte	0x24
 896 06ef 21       		.uleb128 0x21
 897 06f0 19040000 		.4byte	.LASF130
 898 06f4 19040000 		.4byte	.LASF130
 899 06f8 0F       		.byte	0xf
 900 06f9 FE01     		.2byte	0x1fe
 901 06fb 21       		.uleb128 0x21
 902 06fc 08000000 		.4byte	.LASF131
 903 0700 08000000 		.4byte	.LASF131
 904 0704 09       		.byte	0x9
 905 0705 A407     		.2byte	0x7a4
 906 0707 00       		.byte	0
 907              		.section	.debug_abbrev,"",%progbits
ARM GAS  C:\Users\43479\AppData\Local\Temp\ccMshEZX.s 			page 20


 908              	.Ldebug_abbrev0:
 909 0000 01       		.uleb128 0x1
 910 0001 11       		.uleb128 0x11
 911 0002 01       		.byte	0x1
 912 0003 25       		.uleb128 0x25
 913 0004 0E       		.uleb128 0xe
 914 0005 13       		.uleb128 0x13
 915 0006 0B       		.uleb128 0xb
 916 0007 03       		.uleb128 0x3
 917 0008 0E       		.uleb128 0xe
 918 0009 1B       		.uleb128 0x1b
 919 000a 0E       		.uleb128 0xe
 920 000b 55       		.uleb128 0x55
 921 000c 17       		.uleb128 0x17
 922 000d 11       		.uleb128 0x11
 923 000e 01       		.uleb128 0x1
 924 000f 10       		.uleb128 0x10
 925 0010 17       		.uleb128 0x17
 926 0011 00       		.byte	0
 927 0012 00       		.byte	0
 928 0013 02       		.uleb128 0x2
 929 0014 24       		.uleb128 0x24
 930 0015 00       		.byte	0
 931 0016 0B       		.uleb128 0xb
 932 0017 0B       		.uleb128 0xb
 933 0018 3E       		.uleb128 0x3e
 934 0019 0B       		.uleb128 0xb
 935 001a 03       		.uleb128 0x3
 936 001b 0E       		.uleb128 0xe
 937 001c 00       		.byte	0
 938 001d 00       		.byte	0
 939 001e 03       		.uleb128 0x3
 940 001f 16       		.uleb128 0x16
 941 0020 00       		.byte	0
 942 0021 03       		.uleb128 0x3
 943 0022 0E       		.uleb128 0xe
 944 0023 3A       		.uleb128 0x3a
 945 0024 0B       		.uleb128 0xb
 946 0025 3B       		.uleb128 0x3b
 947 0026 0B       		.uleb128 0xb
 948 0027 49       		.uleb128 0x49
 949 0028 13       		.uleb128 0x13
 950 0029 00       		.byte	0
 951 002a 00       		.byte	0
 952 002b 04       		.uleb128 0x4
 953 002c 24       		.uleb128 0x24
 954 002d 00       		.byte	0
 955 002e 0B       		.uleb128 0xb
 956 002f 0B       		.uleb128 0xb
 957 0030 3E       		.uleb128 0x3e
 958 0031 0B       		.uleb128 0xb
 959 0032 03       		.uleb128 0x3
 960 0033 08       		.uleb128 0x8
 961 0034 00       		.byte	0
 962 0035 00       		.byte	0
 963 0036 05       		.uleb128 0x5
 964 0037 35       		.uleb128 0x35
ARM GAS  C:\Users\43479\AppData\Local\Temp\ccMshEZX.s 			page 21


 965 0038 00       		.byte	0
 966 0039 49       		.uleb128 0x49
 967 003a 13       		.uleb128 0x13
 968 003b 00       		.byte	0
 969 003c 00       		.byte	0
 970 003d 06       		.uleb128 0x6
 971 003e 0F       		.uleb128 0xf
 972 003f 00       		.byte	0
 973 0040 0B       		.uleb128 0xb
 974 0041 0B       		.uleb128 0xb
 975 0042 00       		.byte	0
 976 0043 00       		.byte	0
 977 0044 07       		.uleb128 0x7
 978 0045 13       		.uleb128 0x13
 979 0046 01       		.byte	0x1
 980 0047 03       		.uleb128 0x3
 981 0048 0E       		.uleb128 0xe
 982 0049 0B       		.uleb128 0xb
 983 004a 0B       		.uleb128 0xb
 984 004b 3A       		.uleb128 0x3a
 985 004c 0B       		.uleb128 0xb
 986 004d 3B       		.uleb128 0x3b
 987 004e 0B       		.uleb128 0xb
 988 004f 01       		.uleb128 0x1
 989 0050 13       		.uleb128 0x13
 990 0051 00       		.byte	0
 991 0052 00       		.byte	0
 992 0053 08       		.uleb128 0x8
 993 0054 0D       		.uleb128 0xd
 994 0055 00       		.byte	0
 995 0056 03       		.uleb128 0x3
 996 0057 0E       		.uleb128 0xe
 997 0058 3A       		.uleb128 0x3a
 998 0059 0B       		.uleb128 0xb
 999 005a 3B       		.uleb128 0x3b
 1000 005b 0B       		.uleb128 0xb
 1001 005c 49       		.uleb128 0x49
 1002 005d 13       		.uleb128 0x13
 1003 005e 38       		.uleb128 0x38
 1004 005f 0B       		.uleb128 0xb
 1005 0060 00       		.byte	0
 1006 0061 00       		.byte	0
 1007 0062 09       		.uleb128 0x9
 1008 0063 0F       		.uleb128 0xf
 1009 0064 00       		.byte	0
 1010 0065 0B       		.uleb128 0xb
 1011 0066 0B       		.uleb128 0xb
 1012 0067 49       		.uleb128 0x49
 1013 0068 13       		.uleb128 0x13
 1014 0069 00       		.byte	0
 1015 006a 00       		.byte	0
 1016 006b 0A       		.uleb128 0xa
 1017 006c 15       		.uleb128 0x15
 1018 006d 01       		.byte	0x1
 1019 006e 27       		.uleb128 0x27
 1020 006f 19       		.uleb128 0x19
 1021 0070 01       		.uleb128 0x1
ARM GAS  C:\Users\43479\AppData\Local\Temp\ccMshEZX.s 			page 22


 1022 0071 13       		.uleb128 0x13
 1023 0072 00       		.byte	0
 1024 0073 00       		.byte	0
 1025 0074 0B       		.uleb128 0xb
 1026 0075 05       		.uleb128 0x5
 1027 0076 00       		.byte	0
 1028 0077 49       		.uleb128 0x49
 1029 0078 13       		.uleb128 0x13
 1030 0079 00       		.byte	0
 1031 007a 00       		.byte	0
 1032 007b 0C       		.uleb128 0xc
 1033 007c 16       		.uleb128 0x16
 1034 007d 00       		.byte	0
 1035 007e 03       		.uleb128 0x3
 1036 007f 0E       		.uleb128 0xe
 1037 0080 3A       		.uleb128 0x3a
 1038 0081 0B       		.uleb128 0xb
 1039 0082 3B       		.uleb128 0x3b
 1040 0083 05       		.uleb128 0x5
 1041 0084 49       		.uleb128 0x49
 1042 0085 13       		.uleb128 0x13
 1043 0086 00       		.byte	0
 1044 0087 00       		.byte	0
 1045 0088 0D       		.uleb128 0xd
 1046 0089 13       		.uleb128 0x13
 1047 008a 01       		.byte	0x1
 1048 008b 03       		.uleb128 0x3
 1049 008c 0E       		.uleb128 0xe
 1050 008d 0B       		.uleb128 0xb
 1051 008e 0B       		.uleb128 0xb
 1052 008f 3A       		.uleb128 0x3a
 1053 0090 0B       		.uleb128 0xb
 1054 0091 3B       		.uleb128 0x3b
 1055 0092 05       		.uleb128 0x5
 1056 0093 01       		.uleb128 0x1
 1057 0094 13       		.uleb128 0x13
 1058 0095 00       		.byte	0
 1059 0096 00       		.byte	0
 1060 0097 0E       		.uleb128 0xe
 1061 0098 0D       		.uleb128 0xd
 1062 0099 00       		.byte	0
 1063 009a 03       		.uleb128 0x3
 1064 009b 0E       		.uleb128 0xe
 1065 009c 3A       		.uleb128 0x3a
 1066 009d 0B       		.uleb128 0xb
 1067 009e 3B       		.uleb128 0x3b
 1068 009f 05       		.uleb128 0x5
 1069 00a0 49       		.uleb128 0x49
 1070 00a1 13       		.uleb128 0x13
 1071 00a2 38       		.uleb128 0x38
 1072 00a3 0B       		.uleb128 0xb
 1073 00a4 00       		.byte	0
 1074 00a5 00       		.byte	0
 1075 00a6 0F       		.uleb128 0xf
 1076 00a7 04       		.uleb128 0x4
 1077 00a8 01       		.byte	0x1
 1078 00a9 0B       		.uleb128 0xb
ARM GAS  C:\Users\43479\AppData\Local\Temp\ccMshEZX.s 			page 23


 1079 00aa 0B       		.uleb128 0xb
 1080 00ab 49       		.uleb128 0x49
 1081 00ac 13       		.uleb128 0x13
 1082 00ad 3A       		.uleb128 0x3a
 1083 00ae 0B       		.uleb128 0xb
 1084 00af 3B       		.uleb128 0x3b
 1085 00b0 05       		.uleb128 0x5
 1086 00b1 01       		.uleb128 0x1
 1087 00b2 13       		.uleb128 0x13
 1088 00b3 00       		.byte	0
 1089 00b4 00       		.byte	0
 1090 00b5 10       		.uleb128 0x10
 1091 00b6 28       		.uleb128 0x28
 1092 00b7 00       		.byte	0
 1093 00b8 03       		.uleb128 0x3
 1094 00b9 0E       		.uleb128 0xe
 1095 00ba 1C       		.uleb128 0x1c
 1096 00bb 0B       		.uleb128 0xb
 1097 00bc 00       		.byte	0
 1098 00bd 00       		.byte	0
 1099 00be 11       		.uleb128 0x11
 1100 00bf 13       		.uleb128 0x13
 1101 00c0 01       		.byte	0x1
 1102 00c1 0B       		.uleb128 0xb
 1103 00c2 0B       		.uleb128 0xb
 1104 00c3 3A       		.uleb128 0x3a
 1105 00c4 0B       		.uleb128 0xb
 1106 00c5 3B       		.uleb128 0x3b
 1107 00c6 05       		.uleb128 0x5
 1108 00c7 01       		.uleb128 0x1
 1109 00c8 13       		.uleb128 0x13
 1110 00c9 00       		.byte	0
 1111 00ca 00       		.byte	0
 1112 00cb 12       		.uleb128 0x12
 1113 00cc 01       		.uleb128 0x1
 1114 00cd 01       		.byte	0x1
 1115 00ce 49       		.uleb128 0x49
 1116 00cf 13       		.uleb128 0x13
 1117 00d0 01       		.uleb128 0x1
 1118 00d1 13       		.uleb128 0x13
 1119 00d2 00       		.byte	0
 1120 00d3 00       		.byte	0
 1121 00d4 13       		.uleb128 0x13
 1122 00d5 21       		.uleb128 0x21
 1123 00d6 00       		.byte	0
 1124 00d7 49       		.uleb128 0x49
 1125 00d8 13       		.uleb128 0x13
 1126 00d9 2F       		.uleb128 0x2f
 1127 00da 0B       		.uleb128 0xb
 1128 00db 00       		.byte	0
 1129 00dc 00       		.byte	0
 1130 00dd 14       		.uleb128 0x14
 1131 00de 28       		.uleb128 0x28
 1132 00df 00       		.byte	0
 1133 00e0 03       		.uleb128 0x3
 1134 00e1 0E       		.uleb128 0xe
 1135 00e2 1C       		.uleb128 0x1c
ARM GAS  C:\Users\43479\AppData\Local\Temp\ccMshEZX.s 			page 24


 1136 00e3 06       		.uleb128 0x6
 1137 00e4 00       		.byte	0
 1138 00e5 00       		.byte	0
 1139 00e6 15       		.uleb128 0x15
 1140 00e7 13       		.uleb128 0x13
 1141 00e8 01       		.byte	0x1
 1142 00e9 0B       		.uleb128 0xb
 1143 00ea 0B       		.uleb128 0xb
 1144 00eb 3A       		.uleb128 0x3a
 1145 00ec 0B       		.uleb128 0xb
 1146 00ed 3B       		.uleb128 0x3b
 1147 00ee 0B       		.uleb128 0xb
 1148 00ef 01       		.uleb128 0x1
 1149 00f0 13       		.uleb128 0x13
 1150 00f1 00       		.byte	0
 1151 00f2 00       		.byte	0
 1152 00f3 16       		.uleb128 0x16
 1153 00f4 26       		.uleb128 0x26
 1154 00f5 00       		.byte	0
 1155 00f6 49       		.uleb128 0x49
 1156 00f7 13       		.uleb128 0x13
 1157 00f8 00       		.byte	0
 1158 00f9 00       		.byte	0
 1159 00fa 17       		.uleb128 0x17
 1160 00fb 2E       		.uleb128 0x2e
 1161 00fc 00       		.byte	0
 1162 00fd 03       		.uleb128 0x3
 1163 00fe 0E       		.uleb128 0xe
 1164 00ff 3A       		.uleb128 0x3a
 1165 0100 0B       		.uleb128 0xb
 1166 0101 3B       		.uleb128 0x3b
 1167 0102 0B       		.uleb128 0xb
 1168 0103 27       		.uleb128 0x27
 1169 0104 19       		.uleb128 0x19
 1170 0105 20       		.uleb128 0x20
 1171 0106 0B       		.uleb128 0xb
 1172 0107 00       		.byte	0
 1173 0108 00       		.byte	0
 1174 0109 18       		.uleb128 0x18
 1175 010a 2E       		.uleb128 0x2e
 1176 010b 01       		.byte	0x1
 1177 010c 3F       		.uleb128 0x3f
 1178 010d 19       		.uleb128 0x19
 1179 010e 03       		.uleb128 0x3
 1180 010f 0E       		.uleb128 0xe
 1181 0110 3A       		.uleb128 0x3a
 1182 0111 0B       		.uleb128 0xb
 1183 0112 3B       		.uleb128 0x3b
 1184 0113 0B       		.uleb128 0xb
 1185 0114 27       		.uleb128 0x27
 1186 0115 19       		.uleb128 0x19
 1187 0116 49       		.uleb128 0x49
 1188 0117 13       		.uleb128 0x13
 1189 0118 8701     		.uleb128 0x87
 1190 011a 19       		.uleb128 0x19
 1191 011b 11       		.uleb128 0x11
 1192 011c 01       		.uleb128 0x1
ARM GAS  C:\Users\43479\AppData\Local\Temp\ccMshEZX.s 			page 25


 1193 011d 12       		.uleb128 0x12
 1194 011e 06       		.uleb128 0x6
 1195 011f 40       		.uleb128 0x40
 1196 0120 18       		.uleb128 0x18
 1197 0121 9742     		.uleb128 0x2117
 1198 0123 19       		.uleb128 0x19
 1199 0124 01       		.uleb128 0x1
 1200 0125 13       		.uleb128 0x13
 1201 0126 00       		.byte	0
 1202 0127 00       		.byte	0
 1203 0128 19       		.uleb128 0x19
 1204 0129 34       		.uleb128 0x34
 1205 012a 00       		.byte	0
 1206 012b 03       		.uleb128 0x3
 1207 012c 0E       		.uleb128 0xe
 1208 012d 3A       		.uleb128 0x3a
 1209 012e 0B       		.uleb128 0xb
 1210 012f 3B       		.uleb128 0x3b
 1211 0130 0B       		.uleb128 0xb
 1212 0131 49       		.uleb128 0x49
 1213 0132 13       		.uleb128 0x13
 1214 0133 02       		.uleb128 0x2
 1215 0134 17       		.uleb128 0x17
 1216 0135 00       		.byte	0
 1217 0136 00       		.byte	0
 1218 0137 1A       		.uleb128 0x1a
 1219 0138 1D       		.uleb128 0x1d
 1220 0139 00       		.byte	0
 1221 013a 31       		.uleb128 0x31
 1222 013b 13       		.uleb128 0x13
 1223 013c 11       		.uleb128 0x11
 1224 013d 01       		.uleb128 0x1
 1225 013e 12       		.uleb128 0x12
 1226 013f 06       		.uleb128 0x6
 1227 0140 58       		.uleb128 0x58
 1228 0141 0B       		.uleb128 0xb
 1229 0142 59       		.uleb128 0x59
 1230 0143 0B       		.uleb128 0xb
 1231 0144 00       		.byte	0
 1232 0145 00       		.byte	0
 1233 0146 1B       		.uleb128 0x1b
 1234 0147 898201   		.uleb128 0x4109
 1235 014a 01       		.byte	0x1
 1236 014b 11       		.uleb128 0x11
 1237 014c 01       		.uleb128 0x1
 1238 014d 31       		.uleb128 0x31
 1239 014e 13       		.uleb128 0x13
 1240 014f 01       		.uleb128 0x1
 1241 0150 13       		.uleb128 0x13
 1242 0151 00       		.byte	0
 1243 0152 00       		.byte	0
 1244 0153 1C       		.uleb128 0x1c
 1245 0154 8A8201   		.uleb128 0x410a
 1246 0157 00       		.byte	0
 1247 0158 02       		.uleb128 0x2
 1248 0159 18       		.uleb128 0x18
 1249 015a 9142     		.uleb128 0x2111
ARM GAS  C:\Users\43479\AppData\Local\Temp\ccMshEZX.s 			page 26


 1250 015c 18       		.uleb128 0x18
 1251 015d 00       		.byte	0
 1252 015e 00       		.byte	0
 1253 015f 1D       		.uleb128 0x1d
 1254 0160 898201   		.uleb128 0x4109
 1255 0163 00       		.byte	0
 1256 0164 11       		.uleb128 0x11
 1257 0165 01       		.uleb128 0x1
 1258 0166 31       		.uleb128 0x31
 1259 0167 13       		.uleb128 0x13
 1260 0168 00       		.byte	0
 1261 0169 00       		.byte	0
 1262 016a 1E       		.uleb128 0x1e
 1263 016b 34       		.uleb128 0x34
 1264 016c 00       		.byte	0
 1265 016d 03       		.uleb128 0x3
 1266 016e 0E       		.uleb128 0xe
 1267 016f 3A       		.uleb128 0x3a
 1268 0170 0B       		.uleb128 0xb
 1269 0171 3B       		.uleb128 0x3b
 1270 0172 0B       		.uleb128 0xb
 1271 0173 49       		.uleb128 0x49
 1272 0174 13       		.uleb128 0x13
 1273 0175 3F       		.uleb128 0x3f
 1274 0176 19       		.uleb128 0x19
 1275 0177 3C       		.uleb128 0x3c
 1276 0178 19       		.uleb128 0x19
 1277 0179 00       		.byte	0
 1278 017a 00       		.byte	0
 1279 017b 1F       		.uleb128 0x1f
 1280 017c 34       		.uleb128 0x34
 1281 017d 00       		.byte	0
 1282 017e 03       		.uleb128 0x3
 1283 017f 0E       		.uleb128 0xe
 1284 0180 3A       		.uleb128 0x3a
 1285 0181 0B       		.uleb128 0xb
 1286 0182 3B       		.uleb128 0x3b
 1287 0183 05       		.uleb128 0x5
 1288 0184 49       		.uleb128 0x49
 1289 0185 13       		.uleb128 0x13
 1290 0186 3F       		.uleb128 0x3f
 1291 0187 19       		.uleb128 0x19
 1292 0188 3C       		.uleb128 0x3c
 1293 0189 19       		.uleb128 0x19
 1294 018a 00       		.byte	0
 1295 018b 00       		.byte	0
 1296 018c 20       		.uleb128 0x20
 1297 018d 2E       		.uleb128 0x2e
 1298 018e 00       		.byte	0
 1299 018f 3F       		.uleb128 0x3f
 1300 0190 19       		.uleb128 0x19
 1301 0191 3C       		.uleb128 0x3c
 1302 0192 19       		.uleb128 0x19
 1303 0193 6E       		.uleb128 0x6e
 1304 0194 0E       		.uleb128 0xe
 1305 0195 03       		.uleb128 0x3
 1306 0196 0E       		.uleb128 0xe
ARM GAS  C:\Users\43479\AppData\Local\Temp\ccMshEZX.s 			page 27


 1307 0197 3A       		.uleb128 0x3a
 1308 0198 0B       		.uleb128 0xb
 1309 0199 3B       		.uleb128 0x3b
 1310 019a 0B       		.uleb128 0xb
 1311 019b 00       		.byte	0
 1312 019c 00       		.byte	0
 1313 019d 21       		.uleb128 0x21
 1314 019e 2E       		.uleb128 0x2e
 1315 019f 00       		.byte	0
 1316 01a0 3F       		.uleb128 0x3f
 1317 01a1 19       		.uleb128 0x19
 1318 01a2 3C       		.uleb128 0x3c
 1319 01a3 19       		.uleb128 0x19
 1320 01a4 6E       		.uleb128 0x6e
 1321 01a5 0E       		.uleb128 0xe
 1322 01a6 03       		.uleb128 0x3
 1323 01a7 0E       		.uleb128 0xe
 1324 01a8 3A       		.uleb128 0x3a
 1325 01a9 0B       		.uleb128 0xb
 1326 01aa 3B       		.uleb128 0x3b
 1327 01ab 05       		.uleb128 0x5
 1328 01ac 00       		.byte	0
 1329 01ad 00       		.byte	0
 1330 01ae 00       		.byte	0
 1331              		.section	.debug_loc,"",%progbits
 1332              	.Ldebug_loc0:
 1333              	.LLST0:
 1334 0000 0A000000 		.4byte	.LVL0
 1335 0004 10000000 		.4byte	.LVL1
 1336 0008 0100     		.2byte	0x1
 1337 000a 50       		.byte	0x50
 1338 000b 00000000 		.4byte	0
 1339 000f 00000000 		.4byte	0
 1340              		.section	.debug_aranges,"",%progbits
 1341 0000 1C000000 		.4byte	0x1c
 1342 0004 0200     		.2byte	0x2
 1343 0006 00000000 		.4byte	.Ldebug_info0
 1344 000a 04       		.byte	0x4
 1345 000b 00       		.byte	0
 1346 000c 0000     		.2byte	0
 1347 000e 0000     		.2byte	0
 1348 0010 00000000 		.4byte	.LFB629
 1349 0014 20000000 		.4byte	.LFE629-.LFB629
 1350 0018 00000000 		.4byte	0
 1351 001c 00000000 		.4byte	0
 1352              		.section	.debug_ranges,"",%progbits
 1353              	.Ldebug_ranges0:
 1354 0000 00000000 		.4byte	.LFB629
 1355 0004 20000000 		.4byte	.LFE629
 1356 0008 00000000 		.4byte	0
 1357 000c 00000000 		.4byte	0
 1358              		.section	.debug_line,"",%progbits
 1359              	.Ldebug_line0:
 1360 0000 DE020000 		.section	.debug_str,"MS",%progbits,1
 1360      0200B702 
 1360      00000201 
 1360      FB0E0D00 
ARM GAS  C:\Users\43479\AppData\Local\Temp\ccMshEZX.s 			page 28


 1360      01010101 
 1361              	.LASF21:
 1362 0000 72756E4D 		.ascii	"runMode\000"
 1362      6F646500 
 1363              	.LASF131:
 1364 0008 43795F42 		.ascii	"Cy_BLE_ProcessEvents\000"
 1364      4C455F50 
 1364      726F6365 
 1364      73734576 
 1364      656E7473 
 1365              	.LASF48:
 1366 001d 72784275 		.ascii	"rxBufSize\000"
 1366      6653697A 
 1366      6500
 1367              	.LASF39:
 1368 0027 6B696C6C 		.ascii	"killInput\000"
 1368      496E7075 
 1368      7400
 1369              	.LASF80:
 1370 0031 73617449 		.ascii	"satIntrMask\000"
 1370      6E74724D 
 1370      61736B00 
 1371              	.LASF133:
 1372 003d 6D61696E 		.ascii	"main_cm0p.c\000"
 1372      5F636D30 
 1372      702E6300 
 1373              	.LASF19:
 1374 0049 70776D41 		.ascii	"pwmAlignment\000"
 1374      6C69676E 
 1374      6D656E74 
 1374      00
 1375              	.LASF97:
 1376 0056 43595F42 		.ascii	"CY_BLE_ERROR_REPEATED_ATTEMPTS\000"
 1376      4C455F45 
 1376      52524F52 
 1376      5F524550 
 1376      45415445 
 1377              	.LASF88:
 1378 0075 43595F42 		.ascii	"CY_BLE_INFO_FLASH_WRITE_IN_PROGRESS\000"
 1378      4C455F49 
 1378      4E464F5F 
 1378      464C4153 
 1378      485F5752 
 1379              	.LASF110:
 1380 0099 43595F42 		.ascii	"CY_BLE_ERROR_GATT_DB_INVALID_ATTR_HANDLE\000"
 1380      4C455F45 
 1380      52524F52 
 1380      5F474154 
 1380      545F4442 
 1381              	.LASF96:
 1382 00c2 43595F42 		.ascii	"CY_BLE_ERROR_DEVICE_ALREADY_EXISTS\000"
 1382      4C455F45 
 1382      52524F52 
 1382      5F444556 
 1382      4943455F 
 1383              	.LASF7:
 1384 00e5 6C6F6E67 		.ascii	"long long unsigned int\000"
ARM GAS  C:\Users\43479\AppData\Local\Temp\ccMshEZX.s 			page 29


 1384      206C6F6E 
 1384      6720756E 
 1384      7369676E 
 1384      65642069 
 1385              	.LASF18:
 1386 00fc 636C6F63 		.ascii	"clockPrescaler\000"
 1386      6B507265 
 1386      7363616C 
 1386      657200
 1387              	.LASF60:
 1388 010b 72785269 		.ascii	"rxRingBuf\000"
 1388      6E674275 
 1388      6600
 1389              	.LASF50:
 1390 0115 74784275 		.ascii	"txBuf\000"
 1390      6600
 1391              	.LASF101:
 1392 011b 43595F42 		.ascii	"CY_BLE_ERROR_L2CAP_PSM_ALREADY_REGISTERED\000"
 1392      4C455F45 
 1392      52524F52 
 1392      5F4C3243 
 1392      41505F50 
 1393              	.LASF91:
 1394 0145 43595F42 		.ascii	"CY_BLE_ERROR_MEMORY_ALLOCATION_FAILED\000"
 1394      4C455F45 
 1394      52524F52 
 1394      5F4D454D 
 1394      4F52595F 
 1395              	.LASF86:
 1396 016b 63795F73 		.ascii	"cy_stc_sar_config_t\000"
 1396      74635F73 
 1396      61725F63 
 1396      6F6E6669 
 1396      675F7400 
 1397              	.LASF6:
 1398 017f 6C6F6E67 		.ascii	"long long int\000"
 1398      206C6F6E 
 1398      6720696E 
 1398      7400
 1399              	.LASF2:
 1400 018d 7369676E 		.ascii	"signed char\000"
 1400      65642063 
 1400      68617200 
 1401              	.LASF102:
 1402 0199 43595F42 		.ascii	"CY_BLE_ERROR_L2CAP_PSM_NOT_REGISTERED\000"
 1402      4C455F45 
 1402      52524F52 
 1402      5F4C3243 
 1402      41505F50 
 1403              	.LASF65:
 1404 01bf 63795F73 		.ascii	"cy_stc_scb_uart_context_t\000"
 1404      74635F73 
 1404      63625F75 
 1404      6172745F 
 1404      636F6E74 
 1405              	.LASF70:
 1406 01d9 63795F65 		.ascii	"cy_en_sar_range_detect_condition_t\000"
ARM GAS  C:\Users\43479\AppData\Local\Temp\ccMshEZX.s 			page 30


 1406      6E5F7361 
 1406      725F7261 
 1406      6E67655F 
 1406      64657465 
 1407              	.LASF122:
 1408 01fc 636C6B44 		.ascii	"clkDivider\000"
 1408      69766964 
 1408      657200
 1409              	.LASF43:
 1410 0207 63795F63 		.ascii	"cy_cb_scb_spi_handle_events_t\000"
 1410      625F7363 
 1410      625F7370 
 1410      695F6861 
 1410      6E646C65 
 1411              	.LASF66:
 1412 0225 43595F53 		.ascii	"CY_SAR_RANGE_COND_BELOW\000"
 1412      41525F52 
 1412      414E4745 
 1412      5F434F4E 
 1412      445F4245 
 1413              	.LASF90:
 1414 023d 43595F42 		.ascii	"CY_BLE_ERROR_INVALID_OPERATION\000"
 1414      4C455F45 
 1414      52524F52 
 1414      5F494E56 
 1414      414C4944 
 1415              	.LASF4:
 1416 025c 6C6F6E67 		.ascii	"long int\000"
 1416      20696E74 
 1416      00
 1417              	.LASF100:
 1418 0265 43595F42 		.ascii	"CY_BLE_ERROR_L2CAP_PSM_WRONG_ENCODING\000"
 1418      4C455F45 
 1418      52524F52 
 1418      5F4C3243 
 1418      41505F50 
 1419              	.LASF92:
 1420 028b 43595F42 		.ascii	"CY_BLE_ERROR_INSUFFICIENT_RESOURCES\000"
 1420      4C455F45 
 1420      52524F52 
 1420      5F494E53 
 1420      55464649 
 1421              	.LASF45:
 1422 02af 63795F73 		.ascii	"cy_stc_scb_spi_context\000"
 1422      74635F73 
 1422      63625F73 
 1422      70695F63 
 1422      6F6E7465 
 1423              	.LASF46:
 1424 02c6 73746174 		.ascii	"status\000"
 1424      757300
 1425              	.LASF68:
 1426 02cd 43595F53 		.ascii	"CY_SAR_RANGE_COND_ABOVE\000"
 1426      41525F52 
 1426      414E4745 
 1426      5F434F4E 
 1426      445F4142 
ARM GAS  C:\Users\43479\AppData\Local\Temp\ccMshEZX.s 			page 31


 1427              	.LASF15:
 1428 02e5 646F7562 		.ascii	"double\000"
 1428      6C6500
 1429              	.LASF73:
 1430 02ec 73616D70 		.ascii	"sampleTime01\000"
 1430      6C655469 
 1430      6D653031 
 1430      00
 1431              	.LASF9:
 1432 02f9 5F5F7569 		.ascii	"__uint32_t\000"
 1432      6E743332 
 1432      5F7400
 1433              	.LASF120:
 1434 0304 6877436F 		.ascii	"hwConfigStc\000"
 1434      6E666967 
 1434      53746300 
 1435              	.LASF49:
 1436 0310 72784275 		.ascii	"rxBufIdx\000"
 1436      66496478 
 1436      00
 1437              	.LASF94:
 1438 0319 43595F42 		.ascii	"CY_BLE_ERROR_NO_CONNECTION\000"
 1438      4C455F45 
 1438      52524F52 
 1438      5F4E4F5F 
 1438      434F4E4E 
 1439              	.LASF51:
 1440 0334 74784275 		.ascii	"txBufSize\000"
 1440      6653697A 
 1440      6500
 1441              	.LASF104:
 1442 033e 43595F42 		.ascii	"CY_BLE_ERROR_L2CAP_PSM_NOT_IN_RANGE\000"
 1442      4C455F45 
 1442      52524F52 
 1442      5F4C3243 
 1442      41505F50 
 1443              	.LASF8:
 1444 0362 756E7369 		.ascii	"unsigned int\000"
 1444      676E6564 
 1444      20696E74 
 1444      00
 1445              	.LASF61:
 1446 036f 72785269 		.ascii	"rxRingBufSize\000"
 1446      6E674275 
 1446      6653697A 
 1446      6500
 1447              	.LASF5:
 1448 037d 6C6F6E67 		.ascii	"long unsigned int\000"
 1448      20756E73 
 1448      69676E65 
 1448      6420696E 
 1448      7400
 1449              	.LASF124:
 1450 038f 55415254 		.ascii	"UART_context\000"
 1450      5F636F6E 
 1450      74657874 
 1450      00
ARM GAS  C:\Users\43479\AppData\Local\Temp\ccMshEZX.s 			page 32


 1451              	.LASF32:
 1452 039c 73776170 		.ascii	"swapInputMode\000"
 1452      496E7075 
 1452      744D6F64 
 1452      6500
 1453              	.LASF3:
 1454 03aa 73686F72 		.ascii	"short unsigned int\000"
 1454      7420756E 
 1454      7369676E 
 1454      65642069 
 1454      6E7400
 1455              	.LASF87:
 1456 03bd 43595F42 		.ascii	"CY_BLE_SUCCESS\000"
 1456      4C455F53 
 1456      55434345 
 1456      535300
 1457              	.LASF128:
 1458 03cc 4144435F 		.ascii	"ADC_1_allConfigs\000"
 1458      315F616C 
 1458      6C436F6E 
 1458      66696773 
 1458      00
 1459              	.LASF75:
 1460 03dd 72616E67 		.ascii	"rangeThres\000"
 1460      65546872 
 1460      657300
 1461              	.LASF111:
 1462 03e8 43595F42 		.ascii	"CY_BLE_ERROR_NTF_DISABLED\000"
 1462      4C455F45 
 1462      52524F52 
 1462      5F4E5446 
 1462      5F444953 
 1463              	.LASF38:
 1464 0402 6B696C6C 		.ascii	"killInputMode\000"
 1464      496E7075 
 1464      744D6F64 
 1464      6500
 1465              	.LASF53:
 1466 0410 63624576 		.ascii	"cbEvents\000"
 1466      656E7473 
 1466      00
 1467              	.LASF130:
 1468 0419 43795F53 		.ascii	"Cy_SysEnableCM4\000"
 1468      7973456E 
 1468      61626C65 
 1468      434D3400 
 1469              	.LASF95:
 1470 0429 43595F42 		.ascii	"CY_BLE_ERROR_NO_DEVICE_ENTITY\000"
 1470      4C455F45 
 1470      52524F52 
 1470      5F4E4F5F 
 1470      44455649 
 1471              	.LASF119:
 1472 0447 6E756D43 		.ascii	"numChannels\000"
 1472      68616E6E 
 1472      656C7300 
 1473              	.LASF78:
ARM GAS  C:\Users\43479\AppData\Local\Temp\ccMshEZX.s 			page 33


 1474 0453 6368616E 		.ascii	"chanConfig\000"
 1474      436F6E66 
 1474      696700
 1475              	.LASF55:
 1476 045e 63795F73 		.ascii	"cy_stc_scb_spi_context_t\000"
 1476      74635F73 
 1476      63625F73 
 1476      70695F63 
 1476      6F6E7465 
 1477              	.LASF0:
 1478 0477 73686F72 		.ascii	"short int\000"
 1478      7420696E 
 1478      7400
 1479              	.LASF29:
 1480 0481 696E7665 		.ascii	"invertPWMOut\000"
 1480      72745057 
 1480      4D4F7574 
 1480      00
 1481              	.LASF20:
 1482 048e 64656164 		.ascii	"deadTimeClocks\000"
 1482      54696D65 
 1482      436C6F63 
 1482      6B7300
 1483              	.LASF62:
 1484 049d 72785269 		.ascii	"rxRingBufHead\000"
 1484      6E674275 
 1484      66486561 
 1484      6400
 1485              	.LASF40:
 1486 04ab 636F756E 		.ascii	"countInputMode\000"
 1486      74496E70 
 1486      75744D6F 
 1486      646500
 1487              	.LASF37:
 1488 04ba 73746172 		.ascii	"startInput\000"
 1488      74496E70 
 1488      757400
 1489              	.LASF11:
 1490 04c5 73697A65 		.ascii	"sizetype\000"
 1490      74797065 
 1490      00
 1491              	.LASF12:
 1492 04ce 6C6F6E67 		.ascii	"long double\000"
 1492      20646F75 
 1492      626C6500 
 1493              	.LASF74:
 1494 04da 73616D70 		.ascii	"sampleTime23\000"
 1494      6C655469 
 1494      6D653233 
 1494      00
 1495              	.LASF84:
 1496 04e7 636F6E66 		.ascii	"configRouting\000"
 1496      6967526F 
 1496      7574696E 
 1496      6700
 1497              	.LASF137:
 1498 04f5 61706952 		.ascii	"apiResult\000"
ARM GAS  C:\Users\43479\AppData\Local\Temp\ccMshEZX.s 			page 34


 1498      6573756C 
 1498      7400
 1499              	.LASF59:
 1500 04ff 72785374 		.ascii	"rxStatus\000"
 1500      61747573 
 1500      00
 1501              	.LASF135:
 1502 0508 5F5F656E 		.ascii	"__enable_irq\000"
 1502      61626C65 
 1502      5F697271 
 1502      00
 1503              	.LASF89:
 1504 0515 43595F42 		.ascii	"CY_BLE_ERROR_INVALID_PARAMETER\000"
 1504      4C455F45 
 1504      52524F52 
 1504      5F494E56 
 1504      414C4944 
 1505              	.LASF81:
 1506 0534 72616E67 		.ascii	"rangeIntrMask\000"
 1506      65496E74 
 1506      724D6173 
 1506      6B00
 1507              	.LASF112:
 1508 0542 43595F42 		.ascii	"CY_BLE_ERROR_IND_DISABLED\000"
 1508      4C455F45 
 1508      52524F52 
 1508      5F494E44 
 1508      5F444953 
 1509              	.LASF117:
 1510 055c 63795F65 		.ascii	"cy_en_ble_api_result_t\000"
 1510      6E5F626C 
 1510      655F6170 
 1510      695F7265 
 1510      73756C74 
 1511              	.LASF17:
 1512 0573 70776D4D 		.ascii	"pwmMode\000"
 1512      6F646500 
 1513              	.LASF14:
 1514 057b 666C6F61 		.ascii	"float\000"
 1514      7400
 1515              	.LASF134:
 1516 0581 483A5C47 		.ascii	"H:\\Githubrepo\\Intern\\PSoC\\Final_project01_54Byt"
 1516      69746875 
 1516      62726570 
 1516      6F5C496E 
 1516      7465726E 
 1517 05b0 652E6379 		.ascii	"e.cydsn\000"
 1517      64736E00 
 1518              	.LASF105:
 1519 05b8 43595F42 		.ascii	"CY_BLE_ERROR_UNSUPPORTED_FEATURE_OR_PARAMETER_VALUE"
 1519      4C455F45 
 1519      52524F52 
 1519      5F554E53 
 1519      5550504F 
 1520 05eb 00       		.ascii	"\000"
 1521              	.LASF64:
 1522 05ec 74784C65 		.ascii	"txLeftToTransmit\000"
ARM GAS  C:\Users\43479\AppData\Local\Temp\ccMshEZX.s 			page 35


 1522      6674546F 
 1522      5472616E 
 1522      736D6974 
 1522      00
 1523              	.LASF77:
 1524 05fd 6368616E 		.ascii	"chanEn\000"
 1524      456E00
 1525              	.LASF67:
 1526 0604 43595F53 		.ascii	"CY_SAR_RANGE_COND_INSIDE\000"
 1526      41525F52 
 1526      414E4745 
 1526      5F434F4E 
 1526      445F494E 
 1527              	.LASF36:
 1528 061d 73746172 		.ascii	"startInputMode\000"
 1528      74496E70 
 1528      75744D6F 
 1528      646500
 1529              	.LASF1:
 1530 062c 756E7369 		.ascii	"unsigned char\000"
 1530      676E6564 
 1530      20636861 
 1530      7200
 1531              	.LASF114:
 1532 063a 43595F42 		.ascii	"CY_BLE_ERROR_CONTROLLER_BUSY\000"
 1532      4C455F45 
 1532      52524F52 
 1532      5F434F4E 
 1532      54524F4C 
 1533              	.LASF93:
 1534 0657 43595F42 		.ascii	"CY_BLE_ERROR_OOB_NOT_AVAILABLE\000"
 1534      4C455F45 
 1534      52524F52 
 1534      5F4F4F42 
 1534      5F4E4F54 
 1535              	.LASF27:
 1536 0676 656E6162 		.ascii	"enableCompareSwap\000"
 1536      6C65436F 
 1536      6D706172 
 1536      65537761 
 1536      7000
 1537              	.LASF82:
 1538 0688 6D757853 		.ascii	"muxSwitch\000"
 1538      77697463 
 1538      6800
 1539              	.LASF79:
 1540 0692 696E7472 		.ascii	"intrMask\000"
 1540      4D61736B 
 1540      00
 1541              	.LASF126:
 1542 069b 57535F53 		.ascii	"WS_SPI_context\000"
 1542      50495F63 
 1542      6F6E7465 
 1542      787400
 1543              	.LASF107:
 1544 06aa 43595F42 		.ascii	"CY_BLE_ERROR_FLASH_WRITE\000"
 1544      4C455F45 
ARM GAS  C:\Users\43479\AppData\Local\Temp\ccMshEZX.s 			page 36


 1544      52524F52 
 1544      5F464C41 
 1544      53485F57 
 1545              	.LASF24:
 1546 06c3 656E6162 		.ascii	"enablePeriodSwap\000"
 1546      6C655065 
 1546      72696F64 
 1546      53776170 
 1546      00
 1547              	.LASF33:
 1548 06d4 73776170 		.ascii	"swapInput\000"
 1548      496E7075 
 1548      7400
 1549              	.LASF44:
 1550 06de 63795F73 		.ascii	"cy_stc_tcpwm_pwm_config\000"
 1550      74635F74 
 1550      6370776D 
 1550      5F70776D 
 1550      5F636F6E 
 1551              	.LASF10:
 1552 06f6 75696E74 		.ascii	"uint32_t\000"
 1552      33325F74 
 1552      00
 1553              	.LASF127:
 1554 06ff 4144435F 		.ascii	"ADC_1_currentConfig\000"
 1554      315F6375 
 1554      7272656E 
 1554      74436F6E 
 1554      66696700 
 1555              	.LASF103:
 1556 0713 43595F42 		.ascii	"CY_BLE_ERROR_L2CAP_CONNECTION_ENTITY_NOT_FOUND\000"
 1556      4C455F45 
 1556      52524F52 
 1556      5F4C3243 
 1556      41505F43 
 1557              	.LASF113:
 1558 0742 43595F42 		.ascii	"CY_BLE_ERROR_CHAR_IS_NOT_DISCOVERED\000"
 1558      4C455F45 
 1558      52524F52 
 1558      5F434841 
 1558      525F4953 
 1559              	.LASF85:
 1560 0766 76726566 		.ascii	"vrefMvValue\000"
 1560      4D765661 
 1560      6C756500 
 1561              	.LASF132:
 1562 0772 474E5520 		.ascii	"GNU C11 5.4.1 20160609 (release) [ARM/embedded-5-br"
 1562      43313120 
 1562      352E342E 
 1562      31203230 
 1562      31363036 
 1563 07a5 616E6368 		.ascii	"anch revision 237715] -mcpu=cortex-m0plus -mthumb -"
 1563      20726576 
 1563      6973696F 
 1563      6E203233 
 1563      37373135 
 1564 07d8 67202D4F 		.ascii	"g -Og -ffunction-sections -ffat-lto-objects\000"
ARM GAS  C:\Users\43479\AppData\Local\Temp\ccMshEZX.s 			page 37


 1564      67202D66 
 1564      66756E63 
 1564      74696F6E 
 1564      2D736563 
 1565              	.LASF25:
 1566 0804 636F6D70 		.ascii	"compare0\000"
 1566      61726530 
 1566      00
 1567              	.LASF26:
 1568 080d 636F6D70 		.ascii	"compare1\000"
 1568      61726531 
 1568      00
 1569              	.LASF41:
 1570 0816 636F756E 		.ascii	"countInput\000"
 1570      74496E70 
 1570      757400
 1571              	.LASF13:
 1572 0821 63686172 		.ascii	"char\000"
 1572      00
 1573              	.LASF125:
 1574 0826 50574D5F 		.ascii	"PWM_config\000"
 1574      636F6E66 
 1574      696700
 1575              	.LASF99:
 1576 0831 43595F42 		.ascii	"CY_BLE_ERROR_SEC_FAILED\000"
 1576      4C455F45 
 1576      52524F52 
 1576      5F534543 
 1576      5F464149 
 1577              	.LASF98:
 1578 0849 43595F42 		.ascii	"CY_BLE_ERROR_GAP_ROLE\000"
 1578      4C455F45 
 1578      52524F52 
 1578      5F474150 
 1578      5F524F4C 
 1579              	.LASF115:
 1580 085f 43595F42 		.ascii	"CY_BLE_ERROR_INVALID_STATE\000"
 1580      4C455F45 
 1580      52524F52 
 1580      5F494E56 
 1580      414C4944 
 1581              	.LASF71:
 1582 087a 6374726C 		.ascii	"ctrl\000"
 1582      00
 1583              	.LASF28:
 1584 087f 696E7465 		.ascii	"interruptSources\000"
 1584      72727570 
 1584      74536F75 
 1584      72636573 
 1584      00
 1585              	.LASF35:
 1586 0890 72656C6F 		.ascii	"reloadInput\000"
 1586      6164496E 
 1586      70757400 
 1587              	.LASF121:
 1588 089c 6D697363 		.ascii	"miscConfig\000"
 1588      436F6E66 
ARM GAS  C:\Users\43479\AppData\Local\Temp\ccMshEZX.s 			page 38


 1588      696700
 1589              	.LASF56:
 1590 08a7 63795F63 		.ascii	"cy_cb_scb_uart_handle_events_t\000"
 1590      625F7363 
 1590      625F7561 
 1590      72745F68 
 1590      616E646C 
 1591              	.LASF109:
 1592 08c6 43595F42 		.ascii	"CY_BLE_ERROR_HARDWARE_FAILURE\000"
 1592      4C455F45 
 1592      52524F52 
 1592      5F484152 
 1592      44574152 
 1593              	.LASF22:
 1594 08e4 70657269 		.ascii	"period0\000"
 1594      6F643000 
 1595              	.LASF23:
 1596 08ec 70657269 		.ascii	"period1\000"
 1596      6F643100 
 1597              	.LASF54:
 1598 08f4 696E6974 		.ascii	"initKey\000"
 1598      4B657900 
 1599              	.LASF47:
 1600 08fc 72784275 		.ascii	"rxBuf\000"
 1600      6600
 1601              	.LASF16:
 1602 0902 5F426F6F 		.ascii	"_Bool\000"
 1602      6C00
 1603              	.LASF76:
 1604 0908 72616E67 		.ascii	"rangeCond\000"
 1604      65436F6E 
 1604      6400
 1605              	.LASF129:
 1606 0912 43795F42 		.ascii	"Cy_BLE_Start\000"
 1606      4C455F53 
 1606      74617274 
 1606      00
 1607              	.LASF116:
 1608 091f 43595F42 		.ascii	"CY_BLE_ERROR_MAX\000"
 1608      4C455F45 
 1608      52524F52 
 1608      5F4D4158 
 1608      00
 1609              	.LASF30:
 1610 0930 696E7665 		.ascii	"invertPWMOutN\000"
 1610      72745057 
 1610      4D4F7574 
 1610      4E00
 1611              	.LASF72:
 1612 093e 73616D70 		.ascii	"sampleCtrl\000"
 1612      6C654374 
 1612      726C00
 1613              	.LASF123:
 1614 0949 4144435F 		.ascii	"ADC_1_CONFIG_STRUCT\000"
 1614      315F434F 
 1614      4E464947 
 1614      5F535452 
ARM GAS  C:\Users\43479\AppData\Local\Temp\ccMshEZX.s 			page 39


 1614      55435400 
 1615              	.LASF31:
 1616 095d 6B696C6C 		.ascii	"killMode\000"
 1616      4D6F6465 
 1616      00
 1617              	.LASF106:
 1618 0966 43595F42 		.ascii	"CY_BLE_ERROR_FLASH_WRITE_NOT_PERMITED\000"
 1618      4C455F45 
 1618      52524F52 
 1618      5F464C41 
 1618      53485F57 
 1619              	.LASF42:
 1620 098c 63795F73 		.ascii	"cy_stc_tcpwm_pwm_config_t\000"
 1620      74635F74 
 1620      6370776D 
 1620      5F70776D 
 1620      5F636F6E 
 1621              	.LASF34:
 1622 09a6 72656C6F 		.ascii	"reloadInputMode\000"
 1622      6164496E 
 1622      7075744D 
 1622      6F646500 
 1623              	.LASF69:
 1624 09b6 43595F53 		.ascii	"CY_SAR_RANGE_COND_OUTSIDE\000"
 1624      41525F52 
 1624      414E4745 
 1624      5F434F4E 
 1624      445F4F55 
 1625              	.LASF63:
 1626 09d0 72785269 		.ascii	"rxRingBufTail\000"
 1626      6E674275 
 1626      66546169 
 1626      6C00
 1627              	.LASF118:
 1628 09de 6368616E 		.ascii	"channelBase\000"
 1628      6E656C42 
 1628      61736500 
 1629              	.LASF58:
 1630 09ea 74785374 		.ascii	"txStatus\000"
 1630      61747573 
 1630      00
 1631              	.LASF83:
 1632 09f3 6D757853 		.ascii	"muxSwitchSqCtrl\000"
 1632      77697463 
 1632      68537143 
 1632      74726C00 
 1633              	.LASF108:
 1634 0a03 43595F42 		.ascii	"CY_BLE_ERROR_MIC_AUTH_FAILED\000"
 1634      4C455F45 
 1634      52524F52 
 1634      5F4D4943 
 1634      5F415554 
 1635              	.LASF136:
 1636 0a20 6D61696E 		.ascii	"main\000"
 1636      00
 1637              	.LASF57:
 1638 0a25 63795F73 		.ascii	"cy_stc_scb_uart_context\000"
ARM GAS  C:\Users\43479\AppData\Local\Temp\ccMshEZX.s 			page 40


 1638      74635F73 
 1638      63625F75 
 1638      6172745F 
 1638      636F6E74 
 1639              	.LASF52:
 1640 0a3d 74784275 		.ascii	"txBufIdx\000"
 1640      66496478 
 1640      00
 1641              		.ident	"GCC: (GNU Tools for ARM Embedded Processors) 5.4.1 20160609 (release) [ARM/embedded-5-bran
