ARM GAS  C:\Users\ADMINI~1\AppData\Local\Temp\ccQdMGuY.s 			page 1


   1              		.syntax unified
   2              		.cpu cortex-m0plus
   3              		.fpu softvfp
   4              		.eabi_attribute 20, 1
   5              		.eabi_attribute 21, 1
   6              		.eabi_attribute 23, 3
   7              		.eabi_attribute 24, 1
   8              		.eabi_attribute 25, 1
   9              		.eabi_attribute 26, 1
  10              		.eabi_attribute 30, 1
  11              		.eabi_attribute 34, 0
  12              		.eabi_attribute 18, 4
  13              		.thumb
  14              		.syntax unified
  15              		.file	"retarget.c"
  16              		.text
  17              	.Ltext0:
  18              		.cfi_sections	.debug_frame
  19              		.syntax divided
  20              		.global _printf_float
  21              		.global _scanf_float
  22              		.thumb
  23              		.syntax unified
  24              		.section	.text._write,"ax",%progbits
  25              		.align	2
  26              		.weak	_write
  27              		.code	16
  28              		.thumb_func
  29              		.type	_write, %function
  30              	_write:
  31              	.LFB629:
  32              		.file 1 "Generated_Source\\PSoC6\\pdl\\utilities\\retarget_io\\retarget.c"
   1:Generated_Source\PSoC6\pdl\utilities\retarget_io/retarget.c **** /***************************************************************************//**
   2:Generated_Source\PSoC6\pdl\utilities\retarget_io/retarget.c **** * \file retarget.c
   3:Generated_Source\PSoC6\pdl\utilities\retarget_io/retarget.c **** * \version 1.10
   4:Generated_Source\PSoC6\pdl\utilities\retarget_io/retarget.c **** *
   5:Generated_Source\PSoC6\pdl\utilities\retarget_io/retarget.c **** * \brief
   6:Generated_Source\PSoC6\pdl\utilities\retarget_io/retarget.c **** * 'Retarget' layer for target-dependent low level function.
   7:Generated_Source\PSoC6\pdl\utilities\retarget_io/retarget.c **** *
   8:Generated_Source\PSoC6\pdl\utilities\retarget_io/retarget.c **** ********************************************************************************
   9:Generated_Source\PSoC6\pdl\utilities\retarget_io/retarget.c **** * \copyright
  10:Generated_Source\PSoC6\pdl\utilities\retarget_io/retarget.c **** * Copyright 2016-2018, Cypress Semiconductor Corporation. All rights reserved.
  11:Generated_Source\PSoC6\pdl\utilities\retarget_io/retarget.c **** * You may use this file only in accordance with the license, terms, conditions,
  12:Generated_Source\PSoC6\pdl\utilities\retarget_io/retarget.c **** * disclaimers, and limitations in the end user license agreement accompanying
  13:Generated_Source\PSoC6\pdl\utilities\retarget_io/retarget.c **** * the software package with which this file was provided.
  14:Generated_Source\PSoC6\pdl\utilities\retarget_io/retarget.c **** *******************************************************************************/
  15:Generated_Source\PSoC6\pdl\utilities\retarget_io/retarget.c **** 
  16:Generated_Source\PSoC6\pdl\utilities\retarget_io/retarget.c **** #include <stdio.h>
  17:Generated_Source\PSoC6\pdl\utilities\retarget_io/retarget.c **** #include "stdio_user.h"
  18:Generated_Source\PSoC6\pdl\utilities\retarget_io/retarget.c **** 
  19:Generated_Source\PSoC6\pdl\utilities\retarget_io/retarget.c **** #if defined(__cplusplus)
  20:Generated_Source\PSoC6\pdl\utilities\retarget_io/retarget.c **** extern "C" {
  21:Generated_Source\PSoC6\pdl\utilities\retarget_io/retarget.c **** #endif
  22:Generated_Source\PSoC6\pdl\utilities\retarget_io/retarget.c **** 
  23:Generated_Source\PSoC6\pdl\utilities\retarget_io/retarget.c **** #ifdef IO_STDOUT_ENABLE
  24:Generated_Source\PSoC6\pdl\utilities\retarget_io/retarget.c **** 
  25:Generated_Source\PSoC6\pdl\utilities\retarget_io/retarget.c **** #if defined(__ARMCC_VERSION) /* ARM-MDK */
ARM GAS  C:\Users\ADMINI~1\AppData\Local\Temp\ccQdMGuY.s 			page 2


  26:Generated_Source\PSoC6\pdl\utilities\retarget_io/retarget.c ****     /***************************************************************************
  27:Generated_Source\PSoC6\pdl\utilities\retarget_io/retarget.c ****     * Function Name: fputc
  28:Generated_Source\PSoC6\pdl\utilities\retarget_io/retarget.c ****     ***************************************************************************/
  29:Generated_Source\PSoC6\pdl\utilities\retarget_io/retarget.c ****     __attribute__((weak)) int fputc(int ch, FILE *f)
  30:Generated_Source\PSoC6\pdl\utilities\retarget_io/retarget.c ****     {
  31:Generated_Source\PSoC6\pdl\utilities\retarget_io/retarget.c ****         (void)f;
  32:Generated_Source\PSoC6\pdl\utilities\retarget_io/retarget.c ****     #if (STDOUT_CR_LF != 0)
  33:Generated_Source\PSoC6\pdl\utilities\retarget_io/retarget.c ****         if ((char)ch == '\n')
  34:Generated_Source\PSoC6\pdl\utilities\retarget_io/retarget.c ****         {
  35:Generated_Source\PSoC6\pdl\utilities\retarget_io/retarget.c ****             STDIO_PutChar('\r');
  36:Generated_Source\PSoC6\pdl\utilities\retarget_io/retarget.c ****         }
  37:Generated_Source\PSoC6\pdl\utilities\retarget_io/retarget.c ****     #endif /* STDOUT_CR_LF != 0 */
  38:Generated_Source\PSoC6\pdl\utilities\retarget_io/retarget.c ****         STDIO_PutChar(ch);
  39:Generated_Source\PSoC6\pdl\utilities\retarget_io/retarget.c ****         return (ch);
  40:Generated_Source\PSoC6\pdl\utilities\retarget_io/retarget.c ****     }
  41:Generated_Source\PSoC6\pdl\utilities\retarget_io/retarget.c **** #elif defined (__ICCARM__) /* IAR */
  42:Generated_Source\PSoC6\pdl\utilities\retarget_io/retarget.c ****     #include <yfuns.h>
  43:Generated_Source\PSoC6\pdl\utilities\retarget_io/retarget.c **** 
  44:Generated_Source\PSoC6\pdl\utilities\retarget_io/retarget.c ****     /***************************************************************************
  45:Generated_Source\PSoC6\pdl\utilities\retarget_io/retarget.c ****     * Function Name: __write
  46:Generated_Source\PSoC6\pdl\utilities\retarget_io/retarget.c ****     ***************************************************************************/
  47:Generated_Source\PSoC6\pdl\utilities\retarget_io/retarget.c ****     __weak size_t __write(int handle, const unsigned char * buffer, size_t size)
  48:Generated_Source\PSoC6\pdl\utilities\retarget_io/retarget.c ****     {
  49:Generated_Source\PSoC6\pdl\utilities\retarget_io/retarget.c ****         size_t nChars = 0;
  50:Generated_Source\PSoC6\pdl\utilities\retarget_io/retarget.c ****         /* This template only writes to "standard out", for all other file
  51:Generated_Source\PSoC6\pdl\utilities\retarget_io/retarget.c ****         * handles it returns failure. */
  52:Generated_Source\PSoC6\pdl\utilities\retarget_io/retarget.c ****         if (handle != _LLIO_STDOUT)
  53:Generated_Source\PSoC6\pdl\utilities\retarget_io/retarget.c ****         {
  54:Generated_Source\PSoC6\pdl\utilities\retarget_io/retarget.c ****             return (_LLIO_ERROR);
  55:Generated_Source\PSoC6\pdl\utilities\retarget_io/retarget.c ****         }
  56:Generated_Source\PSoC6\pdl\utilities\retarget_io/retarget.c ****         if (buffer != NULL)
  57:Generated_Source\PSoC6\pdl\utilities\retarget_io/retarget.c ****         {
  58:Generated_Source\PSoC6\pdl\utilities\retarget_io/retarget.c ****             for (/* Empty */; nChars < size; ++nChars)
  59:Generated_Source\PSoC6\pdl\utilities\retarget_io/retarget.c ****             {
  60:Generated_Source\PSoC6\pdl\utilities\retarget_io/retarget.c ****             #if (STDOUT_CR_LF != 0)
  61:Generated_Source\PSoC6\pdl\utilities\retarget_io/retarget.c ****                 if(*buffer == '\n')
  62:Generated_Source\PSoC6\pdl\utilities\retarget_io/retarget.c ****                 {
  63:Generated_Source\PSoC6\pdl\utilities\retarget_io/retarget.c ****                     STDIO_PutChar('\r');
  64:Generated_Source\PSoC6\pdl\utilities\retarget_io/retarget.c ****                 }
  65:Generated_Source\PSoC6\pdl\utilities\retarget_io/retarget.c ****             #endif /* STDOUT_CR_LF != 0 */
  66:Generated_Source\PSoC6\pdl\utilities\retarget_io/retarget.c ****                 STDIO_PutChar(*buffer);
  67:Generated_Source\PSoC6\pdl\utilities\retarget_io/retarget.c ****                 ++buffer;
  68:Generated_Source\PSoC6\pdl\utilities\retarget_io/retarget.c ****             }
  69:Generated_Source\PSoC6\pdl\utilities\retarget_io/retarget.c ****         }
  70:Generated_Source\PSoC6\pdl\utilities\retarget_io/retarget.c ****         return (nChars);
  71:Generated_Source\PSoC6\pdl\utilities\retarget_io/retarget.c ****     }
  72:Generated_Source\PSoC6\pdl\utilities\retarget_io/retarget.c **** #else /* (__GNUC__)  GCC */    
  73:Generated_Source\PSoC6\pdl\utilities\retarget_io/retarget.c ****     /* Add an explicit reference to the floating point printf library to allow
  74:Generated_Source\PSoC6\pdl\utilities\retarget_io/retarget.c ****     the usage of floating point conversion specifier. */
  75:Generated_Source\PSoC6\pdl\utilities\retarget_io/retarget.c ****     __asm (".global _printf_float");
  76:Generated_Source\PSoC6\pdl\utilities\retarget_io/retarget.c ****     /***************************************************************************
  77:Generated_Source\PSoC6\pdl\utilities\retarget_io/retarget.c ****     * Function Name: _write
  78:Generated_Source\PSoC6\pdl\utilities\retarget_io/retarget.c ****     ***************************************************************************/
  79:Generated_Source\PSoC6\pdl\utilities\retarget_io/retarget.c ****     __attribute__((weak)) int _write (int fd, const char *ptr, int len)
  80:Generated_Source\PSoC6\pdl\utilities\retarget_io/retarget.c ****     {
  33              		.loc 1 80 0
  34              		.cfi_startproc
ARM GAS  C:\Users\ADMINI~1\AppData\Local\Temp\ccQdMGuY.s 			page 3


  35              		@ args = 0, pretend = 0, frame = 0
  36              		@ frame_needed = 0, uses_anonymous_args = 0
  37              	.LVL0:
  38 0000 70B5     		push	{r4, r5, r6, lr}
  39              		.cfi_def_cfa_offset 16
  40              		.cfi_offset 4, -16
  41              		.cfi_offset 5, -12
  42              		.cfi_offset 6, -8
  43              		.cfi_offset 14, -4
  44 0002 0D00     		movs	r5, r1
  45 0004 1600     		movs	r6, r2
  46              	.LVL1:
  81:Generated_Source\PSoC6\pdl\utilities\retarget_io/retarget.c ****         int nChars = 0;
  82:Generated_Source\PSoC6\pdl\utilities\retarget_io/retarget.c ****         (void)fd;
  83:Generated_Source\PSoC6\pdl\utilities\retarget_io/retarget.c ****         if (ptr != NULL)
  47              		.loc 1 83 0
  48 0006 0029     		cmp	r1, #0
  49 0008 07D1     		bne	.L5
  81:Generated_Source\PSoC6\pdl\utilities\retarget_io/retarget.c ****         int nChars = 0;
  50              		.loc 1 81 0
  51 000a 0024     		movs	r4, #0
  52 000c 08E0     		b	.L3
  53              	.LVL2:
  54              	.L4:
  84:Generated_Source\PSoC6\pdl\utilities\retarget_io/retarget.c ****         {
  85:Generated_Source\PSoC6\pdl\utilities\retarget_io/retarget.c ****             for (/* Empty */; nChars < len; ++nChars)
  86:Generated_Source\PSoC6\pdl\utilities\retarget_io/retarget.c ****             {
  87:Generated_Source\PSoC6\pdl\utilities\retarget_io/retarget.c ****             #if (STDOUT_CR_LF != 0)
  88:Generated_Source\PSoC6\pdl\utilities\retarget_io/retarget.c ****                 if(*ptr == '\n')
  89:Generated_Source\PSoC6\pdl\utilities\retarget_io/retarget.c ****                 {
  90:Generated_Source\PSoC6\pdl\utilities\retarget_io/retarget.c ****                     STDIO_PutChar('\r');
  91:Generated_Source\PSoC6\pdl\utilities\retarget_io/retarget.c ****                 }
  92:Generated_Source\PSoC6\pdl\utilities\retarget_io/retarget.c ****             #endif /* STDOUT_CR_LF != 0 */
  93:Generated_Source\PSoC6\pdl\utilities\retarget_io/retarget.c ****                 STDIO_PutChar((uint32_t)*ptr);
  55              		.loc 1 93 0 discriminator 2
  56 000e 2878     		ldrb	r0, [r5]
  57 0010 FFF7FEFF 		bl	STDIO_PutChar
  58              	.LVL3:
  94:Generated_Source\PSoC6\pdl\utilities\retarget_io/retarget.c ****                 ++ptr;
  59              		.loc 1 94 0 discriminator 2
  60 0014 0135     		adds	r5, r5, #1
  61              	.LVL4:
  85:Generated_Source\PSoC6\pdl\utilities\retarget_io/retarget.c ****             {
  62              		.loc 1 85 0 discriminator 2
  63 0016 0134     		adds	r4, r4, #1
  64              	.LVL5:
  65 0018 00E0     		b	.L2
  66              	.LVL6:
  67              	.L5:
  68 001a 0024     		movs	r4, #0
  69              	.LVL7:
  70              	.L2:
  85:Generated_Source\PSoC6\pdl\utilities\retarget_io/retarget.c ****             {
  71              		.loc 1 85 0 is_stmt 0 discriminator 1
  72 001c B442     		cmp	r4, r6
  73 001e F6DB     		blt	.L4
  74              	.LVL8:
ARM GAS  C:\Users\ADMINI~1\AppData\Local\Temp\ccQdMGuY.s 			page 4


  75              	.L3:
  95:Generated_Source\PSoC6\pdl\utilities\retarget_io/retarget.c ****             }
  96:Generated_Source\PSoC6\pdl\utilities\retarget_io/retarget.c ****         }
  97:Generated_Source\PSoC6\pdl\utilities\retarget_io/retarget.c ****         return (nChars);
  98:Generated_Source\PSoC6\pdl\utilities\retarget_io/retarget.c ****     }
  76              		.loc 1 98 0 is_stmt 1
  77 0020 2000     		movs	r0, r4
  78              		@ sp needed
  79              	.LVL9:
  80              	.LVL10:
  81              	.LVL11:
  82 0022 70BD     		pop	{r4, r5, r6, pc}
  83              		.cfi_endproc
  84              	.LFE629:
  85              		.size	_write, .-_write
  86              		.section	.text._read,"ax",%progbits
  87              		.align	2
  88              		.weak	_read
  89              		.code	16
  90              		.thumb_func
  91              		.type	_read, %function
  92              	_read:
  93              	.LFB630:
  99:Generated_Source\PSoC6\pdl\utilities\retarget_io/retarget.c **** #endif
 100:Generated_Source\PSoC6\pdl\utilities\retarget_io/retarget.c **** 
 101:Generated_Source\PSoC6\pdl\utilities\retarget_io/retarget.c **** #endif /* IO_STDOUT_ENABLE */
 102:Generated_Source\PSoC6\pdl\utilities\retarget_io/retarget.c **** 
 103:Generated_Source\PSoC6\pdl\utilities\retarget_io/retarget.c **** #if defined(IO_STDIN_ENABLE)
 104:Generated_Source\PSoC6\pdl\utilities\retarget_io/retarget.c **** 
 105:Generated_Source\PSoC6\pdl\utilities\retarget_io/retarget.c **** #if defined(__ARMCC_VERSION) /* ARM-MDK */
 106:Generated_Source\PSoC6\pdl\utilities\retarget_io/retarget.c ****     /***************************************************************************
 107:Generated_Source\PSoC6\pdl\utilities\retarget_io/retarget.c ****     * Function Name: fgetc
 108:Generated_Source\PSoC6\pdl\utilities\retarget_io/retarget.c ****     ***************************************************************************/
 109:Generated_Source\PSoC6\pdl\utilities\retarget_io/retarget.c ****     __attribute__((weak)) int fgetc(FILE *f) 
 110:Generated_Source\PSoC6\pdl\utilities\retarget_io/retarget.c ****     {
 111:Generated_Source\PSoC6\pdl\utilities\retarget_io/retarget.c ****         (void)f;
 112:Generated_Source\PSoC6\pdl\utilities\retarget_io/retarget.c ****         return (STDIO_GetChar());
 113:Generated_Source\PSoC6\pdl\utilities\retarget_io/retarget.c ****     }
 114:Generated_Source\PSoC6\pdl\utilities\retarget_io/retarget.c **** #elif defined (__ICCARM__) /* IAR */
 115:Generated_Source\PSoC6\pdl\utilities\retarget_io/retarget.c ****     __weak size_t __read(int handle, unsigned char * buffer, size_t size)
 116:Generated_Source\PSoC6\pdl\utilities\retarget_io/retarget.c ****     {
 117:Generated_Source\PSoC6\pdl\utilities\retarget_io/retarget.c ****         /* This template only reads from "standard in", for all other file
 118:Generated_Source\PSoC6\pdl\utilities\retarget_io/retarget.c ****         handles it returns failure. */
 119:Generated_Source\PSoC6\pdl\utilities\retarget_io/retarget.c ****         if ((handle != _LLIO_STDIN) || (buffer == NULL))
 120:Generated_Source\PSoC6\pdl\utilities\retarget_io/retarget.c ****         {
 121:Generated_Source\PSoC6\pdl\utilities\retarget_io/retarget.c ****             return (_LLIO_ERROR);
 122:Generated_Source\PSoC6\pdl\utilities\retarget_io/retarget.c ****         }
 123:Generated_Source\PSoC6\pdl\utilities\retarget_io/retarget.c ****         else
 124:Generated_Source\PSoC6\pdl\utilities\retarget_io/retarget.c ****         {
 125:Generated_Source\PSoC6\pdl\utilities\retarget_io/retarget.c ****             *buffer = STDIO_GetChar();
 126:Generated_Source\PSoC6\pdl\utilities\retarget_io/retarget.c ****             return (1);
 127:Generated_Source\PSoC6\pdl\utilities\retarget_io/retarget.c ****         }
 128:Generated_Source\PSoC6\pdl\utilities\retarget_io/retarget.c ****     }
 129:Generated_Source\PSoC6\pdl\utilities\retarget_io/retarget.c **** #else /* (__GNUC__)  GCC */
 130:Generated_Source\PSoC6\pdl\utilities\retarget_io/retarget.c ****     /* Add an explicit reference to the floating point scanf library to allow
 131:Generated_Source\PSoC6\pdl\utilities\retarget_io/retarget.c ****     the usage of floating point conversion specifier. */
 132:Generated_Source\PSoC6\pdl\utilities\retarget_io/retarget.c ****     __asm (".global _scanf_float");
ARM GAS  C:\Users\ADMINI~1\AppData\Local\Temp\ccQdMGuY.s 			page 5


 133:Generated_Source\PSoC6\pdl\utilities\retarget_io/retarget.c ****     __attribute__((weak)) int _read (int fd, char *ptr, int len)
 134:Generated_Source\PSoC6\pdl\utilities\retarget_io/retarget.c ****     {
  94              		.loc 1 134 0
  95              		.cfi_startproc
  96              		@ args = 0, pretend = 0, frame = 0
  97              		@ frame_needed = 0, uses_anonymous_args = 0
  98              	.LVL12:
  99 0000 70B5     		push	{r4, r5, r6, lr}
 100              		.cfi_def_cfa_offset 16
 101              		.cfi_offset 4, -16
 102              		.cfi_offset 5, -12
 103              		.cfi_offset 6, -8
 104              		.cfi_offset 14, -4
 105 0002 0D00     		movs	r5, r1
 106 0004 1600     		movs	r6, r2
 107              	.LVL13:
 135:Generated_Source\PSoC6\pdl\utilities\retarget_io/retarget.c ****         int nChars = 0;
 136:Generated_Source\PSoC6\pdl\utilities\retarget_io/retarget.c ****         (void)fd;
 137:Generated_Source\PSoC6\pdl\utilities\retarget_io/retarget.c ****         if (ptr != NULL)
 108              		.loc 1 137 0
 109 0006 0029     		cmp	r1, #0
 110 0008 0AD1     		bne	.L10
 135:Generated_Source\PSoC6\pdl\utilities\retarget_io/retarget.c ****         int nChars = 0;
 111              		.loc 1 135 0
 112 000a 0024     		movs	r4, #0
 113 000c 0BE0     		b	.L8
 114              	.LVL14:
 115              	.L9:
 138:Generated_Source\PSoC6\pdl\utilities\retarget_io/retarget.c ****         {
 139:Generated_Source\PSoC6\pdl\utilities\retarget_io/retarget.c ****             for(/* Empty */;nChars < len;++ptr)
 140:Generated_Source\PSoC6\pdl\utilities\retarget_io/retarget.c ****             {
 141:Generated_Source\PSoC6\pdl\utilities\retarget_io/retarget.c ****                 *ptr = (char)STDIO_GetChar();
 116              		.loc 1 141 0
 117 000e FFF7FEFF 		bl	STDIO_GetChar
 118              	.LVL15:
 119 0012 C0B2     		uxtb	r0, r0
 120 0014 2870     		strb	r0, [r5]
 142:Generated_Source\PSoC6\pdl\utilities\retarget_io/retarget.c ****                 ++nChars;
 121              		.loc 1 142 0
 122 0016 0134     		adds	r4, r4, #1
 123              	.LVL16:
 143:Generated_Source\PSoC6\pdl\utilities\retarget_io/retarget.c ****                 if(*ptr == '\n')
 124              		.loc 1 143 0
 125 0018 0A28     		cmp	r0, #10
 126 001a 04D0     		beq	.L8
 139:Generated_Source\PSoC6\pdl\utilities\retarget_io/retarget.c ****             {
 127              		.loc 1 139 0
 128 001c 0135     		adds	r5, r5, #1
 129              	.LVL17:
 130 001e 00E0     		b	.L7
 131              	.LVL18:
 132              	.L10:
 133 0020 0024     		movs	r4, #0
 134              	.LVL19:
 135              	.L7:
 139:Generated_Source\PSoC6\pdl\utilities\retarget_io/retarget.c ****             {
 136              		.loc 1 139 0 is_stmt 0 discriminator 1
ARM GAS  C:\Users\ADMINI~1\AppData\Local\Temp\ccQdMGuY.s 			page 6


 137 0022 B442     		cmp	r4, r6
 138 0024 F3DB     		blt	.L9
 139              	.LVL20:
 140              	.L8:
 144:Generated_Source\PSoC6\pdl\utilities\retarget_io/retarget.c ****                 {
 145:Generated_Source\PSoC6\pdl\utilities\retarget_io/retarget.c ****                     break;
 146:Generated_Source\PSoC6\pdl\utilities\retarget_io/retarget.c ****                 }
 147:Generated_Source\PSoC6\pdl\utilities\retarget_io/retarget.c ****             }
 148:Generated_Source\PSoC6\pdl\utilities\retarget_io/retarget.c ****         }
 149:Generated_Source\PSoC6\pdl\utilities\retarget_io/retarget.c ****         return (nChars);
 150:Generated_Source\PSoC6\pdl\utilities\retarget_io/retarget.c ****     }
 141              		.loc 1 150 0 is_stmt 1
 142 0026 2000     		movs	r0, r4
 143              		@ sp needed
 144              	.LVL21:
 145              	.LVL22:
 146              	.LVL23:
 147 0028 70BD     		pop	{r4, r5, r6, pc}
 148              		.cfi_endproc
 149              	.LFE630:
 150              		.size	_read, .-_read
 151 002a C046     		.text
 152              	.Letext0:
 153              		.file 2 "c:\\program files (x86)\\cypress\\psoc creator\\4.4\\psoc creator\\import\\gnu\\arm\\5.4.
 154              		.file 3 "c:\\program files (x86)\\cypress\\psoc creator\\4.4\\psoc creator\\import\\gnu\\arm\\5.4.
 155              		.file 4 "Generated_Source\\PSoC6\\pdl\\drivers/peripheral/tcpwm/cy_tcpwm_pwm.h"
 156              		.file 5 "Generated_Source\\PSoC6\\pdl\\drivers/peripheral/scb/cy_scb_spi.h"
 157              		.file 6 "Generated_Source\\PSoC6\\pdl\\drivers/peripheral/scb/cy_scb_uart.h"
 158              		.file 7 "Generated_Source\\PSoC6\\pdl\\drivers/peripheral/sar/cy_sar.h"
 159              		.file 8 "Generated_Source\\PSoC6/ADC_1.h"
 160              		.file 9 "Generated_Source\\PSoC6/UART.h"
 161              		.file 10 "Generated_Source\\PSoC6/PWM.h"
 162              		.file 11 "Generated_Source\\PSoC6/WS_SPI.h"
 163              		.file 12 "./stdio_user.h"
 164              		.section	.debug_info,"",%progbits
 165              	.Ldebug_info0:
 166 0000 2C060000 		.4byte	0x62c
 167 0004 0400     		.2byte	0x4
 168 0006 00000000 		.4byte	.Ldebug_abbrev0
 169 000a 04       		.byte	0x4
 170 000b 01       		.uleb128 0x1
 171 000c F1000000 		.4byte	.LASF103
 172 0010 0C       		.byte	0xc
 173 0011 0B060000 		.4byte	.LASF104
 174 0015 C8020000 		.4byte	.LASF105
 175 0019 00000000 		.4byte	.Ldebug_ranges0+0
 176 001d 00000000 		.4byte	0
 177 0021 00000000 		.4byte	.Ldebug_line0
 178 0025 02       		.uleb128 0x2
 179 0026 01       		.byte	0x1
 180 0027 06       		.byte	0x6
 181 0028 F0030000 		.4byte	.LASF0
 182 002c 02       		.uleb128 0x2
 183 002d 01       		.byte	0x1
 184 002e 08       		.byte	0x8
 185 002f C4030000 		.4byte	.LASF1
 186 0033 02       		.uleb128 0x2
ARM GAS  C:\Users\ADMINI~1\AppData\Local\Temp\ccQdMGuY.s 			page 7


 187 0034 02       		.byte	0x2
 188 0035 05       		.byte	0x5
 189 0036 8D000000 		.4byte	.LASF2
 190 003a 02       		.uleb128 0x2
 191 003b 02       		.byte	0x2
 192 003c 07       		.byte	0x7
 193 003d 57040000 		.4byte	.LASF3
 194 0041 02       		.uleb128 0x2
 195 0042 04       		.byte	0x4
 196 0043 05       		.byte	0x5
 197 0044 11020000 		.4byte	.LASF4
 198 0048 03       		.uleb128 0x3
 199 0049 CA010000 		.4byte	.LASF12
 200 004d 02       		.byte	0x2
 201 004e 41       		.byte	0x41
 202 004f 53000000 		.4byte	0x53
 203 0053 02       		.uleb128 0x2
 204 0054 04       		.byte	0x4
 205 0055 07       		.byte	0x7
 206 0056 F1040000 		.4byte	.LASF5
 207 005a 02       		.uleb128 0x2
 208 005b 08       		.byte	0x8
 209 005c 05       		.byte	0x5
 210 005d 19030000 		.4byte	.LASF6
 211 0061 02       		.uleb128 0x2
 212 0062 08       		.byte	0x8
 213 0063 07       		.byte	0x7
 214 0064 FC030000 		.4byte	.LASF7
 215 0068 04       		.uleb128 0x4
 216 0069 04       		.byte	0x4
 217 006a 05       		.byte	0x5
 218 006b 696E7400 		.ascii	"int\000"
 219 006f 02       		.uleb128 0x2
 220 0070 04       		.byte	0x4
 221 0071 07       		.byte	0x7
 222 0072 1C040000 		.4byte	.LASF8
 223 0076 02       		.uleb128 0x2
 224 0077 08       		.byte	0x8
 225 0078 04       		.byte	0x4
 226 0079 A0030000 		.4byte	.LASF9
 227 007d 05       		.uleb128 0x5
 228 007e 04       		.byte	0x4
 229 007f 02       		.uleb128 0x2
 230 0080 04       		.byte	0x4
 231 0081 07       		.byte	0x7
 232 0082 AD000000 		.4byte	.LASF10
 233 0086 06       		.uleb128 0x6
 234 0087 04       		.byte	0x4
 235 0088 8C000000 		.4byte	0x8c
 236 008c 02       		.uleb128 0x2
 237 008d 01       		.byte	0x1
 238 008e 08       		.byte	0x8
 239 008f 7B040000 		.4byte	.LASF11
 240 0093 06       		.uleb128 0x6
 241 0094 04       		.byte	0x4
 242 0095 99000000 		.4byte	0x99
 243 0099 07       		.uleb128 0x7
ARM GAS  C:\Users\ADMINI~1\AppData\Local\Temp\ccQdMGuY.s 			page 8


 244 009a 8C000000 		.4byte	0x8c
 245 009e 03       		.uleb128 0x3
 246 009f 13040000 		.4byte	.LASF13
 247 00a3 03       		.byte	0x3
 248 00a4 30       		.byte	0x30
 249 00a5 48000000 		.4byte	0x48
 250 00a9 08       		.uleb128 0x8
 251 00aa 9E000000 		.4byte	0x9e
 252 00ae 02       		.uleb128 0x2
 253 00af 04       		.byte	0x4
 254 00b0 04       		.byte	0x4
 255 00b1 BC020000 		.4byte	.LASF14
 256 00b5 02       		.uleb128 0x2
 257 00b6 08       		.byte	0x8
 258 00b7 04       		.byte	0x4
 259 00b8 03050000 		.4byte	.LASF15
 260 00bc 02       		.uleb128 0x2
 261 00bd 01       		.byte	0x1
 262 00be 02       		.byte	0x2
 263 00bf BA040000 		.4byte	.LASF16
 264 00c3 09       		.uleb128 0x9
 265 00c4 B2010000 		.4byte	.LASF44
 266 00c8 64       		.byte	0x64
 267 00c9 04       		.byte	0x4
 268 00ca 2B       		.byte	0x2b
 269 00cb FC010000 		.4byte	0x1fc
 270 00cf 0A       		.uleb128 0xa
 271 00d0 B6050000 		.4byte	.LASF17
 272 00d4 04       		.byte	0x4
 273 00d5 2D       		.byte	0x2d
 274 00d6 9E000000 		.4byte	0x9e
 275 00da 00       		.byte	0
 276 00db 0A       		.uleb128 0xa
 277 00dc 26000000 		.4byte	.LASF18
 278 00e0 04       		.byte	0x4
 279 00e1 2F       		.byte	0x2f
 280 00e2 9E000000 		.4byte	0x9e
 281 00e6 04       		.byte	0x4
 282 00e7 0A       		.uleb128 0xa
 283 00e8 1A020000 		.4byte	.LASF19
 284 00ec 04       		.byte	0x4
 285 00ed 30       		.byte	0x30
 286 00ee 9E000000 		.4byte	0x9e
 287 00f2 08       		.byte	0x8
 288 00f3 0A       		.uleb128 0xa
 289 00f4 AB040000 		.4byte	.LASF20
 290 00f8 04       		.byte	0x4
 291 00f9 31       		.byte	0x31
 292 00fa 9E000000 		.4byte	0x9e
 293 00fe 0C       		.byte	0xc
 294 00ff 0A       		.uleb128 0xa
 295 0100 32030000 		.4byte	.LASF21
 296 0104 04       		.byte	0x4
 297 0105 32       		.byte	0x32
 298 0106 9E000000 		.4byte	0x9e
 299 010a 10       		.byte	0x10
 300 010b 0A       		.uleb128 0xa
ARM GAS  C:\Users\ADMINI~1\AppData\Local\Temp\ccQdMGuY.s 			page 9


 301 010c 97000000 		.4byte	.LASF22
 302 0110 04       		.byte	0x4
 303 0111 33       		.byte	0x33
 304 0112 9E000000 		.4byte	0x9e
 305 0116 14       		.byte	0x14
 306 0117 0A       		.uleb128 0xa
 307 0118 AE050000 		.4byte	.LASF23
 308 011c 04       		.byte	0x4
 309 011d 34       		.byte	0x34
 310 011e 9E000000 		.4byte	0x9e
 311 0122 18       		.byte	0x18
 312 0123 0A       		.uleb128 0xa
 313 0124 4C020000 		.4byte	.LASF24
 314 0128 04       		.byte	0x4
 315 0129 35       		.byte	0x35
 316 012a BC000000 		.4byte	0xbc
 317 012e 1C       		.byte	0x1c
 318 012f 0A       		.uleb128 0xa
 319 0130 44000000 		.4byte	.LASF25
 320 0134 04       		.byte	0x4
 321 0135 36       		.byte	0x36
 322 0136 9E000000 		.4byte	0x9e
 323 013a 20       		.byte	0x20
 324 013b 0A       		.uleb128 0xa
 325 013c 4D000000 		.4byte	.LASF26
 326 0140 04       		.byte	0x4
 327 0141 37       		.byte	0x37
 328 0142 9E000000 		.4byte	0x9e
 329 0146 24       		.byte	0x24
 330 0147 0A       		.uleb128 0xa
 331 0148 39040000 		.4byte	.LASF27
 332 014c 04       		.byte	0x4
 333 014d 38       		.byte	0x38
 334 014e BC000000 		.4byte	0xbc
 335 0152 28       		.byte	0x28
 336 0153 0A       		.uleb128 0xa
 337 0154 CC040000 		.4byte	.LASF28
 338 0158 04       		.byte	0x4
 339 0159 3A       		.byte	0x3a
 340 015a 9E000000 		.4byte	0x9e
 341 015e 2C       		.byte	0x2c
 342 015f 0A       		.uleb128 0xa
 343 0160 75030000 		.4byte	.LASF29
 344 0164 04       		.byte	0x4
 345 0165 3B       		.byte	0x3b
 346 0166 9E000000 		.4byte	0x9e
 347 016a 30       		.byte	0x30
 348 016b 0A       		.uleb128 0xa
 349 016c 47060000 		.4byte	.LASF30
 350 0170 04       		.byte	0x4
 351 0171 3C       		.byte	0x3c
 352 0172 9E000000 		.4byte	0x9e
 353 0176 34       		.byte	0x34
 354 0177 0A       		.uleb128 0xa
 355 0178 68020000 		.4byte	.LASF31
 356 017c 04       		.byte	0x4
 357 017d 3D       		.byte	0x3d
ARM GAS  C:\Users\ADMINI~1\AppData\Local\Temp\ccQdMGuY.s 			page 10


 358 017e 9E000000 		.4byte	0x9e
 359 0182 38       		.byte	0x38
 360 0183 0A       		.uleb128 0xa
 361 0184 0A050000 		.4byte	.LASF32
 362 0188 04       		.byte	0x4
 363 0189 3E       		.byte	0x3e
 364 018a 9E000000 		.4byte	0x9e
 365 018e 3C       		.byte	0x3c
 366 018f 0A       		.uleb128 0xa
 367 0190 96030000 		.4byte	.LASF33
 368 0194 04       		.byte	0x4
 369 0195 40       		.byte	0x40
 370 0196 9E000000 		.4byte	0x9e
 371 019a 40       		.byte	0x40
 372 019b 0A       		.uleb128 0xa
 373 019c 09030000 		.4byte	.LASF34
 374 01a0 04       		.byte	0x4
 375 01a1 41       		.byte	0x41
 376 01a2 9E000000 		.4byte	0x9e
 377 01a6 44       		.byte	0x44
 378 01a7 0A       		.uleb128 0xa
 379 01a8 00000000 		.4byte	.LASF35
 380 01ac 04       		.byte	0x4
 381 01ad 43       		.byte	0x43
 382 01ae 9E000000 		.4byte	0x9e
 383 01b2 48       		.byte	0x48
 384 01b3 0A       		.uleb128 0xa
 385 01b4 AC030000 		.4byte	.LASF36
 386 01b8 04       		.byte	0x4
 387 01b9 44       		.byte	0x44
 388 01ba 9E000000 		.4byte	0x9e
 389 01be 4C       		.byte	0x4c
 390 01bf 0A       		.uleb128 0xa
 391 01c0 26050000 		.4byte	.LASF37
 392 01c4 04       		.byte	0x4
 393 01c5 46       		.byte	0x46
 394 01c6 9E000000 		.4byte	0x9e
 395 01ca 50       		.byte	0x50
 396 01cb 0A       		.uleb128 0xa
 397 01cc E2030000 		.4byte	.LASF38
 398 01d0 04       		.byte	0x4
 399 01d1 47       		.byte	0x47
 400 01d2 9E000000 		.4byte	0x9e
 401 01d6 54       		.byte	0x54
 402 01d7 0A       		.uleb128 0xa
 403 01d8 31020000 		.4byte	.LASF39
 404 01dc 04       		.byte	0x4
 405 01dd 49       		.byte	0x49
 406 01de 9E000000 		.4byte	0x9e
 407 01e2 58       		.byte	0x58
 408 01e3 0A       		.uleb128 0xa
 409 01e4 35000000 		.4byte	.LASF40
 410 01e8 04       		.byte	0x4
 411 01e9 4A       		.byte	0x4a
 412 01ea 9E000000 		.4byte	0x9e
 413 01ee 5C       		.byte	0x5c
 414 01ef 0A       		.uleb128 0xa
ARM GAS  C:\Users\ADMINI~1\AppData\Local\Temp\ccQdMGuY.s 			page 11


 415 01f0 D8050000 		.4byte	.LASF41
 416 01f4 04       		.byte	0x4
 417 01f5 4C       		.byte	0x4c
 418 01f6 9E000000 		.4byte	0x9e
 419 01fa 60       		.byte	0x60
 420 01fb 00       		.byte	0
 421 01fc 03       		.uleb128 0x3
 422 01fd 3A030000 		.4byte	.LASF42
 423 0201 04       		.byte	0x4
 424 0202 4D       		.byte	0x4d
 425 0203 C3000000 		.4byte	0xc3
 426 0207 06       		.uleb128 0x6
 427 0208 04       		.byte	0x4
 428 0209 0D020000 		.4byte	0x20d
 429 020d 0B       		.uleb128 0xb
 430 020e 18020000 		.4byte	0x218
 431 0212 0C       		.uleb128 0xc
 432 0213 9E000000 		.4byte	0x9e
 433 0217 00       		.byte	0
 434 0218 0D       		.uleb128 0xd
 435 0219 71020000 		.4byte	.LASF43
 436 021d 05       		.byte	0x5
 437 021e BF01     		.2byte	0x1bf
 438 0220 07020000 		.4byte	0x207
 439 0224 0E       		.uleb128 0xe
 440 0225 F4050000 		.4byte	.LASF45
 441 0229 24       		.byte	0x24
 442 022a 05       		.byte	0x5
 443 022b 4102     		.2byte	0x241
 444 022d A7020000 		.4byte	0x2a7
 445 0231 0F       		.uleb128 0xf
 446 0232 50040000 		.4byte	.LASF46
 447 0236 05       		.byte	0x5
 448 0237 4402     		.2byte	0x244
 449 0239 A9000000 		.4byte	0xa9
 450 023d 00       		.byte	0
 451 023e 0F       		.uleb128 0xf
 452 023f 6A040000 		.4byte	.LASF47
 453 0243 05       		.byte	0x5
 454 0244 4602     		.2byte	0x246
 455 0246 7D000000 		.4byte	0x7d
 456 024a 04       		.byte	0x4
 457 024b 0F       		.uleb128 0xf
 458 024c 56000000 		.4byte	.LASF48
 459 0250 05       		.byte	0x5
 460 0251 4702     		.2byte	0x247
 461 0253 9E000000 		.4byte	0x9e
 462 0257 08       		.byte	0x8
 463 0258 0F       		.uleb128 0xf
 464 0259 08020000 		.4byte	.LASF49
 465 025d 05       		.byte	0x5
 466 025e 4802     		.2byte	0x248
 467 0260 A9000000 		.4byte	0xa9
 468 0264 0C       		.byte	0xc
 469 0265 0F       		.uleb128 0xf
 470 0266 C2020000 		.4byte	.LASF50
 471 026a 05       		.byte	0x5
ARM GAS  C:\Users\ADMINI~1\AppData\Local\Temp\ccQdMGuY.s 			page 12


 472 026b 4A02     		.2byte	0x24a
 473 026d 7D000000 		.4byte	0x7d
 474 0271 10       		.byte	0x10
 475 0272 0F       		.uleb128 0xf
 476 0273 54030000 		.4byte	.LASF51
 477 0277 05       		.byte	0x5
 478 0278 4B02     		.2byte	0x24b
 479 027a 9E000000 		.4byte	0x9e
 480 027e 14       		.byte	0x14
 481 027f 0F       		.uleb128 0xf
 482 0280 6C030000 		.4byte	.LASF52
 483 0284 05       		.byte	0x5
 484 0285 4C02     		.2byte	0x24c
 485 0287 A9000000 		.4byte	0xa9
 486 028b 18       		.byte	0x18
 487 028c 0F       		.uleb128 0xf
 488 028d 8A040000 		.4byte	.LASF53
 489 0291 05       		.byte	0x5
 490 0292 5202     		.2byte	0x252
 491 0294 18020000 		.4byte	0x218
 492 0298 1C       		.byte	0x1c
 493 0299 0F       		.uleb128 0xf
 494 029a 4A050000 		.4byte	.LASF54
 495 029e 05       		.byte	0x5
 496 029f 5502     		.2byte	0x255
 497 02a1 9E000000 		.4byte	0x9e
 498 02a5 20       		.byte	0x20
 499 02a6 00       		.byte	0
 500 02a7 0D       		.uleb128 0xd
 501 02a8 83010000 		.4byte	.LASF55
 502 02ac 05       		.byte	0x5
 503 02ad 5802     		.2byte	0x258
 504 02af 24020000 		.4byte	0x224
 505 02b3 0D       		.uleb128 0xd
 506 02b4 60000000 		.4byte	.LASF56
 507 02b8 06       		.byte	0x6
 508 02b9 AB01     		.2byte	0x1ab
 509 02bb 07020000 		.4byte	0x207
 510 02bf 0E       		.uleb128 0xe
 511 02c0 CD000000 		.4byte	.LASF57
 512 02c4 38       		.byte	0x38
 513 02c5 06       		.byte	0x6
 514 02c6 4702     		.2byte	0x247
 515 02c8 83030000 		.4byte	0x383
 516 02cc 0F       		.uleb128 0xf
 517 02cd D5010000 		.4byte	.LASF58
 518 02d1 06       		.byte	0x6
 519 02d2 4A02     		.2byte	0x24a
 520 02d4 A9000000 		.4byte	0xa9
 521 02d8 00       		.byte	0
 522 02d9 0F       		.uleb128 0xf
 523 02da BB030000 		.4byte	.LASF59
 524 02de 06       		.byte	0x6
 525 02df 4B02     		.2byte	0x24b
 526 02e1 A9000000 		.4byte	0xa9
 527 02e5 04       		.byte	0x4
 528 02e6 0F       		.uleb128 0xf
ARM GAS  C:\Users\ADMINI~1\AppData\Local\Temp\ccQdMGuY.s 			page 13


 529 02e7 D2030000 		.4byte	.LASF60
 530 02eb 06       		.byte	0x6
 531 02ec 4D02     		.2byte	0x24d
 532 02ee 7D000000 		.4byte	0x7d
 533 02f2 08       		.byte	0x8
 534 02f3 0F       		.uleb128 0xf
 535 02f4 7F000000 		.4byte	.LASF61
 536 02f8 06       		.byte	0x6
 537 02f9 4E02     		.2byte	0x24e
 538 02fb 9E000000 		.4byte	0x9e
 539 02ff 0C       		.byte	0xc
 540 0300 0F       		.uleb128 0xf
 541 0301 18050000 		.4byte	.LASF62
 542 0305 06       		.byte	0x6
 543 0306 4F02     		.2byte	0x24f
 544 0308 A9000000 		.4byte	0xa9
 545 030c 10       		.byte	0x10
 546 030d 0F       		.uleb128 0xf
 547 030e 8D050000 		.4byte	.LASF63
 548 0312 06       		.byte	0x6
 549 0313 5002     		.2byte	0x250
 550 0315 A9000000 		.4byte	0xa9
 551 0319 14       		.byte	0x14
 552 031a 0F       		.uleb128 0xf
 553 031b 6A040000 		.4byte	.LASF47
 554 031f 06       		.byte	0x6
 555 0320 5202     		.2byte	0x252
 556 0322 7D000000 		.4byte	0x7d
 557 0326 18       		.byte	0x18
 558 0327 0F       		.uleb128 0xf
 559 0328 56000000 		.4byte	.LASF48
 560 032c 06       		.byte	0x6
 561 032d 5302     		.2byte	0x253
 562 032f 9E000000 		.4byte	0x9e
 563 0333 1C       		.byte	0x1c
 564 0334 0F       		.uleb128 0xf
 565 0335 08020000 		.4byte	.LASF49
 566 0339 06       		.byte	0x6
 567 033a 5402     		.2byte	0x254
 568 033c A9000000 		.4byte	0xa9
 569 0340 20       		.byte	0x20
 570 0341 0F       		.uleb128 0xf
 571 0342 C2020000 		.4byte	.LASF50
 572 0346 06       		.byte	0x6
 573 0347 5602     		.2byte	0x256
 574 0349 7D000000 		.4byte	0x7d
 575 034d 24       		.byte	0x24
 576 034e 0F       		.uleb128 0xf
 577 034f 54030000 		.4byte	.LASF51
 578 0353 06       		.byte	0x6
 579 0354 5702     		.2byte	0x257
 580 0356 9E000000 		.4byte	0x9e
 581 035a 28       		.byte	0x28
 582 035b 0F       		.uleb128 0xf
 583 035c E3050000 		.4byte	.LASF64
 584 0360 06       		.byte	0x6
 585 0361 5802     		.2byte	0x258
ARM GAS  C:\Users\ADMINI~1\AppData\Local\Temp\ccQdMGuY.s 			page 14


 586 0363 A9000000 		.4byte	0xa9
 587 0367 2C       		.byte	0x2c
 588 0368 0F       		.uleb128 0xf
 589 0369 8A040000 		.4byte	.LASF53
 590 036d 06       		.byte	0x6
 591 036e 5D02     		.2byte	0x25d
 592 0370 B3020000 		.4byte	0x2b3
 593 0374 30       		.byte	0x30
 594 0375 0F       		.uleb128 0xf
 595 0376 4A050000 		.4byte	.LASF54
 596 037a 06       		.byte	0x6
 597 037b 6002     		.2byte	0x260
 598 037d 9E000000 		.4byte	0x9e
 599 0381 34       		.byte	0x34
 600 0382 00       		.byte	0
 601 0383 0D       		.uleb128 0xd
 602 0384 73050000 		.4byte	.LASF65
 603 0388 06       		.byte	0x6
 604 0389 6302     		.2byte	0x263
 605 038b BF020000 		.4byte	0x2bf
 606 038f 10       		.uleb128 0x10
 607 0390 01       		.byte	0x1
 608 0391 2C000000 		.4byte	0x2c
 609 0395 07       		.byte	0x7
 610 0396 0504     		.2byte	0x405
 611 0398 B5030000 		.4byte	0x3b5
 612 039c 11       		.uleb128 0x11
 613 039d 96020000 		.4byte	.LASF66
 614 03a1 00       		.byte	0
 615 03a2 11       		.uleb128 0x11
 616 03a3 31050000 		.4byte	.LASF67
 617 03a7 01       		.byte	0x1
 618 03a8 11       		.uleb128 0x11
 619 03a9 93040000 		.4byte	.LASF68
 620 03ad 02       		.byte	0x2
 621 03ae 11       		.uleb128 0x11
 622 03af 0C000000 		.4byte	.LASF69
 623 03b3 03       		.byte	0x3
 624 03b4 00       		.byte	0
 625 03b5 0D       		.uleb128 0xd
 626 03b6 DE010000 		.4byte	.LASF70
 627 03ba 07       		.byte	0x7
 628 03bb 0A04     		.2byte	0x40a
 629 03bd 8F030000 		.4byte	0x38f
 630 03c1 12       		.uleb128 0x12
 631 03c2 78       		.byte	0x78
 632 03c3 07       		.byte	0x7
 633 03c4 F404     		.2byte	0x4f4
 634 03c6 8E040000 		.4byte	0x48e
 635 03ca 0F       		.uleb128 0xf
 636 03cb 4B040000 		.4byte	.LASF71
 637 03cf 07       		.byte	0x7
 638 03d0 F604     		.2byte	0x4f6
 639 03d2 9E000000 		.4byte	0x9e
 640 03d6 00       		.byte	0
 641 03d7 0F       		.uleb128 0xf
 642 03d8 C2000000 		.4byte	.LASF72
ARM GAS  C:\Users\ADMINI~1\AppData\Local\Temp\ccQdMGuY.s 			page 15


 643 03dc 07       		.byte	0x7
 644 03dd F704     		.2byte	0x4f7
 645 03df 9E000000 		.4byte	0x9e
 646 03e3 04       		.byte	0x4
 647 03e4 0F       		.uleb128 0xf
 648 03e5 52050000 		.4byte	.LASF73
 649 03e9 07       		.byte	0x7
 650 03ea F804     		.2byte	0x4f8
 651 03ec 9E000000 		.4byte	0x9e
 652 03f0 08       		.byte	0x8
 653 03f1 0F       		.uleb128 0xf
 654 03f2 CB050000 		.4byte	.LASF74
 655 03f6 07       		.byte	0x7
 656 03f7 F904     		.2byte	0x4f9
 657 03f9 9E000000 		.4byte	0x9e
 658 03fd 0C       		.byte	0xc
 659 03fe 0F       		.uleb128 0xf
 660 03ff A7010000 		.4byte	.LASF75
 661 0403 07       		.byte	0x7
 662 0404 FA04     		.2byte	0x4fa
 663 0406 9E000000 		.4byte	0x9e
 664 040a 10       		.byte	0x10
 665 040b 0F       		.uleb128 0xf
 666 040c 27020000 		.4byte	.LASF76
 667 0410 07       		.byte	0x7
 668 0411 FB04     		.2byte	0x4fb
 669 0413 B5030000 		.4byte	0x3b5
 670 0417 14       		.byte	0x14
 671 0418 0F       		.uleb128 0xf
 672 0419 9B050000 		.4byte	.LASF77
 673 041d 07       		.byte	0x7
 674 041e FC04     		.2byte	0x4fc
 675 0420 9E000000 		.4byte	0x9e
 676 0424 18       		.byte	0x18
 677 0425 0F       		.uleb128 0xf
 678 0426 27030000 		.4byte	.LASF78
 679 042a 07       		.byte	0x7
 680 042b FD04     		.2byte	0x4fd
 681 042d 8E040000 		.4byte	0x48e
 682 0431 1C       		.byte	0x1c
 683 0432 0F       		.uleb128 0xf
 684 0433 55060000 		.4byte	.LASF79
 685 0437 07       		.byte	0x7
 686 0438 FE04     		.2byte	0x4fe
 687 043a 9E000000 		.4byte	0x9e
 688 043e 5C       		.byte	0x5c
 689 043f 0F       		.uleb128 0xf
 690 0440 B6000000 		.4byte	.LASF80
 691 0444 07       		.byte	0x7
 692 0445 FF04     		.2byte	0x4ff
 693 0447 9E000000 		.4byte	0x9e
 694 044b 60       		.byte	0x60
 695 044c 0F       		.uleb128 0xf
 696 044d 5E060000 		.4byte	.LASF81
 697 0451 07       		.byte	0x7
 698 0452 0005     		.2byte	0x500
 699 0454 9E000000 		.4byte	0x9e
ARM GAS  C:\Users\ADMINI~1\AppData\Local\Temp\ccQdMGuY.s 			page 16


 700 0458 64       		.byte	0x64
 701 0459 0F       		.uleb128 0xf
 702 045a 80040000 		.4byte	.LASF82
 703 045e 07       		.byte	0x7
 704 045f 0105     		.2byte	0x501
 705 0461 9E000000 		.4byte	0x9e
 706 0465 68       		.byte	0x68
 707 0466 0F       		.uleb128 0xf
 708 0467 29040000 		.4byte	.LASF83
 709 046b 07       		.byte	0x7
 710 046c 0205     		.2byte	0x502
 711 046e 9E000000 		.4byte	0x9e
 712 0472 6C       		.byte	0x6c
 713 0473 0F       		.uleb128 0xf
 714 0474 AE020000 		.4byte	.LASF84
 715 0478 07       		.byte	0x7
 716 0479 0305     		.2byte	0x503
 717 047b BC000000 		.4byte	0xbc
 718 047f 70       		.byte	0x70
 719 0480 0F       		.uleb128 0xf
 720 0481 E5000000 		.4byte	.LASF85
 721 0485 07       		.byte	0x7
 722 0486 0405     		.2byte	0x504
 723 0488 9E000000 		.4byte	0x9e
 724 048c 74       		.byte	0x74
 725 048d 00       		.byte	0
 726 048e 13       		.uleb128 0x13
 727 048f 9E000000 		.4byte	0x9e
 728 0493 9E040000 		.4byte	0x49e
 729 0497 14       		.uleb128 0x14
 730 0498 7F000000 		.4byte	0x7f
 731 049c 0F       		.byte	0xf
 732 049d 00       		.byte	0
 733 049e 0D       		.uleb128 0xd
 734 049f 5F050000 		.4byte	.LASF86
 735 04a3 07       		.byte	0x7
 736 04a4 0505     		.2byte	0x505
 737 04a6 C1030000 		.4byte	0x3c1
 738 04aa 15       		.uleb128 0x15
 739 04ab 14       		.byte	0x14
 740 04ac 08       		.byte	0x8
 741 04ad 3B       		.byte	0x3b
 742 04ae EF040000 		.4byte	0x4ef
 743 04b2 0A       		.uleb128 0xa
 744 04b3 7B060000 		.4byte	.LASF87
 745 04b7 08       		.byte	0x8
 746 04b8 3D       		.byte	0x3d
 747 04b9 9E000000 		.4byte	0x9e
 748 04bd 00       		.byte	0
 749 04be 0A       		.uleb128 0xa
 750 04bf A2050000 		.4byte	.LASF88
 751 04c3 08       		.byte	0x8
 752 04c4 3E       		.byte	0x3e
 753 04c5 9E000000 		.4byte	0x9e
 754 04c9 04       		.byte	0x4
 755 04ca 0A       		.uleb128 0xa
 756 04cb C0040000 		.4byte	.LASF89
ARM GAS  C:\Users\ADMINI~1\AppData\Local\Temp\ccQdMGuY.s 			page 17


 757 04cf 08       		.byte	0x8
 758 04d0 3F       		.byte	0x3f
 759 04d1 EF040000 		.4byte	0x4ef
 760 04d5 08       		.byte	0x8
 761 04d6 0A       		.uleb128 0xa
 762 04d7 70040000 		.4byte	.LASF90
 763 04db 08       		.byte	0x8
 764 04dc 40       		.byte	0x40
 765 04dd 9E000000 		.4byte	0x9e
 766 04e1 0C       		.byte	0xc
 767 04e2 0A       		.uleb128 0xa
 768 04e3 5D020000 		.4byte	.LASF91
 769 04e7 08       		.byte	0x8
 770 04e8 45       		.byte	0x45
 771 04e9 9E000000 		.4byte	0x9e
 772 04ed 10       		.byte	0x10
 773 04ee 00       		.byte	0
 774 04ef 06       		.uleb128 0x6
 775 04f0 04       		.byte	0x4
 776 04f1 F5040000 		.4byte	0x4f5
 777 04f5 07       		.uleb128 0x7
 778 04f6 9E040000 		.4byte	0x49e
 779 04fa 03       		.uleb128 0x3
 780 04fb DD040000 		.4byte	.LASF92
 781 04ff 08       		.byte	0x8
 782 0500 48       		.byte	0x48
 783 0501 AA040000 		.4byte	0x4aa
 784 0505 16       		.uleb128 0x16
 785 0506 8F020000 		.4byte	.LASF93
 786 050a 01       		.byte	0x1
 787 050b 4F       		.byte	0x4f
 788 050c 68000000 		.4byte	0x68
 789 0510 00000000 		.4byte	.LFB629
 790 0514 24000000 		.4byte	.LFE629-.LFB629
 791 0518 01       		.uleb128 0x1
 792 0519 9C       		.byte	0x9c
 793 051a 63050000 		.4byte	0x563
 794 051e 17       		.uleb128 0x17
 795 051f 666400   		.ascii	"fd\000"
 796 0522 01       		.byte	0x1
 797 0523 4F       		.byte	0x4f
 798 0524 68000000 		.4byte	0x68
 799 0528 00000000 		.4byte	.LLST0
 800 052c 17       		.uleb128 0x17
 801 052d 70747200 		.ascii	"ptr\000"
 802 0531 01       		.byte	0x1
 803 0532 4F       		.byte	0x4f
 804 0533 93000000 		.4byte	0x93
 805 0537 3A000000 		.4byte	.LLST1
 806 053b 17       		.uleb128 0x17
 807 053c 6C656E00 		.ascii	"len\000"
 808 0540 01       		.byte	0x1
 809 0541 4F       		.byte	0x4f
 810 0542 68000000 		.4byte	0x68
 811 0546 6E000000 		.4byte	.LLST2
 812 054a 18       		.uleb128 0x18
 813 054b 01020000 		.4byte	.LASF95
ARM GAS  C:\Users\ADMINI~1\AppData\Local\Temp\ccQdMGuY.s 			page 18


 814 054f 01       		.byte	0x1
 815 0550 51       		.byte	0x51
 816 0551 68000000 		.4byte	0x68
 817 0555 B0000000 		.4byte	.LLST3
 818 0559 19       		.uleb128 0x19
 819 055a 14000000 		.4byte	.LVL3
 820 055e 19060000 		.4byte	0x619
 821 0562 00       		.byte	0
 822 0563 16       		.uleb128 0x16
 823 0564 DC030000 		.4byte	.LASF94
 824 0568 01       		.byte	0x1
 825 0569 85       		.byte	0x85
 826 056a 68000000 		.4byte	0x68
 827 056e 00000000 		.4byte	.LFB630
 828 0572 2A000000 		.4byte	.LFE630-.LFB630
 829 0576 01       		.uleb128 0x1
 830 0577 9C       		.byte	0x9c
 831 0578 C1050000 		.4byte	0x5c1
 832 057c 17       		.uleb128 0x17
 833 057d 666400   		.ascii	"fd\000"
 834 0580 01       		.byte	0x1
 835 0581 85       		.byte	0x85
 836 0582 68000000 		.4byte	0x68
 837 0586 F1000000 		.4byte	.LLST4
 838 058a 17       		.uleb128 0x17
 839 058b 70747200 		.ascii	"ptr\000"
 840 058f 01       		.byte	0x1
 841 0590 85       		.byte	0x85
 842 0591 86000000 		.4byte	0x86
 843 0595 2B010000 		.4byte	.LLST5
 844 0599 17       		.uleb128 0x17
 845 059a 6C656E00 		.ascii	"len\000"
 846 059e 01       		.byte	0x1
 847 059f 85       		.byte	0x85
 848 05a0 68000000 		.4byte	0x68
 849 05a4 5F010000 		.4byte	.LLST6
 850 05a8 18       		.uleb128 0x18
 851 05a9 01020000 		.4byte	.LASF95
 852 05ad 01       		.byte	0x1
 853 05ae 87       		.byte	0x87
 854 05af 68000000 		.4byte	0x68
 855 05b3 A1010000 		.4byte	.LLST7
 856 05b7 19       		.uleb128 0x19
 857 05b8 12000000 		.4byte	.LVL15
 858 05bc 24060000 		.4byte	0x624
 859 05c0 00       		.byte	0
 860 05c1 1A       		.uleb128 0x1a
 861 05c2 BE050000 		.4byte	.LASF96
 862 05c6 09       		.byte	0x9
 863 05c7 87       		.byte	0x87
 864 05c8 83030000 		.4byte	0x383
 865 05cc 1A       		.uleb128 0x1a
 866 05cd 9C010000 		.4byte	.LASF97
 867 05d1 0A       		.byte	0xa
 868 05d2 1F       		.byte	0x1f
 869 05d3 D7050000 		.4byte	0x5d7
 870 05d7 07       		.uleb128 0x7
ARM GAS  C:\Users\ADMINI~1\AppData\Local\Temp\ccQdMGuY.s 			page 19


 871 05d8 FC010000 		.4byte	0x1fc
 872 05dc 1A       		.uleb128 0x1a
 873 05dd 6C060000 		.4byte	.LASF98
 874 05e1 0B       		.byte	0xb
 875 05e2 5E       		.byte	0x5e
 876 05e3 A7020000 		.4byte	0x2a7
 877 05e7 1B       		.uleb128 0x1b
 878 05e8 82030000 		.4byte	.LASF99
 879 05ec 08       		.byte	0x8
 880 05ed 6001     		.2byte	0x160
 881 05ef 9E000000 		.4byte	0x9e
 882 05f3 13       		.uleb128 0x13
 883 05f4 03060000 		.4byte	0x603
 884 05f8 03060000 		.4byte	0x603
 885 05fc 14       		.uleb128 0x14
 886 05fd 7F000000 		.4byte	0x7f
 887 0601 00       		.byte	0
 888 0602 00       		.byte	0
 889 0603 07       		.uleb128 0x7
 890 0604 FA040000 		.4byte	0x4fa
 891 0608 1B       		.uleb128 0x1b
 892 0609 3B020000 		.4byte	.LASF100
 893 060d 08       		.byte	0x8
 894 060e 6401     		.2byte	0x164
 895 0610 14060000 		.4byte	0x614
 896 0614 07       		.uleb128 0x7
 897 0615 F3050000 		.4byte	0x5f3
 898 0619 1C       		.uleb128 0x1c
 899 061a 5E030000 		.4byte	.LASF101
 900 061e 5E030000 		.4byte	.LASF101
 901 0622 0C       		.byte	0xc
 902 0623 9E       		.byte	0x9e
 903 0624 1C       		.uleb128 0x1c
 904 0625 9F000000 		.4byte	.LASF102
 905 0629 9F000000 		.4byte	.LASF102
 906 062d 0C       		.byte	0xc
 907 062e A2       		.byte	0xa2
 908 062f 00       		.byte	0
 909              		.section	.debug_abbrev,"",%progbits
 910              	.Ldebug_abbrev0:
 911 0000 01       		.uleb128 0x1
 912 0001 11       		.uleb128 0x11
 913 0002 01       		.byte	0x1
 914 0003 25       		.uleb128 0x25
 915 0004 0E       		.uleb128 0xe
 916 0005 13       		.uleb128 0x13
 917 0006 0B       		.uleb128 0xb
 918 0007 03       		.uleb128 0x3
 919 0008 0E       		.uleb128 0xe
 920 0009 1B       		.uleb128 0x1b
 921 000a 0E       		.uleb128 0xe
 922 000b 55       		.uleb128 0x55
 923 000c 17       		.uleb128 0x17
 924 000d 11       		.uleb128 0x11
 925 000e 01       		.uleb128 0x1
 926 000f 10       		.uleb128 0x10
 927 0010 17       		.uleb128 0x17
ARM GAS  C:\Users\ADMINI~1\AppData\Local\Temp\ccQdMGuY.s 			page 20


 928 0011 00       		.byte	0
 929 0012 00       		.byte	0
 930 0013 02       		.uleb128 0x2
 931 0014 24       		.uleb128 0x24
 932 0015 00       		.byte	0
 933 0016 0B       		.uleb128 0xb
 934 0017 0B       		.uleb128 0xb
 935 0018 3E       		.uleb128 0x3e
 936 0019 0B       		.uleb128 0xb
 937 001a 03       		.uleb128 0x3
 938 001b 0E       		.uleb128 0xe
 939 001c 00       		.byte	0
 940 001d 00       		.byte	0
 941 001e 03       		.uleb128 0x3
 942 001f 16       		.uleb128 0x16
 943 0020 00       		.byte	0
 944 0021 03       		.uleb128 0x3
 945 0022 0E       		.uleb128 0xe
 946 0023 3A       		.uleb128 0x3a
 947 0024 0B       		.uleb128 0xb
 948 0025 3B       		.uleb128 0x3b
 949 0026 0B       		.uleb128 0xb
 950 0027 49       		.uleb128 0x49
 951 0028 13       		.uleb128 0x13
 952 0029 00       		.byte	0
 953 002a 00       		.byte	0
 954 002b 04       		.uleb128 0x4
 955 002c 24       		.uleb128 0x24
 956 002d 00       		.byte	0
 957 002e 0B       		.uleb128 0xb
 958 002f 0B       		.uleb128 0xb
 959 0030 3E       		.uleb128 0x3e
 960 0031 0B       		.uleb128 0xb
 961 0032 03       		.uleb128 0x3
 962 0033 08       		.uleb128 0x8
 963 0034 00       		.byte	0
 964 0035 00       		.byte	0
 965 0036 05       		.uleb128 0x5
 966 0037 0F       		.uleb128 0xf
 967 0038 00       		.byte	0
 968 0039 0B       		.uleb128 0xb
 969 003a 0B       		.uleb128 0xb
 970 003b 00       		.byte	0
 971 003c 00       		.byte	0
 972 003d 06       		.uleb128 0x6
 973 003e 0F       		.uleb128 0xf
 974 003f 00       		.byte	0
 975 0040 0B       		.uleb128 0xb
 976 0041 0B       		.uleb128 0xb
 977 0042 49       		.uleb128 0x49
 978 0043 13       		.uleb128 0x13
 979 0044 00       		.byte	0
 980 0045 00       		.byte	0
 981 0046 07       		.uleb128 0x7
 982 0047 26       		.uleb128 0x26
 983 0048 00       		.byte	0
 984 0049 49       		.uleb128 0x49
ARM GAS  C:\Users\ADMINI~1\AppData\Local\Temp\ccQdMGuY.s 			page 21


 985 004a 13       		.uleb128 0x13
 986 004b 00       		.byte	0
 987 004c 00       		.byte	0
 988 004d 08       		.uleb128 0x8
 989 004e 35       		.uleb128 0x35
 990 004f 00       		.byte	0
 991 0050 49       		.uleb128 0x49
 992 0051 13       		.uleb128 0x13
 993 0052 00       		.byte	0
 994 0053 00       		.byte	0
 995 0054 09       		.uleb128 0x9
 996 0055 13       		.uleb128 0x13
 997 0056 01       		.byte	0x1
 998 0057 03       		.uleb128 0x3
 999 0058 0E       		.uleb128 0xe
 1000 0059 0B       		.uleb128 0xb
 1001 005a 0B       		.uleb128 0xb
 1002 005b 3A       		.uleb128 0x3a
 1003 005c 0B       		.uleb128 0xb
 1004 005d 3B       		.uleb128 0x3b
 1005 005e 0B       		.uleb128 0xb
 1006 005f 01       		.uleb128 0x1
 1007 0060 13       		.uleb128 0x13
 1008 0061 00       		.byte	0
 1009 0062 00       		.byte	0
 1010 0063 0A       		.uleb128 0xa
 1011 0064 0D       		.uleb128 0xd
 1012 0065 00       		.byte	0
 1013 0066 03       		.uleb128 0x3
 1014 0067 0E       		.uleb128 0xe
 1015 0068 3A       		.uleb128 0x3a
 1016 0069 0B       		.uleb128 0xb
 1017 006a 3B       		.uleb128 0x3b
 1018 006b 0B       		.uleb128 0xb
 1019 006c 49       		.uleb128 0x49
 1020 006d 13       		.uleb128 0x13
 1021 006e 38       		.uleb128 0x38
 1022 006f 0B       		.uleb128 0xb
 1023 0070 00       		.byte	0
 1024 0071 00       		.byte	0
 1025 0072 0B       		.uleb128 0xb
 1026 0073 15       		.uleb128 0x15
 1027 0074 01       		.byte	0x1
 1028 0075 27       		.uleb128 0x27
 1029 0076 19       		.uleb128 0x19
 1030 0077 01       		.uleb128 0x1
 1031 0078 13       		.uleb128 0x13
 1032 0079 00       		.byte	0
 1033 007a 00       		.byte	0
 1034 007b 0C       		.uleb128 0xc
 1035 007c 05       		.uleb128 0x5
 1036 007d 00       		.byte	0
 1037 007e 49       		.uleb128 0x49
 1038 007f 13       		.uleb128 0x13
 1039 0080 00       		.byte	0
 1040 0081 00       		.byte	0
 1041 0082 0D       		.uleb128 0xd
ARM GAS  C:\Users\ADMINI~1\AppData\Local\Temp\ccQdMGuY.s 			page 22


 1042 0083 16       		.uleb128 0x16
 1043 0084 00       		.byte	0
 1044 0085 03       		.uleb128 0x3
 1045 0086 0E       		.uleb128 0xe
 1046 0087 3A       		.uleb128 0x3a
 1047 0088 0B       		.uleb128 0xb
 1048 0089 3B       		.uleb128 0x3b
 1049 008a 05       		.uleb128 0x5
 1050 008b 49       		.uleb128 0x49
 1051 008c 13       		.uleb128 0x13
 1052 008d 00       		.byte	0
 1053 008e 00       		.byte	0
 1054 008f 0E       		.uleb128 0xe
 1055 0090 13       		.uleb128 0x13
 1056 0091 01       		.byte	0x1
 1057 0092 03       		.uleb128 0x3
 1058 0093 0E       		.uleb128 0xe
 1059 0094 0B       		.uleb128 0xb
 1060 0095 0B       		.uleb128 0xb
 1061 0096 3A       		.uleb128 0x3a
 1062 0097 0B       		.uleb128 0xb
 1063 0098 3B       		.uleb128 0x3b
 1064 0099 05       		.uleb128 0x5
 1065 009a 01       		.uleb128 0x1
 1066 009b 13       		.uleb128 0x13
 1067 009c 00       		.byte	0
 1068 009d 00       		.byte	0
 1069 009e 0F       		.uleb128 0xf
 1070 009f 0D       		.uleb128 0xd
 1071 00a0 00       		.byte	0
 1072 00a1 03       		.uleb128 0x3
 1073 00a2 0E       		.uleb128 0xe
 1074 00a3 3A       		.uleb128 0x3a
 1075 00a4 0B       		.uleb128 0xb
 1076 00a5 3B       		.uleb128 0x3b
 1077 00a6 05       		.uleb128 0x5
 1078 00a7 49       		.uleb128 0x49
 1079 00a8 13       		.uleb128 0x13
 1080 00a9 38       		.uleb128 0x38
 1081 00aa 0B       		.uleb128 0xb
 1082 00ab 00       		.byte	0
 1083 00ac 00       		.byte	0
 1084 00ad 10       		.uleb128 0x10
 1085 00ae 04       		.uleb128 0x4
 1086 00af 01       		.byte	0x1
 1087 00b0 0B       		.uleb128 0xb
 1088 00b1 0B       		.uleb128 0xb
 1089 00b2 49       		.uleb128 0x49
 1090 00b3 13       		.uleb128 0x13
 1091 00b4 3A       		.uleb128 0x3a
 1092 00b5 0B       		.uleb128 0xb
 1093 00b6 3B       		.uleb128 0x3b
 1094 00b7 05       		.uleb128 0x5
 1095 00b8 01       		.uleb128 0x1
 1096 00b9 13       		.uleb128 0x13
 1097 00ba 00       		.byte	0
 1098 00bb 00       		.byte	0
ARM GAS  C:\Users\ADMINI~1\AppData\Local\Temp\ccQdMGuY.s 			page 23


 1099 00bc 11       		.uleb128 0x11
 1100 00bd 28       		.uleb128 0x28
 1101 00be 00       		.byte	0
 1102 00bf 03       		.uleb128 0x3
 1103 00c0 0E       		.uleb128 0xe
 1104 00c1 1C       		.uleb128 0x1c
 1105 00c2 0B       		.uleb128 0xb
 1106 00c3 00       		.byte	0
 1107 00c4 00       		.byte	0
 1108 00c5 12       		.uleb128 0x12
 1109 00c6 13       		.uleb128 0x13
 1110 00c7 01       		.byte	0x1
 1111 00c8 0B       		.uleb128 0xb
 1112 00c9 0B       		.uleb128 0xb
 1113 00ca 3A       		.uleb128 0x3a
 1114 00cb 0B       		.uleb128 0xb
 1115 00cc 3B       		.uleb128 0x3b
 1116 00cd 05       		.uleb128 0x5
 1117 00ce 01       		.uleb128 0x1
 1118 00cf 13       		.uleb128 0x13
 1119 00d0 00       		.byte	0
 1120 00d1 00       		.byte	0
 1121 00d2 13       		.uleb128 0x13
 1122 00d3 01       		.uleb128 0x1
 1123 00d4 01       		.byte	0x1
 1124 00d5 49       		.uleb128 0x49
 1125 00d6 13       		.uleb128 0x13
 1126 00d7 01       		.uleb128 0x1
 1127 00d8 13       		.uleb128 0x13
 1128 00d9 00       		.byte	0
 1129 00da 00       		.byte	0
 1130 00db 14       		.uleb128 0x14
 1131 00dc 21       		.uleb128 0x21
 1132 00dd 00       		.byte	0
 1133 00de 49       		.uleb128 0x49
 1134 00df 13       		.uleb128 0x13
 1135 00e0 2F       		.uleb128 0x2f
 1136 00e1 0B       		.uleb128 0xb
 1137 00e2 00       		.byte	0
 1138 00e3 00       		.byte	0
 1139 00e4 15       		.uleb128 0x15
 1140 00e5 13       		.uleb128 0x13
 1141 00e6 01       		.byte	0x1
 1142 00e7 0B       		.uleb128 0xb
 1143 00e8 0B       		.uleb128 0xb
 1144 00e9 3A       		.uleb128 0x3a
 1145 00ea 0B       		.uleb128 0xb
 1146 00eb 3B       		.uleb128 0x3b
 1147 00ec 0B       		.uleb128 0xb
 1148 00ed 01       		.uleb128 0x1
 1149 00ee 13       		.uleb128 0x13
 1150 00ef 00       		.byte	0
 1151 00f0 00       		.byte	0
 1152 00f1 16       		.uleb128 0x16
 1153 00f2 2E       		.uleb128 0x2e
 1154 00f3 01       		.byte	0x1
 1155 00f4 3F       		.uleb128 0x3f
ARM GAS  C:\Users\ADMINI~1\AppData\Local\Temp\ccQdMGuY.s 			page 24


 1156 00f5 19       		.uleb128 0x19
 1157 00f6 03       		.uleb128 0x3
 1158 00f7 0E       		.uleb128 0xe
 1159 00f8 3A       		.uleb128 0x3a
 1160 00f9 0B       		.uleb128 0xb
 1161 00fa 3B       		.uleb128 0x3b
 1162 00fb 0B       		.uleb128 0xb
 1163 00fc 27       		.uleb128 0x27
 1164 00fd 19       		.uleb128 0x19
 1165 00fe 49       		.uleb128 0x49
 1166 00ff 13       		.uleb128 0x13
 1167 0100 11       		.uleb128 0x11
 1168 0101 01       		.uleb128 0x1
 1169 0102 12       		.uleb128 0x12
 1170 0103 06       		.uleb128 0x6
 1171 0104 40       		.uleb128 0x40
 1172 0105 18       		.uleb128 0x18
 1173 0106 9742     		.uleb128 0x2117
 1174 0108 19       		.uleb128 0x19
 1175 0109 01       		.uleb128 0x1
 1176 010a 13       		.uleb128 0x13
 1177 010b 00       		.byte	0
 1178 010c 00       		.byte	0
 1179 010d 17       		.uleb128 0x17
 1180 010e 05       		.uleb128 0x5
 1181 010f 00       		.byte	0
 1182 0110 03       		.uleb128 0x3
 1183 0111 08       		.uleb128 0x8
 1184 0112 3A       		.uleb128 0x3a
 1185 0113 0B       		.uleb128 0xb
 1186 0114 3B       		.uleb128 0x3b
 1187 0115 0B       		.uleb128 0xb
 1188 0116 49       		.uleb128 0x49
 1189 0117 13       		.uleb128 0x13
 1190 0118 02       		.uleb128 0x2
 1191 0119 17       		.uleb128 0x17
 1192 011a 00       		.byte	0
 1193 011b 00       		.byte	0
 1194 011c 18       		.uleb128 0x18
 1195 011d 34       		.uleb128 0x34
 1196 011e 00       		.byte	0
 1197 011f 03       		.uleb128 0x3
 1198 0120 0E       		.uleb128 0xe
 1199 0121 3A       		.uleb128 0x3a
 1200 0122 0B       		.uleb128 0xb
 1201 0123 3B       		.uleb128 0x3b
 1202 0124 0B       		.uleb128 0xb
 1203 0125 49       		.uleb128 0x49
 1204 0126 13       		.uleb128 0x13
 1205 0127 02       		.uleb128 0x2
 1206 0128 17       		.uleb128 0x17
 1207 0129 00       		.byte	0
 1208 012a 00       		.byte	0
 1209 012b 19       		.uleb128 0x19
 1210 012c 898201   		.uleb128 0x4109
 1211 012f 00       		.byte	0
 1212 0130 11       		.uleb128 0x11
ARM GAS  C:\Users\ADMINI~1\AppData\Local\Temp\ccQdMGuY.s 			page 25


 1213 0131 01       		.uleb128 0x1
 1214 0132 31       		.uleb128 0x31
 1215 0133 13       		.uleb128 0x13
 1216 0134 00       		.byte	0
 1217 0135 00       		.byte	0
 1218 0136 1A       		.uleb128 0x1a
 1219 0137 34       		.uleb128 0x34
 1220 0138 00       		.byte	0
 1221 0139 03       		.uleb128 0x3
 1222 013a 0E       		.uleb128 0xe
 1223 013b 3A       		.uleb128 0x3a
 1224 013c 0B       		.uleb128 0xb
 1225 013d 3B       		.uleb128 0x3b
 1226 013e 0B       		.uleb128 0xb
 1227 013f 49       		.uleb128 0x49
 1228 0140 13       		.uleb128 0x13
 1229 0141 3F       		.uleb128 0x3f
 1230 0142 19       		.uleb128 0x19
 1231 0143 3C       		.uleb128 0x3c
 1232 0144 19       		.uleb128 0x19
 1233 0145 00       		.byte	0
 1234 0146 00       		.byte	0
 1235 0147 1B       		.uleb128 0x1b
 1236 0148 34       		.uleb128 0x34
 1237 0149 00       		.byte	0
 1238 014a 03       		.uleb128 0x3
 1239 014b 0E       		.uleb128 0xe
 1240 014c 3A       		.uleb128 0x3a
 1241 014d 0B       		.uleb128 0xb
 1242 014e 3B       		.uleb128 0x3b
 1243 014f 05       		.uleb128 0x5
 1244 0150 49       		.uleb128 0x49
 1245 0151 13       		.uleb128 0x13
 1246 0152 3F       		.uleb128 0x3f
 1247 0153 19       		.uleb128 0x19
 1248 0154 3C       		.uleb128 0x3c
 1249 0155 19       		.uleb128 0x19
 1250 0156 00       		.byte	0
 1251 0157 00       		.byte	0
 1252 0158 1C       		.uleb128 0x1c
 1253 0159 2E       		.uleb128 0x2e
 1254 015a 00       		.byte	0
 1255 015b 3F       		.uleb128 0x3f
 1256 015c 19       		.uleb128 0x19
 1257 015d 3C       		.uleb128 0x3c
 1258 015e 19       		.uleb128 0x19
 1259 015f 6E       		.uleb128 0x6e
 1260 0160 0E       		.uleb128 0xe
 1261 0161 03       		.uleb128 0x3
 1262 0162 0E       		.uleb128 0xe
 1263 0163 3A       		.uleb128 0x3a
 1264 0164 0B       		.uleb128 0xb
 1265 0165 3B       		.uleb128 0x3b
 1266 0166 0B       		.uleb128 0xb
 1267 0167 00       		.byte	0
 1268 0168 00       		.byte	0
 1269 0169 00       		.byte	0
ARM GAS  C:\Users\ADMINI~1\AppData\Local\Temp\ccQdMGuY.s 			page 26


 1270              		.section	.debug_loc,"",%progbits
 1271              	.Ldebug_loc0:
 1272              	.LLST0:
 1273 0000 00000000 		.4byte	.LVL0
 1274 0004 0E000000 		.4byte	.LVL2
 1275 0008 0100     		.2byte	0x1
 1276 000a 50       		.byte	0x50
 1277 000b 0E000000 		.4byte	.LVL2
 1278 000f 1A000000 		.4byte	.LVL6
 1279 0013 0400     		.2byte	0x4
 1280 0015 F3       		.byte	0xf3
 1281 0016 01       		.uleb128 0x1
 1282 0017 50       		.byte	0x50
 1283 0018 9F       		.byte	0x9f
 1284 0019 1A000000 		.4byte	.LVL6
 1285 001d 1C000000 		.4byte	.LVL7
 1286 0021 0100     		.2byte	0x1
 1287 0023 50       		.byte	0x50
 1288 0024 1C000000 		.4byte	.LVL7
 1289 0028 24000000 		.4byte	.LFE629
 1290 002c 0400     		.2byte	0x4
 1291 002e F3       		.byte	0xf3
 1292 002f 01       		.uleb128 0x1
 1293 0030 50       		.byte	0x50
 1294 0031 9F       		.byte	0x9f
 1295 0032 00000000 		.4byte	0
 1296 0036 00000000 		.4byte	0
 1297              	.LLST1:
 1298 003a 00000000 		.4byte	.LVL0
 1299 003e 0E000000 		.4byte	.LVL2
 1300 0042 0100     		.2byte	0x1
 1301 0044 51       		.byte	0x51
 1302 0045 0E000000 		.4byte	.LVL2
 1303 0049 1A000000 		.4byte	.LVL6
 1304 004d 0100     		.2byte	0x1
 1305 004f 55       		.byte	0x55
 1306 0050 1A000000 		.4byte	.LVL6
 1307 0054 1C000000 		.4byte	.LVL7
 1308 0058 0100     		.2byte	0x1
 1309 005a 51       		.byte	0x51
 1310 005b 1C000000 		.4byte	.LVL7
 1311 005f 22000000 		.4byte	.LVL10
 1312 0063 0100     		.2byte	0x1
 1313 0065 55       		.byte	0x55
 1314 0066 00000000 		.4byte	0
 1315 006a 00000000 		.4byte	0
 1316              	.LLST2:
 1317 006e 00000000 		.4byte	.LVL0
 1318 0072 0E000000 		.4byte	.LVL2
 1319 0076 0100     		.2byte	0x1
 1320 0078 52       		.byte	0x52
 1321 0079 0E000000 		.4byte	.LVL2
 1322 007d 1A000000 		.4byte	.LVL6
 1323 0081 0100     		.2byte	0x1
 1324 0083 56       		.byte	0x56
 1325 0084 1A000000 		.4byte	.LVL6
 1326 0088 1C000000 		.4byte	.LVL7
ARM GAS  C:\Users\ADMINI~1\AppData\Local\Temp\ccQdMGuY.s 			page 27


 1327 008c 0100     		.2byte	0x1
 1328 008e 52       		.byte	0x52
 1329 008f 1C000000 		.4byte	.LVL7
 1330 0093 22000000 		.4byte	.LVL11
 1331 0097 0100     		.2byte	0x1
 1332 0099 56       		.byte	0x56
 1333 009a 22000000 		.4byte	.LVL11
 1334 009e 24000000 		.4byte	.LFE629
 1335 00a2 0400     		.2byte	0x4
 1336 00a4 F3       		.byte	0xf3
 1337 00a5 01       		.uleb128 0x1
 1338 00a6 52       		.byte	0x52
 1339 00a7 9F       		.byte	0x9f
 1340 00a8 00000000 		.4byte	0
 1341 00ac 00000000 		.4byte	0
 1342              	.LLST3:
 1343 00b0 06000000 		.4byte	.LVL1
 1344 00b4 0E000000 		.4byte	.LVL2
 1345 00b8 0200     		.2byte	0x2
 1346 00ba 30       		.byte	0x30
 1347 00bb 9F       		.byte	0x9f
 1348 00bc 0E000000 		.4byte	.LVL2
 1349 00c0 1A000000 		.4byte	.LVL6
 1350 00c4 0100     		.2byte	0x1
 1351 00c6 54       		.byte	0x54
 1352 00c7 1A000000 		.4byte	.LVL6
 1353 00cb 1C000000 		.4byte	.LVL7
 1354 00cf 0200     		.2byte	0x2
 1355 00d1 30       		.byte	0x30
 1356 00d2 9F       		.byte	0x9f
 1357 00d3 1C000000 		.4byte	.LVL7
 1358 00d7 22000000 		.4byte	.LVL9
 1359 00db 0100     		.2byte	0x1
 1360 00dd 54       		.byte	0x54
 1361 00de 22000000 		.4byte	.LVL9
 1362 00e2 24000000 		.4byte	.LFE629
 1363 00e6 0100     		.2byte	0x1
 1364 00e8 50       		.byte	0x50
 1365 00e9 00000000 		.4byte	0
 1366 00ed 00000000 		.4byte	0
 1367              	.LLST4:
 1368 00f1 00000000 		.4byte	.LVL12
 1369 00f5 0E000000 		.4byte	.LVL14
 1370 00f9 0100     		.2byte	0x1
 1371 00fb 50       		.byte	0x50
 1372 00fc 0E000000 		.4byte	.LVL14
 1373 0100 20000000 		.4byte	.LVL18
 1374 0104 0400     		.2byte	0x4
 1375 0106 F3       		.byte	0xf3
 1376 0107 01       		.uleb128 0x1
 1377 0108 50       		.byte	0x50
 1378 0109 9F       		.byte	0x9f
 1379 010a 20000000 		.4byte	.LVL18
 1380 010e 22000000 		.4byte	.LVL19
 1381 0112 0100     		.2byte	0x1
 1382 0114 50       		.byte	0x50
 1383 0115 22000000 		.4byte	.LVL19
ARM GAS  C:\Users\ADMINI~1\AppData\Local\Temp\ccQdMGuY.s 			page 28


 1384 0119 2A000000 		.4byte	.LFE630
 1385 011d 0400     		.2byte	0x4
 1386 011f F3       		.byte	0xf3
 1387 0120 01       		.uleb128 0x1
 1388 0121 50       		.byte	0x50
 1389 0122 9F       		.byte	0x9f
 1390 0123 00000000 		.4byte	0
 1391 0127 00000000 		.4byte	0
 1392              	.LLST5:
 1393 012b 00000000 		.4byte	.LVL12
 1394 012f 0E000000 		.4byte	.LVL14
 1395 0133 0100     		.2byte	0x1
 1396 0135 51       		.byte	0x51
 1397 0136 0E000000 		.4byte	.LVL14
 1398 013a 20000000 		.4byte	.LVL18
 1399 013e 0100     		.2byte	0x1
 1400 0140 55       		.byte	0x55
 1401 0141 20000000 		.4byte	.LVL18
 1402 0145 22000000 		.4byte	.LVL19
 1403 0149 0100     		.2byte	0x1
 1404 014b 51       		.byte	0x51
 1405 014c 22000000 		.4byte	.LVL19
 1406 0150 28000000 		.4byte	.LVL22
 1407 0154 0100     		.2byte	0x1
 1408 0156 55       		.byte	0x55
 1409 0157 00000000 		.4byte	0
 1410 015b 00000000 		.4byte	0
 1411              	.LLST6:
 1412 015f 00000000 		.4byte	.LVL12
 1413 0163 0E000000 		.4byte	.LVL14
 1414 0167 0100     		.2byte	0x1
 1415 0169 52       		.byte	0x52
 1416 016a 0E000000 		.4byte	.LVL14
 1417 016e 20000000 		.4byte	.LVL18
 1418 0172 0100     		.2byte	0x1
 1419 0174 56       		.byte	0x56
 1420 0175 20000000 		.4byte	.LVL18
 1421 0179 22000000 		.4byte	.LVL19
 1422 017d 0100     		.2byte	0x1
 1423 017f 52       		.byte	0x52
 1424 0180 22000000 		.4byte	.LVL19
 1425 0184 28000000 		.4byte	.LVL23
 1426 0188 0100     		.2byte	0x1
 1427 018a 56       		.byte	0x56
 1428 018b 28000000 		.4byte	.LVL23
 1429 018f 2A000000 		.4byte	.LFE630
 1430 0193 0400     		.2byte	0x4
 1431 0195 F3       		.byte	0xf3
 1432 0196 01       		.uleb128 0x1
 1433 0197 52       		.byte	0x52
 1434 0198 9F       		.byte	0x9f
 1435 0199 00000000 		.4byte	0
 1436 019d 00000000 		.4byte	0
 1437              	.LLST7:
 1438 01a1 06000000 		.4byte	.LVL13
 1439 01a5 0E000000 		.4byte	.LVL14
 1440 01a9 0200     		.2byte	0x2
ARM GAS  C:\Users\ADMINI~1\AppData\Local\Temp\ccQdMGuY.s 			page 29


 1441 01ab 30       		.byte	0x30
 1442 01ac 9F       		.byte	0x9f
 1443 01ad 0E000000 		.4byte	.LVL14
 1444 01b1 20000000 		.4byte	.LVL18
 1445 01b5 0100     		.2byte	0x1
 1446 01b7 54       		.byte	0x54
 1447 01b8 20000000 		.4byte	.LVL18
 1448 01bc 22000000 		.4byte	.LVL19
 1449 01c0 0200     		.2byte	0x2
 1450 01c2 30       		.byte	0x30
 1451 01c3 9F       		.byte	0x9f
 1452 01c4 22000000 		.4byte	.LVL19
 1453 01c8 28000000 		.4byte	.LVL21
 1454 01cc 0100     		.2byte	0x1
 1455 01ce 54       		.byte	0x54
 1456 01cf 28000000 		.4byte	.LVL21
 1457 01d3 2A000000 		.4byte	.LFE630
 1458 01d7 0100     		.2byte	0x1
 1459 01d9 50       		.byte	0x50
 1460 01da 00000000 		.4byte	0
 1461 01de 00000000 		.4byte	0
 1462              		.section	.debug_aranges,"",%progbits
 1463 0000 24000000 		.4byte	0x24
 1464 0004 0200     		.2byte	0x2
 1465 0006 00000000 		.4byte	.Ldebug_info0
 1466 000a 04       		.byte	0x4
 1467 000b 00       		.byte	0
 1468 000c 0000     		.2byte	0
 1469 000e 0000     		.2byte	0
 1470 0010 00000000 		.4byte	.LFB629
 1471 0014 24000000 		.4byte	.LFE629-.LFB629
 1472 0018 00000000 		.4byte	.LFB630
 1473 001c 2A000000 		.4byte	.LFE630-.LFB630
 1474 0020 00000000 		.4byte	0
 1475 0024 00000000 		.4byte	0
 1476              		.section	.debug_ranges,"",%progbits
 1477              	.Ldebug_ranges0:
 1478 0000 00000000 		.4byte	.LFB629
 1479 0004 24000000 		.4byte	.LFE629
 1480 0008 00000000 		.4byte	.LFB630
 1481 000c 2A000000 		.4byte	.LFE630
 1482 0010 00000000 		.4byte	0
 1483 0014 00000000 		.4byte	0
 1484              		.section	.debug_line,"",%progbits
 1485              	.Ldebug_line0:
 1486 0000 CE020000 		.section	.debug_str,"MS",%progbits,1
 1486      02007902 
 1486      00000201 
 1486      FB0E0D00 
 1486      01010101 
 1487              	.LASF35:
 1488 0000 72656C6F 		.ascii	"reloadInput\000"
 1488      6164496E 
 1488      70757400 
 1489              	.LASF69:
 1490 000c 43595F53 		.ascii	"CY_SAR_RANGE_COND_OUTSIDE\000"
 1490      41525F52 
ARM GAS  C:\Users\ADMINI~1\AppData\Local\Temp\ccQdMGuY.s 			page 30


 1490      414E4745 
 1490      5F434F4E 
 1490      445F4F55 
 1491              	.LASF18:
 1492 0026 636C6F63 		.ascii	"clockPrescaler\000"
 1492      6B507265 
 1492      7363616C 
 1492      657200
 1493              	.LASF40:
 1494 0035 636F756E 		.ascii	"countInputMode\000"
 1494      74496E70 
 1494      75744D6F 
 1494      646500
 1495              	.LASF25:
 1496 0044 636F6D70 		.ascii	"compare0\000"
 1496      61726530 
 1496      00
 1497              	.LASF26:
 1498 004d 636F6D70 		.ascii	"compare1\000"
 1498      61726531 
 1498      00
 1499              	.LASF48:
 1500 0056 72784275 		.ascii	"rxBufSize\000"
 1500      6653697A 
 1500      6500
 1501              	.LASF56:
 1502 0060 63795F63 		.ascii	"cy_cb_scb_uart_handle_events_t\000"
 1502      625F7363 
 1502      625F7561 
 1502      72745F68 
 1502      616E646C 
 1503              	.LASF61:
 1504 007f 72785269 		.ascii	"rxRingBufSize\000"
 1504      6E674275 
 1504      6653697A 
 1504      6500
 1505              	.LASF2:
 1506 008d 73686F72 		.ascii	"short int\000"
 1506      7420696E 
 1506      7400
 1507              	.LASF22:
 1508 0097 70657269 		.ascii	"period0\000"
 1508      6F643000 
 1509              	.LASF102:
 1510 009f 53544449 		.ascii	"STDIO_GetChar\000"
 1510      4F5F4765 
 1510      74436861 
 1510      7200
 1511              	.LASF10:
 1512 00ad 73697A65 		.ascii	"sizetype\000"
 1512      74797065 
 1512      00
 1513              	.LASF80:
 1514 00b6 73617449 		.ascii	"satIntrMask\000"
 1514      6E74724D 
 1514      61736B00 
 1515              	.LASF72:
ARM GAS  C:\Users\ADMINI~1\AppData\Local\Temp\ccQdMGuY.s 			page 31


 1516 00c2 73616D70 		.ascii	"sampleCtrl\000"
 1516      6C654374 
 1516      726C00
 1517              	.LASF57:
 1518 00cd 63795F73 		.ascii	"cy_stc_scb_uart_context\000"
 1518      74635F73 
 1518      63625F75 
 1518      6172745F 
 1518      636F6E74 
 1519              	.LASF85:
 1520 00e5 76726566 		.ascii	"vrefMvValue\000"
 1520      4D765661 
 1520      6C756500 
 1521              	.LASF103:
 1522 00f1 474E5520 		.ascii	"GNU C11 5.4.1 20160609 (release) [ARM/embedded-5-br"
 1522      43313120 
 1522      352E342E 
 1522      31203230 
 1522      31363036 
 1523 0124 616E6368 		.ascii	"anch revision 237715] -mcpu=cortex-m0plus -mthumb -"
 1523      20726576 
 1523      6973696F 
 1523      6E203233 
 1523      37373135 
 1524 0157 67202D4F 		.ascii	"g -Og -ffunction-sections -ffat-lto-objects\000"
 1524      67202D66 
 1524      66756E63 
 1524      74696F6E 
 1524      2D736563 
 1525              	.LASF55:
 1526 0183 63795F73 		.ascii	"cy_stc_scb_spi_context_t\000"
 1526      74635F73 
 1526      63625F73 
 1526      70695F63 
 1526      6F6E7465 
 1527              	.LASF97:
 1528 019c 50574D5F 		.ascii	"PWM_config\000"
 1528      636F6E66 
 1528      696700
 1529              	.LASF75:
 1530 01a7 72616E67 		.ascii	"rangeThres\000"
 1530      65546872 
 1530      657300
 1531              	.LASF44:
 1532 01b2 63795F73 		.ascii	"cy_stc_tcpwm_pwm_config\000"
 1532      74635F74 
 1532      6370776D 
 1532      5F70776D 
 1532      5F636F6E 
 1533              	.LASF12:
 1534 01ca 5F5F7569 		.ascii	"__uint32_t\000"
 1534      6E743332 
 1534      5F7400
 1535              	.LASF58:
 1536 01d5 74785374 		.ascii	"txStatus\000"
 1536      61747573 
 1536      00
ARM GAS  C:\Users\ADMINI~1\AppData\Local\Temp\ccQdMGuY.s 			page 32


 1537              	.LASF70:
 1538 01de 63795F65 		.ascii	"cy_en_sar_range_detect_condition_t\000"
 1538      6E5F7361 
 1538      725F7261 
 1538      6E67655F 
 1538      64657465 
 1539              	.LASF95:
 1540 0201 6E436861 		.ascii	"nChars\000"
 1540      727300
 1541              	.LASF49:
 1542 0208 72784275 		.ascii	"rxBufIdx\000"
 1542      66496478 
 1542      00
 1543              	.LASF4:
 1544 0211 6C6F6E67 		.ascii	"long int\000"
 1544      20696E74 
 1544      00
 1545              	.LASF19:
 1546 021a 70776D41 		.ascii	"pwmAlignment\000"
 1546      6C69676E 
 1546      6D656E74 
 1546      00
 1547              	.LASF76:
 1548 0227 72616E67 		.ascii	"rangeCond\000"
 1548      65436F6E 
 1548      6400
 1549              	.LASF39:
 1550 0231 6B696C6C 		.ascii	"killInput\000"
 1550      496E7075 
 1550      7400
 1551              	.LASF100:
 1552 023b 4144435F 		.ascii	"ADC_1_allConfigs\000"
 1552      315F616C 
 1552      6C436F6E 
 1552      66696773 
 1552      00
 1553              	.LASF24:
 1554 024c 656E6162 		.ascii	"enablePeriodSwap\000"
 1554      6C655065 
 1554      72696F64 
 1554      53776170 
 1554      00
 1555              	.LASF91:
 1556 025d 636C6B44 		.ascii	"clkDivider\000"
 1556      69766964 
 1556      657200
 1557              	.LASF31:
 1558 0268 6B696C6C 		.ascii	"killMode\000"
 1558      4D6F6465 
 1558      00
 1559              	.LASF43:
 1560 0271 63795F63 		.ascii	"cy_cb_scb_spi_handle_events_t\000"
 1560      625F7363 
 1560      625F7370 
 1560      695F6861 
 1560      6E646C65 
 1561              	.LASF93:
ARM GAS  C:\Users\ADMINI~1\AppData\Local\Temp\ccQdMGuY.s 			page 33


 1562 028f 5F777269 		.ascii	"_write\000"
 1562      746500
 1563              	.LASF66:
 1564 0296 43595F53 		.ascii	"CY_SAR_RANGE_COND_BELOW\000"
 1564      41525F52 
 1564      414E4745 
 1564      5F434F4E 
 1564      445F4245 
 1565              	.LASF84:
 1566 02ae 636F6E66 		.ascii	"configRouting\000"
 1566      6967526F 
 1566      7574696E 
 1566      6700
 1567              	.LASF14:
 1568 02bc 666C6F61 		.ascii	"float\000"
 1568      7400
 1569              	.LASF50:
 1570 02c2 74784275 		.ascii	"txBuf\000"
 1570      6600
 1571              	.LASF105:
 1572 02c8 4D3A5C47 		.ascii	"M:\\Githubrepo\\Intern_hiwi\\April_BLE\\Final_proje"
 1572      69746875 
 1572      62726570 
 1572      6F5C496E 
 1572      7465726E 
 1573 02f7 63743031 		.ascii	"ct01_54Byte.cydsn\000"
 1573      5F353442 
 1573      7974652E 
 1573      63796473 
 1573      6E00
 1574              	.LASF34:
 1575 0309 72656C6F 		.ascii	"reloadInputMode\000"
 1575      6164496E 
 1575      7075744D 
 1575      6F646500 
 1576              	.LASF6:
 1577 0319 6C6F6E67 		.ascii	"long long int\000"
 1577      206C6F6E 
 1577      6720696E 
 1577      7400
 1578              	.LASF78:
 1579 0327 6368616E 		.ascii	"chanConfig\000"
 1579      436F6E66 
 1579      696700
 1580              	.LASF21:
 1581 0332 72756E4D 		.ascii	"runMode\000"
 1581      6F646500 
 1582              	.LASF42:
 1583 033a 63795F73 		.ascii	"cy_stc_tcpwm_pwm_config_t\000"
 1583      74635F74 
 1583      6370776D 
 1583      5F70776D 
 1583      5F636F6E 
 1584              	.LASF51:
 1585 0354 74784275 		.ascii	"txBufSize\000"
 1585      6653697A 
 1585      6500
ARM GAS  C:\Users\ADMINI~1\AppData\Local\Temp\ccQdMGuY.s 			page 34


 1586              	.LASF101:
 1587 035e 53544449 		.ascii	"STDIO_PutChar\000"
 1587      4F5F5075 
 1587      74436861 
 1587      7200
 1588              	.LASF52:
 1589 036c 74784275 		.ascii	"txBufIdx\000"
 1589      66496478 
 1589      00
 1590              	.LASF29:
 1591 0375 696E7665 		.ascii	"invertPWMOut\000"
 1591      72745057 
 1591      4D4F7574 
 1591      00
 1592              	.LASF99:
 1593 0382 4144435F 		.ascii	"ADC_1_currentConfig\000"
 1593      315F6375 
 1593      7272656E 
 1593      74436F6E 
 1593      66696700 
 1594              	.LASF33:
 1595 0396 73776170 		.ascii	"swapInput\000"
 1595      496E7075 
 1595      7400
 1596              	.LASF9:
 1597 03a0 6C6F6E67 		.ascii	"long double\000"
 1597      20646F75 
 1597      626C6500 
 1598              	.LASF36:
 1599 03ac 73746172 		.ascii	"startInputMode\000"
 1599      74496E70 
 1599      75744D6F 
 1599      646500
 1600              	.LASF59:
 1601 03bb 72785374 		.ascii	"rxStatus\000"
 1601      61747573 
 1601      00
 1602              	.LASF1:
 1603 03c4 756E7369 		.ascii	"unsigned char\000"
 1603      676E6564 
 1603      20636861 
 1603      7200
 1604              	.LASF60:
 1605 03d2 72785269 		.ascii	"rxRingBuf\000"
 1605      6E674275 
 1605      6600
 1606              	.LASF94:
 1607 03dc 5F726561 		.ascii	"_read\000"
 1607      6400
 1608              	.LASF38:
 1609 03e2 6B696C6C 		.ascii	"killInputMode\000"
 1609      496E7075 
 1609      744D6F64 
 1609      6500
 1610              	.LASF0:
 1611 03f0 7369676E 		.ascii	"signed char\000"
 1611      65642063 
ARM GAS  C:\Users\ADMINI~1\AppData\Local\Temp\ccQdMGuY.s 			page 35


 1611      68617200 
 1612              	.LASF7:
 1613 03fc 6C6F6E67 		.ascii	"long long unsigned int\000"
 1613      206C6F6E 
 1613      6720756E 
 1613      7369676E 
 1613      65642069 
 1614              	.LASF13:
 1615 0413 75696E74 		.ascii	"uint32_t\000"
 1615      33325F74 
 1615      00
 1616              	.LASF8:
 1617 041c 756E7369 		.ascii	"unsigned int\000"
 1617      676E6564 
 1617      20696E74 
 1617      00
 1618              	.LASF83:
 1619 0429 6D757853 		.ascii	"muxSwitchSqCtrl\000"
 1619      77697463 
 1619      68537143 
 1619      74726C00 
 1620              	.LASF27:
 1621 0439 656E6162 		.ascii	"enableCompareSwap\000"
 1621      6C65436F 
 1621      6D706172 
 1621      65537761 
 1621      7000
 1622              	.LASF71:
 1623 044b 6374726C 		.ascii	"ctrl\000"
 1623      00
 1624              	.LASF46:
 1625 0450 73746174 		.ascii	"status\000"
 1625      757300
 1626              	.LASF3:
 1627 0457 73686F72 		.ascii	"short unsigned int\000"
 1627      7420756E 
 1627      7369676E 
 1627      65642069 
 1627      6E7400
 1628              	.LASF47:
 1629 046a 72784275 		.ascii	"rxBuf\000"
 1629      6600
 1630              	.LASF90:
 1631 0470 6D697363 		.ascii	"miscConfig\000"
 1631      436F6E66 
 1631      696700
 1632              	.LASF11:
 1633 047b 63686172 		.ascii	"char\000"
 1633      00
 1634              	.LASF82:
 1635 0480 6D757853 		.ascii	"muxSwitch\000"
 1635      77697463 
 1635      6800
 1636              	.LASF53:
 1637 048a 63624576 		.ascii	"cbEvents\000"
 1637      656E7473 
 1637      00
ARM GAS  C:\Users\ADMINI~1\AppData\Local\Temp\ccQdMGuY.s 			page 36


 1638              	.LASF68:
 1639 0493 43595F53 		.ascii	"CY_SAR_RANGE_COND_ABOVE\000"
 1639      41525F52 
 1639      414E4745 
 1639      5F434F4E 
 1639      445F4142 
 1640              	.LASF20:
 1641 04ab 64656164 		.ascii	"deadTimeClocks\000"
 1641      54696D65 
 1641      436C6F63 
 1641      6B7300
 1642              	.LASF16:
 1643 04ba 5F426F6F 		.ascii	"_Bool\000"
 1643      6C00
 1644              	.LASF89:
 1645 04c0 6877436F 		.ascii	"hwConfigStc\000"
 1645      6E666967 
 1645      53746300 
 1646              	.LASF28:
 1647 04cc 696E7465 		.ascii	"interruptSources\000"
 1647      72727570 
 1647      74536F75 
 1647      72636573 
 1647      00
 1648              	.LASF92:
 1649 04dd 4144435F 		.ascii	"ADC_1_CONFIG_STRUCT\000"
 1649      315F434F 
 1649      4E464947 
 1649      5F535452 
 1649      55435400 
 1650              	.LASF5:
 1651 04f1 6C6F6E67 		.ascii	"long unsigned int\000"
 1651      20756E73 
 1651      69676E65 
 1651      6420696E 
 1651      7400
 1652              	.LASF15:
 1653 0503 646F7562 		.ascii	"double\000"
 1653      6C6500
 1654              	.LASF32:
 1655 050a 73776170 		.ascii	"swapInputMode\000"
 1655      496E7075 
 1655      744D6F64 
 1655      6500
 1656              	.LASF62:
 1657 0518 72785269 		.ascii	"rxRingBufHead\000"
 1657      6E674275 
 1657      66486561 
 1657      6400
 1658              	.LASF37:
 1659 0526 73746172 		.ascii	"startInput\000"
 1659      74496E70 
 1659      757400
 1660              	.LASF67:
 1661 0531 43595F53 		.ascii	"CY_SAR_RANGE_COND_INSIDE\000"
 1661      41525F52 
 1661      414E4745 
ARM GAS  C:\Users\ADMINI~1\AppData\Local\Temp\ccQdMGuY.s 			page 37


 1661      5F434F4E 
 1661      445F494E 
 1662              	.LASF54:
 1663 054a 696E6974 		.ascii	"initKey\000"
 1663      4B657900 
 1664              	.LASF73:
 1665 0552 73616D70 		.ascii	"sampleTime01\000"
 1665      6C655469 
 1665      6D653031 
 1665      00
 1666              	.LASF86:
 1667 055f 63795F73 		.ascii	"cy_stc_sar_config_t\000"
 1667      74635F73 
 1667      61725F63 
 1667      6F6E6669 
 1667      675F7400 
 1668              	.LASF65:
 1669 0573 63795F73 		.ascii	"cy_stc_scb_uart_context_t\000"
 1669      74635F73 
 1669      63625F75 
 1669      6172745F 
 1669      636F6E74 
 1670              	.LASF63:
 1671 058d 72785269 		.ascii	"rxRingBufTail\000"
 1671      6E674275 
 1671      66546169 
 1671      6C00
 1672              	.LASF77:
 1673 059b 6368616E 		.ascii	"chanEn\000"
 1673      456E00
 1674              	.LASF88:
 1675 05a2 6E756D43 		.ascii	"numChannels\000"
 1675      68616E6E 
 1675      656C7300 
 1676              	.LASF23:
 1677 05ae 70657269 		.ascii	"period1\000"
 1677      6F643100 
 1678              	.LASF17:
 1679 05b6 70776D4D 		.ascii	"pwmMode\000"
 1679      6F646500 
 1680              	.LASF96:
 1681 05be 55415254 		.ascii	"UART_context\000"
 1681      5F636F6E 
 1681      74657874 
 1681      00
 1682              	.LASF74:
 1683 05cb 73616D70 		.ascii	"sampleTime23\000"
 1683      6C655469 
 1683      6D653233 
 1683      00
 1684              	.LASF41:
 1685 05d8 636F756E 		.ascii	"countInput\000"
 1685      74496E70 
 1685      757400
 1686              	.LASF64:
 1687 05e3 74784C65 		.ascii	"txLeftToTransmit\000"
 1687      6674546F 
ARM GAS  C:\Users\ADMINI~1\AppData\Local\Temp\ccQdMGuY.s 			page 38


 1687      5472616E 
 1687      736D6974 
 1687      00
 1688              	.LASF45:
 1689 05f4 63795F73 		.ascii	"cy_stc_scb_spi_context\000"
 1689      74635F73 
 1689      63625F73 
 1689      70695F63 
 1689      6F6E7465 
 1690              	.LASF104:
 1691 060b 47656E65 		.ascii	"Generated_Source\\PSoC6\\pdl\\utilities\\retarget_i"
 1691      72617465 
 1691      645F536F 
 1691      75726365 
 1691      5C50536F 
 1692 063a 6F5C7265 		.ascii	"o\\retarget.c\000"
 1692      74617267 
 1692      65742E63 
 1692      00
 1693              	.LASF30:
 1694 0647 696E7665 		.ascii	"invertPWMOutN\000"
 1694      72745057 
 1694      4D4F7574 
 1694      4E00
 1695              	.LASF79:
 1696 0655 696E7472 		.ascii	"intrMask\000"
 1696      4D61736B 
 1696      00
 1697              	.LASF81:
 1698 065e 72616E67 		.ascii	"rangeIntrMask\000"
 1698      65496E74 
 1698      724D6173 
 1698      6B00
 1699              	.LASF98:
 1700 066c 57535F53 		.ascii	"WS_SPI_context\000"
 1700      50495F63 
 1700      6F6E7465 
 1700      787400
 1701              	.LASF87:
 1702 067b 6368616E 		.ascii	"channelBase\000"
 1702      6E656C42 
 1702      61736500 
 1703              		.ident	"GCC: (GNU Tools for ARM Embedded Processors) 5.4.1 20160609 (release) [ARM/embedded-5-bran
